firedrake:WARNING OMP_NUM_THREADS is not set or is set to a value greater than 1, we suggest setting OMP_NUM_THREADS=1 to improve performance
/home/yan00082/firedrake/src/ngsPETSc/ngsPETSc/__init__.py:30: UserWarning: No NGSolve installed, only working with Netgen.
  warnings.warn("No NGSolve installed, only working with Netgen.")
/home/yan00082/firedrake/src/ngsPETSc/ngsPETSc/__init__.py:30: UserWarning: No NGSolve installed, only working with Netgen.
  warnings.warn("No NGSolve installed, only working with Netgen.")
/home/yan00082/firedrake/src/ngsPETSc/ngsPETSc/__init__.py:30: UserWarning: No NGSolve installed, only working with Netgen.
  warnings.warn("No NGSolve installed, only working with Netgen.")
/home/yan00082/firedrake/src/ngsPETSc/ngsPETSc/__init__.py:30: UserWarning: No NGSolve installed, only working with Netgen.
  warnings.warn("No NGSolve installed, only working with Netgen.")
/home/yan00082/firedrake/src/ngsPETSc/ngsPETSc/__init__.py:30: UserWarning: No NGSolve installed, only working with Netgen.
  warnings.warn("No NGSolve installed, only working with Netgen.")
/home/yan00082/firedrake/src/ngsPETSc/ngsPETSc/__init__.py:30: UserWarning: No NGSolve installed, only working with Netgen.
  warnings.warn("No NGSolve installed, only working with Netgen.")
/home/yan00082/firedrake/src/ngsPETSc/ngsPETSc/__init__.py:30: UserWarning: No NGSolve installed, only working with Netgen.
  warnings.warn("No NGSolve installed, only working with Netgen.")
/home/yan00082/firedrake/src/ngsPETSc/ngsPETSc/__init__.py:30: UserWarning: No NGSolve installed, only working with Netgen.
  warnings.warn("No NGSolve installed, only working with Netgen.")
/home/yan00082/firedrake/src/ngsPETSc/ngsPETSc/__init__.py:30: UserWarning: No NGSolve installed, only working with Netgen.
  warnings.warn("No NGSolve installed, only working with Netgen.")
/home/yan00082/firedrake/src/ngsPETSc/ngsPETSc/__init__.py:30: UserWarning: No NGSolve installed, only working with Netgen.
  warnings.warn("No NGSolve installed, only working with Netgen.")
/home/yan00082/firedrake/src/ngsPETSc/ngsPETSc/__init__.py:30: UserWarning: No NGSolve installed, only working with Netgen.
  warnings.warn("No NGSolve installed, only working with Netgen.")
/home/yan00082/firedrake/src/ngsPETSc/ngsPETSc/__init__.py:30: UserWarning: No NGSolve installed, only working with Netgen.
  warnings.warn("No NGSolve installed, only working with Netgen.")
/home/yan00082/firedrake/src/ngsPETSc/ngsPETSc/__init__.py:30: UserWarning: No NGSolve installed, only working with Netgen.
  warnings.warn("No NGSolve installed, only working with Netgen.")
/home/yan00082/firedrake/src/ngsPETSc/ngsPETSc/__init__.py:30: UserWarning: No NGSolve installed, only working with Netgen.
  warnings.warn("No NGSolve installed, only working with Netgen.")
/home/yan00082/firedrake/src/ngsPETSc/ngsPETSc/__init__.py:30: UserWarning: No NGSolve installed, only working with Netgen.
  warnings.warn("No NGSolve installed, only working with Netgen.")
/home/yan00082/firedrake/src/ngsPETSc/ngsPETSc/__init__.py:30: UserWarning: No NGSolve installed, only working with Netgen.
  warnings.warn("No NGSolve installed, only working with Netgen.")
/home/yan00082/firedrake/src/ngsPETSc/ngsPETSc/__init__.py:30: UserWarning: No NGSolve installed, only working with Netgen.
  warnings.warn("No NGSolve installed, only working with Netgen.")
/home/yan00082/firedrake/src/ngsPETSc/ngsPETSc/__init__.py:30: UserWarning: No NGSolve installed, only working with Netgen.
  warnings.warn("No NGSolve installed, only working with Netgen.")
/home/yan00082/firedrake/src/ngsPETSc/ngsPETSc/__init__.py:30: UserWarning: No NGSolve installed, only working with Netgen.
  warnings.warn("No NGSolve installed, only working with Netgen.")
/home/yan00082/firedrake/src/ngsPETSc/ngsPETSc/__init__.py:30: UserWarning: No NGSolve installed, only working with Netgen.
  warnings.warn("No NGSolve installed, only working with Netgen.")
/home/yan00082/firedrake/src/ngsPETSc/ngsPETSc/__init__.py:30: UserWarning: No NGSolve installed, only working with Netgen.
  warnings.warn("No NGSolve installed, only working with Netgen.")
/home/yan00082/firedrake/src/ngsPETSc/ngsPETSc/__init__.py:30: UserWarning: No NGSolve installed, only working with Netgen.
  warnings.warn("No NGSolve installed, only working with Netgen.")
/home/yan00082/firedrake/src/ngsPETSc/ngsPETSc/__init__.py:30: UserWarning: No NGSolve installed, only working with Netgen.
  warnings.warn("No NGSolve installed, only working with Netgen.")
/home/yan00082/firedrake/src/ngsPETSc/ngsPETSc/__init__.py:30: UserWarning: No NGSolve installed, only working with Netgen.
  warnings.warn("No NGSolve installed, only working with Netgen.")
/home/yan00082/firedrake/src/ngsPETSc/ngsPETSc/__init__.py:30: UserWarning: No NGSolve installed, only working with Netgen.
  warnings.warn("No NGSolve installed, only working with Netgen.")
Refined Mesh with degree of freedom  16502 sum_eta is  3.6892443446800263
Refined Mesh with degree of freedom  16677 sum_eta is  2.4549419026082266
Refined Mesh with degree of freedom  18837 sum_eta is  1.5089980730935888
Refined Mesh with degree of freedom  25432 sum_eta is  0.7867926472324083
Refined Mesh with degree of freedom  33277 sum_eta is  0.47904535543581744
Refined Mesh with degree of freedom  49882 sum_eta is  0.23577723521001318
Refined Mesh with degree of freedom  67017 sum_eta is  0.1231638225534735
Refined Mesh with degree of freedom  92897 sum_eta is  0.0569458636611092
Refined Mesh with degree of freedom  121712 sum_eta is  0.02710893195420212
Refined Mesh with degree of freedom  157327 sum_eta is  0.012444225600555713
Refined Mesh with degree of freedom  198602 sum_eta is  0.00569219762057411
Refined Mesh with degree of freedom  245072 sum_eta is  0.0026316542026072675
Refined Mesh with degree of freedom  301407 sum_eta is  0.0011906577203326372
Refined Mesh with degree of freedom  363437 sum_eta is  0.0005269021892628685
Refined Mesh with degree of freedom  432952 sum_eta is  0.00022579077329084267
Refined Mesh with degree of freedom  507527 sum_eta is  9.984595756195382e-05
Refined Mesh with degree of freedom  588837 sum_eta is  4.375953552320838e-05
Refined Mesh with degree of freedom  676377 sum_eta is  1.9619327076783087e-05
Refined Mesh with degree of freedom  766962 sum_eta is  9.011830149926515e-06
Refined Mesh with degree of freedom  866267 sum_eta is  4.113661822922457e-06
Refined Mesh with degree of freedom  976602 sum_eta is  1.8870073021543429e-06
Refined Mesh with degree of freedom  1093987 sum_eta is  9.012786742860115e-07
phi0 is 9.793500595735974
Refined Mesh with degree of freedom  16502 sum_eta is  3.471182070475691
Refined Mesh with degree of freedom  16677 sum_eta is  2.3210268619991252
Refined Mesh with degree of freedom  18962 sum_eta is  1.3834831496203532
Refined Mesh with degree of freedom  25897 sum_eta is  0.701885559121105
Refined Mesh with degree of freedom  35322 sum_eta is  0.3989453616250851
Refined Mesh with degree of freedom  44787 sum_eta is  0.2534623231073951
Refined Mesh with degree of freedom  53717 sum_eta is  0.16288919601917481
Refined Mesh with degree of freedom  65462 sum_eta is  0.10129082946242494
Refined Mesh with degree of freedom  80962 sum_eta is  0.06221733485388098
Refined Mesh with degree of freedom  97537 sum_eta is  0.03677069198232038
Refined Mesh with degree of freedom  119477 sum_eta is  0.02033518707236058
Refined Mesh with degree of freedom  143182 sum_eta is  0.011271855764425825
Refined Mesh with degree of freedom  171017 sum_eta is  0.006064917860397178
Refined Mesh with degree of freedom  195867 sum_eta is  0.003565560699719496
Refined Mesh with degree of freedom  231662 sum_eta is  0.0018259979228289309
Refined Mesh with degree of freedom  267422 sum_eta is  0.0009551452375481451
Refined Mesh with degree of freedom  300552 sum_eta is  0.0005513056546671662
Refined Mesh with degree of freedom  336617 sum_eta is  0.000316584174225062
Refined Mesh with degree of freedom  382792 sum_eta is  0.00016929329687802295
Refined Mesh with degree of freedom  430287 sum_eta is  9.351866385247563e-05
Refined Mesh with degree of freedom  488932 sum_eta is  4.578238098289594e-05
Refined Mesh with degree of freedom  545752 sum_eta is  2.2901291271184445e-05
Refined Mesh with degree of freedom  601657 sum_eta is  1.134364563364939e-05
Refined Mesh with degree of freedom  665007 sum_eta is  5.632790125025264e-06
Refined Mesh with degree of freedom  721557 sum_eta is  2.9027596529405286e-06
Refined Mesh with degree of freedom  797752 sum_eta is  1.4463640326269304e-06
Refined Mesh with degree of freedom  886552 sum_eta is  7.472184751521983e-07
Lambda is  3.0517578125e-05 flux is 9.792489030631307
Refined Mesh with degree of freedom  16502 sum_eta is  3.2828088713689056
Refined Mesh with degree of freedom  16677 sum_eta is  2.2024351982011012
Refined Mesh with degree of freedom  19087 sum_eta is  1.2898102927469157
Refined Mesh with degree of freedom  26047 sum_eta is  0.6471126271304561
Refined Mesh with degree of freedom  37197 sum_eta is  0.3398324044713137
Refined Mesh with degree of freedom  49112 sum_eta is  0.18519658554208251
Refined Mesh with degree of freedom  60852 sum_eta is  0.11033182317429613
Refined Mesh with degree of freedom  76752 sum_eta is  0.06171646127009646
Refined Mesh with degree of freedom  93667 sum_eta is  0.03558210591256581
Refined Mesh with degree of freedom  111482 sum_eta is  0.020625214634899962
Refined Mesh with degree of freedom  137297 sum_eta is  0.01040744771539715
Refined Mesh with degree of freedom  164647 sum_eta is  0.005681910899670619
Refined Mesh with degree of freedom  194682 sum_eta is  0.003008380347131769
Refined Mesh with degree of freedom  227712 sum_eta is  0.0015679662643228042
Refined Mesh with degree of freedom  262582 sum_eta is  0.0008640750804168652
Refined Mesh with degree of freedom  303397 sum_eta is  0.00045691386149595317
Refined Mesh with degree of freedom  351292 sum_eta is  0.00023486923174069425
Refined Mesh with degree of freedom  389237 sum_eta is  0.00013174012745658666
Refined Mesh with degree of freedom  432717 sum_eta is  7.276987790860438e-05
Refined Mesh with degree of freedom  483047 sum_eta is  3.73369512419059e-05
Refined Mesh with degree of freedom  532717 sum_eta is  1.8633111923188344e-05
Refined Mesh with degree of freedom  587112 sum_eta is  9.64349799813642e-06
Refined Mesh with degree of freedom  642322 sum_eta is  4.785007652226162e-06
Refined Mesh with degree of freedom  714192 sum_eta is  2.2427830875574486e-06
Refined Mesh with degree of freedom  800872 sum_eta is  1.1133372987875812e-06
Refined Mesh with degree of freedom  907367 sum_eta is  5.361548118481721e-07
Lambda is  6.103515625e-05 flux is 9.791436535339283
Refined Mesh with degree of freedom  16502 sum_eta is  2.973948952883051
Refined Mesh with degree of freedom  16677 sum_eta is  2.0021818902547053
Refined Mesh with degree of freedom  19147 sum_eta is  1.1518601049342712
Refined Mesh with degree of freedom  26602 sum_eta is  0.5607282458854523
Refined Mesh with degree of freedom  41862 sum_eta is  0.24503297904359617
Refined Mesh with degree of freedom  53357 sum_eta is  0.1278886607173219
Refined Mesh with degree of freedom  68087 sum_eta is  0.06862719412939135
Refined Mesh with degree of freedom  84817 sum_eta is  0.03693124675997968
Refined Mesh with degree of freedom  101182 sum_eta is  0.021559587809083274
Refined Mesh with degree of freedom  124317 sum_eta is  0.011332001475437715
Refined Mesh with degree of freedom  152087 sum_eta is  0.0057900704088735605
Refined Mesh with degree of freedom  183422 sum_eta is  0.002928895505450284
Refined Mesh with degree of freedom  218557 sum_eta is  0.0014987642985768335
Refined Mesh with degree of freedom  257367 sum_eta is  0.0007622848153511601
Refined Mesh with degree of freedom  298532 sum_eta is  0.0003890608990163239
Refined Mesh with degree of freedom  343032 sum_eta is  0.00019023564655844654
Refined Mesh with degree of freedom  380247 sum_eta is  0.00010603186955371425
Refined Mesh with degree of freedom  427367 sum_eta is  5.31127220116062e-05
Refined Mesh with degree of freedom  473792 sum_eta is  2.788711829553959e-05
Refined Mesh with degree of freedom  528062 sum_eta is  1.3311403317485371e-05
Refined Mesh with degree of freedom  584502 sum_eta is  6.704159871993152e-06
Refined Mesh with degree of freedom  653537 sum_eta is  3.0725431259345457e-06
Refined Mesh with degree of freedom  731012 sum_eta is  1.4268258328749403e-06
Refined Mesh with degree of freedom  806832 sum_eta is  7.522475263841105e-07
Lambda is  0.0001220703125 flux is 9.78888923985267
Refined Mesh with degree of freedom  16502 sum_eta is  2.535907139102182
Refined Mesh with degree of freedom  16677 sum_eta is  1.7066435880042552
Refined Mesh with degree of freedom  17957 sum_eta is  1.1464381663818293
Refined Mesh with degree of freedom  24032 sum_eta is  0.5736419176548571
Refined Mesh with degree of freedom  29907 sum_eta is  0.3562076240644316
Refined Mesh with degree of freedom  42112 sum_eta is  0.18362619858842624
Refined Mesh with degree of freedom  52272 sum_eta is  0.10132757740476155
Refined Mesh with degree of freedom  65287 sum_eta is  0.05831767561169553
Refined Mesh with degree of freedom  80572 sum_eta is  0.03141561883751731
Refined Mesh with degree of freedom  99212 sum_eta is  0.016946242391329292
Refined Mesh with degree of freedom  119117 sum_eta is  0.009314916872822716
Refined Mesh with degree of freedom  143922 sum_eta is  0.005079071289755948
Refined Mesh with degree of freedom  171117 sum_eta is  0.002690914170357578
Refined Mesh with degree of freedom  203122 sum_eta is  0.0014463469899104896
Refined Mesh with degree of freedom  233872 sum_eta is  0.0007959641258116789
Refined Mesh with degree of freedom  273987 sum_eta is  0.0003991270139811566
Refined Mesh with degree of freedom  310747 sum_eta is  0.0002170503878970219
Refined Mesh with degree of freedom  348787 sum_eta is  0.0001111531120395251
Refined Mesh with degree of freedom  390557 sum_eta is  5.803936240485038e-05
Refined Mesh with degree of freedom  436857 sum_eta is  2.8416943760901203e-05
Refined Mesh with degree of freedom  482602 sum_eta is  1.5276176595049064e-05
Refined Mesh with degree of freedom  530837 sum_eta is  8.006772109573569e-06
Refined Mesh with degree of freedom  588027 sum_eta is  4.050786496808529e-06
Refined Mesh with degree of freedom  651312 sum_eta is  2.065528456286902e-06
Refined Mesh with degree of freedom  726192 sum_eta is  1.0146672740530949e-06
Refined Mesh with degree of freedom  822532 sum_eta is  5.127599392178196e-07
Lambda is  0.000244140625 flux is 9.784372986396143
Refined Mesh with degree of freedom  16502 sum_eta is  2.026211213053687
Refined Mesh with degree of freedom  16677 sum_eta is  1.3493563593851523
Refined Mesh with degree of freedom  17957 sum_eta is  0.9026944033603117
Refined Mesh with degree of freedom  22117 sum_eta is  0.512198491037265
Refined Mesh with degree of freedom  27677 sum_eta is  0.31284620866240376
Refined Mesh with degree of freedom  38797 sum_eta is  0.1672264004692528
Refined Mesh with degree of freedom  50767 sum_eta is  0.08232151118044526
Refined Mesh with degree of freedom  63732 sum_eta is  0.04723323490802878
Refined Mesh with degree of freedom  80017 sum_eta is  0.02461461312915127
Refined Mesh with degree of freedom  97307 sum_eta is  0.013565041612727233
Refined Mesh with degree of freedom  122237 sum_eta is  0.006837453315541378
Refined Mesh with degree of freedom  150012 sum_eta is  0.0034002552083995012
Refined Mesh with degree of freedom  178482 sum_eta is  0.001752670592232505
Refined Mesh with degree of freedom  206562 sum_eta is  0.0009483500052433682
Refined Mesh with degree of freedom  237752 sum_eta is  0.0005257727820388823
Refined Mesh with degree of freedom  275087 sum_eta is  0.00026087466925260795
Refined Mesh with degree of freedom  309992 sum_eta is  0.0001419595689545891
Refined Mesh with degree of freedom  350067 sum_eta is  6.968921072235087e-05
Refined Mesh with degree of freedom  395777 sum_eta is  3.4505314447922645e-05
Refined Mesh with degree of freedom  440497 sum_eta is  1.7709761251668902e-05
Refined Mesh with degree of freedom  483647 sum_eta is  9.43200450955808e-06
Refined Mesh with degree of freedom  533107 sum_eta is  4.943951148730788e-06
Refined Mesh with degree of freedom  593032 sum_eta is  2.5158543921226636e-06
Refined Mesh with degree of freedom  742772 sum_eta is  7.553233631868521e-07
Lambda is  0.00048828125 flux is 9.775064447392632
Refined Mesh with degree of freedom  16502 sum_eta is  1.5429245918351766
Refined Mesh with degree of freedom  16677 sum_eta is  1.00770048824079
Refined Mesh with degree of freedom  20152 sum_eta is  0.5077907920224916
Refined Mesh with degree of freedom  26422 sum_eta is  0.26061600490069636
Refined Mesh with degree of freedom  33312 sum_eta is  0.15966852260106812
Refined Mesh with degree of freedom  44087 sum_eta is  0.0869135798607741
Refined Mesh with degree of freedom  54997 sum_eta is  0.048080381085423354
Refined Mesh with degree of freedom  70947 sum_eta is  0.024497420981527948
Refined Mesh with degree of freedom  85632 sum_eta is  0.014168441205456284
Refined Mesh with degree of freedom  105147 sum_eta is  0.007519273472825656
Refined Mesh with degree of freedom  123827 sum_eta is  0.004230681383373075
Refined Mesh with degree of freedom  151037 sum_eta is  0.0021394415631138673
Refined Mesh with degree of freedom  180857 sum_eta is  0.0010647152329666832
Refined Mesh with degree of freedom  208652 sum_eta is  0.0005518555183252942
Refined Mesh with degree of freedom  242962 sum_eta is  0.00027093721577989234
Refined Mesh with degree of freedom  278862 sum_eta is  0.00013835443696410613
Refined Mesh with degree of freedom  316917 sum_eta is  7.059464863636456e-05
Refined Mesh with degree of freedom  359657 sum_eta is  3.5361230048523073e-05
Refined Mesh with degree of freedom  404452 sum_eta is  1.7986301619597862e-05
Refined Mesh with degree of freedom  453222 sum_eta is  9.168095826342423e-06
Refined Mesh with degree of freedom  507572 sum_eta is  4.8432779132449286e-06
Refined Mesh with degree of freedom  562297 sum_eta is  2.6095310513099216e-06
Refined Mesh with degree of freedom  626277 sum_eta is  1.440049856556774e-06
Refined Mesh with degree of freedom  712107 sum_eta is  7.250319482819541e-07
Lambda is  0.0009765625 flux is 9.757488131376515
Refined Mesh with degree of freedom  16502 sum_eta is  1.136646539742121
Refined Mesh with degree of freedom  16692 sum_eta is  0.729112957768229
Refined Mesh with degree of freedom  19407 sum_eta is  0.3947996862240811
Refined Mesh with degree of freedom  24397 sum_eta is  0.2147870918185317
Refined Mesh with degree of freedom  31672 sum_eta is  0.12200142618588238
Refined Mesh with degree of freedom  43797 sum_eta is  0.061247380977221606
Refined Mesh with degree of freedom  58797 sum_eta is  0.029629222833004162
Refined Mesh with degree of freedom  73002 sum_eta is  0.015204646990669313
Refined Mesh with degree of freedom  91177 sum_eta is  0.007510890796349384
Refined Mesh with degree of freedom  110647 sum_eta is  0.003972867283791734
Refined Mesh with degree of freedom  132782 sum_eta is  0.0020469459404401247
Refined Mesh with degree of freedom  158772 sum_eta is  0.0011154671199142753
Refined Mesh with degree of freedom  185737 sum_eta is  0.0005733732556402887
Refined Mesh with degree of freedom  220092 sum_eta is  0.000289398116737552
Refined Mesh with degree of freedom  253187 sum_eta is  0.00015530385612475846
Refined Mesh with degree of freedom  293727 sum_eta is  8.183003716499051e-05
Refined Mesh with degree of freedom  334622 sum_eta is  4.491755215909834e-05
Refined Mesh with degree of freedom  382422 sum_eta is  2.2957599505198323e-05
Refined Mesh with degree of freedom  435167 sum_eta is  1.1697902632786967e-05
Refined Mesh with degree of freedom  487482 sum_eta is  6.392798389238194e-06
Refined Mesh with degree of freedom  538647 sum_eta is  3.4757305210095068e-06
Refined Mesh with degree of freedom  602877 sum_eta is  1.9170879601308634e-06
Refined Mesh with degree of freedom  666692 sum_eta is  1.0495968286743776e-06
Refined Mesh with degree of freedom  742587 sum_eta is  5.938546113337079e-07
Lambda is  0.001953125 flux is 9.723938944839022
Refined Mesh with degree of freedom  16502 sum_eta is  0.8029043172634016
Refined Mesh with degree of freedom  16707 sum_eta is  0.5169441106533189
Refined Mesh with degree of freedom  20262 sum_eta is  0.246161204175248
Refined Mesh with degree of freedom  26662 sum_eta is  0.1275200793880415
Refined Mesh with degree of freedom  35042 sum_eta is  0.07046509343000487
Refined Mesh with degree of freedom  43892 sum_eta is  0.039671045953432016
Refined Mesh with degree of freedom  54597 sum_eta is  0.022741275062325553
Refined Mesh with degree of freedom  68212 sum_eta is  0.012183965750576852
Refined Mesh with degree of freedom  82957 sum_eta is  0.006826496812974002
Refined Mesh with degree of freedom  103537 sum_eta is  0.003559924806512538
Refined Mesh with degree of freedom  128457 sum_eta is  0.0018613217463909325
Refined Mesh with degree of freedom  153177 sum_eta is  0.001066328096858704
Refined Mesh with degree of freedom  183312 sum_eta is  0.0006103599284457071
Refined Mesh with degree of freedom  213322 sum_eta is  0.00034582039073084307
Refined Mesh with degree of freedom  250837 sum_eta is  0.0001874097672570476
Refined Mesh with degree of freedom  283242 sum_eta is  0.00011189040106870013
Refined Mesh with degree of freedom  319857 sum_eta is  6.740116190588766e-05
Refined Mesh with degree of freedom  365802 sum_eta is  3.632421602871689e-05
Refined Mesh with degree of freedom  418757 sum_eta is  1.9420043873411808e-05
Refined Mesh with degree of freedom  474222 sum_eta is  1.0078791008474823e-05
Refined Mesh with degree of freedom  531622 sum_eta is  5.4739129038755976e-06
Refined Mesh with degree of freedom  595987 sum_eta is  2.8717802341501042e-06
Refined Mesh with degree of freedom  661477 sum_eta is  1.5858519114677372e-06
Refined Mesh with degree of freedom  724897 sum_eta is  9.536589395908558e-07
Lambda is  0.00390625 flux is 9.661267935169347
Refined Mesh with degree of freedom  16502 sum_eta is  0.5563388680897432
Refined Mesh with degree of freedom  17702 sum_eta is  0.3063274518221107
Refined Mesh with degree of freedom  22317 sum_eta is  0.14303948209217315
Refined Mesh with degree of freedom  29277 sum_eta is  0.07760673354347797
Refined Mesh with degree of freedom  36872 sum_eta is  0.04586880671475719
Refined Mesh with degree of freedom  47392 sum_eta is  0.026755004071692224
Refined Mesh with degree of freedom  61732 sum_eta is  0.015124954597023767
Refined Mesh with degree of freedom  78442 sum_eta is  0.008652965484370926
Refined Mesh with degree of freedom  98122 sum_eta is  0.004979683110477103
Refined Mesh with degree of freedom  119992 sum_eta is  0.0030156161025185983
Refined Mesh with degree of freedom  147387 sum_eta is  0.0017665211816426398
Refined Mesh with degree of freedom  172467 sum_eta is  0.0010967441188226494
Refined Mesh with degree of freedom  201627 sum_eta is  0.0006612431119556001
Refined Mesh with degree of freedom  242107 sum_eta is  0.0003518600977763164
Refined Mesh with degree of freedom  289037 sum_eta is  0.00018253995495811558
Refined Mesh with degree of freedom  322237 sum_eta is  0.00011269313322054919
Refined Mesh with degree of freedom  374202 sum_eta is  5.9401775008481676e-05
Refined Mesh with degree of freedom  423747 sum_eta is  3.272064379156983e-05
Refined Mesh with degree of freedom  468337 sum_eta is  1.9931866609992913e-05
Refined Mesh with degree of freedom  516937 sum_eta is  1.1395691839330638e-05
Refined Mesh with degree of freedom  579662 sum_eta is  6.09356127595163e-06
Refined Mesh with degree of freedom  638182 sum_eta is  3.47440933352555e-06
Refined Mesh with degree of freedom  700107 sum_eta is  1.9708721627840794e-06
Refined Mesh with degree of freedom  789847 sum_eta is  1.0022646138968156e-06
Refined Mesh with degree of freedom  894972 sum_eta is  5.081482681166078e-07
Lambda is  0.0078125 flux is 9.548398034606908
Refined Mesh with degree of freedom  16502 sum_eta is  0.43976271914531617
Refined Mesh with degree of freedom  19987 sum_eta is  0.18665667181401224
Refined Mesh with degree of freedom  27012 sum_eta is  0.0977218378899691
Refined Mesh with degree of freedom  37442 sum_eta is  0.05410793338620991
Refined Mesh with degree of freedom  49937 sum_eta is  0.031645294406340826
Refined Mesh with degree of freedom  65557 sum_eta is  0.01884745356672019
Refined Mesh with degree of freedom  81832 sum_eta is  0.01173066157377712
Refined Mesh with degree of freedom  101262 sum_eta is  0.007443383965938566
Refined Mesh with degree of freedom  128977 sum_eta is  0.00415549524847379
Refined Mesh with degree of freedom  157692 sum_eta is  0.002438928701368607
Refined Mesh with degree of freedom  191442 sum_eta is  0.0014221448390979697
Refined Mesh with degree of freedom  226462 sum_eta is  0.000823008312067253
Refined Mesh with degree of freedom  262107 sum_eta is  0.00048815318030938305
Refined Mesh with degree of freedom  302847 sum_eta is  0.00027813398821330824
Refined Mesh with degree of freedom  350072 sum_eta is  0.00015163351735864275
Refined Mesh with degree of freedom  391582 sum_eta is  8.926314202029506e-05
Refined Mesh with degree of freedom  447227 sum_eta is  4.815641033853299e-05
Refined Mesh with degree of freedom  493857 sum_eta is  2.860633384587897e-05
Refined Mesh with degree of freedom  538472 sum_eta is  1.731947421768088e-05
Refined Mesh with degree of freedom  606747 sum_eta is  8.86054080924558e-06
Refined Mesh with degree of freedom  679722 sum_eta is  4.51132184189638e-06
Refined Mesh with degree of freedom  762687 sum_eta is  2.1998953041410664e-06
Refined Mesh with degree of freedom  872432 sum_eta is  9.906897007676052e-07
Lambda is  0.015625 flux is 9.354759324886796
Refined Mesh with degree of freedom  16502 sum_eta is  0.48012412125404313
Refined Mesh with degree of freedom  18712 sum_eta is  0.2784040020469002
Refined Mesh with degree of freedom  24867 sum_eta is  0.1676946538975002
Refined Mesh with degree of freedom  31497 sum_eta is  0.11067449658973924
Refined Mesh with degree of freedom  42842 sum_eta is  0.07183992356465276
Refined Mesh with degree of freedom  58397 sum_eta is  0.04341341543044766
Refined Mesh with degree of freedom  76467 sum_eta is  0.02622803504806789
Refined Mesh with degree of freedom  98827 sum_eta is  0.015814617623529075
Refined Mesh with degree of freedom  130162 sum_eta is  0.008436458115169663
Refined Mesh with degree of freedom  153222 sum_eta is  0.005446137527341606
Refined Mesh with degree of freedom  182287 sum_eta is  0.0034442334205315953
Refined Mesh with degree of freedom  221037 sum_eta is  0.001893901442187631
Refined Mesh with degree of freedom  262042 sum_eta is  0.0010711071742291545
Refined Mesh with degree of freedom  305267 sum_eta is  0.0005885302793170502
Refined Mesh with degree of freedom  344312 sum_eta is  0.0003543263319737875
Refined Mesh with degree of freedom  396247 sum_eta is  0.00018449604960732856
Refined Mesh with degree of freedom  447537 sum_eta is  9.923476084134638e-05
Refined Mesh with degree of freedom  520122 sum_eta is  4.652286484263045e-05
Refined Mesh with degree of freedom  564167 sum_eta is  2.819794967069462e-05
Refined Mesh with degree of freedom  627647 sum_eta is  1.4844626163802929e-05
Refined Mesh with degree of freedom  681447 sum_eta is  8.390017046416578e-06
Refined Mesh with degree of freedom  797527 sum_eta is  3.673026504086609e-06
Refined Mesh with degree of freedom  872367 sum_eta is  1.9044810581954823e-06
Refined Mesh with degree of freedom  987142 sum_eta is  8.572981502226796e-07
Lambda is  0.03125 flux is 9.04453030572017
Refined Mesh with degree of freedom  16502 sum_eta is  0.6445419879560792
Refined Mesh with degree of freedom  20077 sum_eta is  0.3728863626973967
Refined Mesh with degree of freedom  25472 sum_eta is  0.24577295629763615
Refined Mesh with degree of freedom  33782 sum_eta is  0.16649148170756423
Refined Mesh with degree of freedom  48627 sum_eta is  0.10102471328534186
Refined Mesh with degree of freedom  67722 sum_eta is  0.05812250302073064
Refined Mesh with degree of freedom  87737 sum_eta is  0.036478966440080404
Refined Mesh with degree of freedom  115832 sum_eta is  0.02030968400150049
Refined Mesh with degree of freedom  147932 sum_eta is  0.01161668260826566
Refined Mesh with degree of freedom  185162 sum_eta is  0.006392821291045755
Refined Mesh with degree of freedom  225642 sum_eta is  0.003517950531858021
Refined Mesh with degree of freedom  257552 sum_eta is  0.002142761924699226
Refined Mesh with degree of freedom  295602 sum_eta is  0.0012438858321266945
Refined Mesh with degree of freedom  348227 sum_eta is  0.0006238146387885586
Refined Mesh with degree of freedom  398237 sum_eta is  0.0003329759802019865
Refined Mesh with degree of freedom  448007 sum_eta is  0.00018486586681738766
Refined Mesh with degree of freedom  493232 sum_eta is  0.00010662438519967137
Refined Mesh with degree of freedom  541282 sum_eta is  6.182545040242084e-05
Refined Mesh with degree of freedom  608707 sum_eta is  3.216078236271483e-05
Refined Mesh with degree of freedom  700997 sum_eta is  1.5720302550618055e-05
Refined Mesh with degree of freedom  756992 sum_eta is  8.913076097521374e-06
Refined Mesh with degree of freedom  819537 sum_eta is  4.936339558489663e-06
Refined Mesh with degree of freedom  882377 sum_eta is  2.9108076739921987e-06
Refined Mesh with degree of freedom  972047 sum_eta is  1.5365167697592545e-06
Refined Mesh with degree of freedom  1090992 sum_eta is  7.420104363325518e-07
Lambda is  0.0625 flux is 8.580759858138805
Refined Mesh with degree of freedom  16502 sum_eta is  0.8205958313779942
Refined Mesh with degree of freedom  20157 sum_eta is  0.4848202980955457
Refined Mesh with degree of freedom  27147 sum_eta is  0.309146707346316
Refined Mesh with degree of freedom  37642 sum_eta is  0.20381304191590172
Refined Mesh with degree of freedom  55447 sum_eta is  0.1187232597542572
Refined Mesh with degree of freedom  74012 sum_eta is  0.07425073639714658
Refined Mesh with degree of freedom  102727 sum_eta is  0.041505718245953845
Refined Mesh with degree of freedom  129142 sum_eta is  0.02634501537893634
Refined Mesh with degree of freedom  163907 sum_eta is  0.014748335379507496
Refined Mesh with degree of freedom  198012 sum_eta is  0.008521084249619174
Refined Mesh with degree of freedom  233862 sum_eta is  0.005058790177691466
Refined Mesh with degree of freedom  283717 sum_eta is  0.002467835660130196
Refined Mesh with degree of freedom  329112 sum_eta is  0.0013386956386702365
Refined Mesh with degree of freedom  368422 sum_eta is  0.0007728418672840113
Refined Mesh with degree of freedom  427757 sum_eta is  0.0003788861426446338
Refined Mesh with degree of freedom  478107 sum_eta is  0.00020912126930173878
Refined Mesh with degree of freedom  524342 sum_eta is  0.00011766941165394437
Refined Mesh with degree of freedom  616012 sum_eta is  5.2974233120623904e-05
Refined Mesh with degree of freedom  663432 sum_eta is  3.043130045268992e-05
Refined Mesh with degree of freedom  737307 sum_eta is  1.529615005496788e-05
Refined Mesh with degree of freedom  814377 sum_eta is  8.006298740644848e-06
Refined Mesh with degree of freedom  880217 sum_eta is  4.423697021092747e-06
Refined Mesh with degree of freedom  983677 sum_eta is  2.1405582900787275e-06
Refined Mesh with degree of freedom  1082822 sum_eta is  1.0264386404590974e-06
Refined Mesh with degree of freedom  1195597 sum_eta is  5.432322256122277e-07
Lambda is  0.125 flux is 7.921723154023985
Refined Mesh with degree of freedom  16502 sum_eta is  0.8772643839285543
Refined Mesh with degree of freedom  21422 sum_eta is  0.45983120562133234
Refined Mesh with degree of freedom  28467 sum_eta is  0.32560248583640783
Refined Mesh with degree of freedom  42827 sum_eta is  0.2004756698693831
Refined Mesh with degree of freedom  60717 sum_eta is  0.12200729876486158
Refined Mesh with degree of freedom  87897 sum_eta is  0.0703354278607814
Refined Mesh with degree of freedom  111897 sum_eta is  0.045314566871836284
Refined Mesh with degree of freedom  141272 sum_eta is  0.027445667955023064
Refined Mesh with degree of freedom  173212 sum_eta is  0.016036757861151038
Refined Mesh with degree of freedom  212272 sum_eta is  0.008662183173147889
Refined Mesh with degree of freedom  265647 sum_eta is  0.004066535992784456
Refined Mesh with degree of freedom  302272 sum_eta is  0.002300270833129606
Refined Mesh with degree of freedom  350122 sum_eta is  0.0012096901043343487
Refined Mesh with degree of freedom  391732 sum_eta is  0.0006778124252121232
Refined Mesh with degree of freedom  455007 sum_eta is  0.0003220870762990077
Refined Mesh with degree of freedom  501342 sum_eta is  0.00017782177975652242
Refined Mesh with degree of freedom  556562 sum_eta is  9.469291501212062e-05
Refined Mesh with degree of freedom  605362 sum_eta is  5.4202693944730936e-05
Refined Mesh with degree of freedom  678382 sum_eta is  2.6004952124353088e-05
Refined Mesh with degree of freedom  732072 sum_eta is  1.4687176224296593e-05
Refined Mesh with degree of freedom  795862 sum_eta is  8.10231812626416e-06
Refined Mesh with degree of freedom  890122 sum_eta is  4.229929248617768e-06
Refined Mesh with degree of freedom  1003217 sum_eta is  2.0499762195850203e-06
Refined Mesh with degree of freedom  1113092 sum_eta is  1.0034078988652925e-06
Refined Mesh with degree of freedom  1288727 sum_eta is  4.999200487341858e-07
Lambda is  0.25 flux is 7.015974307223695
Refined Mesh with degree of freedom  16502 sum_eta is  0.7550679725096137
Refined Mesh with degree of freedom  21477 sum_eta is  0.4004118853849712
Refined Mesh with degree of freedom  28522 sum_eta is  0.2893130283930686
Refined Mesh with degree of freedom  45052 sum_eta is  0.1701801381578458
Refined Mesh with degree of freedom  67047 sum_eta is  0.10055304329490518
Refined Mesh with degree of freedom  97177 sum_eta is  0.05953552344903301
Refined Mesh with degree of freedom  125927 sum_eta is  0.03646101792481868
Refined Mesh with degree of freedom  158707 sum_eta is  0.02107120609584203
Refined Mesh with degree of freedom  195927 sum_eta is  0.011593211481060874
Refined Mesh with degree of freedom  230412 sum_eta is  0.0066165932504634725
Refined Mesh with degree of freedom  277602 sum_eta is  0.003389194691613361
Refined Mesh with degree of freedom  309412 sum_eta is  0.0020669172898152926
Refined Mesh with degree of freedom  346122 sum_eta is  0.0011879927168458077
Refined Mesh with degree of freedom  381432 sum_eta is  0.0007395310736692993
Refined Mesh with degree of freedom  445942 sum_eta is  0.0003556004191443454
Refined Mesh with degree of freedom  483067 sum_eta is  0.00021908484664150927
Refined Mesh with degree of freedom  526592 sum_eta is  0.00013168681971771715
Refined Mesh with degree of freedom  589532 sum_eta is  6.561890247050567e-05
Refined Mesh with degree of freedom  657972 sum_eta is  3.444210428138183e-05
Refined Mesh with degree of freedom  729142 sum_eta is  1.7613876337253336e-05
Refined Mesh with degree of freedom  820397 sum_eta is  8.716323163771502e-06
Refined Mesh with degree of freedom  907782 sum_eta is  4.330090733578631e-06
Refined Mesh with degree of freedom  1001992 sum_eta is  2.1421423509369534e-06
Refined Mesh with degree of freedom  1108362 sum_eta is  1.0297154204614389e-06
Refined Mesh with degree of freedom  1220052 sum_eta is  5.668018585116318e-07
Lambda is  0.5 flux is 5.828678543188194
Refined Mesh with degree of freedom  16502 sum_eta is  0.5121439652718802
Refined Mesh with degree of freedom  21272 sum_eta is  0.2805729709197444
Refined Mesh with degree of freedom  29782 sum_eta is  0.18793992453767253
Refined Mesh with degree of freedom  47032 sum_eta is  0.11322754797559059
Refined Mesh with degree of freedom  68222 sum_eta is  0.0706155973276989
Refined Mesh with degree of freedom  96102 sum_eta is  0.0439576661241171
Refined Mesh with degree of freedom  122707 sum_eta is  0.027890822620416332
Refined Mesh with degree of freedom  154782 sum_eta is  0.01621007645454753
Refined Mesh with degree of freedom  187277 sum_eta is  0.009427117381159481
Refined Mesh with degree of freedom  218832 sum_eta is  0.005748586915606672
Refined Mesh with degree of freedom  249347 sum_eta is  0.003500016416593389
Refined Mesh with degree of freedom  281212 sum_eta is  0.0021735647686532064
Refined Mesh with degree of freedom  315642 sum_eta is  0.0013040555671284034
Refined Mesh with degree of freedom  356602 sum_eta is  0.0007392756504507235
Refined Mesh with degree of freedom  399822 sum_eta is  0.0004229905110414149
Refined Mesh with degree of freedom  445032 sum_eta is  0.00024267091593893495
Refined Mesh with degree of freedom  497587 sum_eta is  0.00012680200408307226
Refined Mesh with degree of freedom  540622 sum_eta is  7.607648227474856e-05
Refined Mesh with degree of freedom  596472 sum_eta is  4.2217813427103777e-05
Refined Mesh with degree of freedom  647482 sum_eta is  2.4239770631392426e-05
Refined Mesh with degree of freedom  719742 sum_eta is  1.2184674472566735e-05
Refined Mesh with degree of freedom  783992 sum_eta is  6.819457927161914e-06
Refined Mesh with degree of freedom  907092 sum_eta is  3.1728470117284423e-06
Refined Mesh with degree of freedom  1006942 sum_eta is  1.5506627857847987e-06
Refined Mesh with degree of freedom  1113802 sum_eta is  7.826352004966772e-07
Lambda is  1.0 flux is 4.420133632886929
Refined Mesh with degree of freedom  16502 sum_eta is  0.28429376689171704
Refined Mesh with degree of freedom  21597 sum_eta is  0.1506477140601068
Refined Mesh with degree of freedom  29307 sum_eta is  0.10344418530098218
Refined Mesh with degree of freedom  48877 sum_eta is  0.05935098308181711
Refined Mesh with degree of freedom  70252 sum_eta is  0.037183553007248835
Refined Mesh with degree of freedom  104487 sum_eta is  0.021136963274113404
Refined Mesh with degree of freedom  140367 sum_eta is  0.011381675576824095
Refined Mesh with degree of freedom  177487 sum_eta is  0.0061585298728663255
Refined Mesh with degree of freedom  214182 sum_eta is  0.003547255905611702
Refined Mesh with degree of freedom  249867 sum_eta is  0.0020048353927584303
Refined Mesh with degree of freedom  288142 sum_eta is  0.0011337249479870667
Refined Mesh with degree of freedom  328512 sum_eta is  0.000656320883707951
Refined Mesh with degree of freedom  369442 sum_eta is  0.00036780407414379517
Refined Mesh with degree of freedom  414232 sum_eta is  0.00020536519124184077
Refined Mesh with degree of freedom  464637 sum_eta is  0.00011390581270070143
Refined Mesh with degree of freedom  508437 sum_eta is  6.568825349079172e-05
Refined Mesh with degree of freedom  557757 sum_eta is  3.6321572337597346e-05
Refined Mesh with degree of freedom  609087 sum_eta is  2.0752966066392282e-05
Refined Mesh with degree of freedom  684927 sum_eta is  1.026273604822883e-05
Refined Mesh with degree of freedom  748747 sum_eta is  5.5599260980270215e-06
Refined Mesh with degree of freedom  817457 sum_eta is  2.8887866135868247e-06
Refined Mesh with degree of freedom  888522 sum_eta is  1.7491705530377833e-06
Refined Mesh with degree of freedom  1020397 sum_eta is  8.084829454227406e-07
Lambda is  2.0 flux is 3.0036364470177452
Refined Mesh with degree of freedom  16502 sum_eta is  0.15443529113894405
Refined Mesh with degree of freedom  21507 sum_eta is  0.07998130842536948
Refined Mesh with degree of freedom  27852 sum_eta is  0.05568144645636808
Refined Mesh with degree of freedom  39597 sum_eta is  0.036253526774943506
Refined Mesh with degree of freedom  55607 sum_eta is  0.023699049330532008
Refined Mesh with degree of freedom  78002 sum_eta is  0.015239936073391767
Refined Mesh with degree of freedom  102297 sum_eta is  0.009982865880869503
Refined Mesh with degree of freedom  127892 sum_eta is  0.006291054206507919
Refined Mesh with degree of freedom  159282 sum_eta is  0.003753067304796504
Refined Mesh with degree of freedom  186982 sum_eta is  0.0023613492686466275
Refined Mesh with degree of freedom  216482 sum_eta is  0.0014601339545351156
Refined Mesh with degree of freedom  253727 sum_eta is  0.0008230995321912087
Refined Mesh with degree of freedom  285672 sum_eta is  0.0005051620349403973
Refined Mesh with degree of freedom  321487 sum_eta is  0.00030762777192207453
Refined Mesh with degree of freedom  350092 sum_eta is  0.00019998878357057104
Refined Mesh with degree of freedom  395572 sum_eta is  0.00010814095451635862
Refined Mesh with degree of freedom  434407 sum_eta is  6.487756840842972e-05
Refined Mesh with degree of freedom  478972 sum_eta is  3.699618819801413e-05
Refined Mesh with degree of freedom  530712 sum_eta is  1.9802590375702038e-05
Refined Mesh with degree of freedom  573622 sum_eta is  1.1804707210244902e-05
Refined Mesh with degree of freedom  624547 sum_eta is  6.746079885912066e-06
Refined Mesh with degree of freedom  673567 sum_eta is  3.925415383513878e-06
Refined Mesh with degree of freedom  742882 sum_eta is  2.061973603854518e-06
Refined Mesh with degree of freedom  824927 sum_eta is  1.0396973080705739e-06
Refined Mesh with degree of freedom  977872 sum_eta is  4.306818382157026e-07
Lambda is  4.0 flux is 1.836322688564038
Refined Mesh with degree of freedom  16502 sum_eta is  0.1063913295357019
Refined Mesh with degree of freedom  20292 sum_eta is  0.06082848347419584
Refined Mesh with degree of freedom  25207 sum_eta is  0.04069986689171172
Refined Mesh with degree of freedom  30972 sum_eta is  0.0275302743902906
Refined Mesh with degree of freedom  45007 sum_eta is  0.01731610552611186
Refined Mesh with degree of freedom  58747 sum_eta is  0.011642890626219593
Refined Mesh with degree of freedom  82902 sum_eta is  0.007108498754627292
Refined Mesh with degree of freedom  101567 sum_eta is  0.0048130945735092535
Refined Mesh with degree of freedom  130952 sum_eta is  0.0029148858570950155
Refined Mesh with degree of freedom  152372 sum_eta is  0.0019087849385861426
Refined Mesh with degree of freedom  176402 sum_eta is  0.0012716898783408591
Refined Mesh with degree of freedom  200367 sum_eta is  0.0008261093434641845
Refined Mesh with degree of freedom  235007 sum_eta is  0.0004765565595680807
Refined Mesh with degree of freedom  260152 sum_eta is  0.00031437600246618616
Refined Mesh with degree of freedom  291702 sum_eta is  0.00019967647179513665
Refined Mesh with degree of freedom  318932 sum_eta is  0.00012990734276513487
Refined Mesh with degree of freedom  352657 sum_eta is  8.075178595643219e-05
Refined Mesh with degree of freedom  384717 sum_eta is  5.110517867576917e-05
Refined Mesh with degree of freedom  420142 sum_eta is  3.203420213924025e-05
Refined Mesh with degree of freedom  457882 sum_eta is  1.9828263195124075e-05
Refined Mesh with degree of freedom  493642 sum_eta is  1.2316510400047602e-05
Refined Mesh with degree of freedom  532047 sum_eta is  7.968623596928392e-06
Refined Mesh with degree of freedom  572317 sum_eta is  4.8702304278893455e-06
Refined Mesh with degree of freedom  617162 sum_eta is  2.9990488420077706e-06
Refined Mesh with degree of freedom  674457 sum_eta is  1.6953007308745933e-06
Refined Mesh with degree of freedom  745927 sum_eta is  9.317738114267317e-07
Lambda is  8.0 flux is 1.0343058581252074
Refined Mesh with degree of freedom  16502 sum_eta is  0.09558760115099721
Refined Mesh with degree of freedom  20372 sum_eta is  0.052594512587154876
Refined Mesh with degree of freedom  25042 sum_eta is  0.034873808681130075
Refined Mesh with degree of freedom  29862 sum_eta is  0.023535334899254783
Refined Mesh with degree of freedom  39582 sum_eta is  0.015257269276833912
Refined Mesh with degree of freedom  51112 sum_eta is  0.010723724572591735
Refined Mesh with degree of freedom  64057 sum_eta is  0.007283727278243582
Refined Mesh with degree of freedom  81927 sum_eta is  0.005091864024689263
Refined Mesh with degree of freedom  96342 sum_eta is  0.0036074182449416328
Refined Mesh with degree of freedom  116442 sum_eta is  0.0025198234007773263
Refined Mesh with degree of freedom  134752 sum_eta is  0.0017713366500919014
Refined Mesh with degree of freedom  154782 sum_eta is  0.0012248684701065059
Refined Mesh with degree of freedom  176757 sum_eta is  0.0008292041990051096
Refined Mesh with degree of freedom  195267 sum_eta is  0.0005824538270746321
Refined Mesh with degree of freedom  216032 sum_eta is  0.0004189229623731882
Refined Mesh with degree of freedom  237817 sum_eta is  0.0002832218639640617
Refined Mesh with degree of freedom  264692 sum_eta is  0.0001905021737891161
Refined Mesh with degree of freedom  291357 sum_eta is  0.0001241571700858967
Refined Mesh with degree of freedom  323957 sum_eta is  7.788717617741004e-05
Refined Mesh with degree of freedom  345567 sum_eta is  5.5466819103483134e-05
Refined Mesh with degree of freedom  371507 sum_eta is  3.7418650179033855e-05
Refined Mesh with degree of freedom  401867 sum_eta is  2.4427253271153495e-05
Refined Mesh with degree of freedom  425337 sum_eta is  1.6995309162629964e-05
Refined Mesh with degree of freedom  453437 sum_eta is  1.151777867522328e-05
Refined Mesh with degree of freedom  478067 sum_eta is  8.155754343079553e-06
Refined Mesh with degree of freedom  504452 sum_eta is  5.6938265316917974e-06
Refined Mesh with degree of freedom  532282 sum_eta is  3.925583336351451e-06
Refined Mesh with degree of freedom  569452 sum_eta is  2.5709386972336294e-06
Refined Mesh with degree of freedom  605532 sum_eta is  1.6981781276946376e-06
Refined Mesh with degree of freedom  655502 sum_eta is  9.892103041110307e-07
Lambda is  16.0 flux is 0.5522352839467879
Refined Mesh with degree of freedom  16502 sum_eta is  0.09573145506267255
Refined Mesh with degree of freedom  20307 sum_eta is  0.052684227933002065
Refined Mesh with degree of freedom  25412 sum_eta is  0.033465644532149105
Refined Mesh with degree of freedom  30002 sum_eta is  0.022436234290220562
Refined Mesh with degree of freedom  37627 sum_eta is  0.015267460649137232
Refined Mesh with degree of freedom  47582 sum_eta is  0.011404108351729786
Refined Mesh with degree of freedom  58012 sum_eta is  0.007856377935256228
Refined Mesh with degree of freedom  73027 sum_eta is  0.0056104151447909706
Refined Mesh with degree of freedom  87627 sum_eta is  0.0040914096430946035
Refined Mesh with degree of freedom  103732 sum_eta is  0.00282071827030854
Refined Mesh with degree of freedom  120632 sum_eta is  0.002130289492673851
Refined Mesh with degree of freedom  135167 sum_eta is  0.0015737565407763984
Refined Mesh with degree of freedom  151437 sum_eta is  0.0011558135787986435
Refined Mesh with degree of freedom  172627 sum_eta is  0.0008190464805628572
Refined Mesh with degree of freedom  188457 sum_eta is  0.0006003842555147454
Refined Mesh with degree of freedom  211642 sum_eta is  0.00040478834149277855
Refined Mesh with degree of freedom  231862 sum_eta is  0.0002903831733287969
Refined Mesh with degree of freedom  257222 sum_eta is  0.00019636730080344256
Refined Mesh with degree of freedom  281187 sum_eta is  0.00013390890050536038
Refined Mesh with degree of freedom  301617 sum_eta is  9.52473519799656e-05
Refined Mesh with degree of freedom  324812 sum_eta is  6.786485316836636e-05
Refined Mesh with degree of freedom  348237 sum_eta is  4.677513248302026e-05
Refined Mesh with degree of freedom  371127 sum_eta is  3.341339752173631e-05
Refined Mesh with degree of freedom  396127 sum_eta is  2.370650595926438e-05
Refined Mesh with degree of freedom  418702 sum_eta is  1.660472283912841e-05
Refined Mesh with degree of freedom  442637 sum_eta is  1.1652746446060933e-05
Refined Mesh with degree of freedom  463937 sum_eta is  8.54615453862752e-06
Refined Mesh with degree of freedom  488357 sum_eta is  5.992176846368104e-06
Refined Mesh with degree of freedom  511822 sum_eta is  4.293549309350481e-06
Refined Mesh with degree of freedom  536672 sum_eta is  2.973701602465266e-06
Refined Mesh with degree of freedom  562477 sum_eta is  2.1064905289067924e-06
Refined Mesh with degree of freedom  585727 sum_eta is  1.5401640871115466e-06
Refined Mesh with degree of freedom  617857 sum_eta is  1.0245262432706716e-06
Refined Mesh with degree of freedom  647907 sum_eta is  7.143567127669209e-07
Lambda is  32.0 flux is 0.2858399774928299
Refined Mesh with degree of freedom  16502 sum_eta is  0.09759982062998387
Refined Mesh with degree of freedom  20307 sum_eta is  0.05358749531979258
Refined Mesh with degree of freedom  25412 sum_eta is  0.033931682408766296
Refined Mesh with degree of freedom  30002 sum_eta is  0.022627922001264563
Refined Mesh with degree of freedom  37092 sum_eta is  0.015603929958478839
Refined Mesh with degree of freedom  49597 sum_eta is  0.010557524446388555
Refined Mesh with degree of freedom  58927 sum_eta is  0.0075377377540492094
Refined Mesh with degree of freedom  72662 sum_eta is  0.00556670859379781
Refined Mesh with degree of freedom  87517 sum_eta is  0.0040341525328341805
Refined Mesh with degree of freedom  102907 sum_eta is  0.0028211781001506613
Refined Mesh with degree of freedom  118232 sum_eta is  0.0021594272008179237
Refined Mesh with degree of freedom  136232 sum_eta is  0.001499523331008735
Refined Mesh with degree of freedom  156442 sum_eta is  0.001052525558554467
Refined Mesh with degree of freedom  173197 sum_eta is  0.0007830848913777358
Refined Mesh with degree of freedom  188997 sum_eta is  0.0005760176598749315
Refined Mesh with degree of freedom  209792 sum_eta is  0.0004067745517274655
Refined Mesh with degree of freedom  228277 sum_eta is  0.0003040249745326892
Refined Mesh with degree of freedom  246822 sum_eta is  0.00022451155648481325
Refined Mesh with degree of freedom  268567 sum_eta is  0.00016289727958440859
Refined Mesh with degree of freedom  291707 sum_eta is  0.00010896610383425345
Refined Mesh with degree of freedom  312327 sum_eta is  8.053543668432305e-05
Refined Mesh with degree of freedom  332062 sum_eta is  6.0036542583411976e-05
Refined Mesh with degree of freedom  351202 sum_eta is  4.344985946737264e-05
Refined Mesh with degree of freedom  378052 sum_eta is  2.940551768798246e-05
Refined Mesh with degree of freedom  399202 sum_eta is  2.159679584579125e-05
Refined Mesh with degree of freedom  421647 sum_eta is  1.5398791075654978e-05
Refined Mesh with degree of freedom  445587 sum_eta is  1.0645793509920499e-05
Refined Mesh with degree of freedom  467732 sum_eta is  7.731159511063847e-06
Refined Mesh with degree of freedom  494762 sum_eta is  5.1547196886643045e-06
Refined Mesh with degree of freedom  519172 sum_eta is  3.6391493579935936e-06
Refined Mesh with degree of freedom  543317 sum_eta is  2.576500277177713e-06
Refined Mesh with degree of freedom  568827 sum_eta is  1.7631231987331085e-06
Refined Mesh with degree of freedom  590907 sum_eta is  1.2902801393694334e-06
Refined Mesh with degree of freedom  614402 sum_eta is  9.467952248525726e-07
Lambda is  64.0 flux is 0.14548373763316522
Refined Mesh with degree of freedom  16502 sum_eta is  0.09904315454073587
Refined Mesh with degree of freedom  20307 sum_eta is  0.05435241001616776
Refined Mesh with degree of freedom  25412 sum_eta is  0.03439752258801614
Refined Mesh with degree of freedom  30002 sum_eta is  0.022905456090555942
Refined Mesh with degree of freedom  37092 sum_eta is  0.015772699448477118
Refined Mesh with degree of freedom  46582 sum_eta is  0.011905200352484364
Refined Mesh with degree of freedom  55992 sum_eta is  0.00836759680718834
Refined Mesh with degree of freedom  70082 sum_eta is  0.006055431093204651
Refined Mesh with degree of freedom  87702 sum_eta is  0.0040858015491872035
Refined Mesh with degree of freedom  103552 sum_eta is  0.002822509911156611
Refined Mesh with degree of freedom  125157 sum_eta is  0.0019472834040505922
Refined Mesh with degree of freedom  139332 sum_eta is  0.0014136140713209083
Refined Mesh with degree of freedom  156942 sum_eta is  0.0010401700130704278
Refined Mesh with degree of freedom  174022 sum_eta is  0.0007785321276208888
Refined Mesh with degree of freedom  190767 sum_eta is  0.0005631885512816851
Refined Mesh with degree of freedom  208442 sum_eta is  0.00041549851812156945
Refined Mesh with degree of freedom  228567 sum_eta is  0.0003040902851104734
Refined Mesh with degree of freedom  247062 sum_eta is  0.0002232743273029633
Refined Mesh with degree of freedom  269342 sum_eta is  0.00016022499128536295
Refined Mesh with degree of freedom  291902 sum_eta is  0.00010875024127423036
Refined Mesh with degree of freedom  312157 sum_eta is  8.103621135854724e-05
Refined Mesh with degree of freedom  332207 sum_eta is  6.0365021105140106e-05
Refined Mesh with degree of freedom  353587 sum_eta is  4.2454989755107933e-05
Refined Mesh with degree of freedom  373692 sum_eta is  3.134767253040716e-05
Refined Mesh with degree of freedom  399317 sum_eta is  2.1831777025366957e-05
Refined Mesh with degree of freedom  421257 sum_eta is  1.5481663684755827e-05
Refined Mesh with degree of freedom  446642 sum_eta is  1.0421625900545321e-05
Refined Mesh with degree of freedom  468612 sum_eta is  7.49665039410499e-06
Refined Mesh with degree of freedom  488162 sum_eta is  5.57653094958793e-06
Refined Mesh with degree of freedom  512207 sum_eta is  3.955715867952484e-06
Refined Mesh with degree of freedom  534612 sum_eta is  2.8265255580428833e-06
Refined Mesh with degree of freedom  556817 sum_eta is  2.02839621627536e-06
Refined Mesh with degree of freedom  581652 sum_eta is  1.4192631155348994e-06
Refined Mesh with degree of freedom  603517 sum_eta is  1.0277828133634705e-06
Refined Mesh with degree of freedom  629157 sum_eta is  7.132276973010879e-07
Lambda is  128.0 flux is 0.07340060326754783
Refined Mesh with degree of freedom  16502 sum_eta is  0.09990305526493981
Refined Mesh with degree of freedom  20307 sum_eta is  0.05482042865069486
Refined Mesh with degree of freedom  25412 sum_eta is  0.0346916303739963
Refined Mesh with degree of freedom  30002 sum_eta is  0.023094543971039848
Refined Mesh with degree of freedom  37092 sum_eta is  0.015895822459928197
Refined Mesh with degree of freedom  46582 sum_eta is  0.011996385260885728
Refined Mesh with degree of freedom  55992 sum_eta is  0.008428888994830732
Refined Mesh with degree of freedom  70082 sum_eta is  0.006098706371697404
Refined Mesh with degree of freedom  87702 sum_eta is  0.004114218671952194
Refined Mesh with degree of freedom  103667 sum_eta is  0.002833735261040155
Refined Mesh with degree of freedom  125322 sum_eta is  0.0019573552763842376
Refined Mesh with degree of freedom  139677 sum_eta is  0.001412194802867125
Refined Mesh with degree of freedom  156942 sum_eta is  0.0010467501669813983
Refined Mesh with degree of freedom  174112 sum_eta is  0.0007809221137045196
Refined Mesh with degree of freedom  190997 sum_eta is  0.0005638694419769736
Refined Mesh with degree of freedom  208442 sum_eta is  0.00041773110203779907
Refined Mesh with degree of freedom  228657 sum_eta is  0.0003048958414909888
Refined Mesh with degree of freedom  247062 sum_eta is  0.0002241627101012721
Refined Mesh with degree of freedom  269407 sum_eta is  0.00016018065691307643
Refined Mesh with degree of freedom  286387 sum_eta is  0.00011926658702231787
Refined Mesh with degree of freedom  311742 sum_eta is  8.230529003100275e-05
Refined Mesh with degree of freedom  333022 sum_eta is  5.9408115132787396e-05
Refined Mesh with degree of freedom  353737 sum_eta is  4.204987831410423e-05
Refined Mesh with degree of freedom  373302 sum_eta is  3.1437128273223577e-05
Refined Mesh with degree of freedom  399057 sum_eta is  2.1849879455654623e-05
Refined Mesh with degree of freedom  420782 sum_eta is  1.5569375275435225e-05
Refined Mesh with degree of freedom  445842 sum_eta is  1.0650527011916659e-05
Refined Mesh with degree of freedom  468212 sum_eta is  7.572808226931849e-06
Refined Mesh with degree of freedom  489267 sum_eta is  5.46941970481408e-06
Refined Mesh with degree of freedom  512087 sum_eta is  3.966802119622497e-06
Refined Mesh with degree of freedom  535287 sum_eta is  2.7608295197406006e-06
Refined Mesh with degree of freedom  557392 sum_eta is  1.982850630502758e-06
Refined Mesh with degree of freedom  581452 sum_eta is  1.3937643763483728e-06
Refined Mesh with degree of freedom  603552 sum_eta is  9.977206801025527e-07
Lambda is  256.0 flux is 0.03686764119058853
Refined Mesh with degree of freedom  16502 sum_eta is  0.10036689495313711
Refined Mesh with degree of freedom  20307 sum_eta is  0.05507768817310351
Refined Mesh with degree of freedom  25412 sum_eta is  0.03485802683384055
Refined Mesh with degree of freedom  30002 sum_eta is  0.023199297952578635
Refined Mesh with degree of freedom  37092 sum_eta is  0.015968268327215467
Refined Mesh with degree of freedom  46582 sum_eta is  0.012049519064760077
Refined Mesh with degree of freedom  55992 sum_eta is  0.008464556024048062
Refined Mesh with degree of freedom  70082 sum_eta is  0.0061251217026240794
Refined Mesh with degree of freedom  87702 sum_eta is  0.004131590129645264
Refined Mesh with degree of freedom  103667 sum_eta is  0.002845825793217004
Refined Mesh with degree of freedom  125322 sum_eta is  0.0019657954404811895
Refined Mesh with degree of freedom  139677 sum_eta is  0.0014180156114495615
Refined Mesh with degree of freedom  157082 sum_eta is  0.001048877918959353
Refined Mesh with degree of freedom  174112 sum_eta is  0.0007842288499677858
Refined Mesh with degree of freedom  191162 sum_eta is  0.0005655810842219924
Refined Mesh with degree of freedom  208607 sum_eta is  0.0004188190671993924
Refined Mesh with degree of freedom  228747 sum_eta is  0.000305106823085008
Refined Mesh with degree of freedom  247177 sum_eta is  0.00022455678904508653
Refined Mesh with degree of freedom  269407 sum_eta is  0.0001607172292076742
Refined Mesh with degree of freedom  286477 sum_eta is  0.00011929635013492034
Refined Mesh with degree of freedom  311742 sum_eta is  8.248240964669668e-05
Refined Mesh with degree of freedom  333022 sum_eta is  5.945521528963033e-05
Refined Mesh with degree of freedom  353342 sum_eta is  4.227336525623343e-05
Refined Mesh with degree of freedom  373302 sum_eta is  3.13708779252936e-05
Refined Mesh with degree of freedom  399057 sum_eta is  2.1765741787217608e-05
Refined Mesh with degree of freedom  420947 sum_eta is  1.5425291731738283e-05
Refined Mesh with degree of freedom  445967 sum_eta is  1.0525971447524816e-05
Refined Mesh with degree of freedom  467862 sum_eta is  7.565902734987013e-06
Refined Mesh with degree of freedom  487107 sum_eta is  5.627799598670425e-06
Refined Mesh with degree of freedom  511087 sum_eta is  4.012197788355266e-06
Refined Mesh with degree of freedom  534132 sum_eta is  2.8182799024237942e-06
Refined Mesh with degree of freedom  556357 sum_eta is  2.0097439193142744e-06
Refined Mesh with degree of freedom  580392 sum_eta is  1.4089620908204466e-06
Refined Mesh with degree of freedom  603192 sum_eta is  1.0012415641489372e-06
Refined Mesh with degree of freedom  627982 sum_eta is  7.079264677425242e-07
Lambda is  512.0 flux is 0.01847569716571845
Refined Mesh with degree of freedom  16502 sum_eta is  0.5120656266517277
Refined Mesh with degree of freedom  18622 sum_eta is  0.31035263010477615
Refined Mesh with degree of freedom  24592 sum_eta is  0.18997095371123465
Refined Mesh with degree of freedom  31247 sum_eta is  0.12842338268174755
Refined Mesh with degree of freedom  44207 sum_eta is  0.08064504636742176
Refined Mesh with degree of freedom  58707 sum_eta is  0.04975670991875806
Refined Mesh with degree of freedom  77437 sum_eta is  0.03007971758190746
Refined Mesh with degree of freedom  104207 sum_eta is  0.016610681432147837
Refined Mesh with degree of freedom  132602 sum_eta is  0.009387886164758791
Refined Mesh with degree of freedom  169822 sum_eta is  0.004952161595429005
Refined Mesh with degree of freedom  210677 sum_eta is  0.00265789232510881
Refined Mesh with degree of freedom  247177 sum_eta is  0.0015398846313872407
Refined Mesh with degree of freedom  286367 sum_eta is  0.0008858488003965679
Refined Mesh with degree of freedom  323012 sum_eta is  0.0005358158660756414
Refined Mesh with degree of freedom  372797 sum_eta is  0.0002801801333877844
Refined Mesh with degree of freedom  421707 sum_eta is  0.0001513029876619074
Refined Mesh with degree of freedom  490817 sum_eta is  7.60257532389694e-05
Refined Mesh with degree of freedom  549852 sum_eta is  4.036678404740227e-05
Refined Mesh with degree of freedom  607267 sum_eta is  2.1951108099793223e-05
Refined Mesh with degree of freedom  691792 sum_eta is  1.0362855502786102e-05
Refined Mesh with degree of freedom  778727 sum_eta is  4.789524162922794e-06
Refined Mesh with degree of freedom  839107 sum_eta is  2.788708294426375e-06
Refined Mesh with degree of freedom  917397 sum_eta is  1.55698208389157e-06
Refined Mesh with degree of freedom  1034127 sum_eta is  7.464286285032428e-07
Lambda is  0.03703703703703703 flux is 8.946509668507797
Refined Mesh with degree of freedom  16502 sum_eta is  0.24272729521561764
Refined Mesh with degree of freedom  21597 sum_eta is  0.1280773242496691
Refined Mesh with degree of freedom  29107 sum_eta is  0.08744422049389171
Refined Mesh with degree of freedom  44282 sum_eta is  0.054762953947877
Refined Mesh with degree of freedom  64682 sum_eta is  0.03406864908901691
Refined Mesh with degree of freedom  92187 sum_eta is  0.02137916943917322
Refined Mesh with degree of freedom  121327 sum_eta is  0.012861645289908215
Refined Mesh with degree of freedom  154582 sum_eta is  0.007280782817252805
Refined Mesh with degree of freedom  184397 sum_eta is  0.004406078217368947
Refined Mesh with degree of freedom  219257 sum_eta is  0.0025681069666388997
Refined Mesh with degree of freedom  254662 sum_eta is  0.0014860902368846276
Refined Mesh with degree of freedom  295117 sum_eta is  0.0008112032976827525
Refined Mesh with degree of freedom  335942 sum_eta is  0.0004697766941355797
Refined Mesh with degree of freedom  380487 sum_eta is  0.0002614581319763309
Refined Mesh with degree of freedom  415092 sum_eta is  0.00016083314818432707
Refined Mesh with degree of freedom  465322 sum_eta is  8.774751412611311e-05
Refined Mesh with degree of freedom  506742 sum_eta is  5.292283429751423e-05
Refined Mesh with degree of freedom  556712 sum_eta is  2.9300075064703748e-05
Refined Mesh with degree of freedom  609192 sum_eta is  1.6571193816340785e-05
Refined Mesh with degree of freedom  653987 sum_eta is  1.0114207658016132e-05
Refined Mesh with degree of freedom  706557 sum_eta is  5.7902321722623594e-06
Refined Mesh with degree of freedom  764622 sum_eta is  3.350199670177799e-06
Refined Mesh with degree of freedom  846527 sum_eta is  1.7174107580202489e-06
Refined Mesh with degree of freedom  998532 sum_eta is  7.60972365149914e-07
Lambda is  2.37037037037037 flux is 2.6867065421132086
Plot for 0<Lambda<1000 saved to figures/Phi_Lam_3.png 
Result for 0<Lambda<1000 saved to results/Phi_Lam_3.csv 
Refined Mesh with degree of freedom  16502 sum_eta is  1.3340102877520241
Refined Mesh with degree of freedom  16677 sum_eta is  0.8641300857660055
Refined Mesh with degree of freedom  20317 sum_eta is  0.4269181426297075
Refined Mesh with degree of freedom  24777 sum_eta is  0.24862424879019568
Refined Mesh with degree of freedom  31622 sum_eta is  0.1461529932736882
Refined Mesh with degree of freedom  43777 sum_eta is  0.07680340484090332
Refined Mesh with degree of freedom  56432 sum_eta is  0.039982309478590244
Refined Mesh with degree of freedom  72557 sum_eta is  0.01997910759823495
Refined Mesh with degree of freedom  89777 sum_eta is  0.010526483969761458
Refined Mesh with degree of freedom  107557 sum_eta is  0.005879683015561098
Refined Mesh with degree of freedom  125957 sum_eta is  0.003271479227899673
Refined Mesh with degree of freedom  149357 sum_eta is  0.0018192682817717368
Refined Mesh with degree of freedom  176802 sum_eta is  0.0009332305554848552
Refined Mesh with degree of freedom  201527 sum_eta is  0.0005070964875714813
Refined Mesh with degree of freedom  232992 sum_eta is  0.00026126605502197674
Refined Mesh with degree of freedom  270177 sum_eta is  0.00012879788949887266
Refined Mesh with degree of freedom  303277 sum_eta is  7.204459909553343e-05
Refined Mesh with degree of freedom  343162 sum_eta is  3.8618856068999504e-05
Refined Mesh with degree of freedom  385932 sum_eta is  2.108178534190318e-05
Refined Mesh with degree of freedom  432352 sum_eta is  1.143099907761864e-05
Refined Mesh with degree of freedom  493607 sum_eta is  5.666110155406834e-06
Refined Mesh with degree of freedom  555717 sum_eta is  2.834797595667151e-06
Refined Mesh with degree of freedom  627477 sum_eta is  1.4763773504403455e-06
Refined Mesh with degree of freedom  714602 sum_eta is  7.28257863430838e-07
Lambda is  0.0013717421124828531 flux is 9.74367502126844
Refined Mesh with degree of freedom  16502 sum_eta is  2.074804091021108
Refined Mesh with degree of freedom  16677 sum_eta is  1.3838193112315702
Refined Mesh with degree of freedom  17957 sum_eta is  0.9256502547829815
Refined Mesh with degree of freedom  21727 sum_eta is  0.5523792350837623
Refined Mesh with degree of freedom  26292 sum_eta is  0.36851545426135224
Refined Mesh with degree of freedom  34387 sum_eta is  0.22148280619234728
Refined Mesh with degree of freedom  45307 sum_eta is  0.12114449288251762
Refined Mesh with degree of freedom  55407 sum_eta is  0.06827835561283505
Refined Mesh with degree of freedom  68572 sum_eta is  0.03974660069854398
Refined Mesh with degree of freedom  82592 sum_eta is  0.022035358805366417
Refined Mesh with degree of freedom  107727 sum_eta is  0.010954810609955127
Refined Mesh with degree of freedom  134627 sum_eta is  0.005341290756946284
Refined Mesh with degree of freedom  171227 sum_eta is  0.002366786567794134
Refined Mesh with degree of freedom  199662 sum_eta is  0.0012581211634845055
Refined Mesh with degree of freedom  226337 sum_eta is  0.0006920218534072389
Refined Mesh with degree of freedom  259222 sum_eta is  0.00037014928377830875
Refined Mesh with degree of freedom  293197 sum_eta is  0.00019185177477009207
Refined Mesh with degree of freedom  329957 sum_eta is  0.00010281370562803408
Refined Mesh with degree of freedom  370407 sum_eta is  5.224564380036137e-05
Refined Mesh with degree of freedom  421527 sum_eta is  2.447359397338537e-05
Refined Mesh with degree of freedom  463467 sum_eta is  1.3316154739232345e-05
Refined Mesh with degree of freedom  510217 sum_eta is  6.974256645170736e-06
Refined Mesh with degree of freedom  561867 sum_eta is  3.636669845676191e-06
Refined Mesh with degree of freedom  626497 sum_eta is  1.796917541211062e-06
Refined Mesh with degree of freedom  694207 sum_eta is  9.429362325283947e-07
Lambda is  0.0004572473708276177 flux is 9.776131876134697
Refined Mesh with degree of freedom  16502 sum_eta is  2.846456539943799
Refined Mesh with degree of freedom  16677 sum_eta is  1.917505955447612
Refined Mesh with degree of freedom  17807 sum_eta is  1.3136601528795944
Refined Mesh with degree of freedom  22372 sum_eta is  0.7259940741387068
Refined Mesh with degree of freedom  29332 sum_eta is  0.42802182353123713
Refined Mesh with degree of freedom  41072 sum_eta is  0.22877015639023968
Refined Mesh with degree of freedom  51527 sum_eta is  0.12586028818097733
Refined Mesh with degree of freedom  64337 sum_eta is  0.07421210486218001
Refined Mesh with degree of freedom  80667 sum_eta is  0.039182095959350585
Refined Mesh with degree of freedom  98232 sum_eta is  0.021311460302166445
Refined Mesh with degree of freedom  117152 sum_eta is  0.012361513495150496
Refined Mesh with degree of freedom  137352 sum_eta is  0.006990921604231417
Refined Mesh with degree of freedom  164777 sum_eta is  0.003617695762563859
Refined Mesh with degree of freedom  199242 sum_eta is  0.0018917288637180264
Refined Mesh with degree of freedom  233762 sum_eta is  0.0010040874512545759
Refined Mesh with degree of freedom  273877 sum_eta is  0.0005079516910153983
Refined Mesh with degree of freedom  309087 sum_eta is  0.0002701925625567304
Refined Mesh with degree of freedom  355557 sum_eta is  0.00012998604914297204
Refined Mesh with degree of freedom  397587 sum_eta is  7.146713833289386e-05
Refined Mesh with degree of freedom  441987 sum_eta is  3.616831670317152e-05
Refined Mesh with degree of freedom  495177 sum_eta is  1.7809987138351456e-05
Refined Mesh with degree of freedom  549832 sum_eta is  8.82792033495553e-06
Refined Mesh with degree of freedom  605687 sum_eta is  4.482570264499179e-06
Refined Mesh with degree of freedom  679097 sum_eta is  2.14015840679536e-06
Refined Mesh with degree of freedom  759637 sum_eta is  1.0931952763704962e-06
Refined Mesh with degree of freedom  838937 sum_eta is  5.848020589546743e-07
Lambda is  0.00015241579027587258 flux is 9.787830227952506
Refined Mesh with degree of freedom  16502 sum_eta is  3.3430277201391476
Refined Mesh with degree of freedom  16677 sum_eta is  2.2406419675350264
Refined Mesh with degree of freedom  19087 sum_eta is  1.3155076140788207
Refined Mesh with degree of freedom  26047 sum_eta is  0.661550201215122
Refined Mesh with degree of freedom  36532 sum_eta is  0.35564770036737525
Refined Mesh with degree of freedom  47682 sum_eta is  0.20313803836558442
Refined Mesh with degree of freedom  58217 sum_eta is  0.12713671808714835
Refined Mesh with degree of freedom  75577 sum_eta is  0.06677053013764629
Refined Mesh with degree of freedom  89357 sum_eta is  0.04189631750873424
Refined Mesh with degree of freedom  110307 sum_eta is  0.02228852195576769
Refined Mesh with degree of freedom  129887 sum_eta is  0.013221886249825463
Refined Mesh with degree of freedom  152122 sum_eta is  0.0075999262416381105
Refined Mesh with degree of freedom  176072 sum_eta is  0.004439982425222411
Refined Mesh with degree of freedom  204607 sum_eta is  0.002442189871106136
Refined Mesh with degree of freedom  234657 sum_eta is  0.0013517060878838359
Refined Mesh with degree of freedom  273612 sum_eta is  0.0007123640497042085
Refined Mesh with degree of freedom  312137 sum_eta is  0.00039391727402275113
Refined Mesh with degree of freedom  357802 sum_eta is  0.0002080021243519564
Refined Mesh with degree of freedom  404647 sum_eta is  0.00011024863233054154
Refined Mesh with degree of freedom  446857 sum_eta is  6.082212046826025e-05
Refined Mesh with degree of freedom  499192 sum_eta is  3.0693086317056454e-05
Refined Mesh with degree of freedom  555702 sum_eta is  1.4960243054749605e-05
Refined Mesh with degree of freedom  617902 sum_eta is  7.006196646009089e-06
Refined Mesh with degree of freedom  676847 sum_eta is  3.6253679828030518e-06
Refined Mesh with degree of freedom  752717 sum_eta is  1.7619867146146718e-06
Refined Mesh with degree of freedom  846832 sum_eta is  7.952940287640012e-07
Lambda is  5.080526342529086e-05 flux is 9.791668581760252
plot for 0<Lambda<l saved to figures/Phi_Lam_3_R1.png 
Result for 0<Lambda<l saved to results/Phi_Lam_3_R1.csv 
Refined Mesh with degree of freedom  16502 sum_eta is  0.5120664373198991
Refined Mesh with degree of freedom  18622 sum_eta is  0.31035262081826054
Refined Mesh with degree of freedom  24592 sum_eta is  0.18997103800590323
Refined Mesh with degree of freedom  31247 sum_eta is  0.1284233238660414
Refined Mesh with degree of freedom  44207 sum_eta is  0.08064512381091177
Refined Mesh with degree of freedom  58707 sum_eta is  0.04975643204226239
Refined Mesh with degree of freedom  77437 sum_eta is  0.030080294199128034
Refined Mesh with degree of freedom  104207 sum_eta is  0.016610709697527037
Refined Mesh with degree of freedom  132602 sum_eta is  0.009387832343960548
Refined Mesh with degree of freedom  169822 sum_eta is  0.004951981632252126
Refined Mesh with degree of freedom  210677 sum_eta is  0.002657877051589177
Refined Mesh with degree of freedom  247177 sum_eta is  0.0015398902141711942
Refined Mesh with degree of freedom  286367 sum_eta is  0.000885899952383592
Refined Mesh with degree of freedom  323012 sum_eta is  0.0005357967955835188
Refined Mesh with degree of freedom  372797 sum_eta is  0.0002801922275539638
Refined Mesh with degree of freedom  421707 sum_eta is  0.0001512651549384276
Refined Mesh with degree of freedom  490817 sum_eta is  7.601766747825572e-05
Refined Mesh with degree of freedom  549852 sum_eta is  4.0373295292957093e-05
Refined Mesh with degree of freedom  607267 sum_eta is  2.1947908892064426e-05
Refined Mesh with degree of freedom  691842 sum_eta is  1.031525654242363e-05
Refined Mesh with degree of freedom  778452 sum_eta is  4.790697995153714e-06
Refined Mesh with degree of freedom  839157 sum_eta is  2.7684125225420506e-06
Refined Mesh with degree of freedom  917132 sum_eta is  1.578853122866988e-06
Refined Mesh with degree of freedom  998407 sum_eta is  8.86048830088661e-07
Lambda is  0.037037037037037035 flux is 8.946482647598579
Refined Mesh with degree of freedom  16502 sum_eta is  0.5627370157541683
Refined Mesh with degree of freedom  18877 sum_eta is  0.34221500424473195
Refined Mesh with degree of freedom  25897 sum_eta is  0.2007845064861097
Refined Mesh with degree of freedom  33842 sum_eta is  0.13279833568829683
Refined Mesh with degree of freedom  50012 sum_eta is  0.0770398837079352
Refined Mesh with degree of freedom  65697 sum_eta is  0.04730108115980517
Refined Mesh with degree of freedom  87647 sum_eta is  0.028149900273038903
Refined Mesh with degree of freedom  115742 sum_eta is  0.015715604556244725
Refined Mesh with degree of freedom  145112 sum_eta is  0.009396288090479356
Refined Mesh with degree of freedom  172437 sum_eta is  0.00581409544471761
Refined Mesh with degree of freedom  207332 sum_eta is  0.0034476120961898366
Refined Mesh with degree of freedom  251887 sum_eta is  0.0018016266354023425
Refined Mesh with degree of freedom  290832 sum_eta is  0.0010431597190829838
Refined Mesh with degree of freedom  326302 sum_eta is  0.0006473802093587448
Refined Mesh with degree of freedom  377302 sum_eta is  0.000335626304747798
Refined Mesh with degree of freedom  423577 sum_eta is  0.0001832948872967528
Refined Mesh with degree of freedom  487177 sum_eta is  9.270130287326619e-05
Refined Mesh with degree of freedom  547102 sum_eta is  4.839655732930886e-05
Refined Mesh with degree of freedom  607282 sum_eta is  2.5366205888053525e-05
Refined Mesh with degree of freedom  692562 sum_eta is  1.2472718699118534e-05
Refined Mesh with degree of freedom  743782 sum_eta is  7.375318131068016e-06
Refined Mesh with degree of freedom  813087 sum_eta is  4.128037704009027e-06
Refined Mesh with degree of freedom  880637 sum_eta is  2.3273050726712168e-06
Refined Mesh with degree of freedom  977312 sum_eta is  1.1756991583625292e-06
Refined Mesh with degree of freedom  1088462 sum_eta is  5.951948568409066e-07
Lambda is  0.04609972553570456 flux is 8.80575326726557
Refined Mesh with degree of freedom  16502 sum_eta is  0.6207814408239454
Refined Mesh with degree of freedom  19987 sum_eta is  0.3568487411757948
Refined Mesh with degree of freedom  26237 sum_eta is  0.22722971673393522
Refined Mesh with degree of freedom  34942 sum_eta is  0.15004605757473483
Refined Mesh with degree of freedom  48827 sum_eta is  0.09344408130265595
Refined Mesh with degree of freedom  67577 sum_eta is  0.05475487784915711
Refined Mesh with degree of freedom  87847 sum_eta is  0.03398375990206979
Refined Mesh with degree of freedom  115852 sum_eta is  0.01882280055024863
Refined Mesh with degree of freedom  148662 sum_eta is  0.010776326316825539
Refined Mesh with degree of freedom  185582 sum_eta is  0.00589046087126683
Refined Mesh with degree of freedom  226037 sum_eta is  0.0032038841088969437
Refined Mesh with degree of freedom  268332 sum_eta is  0.0017783185536693964
Refined Mesh with degree of freedom  318087 sum_eta is  0.0009228232095585376
Refined Mesh with degree of freedom  357807 sum_eta is  0.0005414383780510569
Refined Mesh with degree of freedom  397107 sum_eta is  0.0003283696870240927
Refined Mesh with degree of freedom  455067 sum_eta is  0.0001692825174489643
Refined Mesh with degree of freedom  506782 sum_eta is  9.094442477908009e-05
Refined Mesh with degree of freedom  569692 sum_eta is  4.5321199792079076e-05
Refined Mesh with degree of freedom  632677 sum_eta is  2.4676496814308635e-05
Refined Mesh with degree of freedom  695597 sum_eta is  1.3465473178336768e-05
Refined Mesh with degree of freedom  797677 sum_eta is  6.375392596554566e-06
Refined Mesh with degree of freedom  888497 sum_eta is  3.0027871979751995e-06
Refined Mesh with degree of freedom  983132 sum_eta is  1.4306276146429121e-06
Refined Mesh with degree of freedom  1086692 sum_eta is  6.905004995242951e-07
Lambda is  0.05737998675061688 flux is 8.647573503182855
Refined Mesh with degree of freedom  16502 sum_eta is  0.6819374441831401
Refined Mesh with degree of freedom  20312 sum_eta is  0.3867567255143536
Refined Mesh with degree of freedom  27072 sum_eta is  0.2452720176138124
Refined Mesh with degree of freedom  36242 sum_eta is  0.1661713288534521
Refined Mesh with degree of freedom  50727 sum_eta is  0.10177473696037823
Refined Mesh with degree of freedom  67562 sum_eta is  0.06267871027344371
Refined Mesh with degree of freedom  90537 sum_eta is  0.037589818875812364
Refined Mesh with degree of freedom  114457 sum_eta is  0.022830209481663664
Refined Mesh with degree of freedom  144942 sum_eta is  0.013524534015164751
Refined Mesh with degree of freedom  187757 sum_eta is  0.00686749303257069
Refined Mesh with degree of freedom  226767 sum_eta is  0.0038793768882250867
Refined Mesh with degree of freedom  258392 sum_eta is  0.002390943346153817
Refined Mesh with degree of freedom  309132 sum_eta is  0.0012130461844295328
Refined Mesh with degree of freedom  349002 sum_eta is  0.0007089191388460567
Refined Mesh with degree of freedom  403487 sum_eta is  0.0003652947997179138
Refined Mesh with degree of freedom  462882 sum_eta is  0.00018906615686251058
Refined Mesh with degree of freedom  506257 sum_eta is  0.00011233289192508566
Refined Mesh with degree of freedom  552277 sum_eta is  6.521969522145114e-05
Refined Mesh with degree of freedom  617502 sum_eta is  3.3698899080889384e-05
Refined Mesh with degree of freedom  682542 sum_eta is  1.795441874650207e-05
Refined Mesh with degree of freedom  745552 sum_eta is  9.953824839277255e-06
Refined Mesh with degree of freedom  815467 sum_eta is  5.34293727169801e-06
Refined Mesh with degree of freedom  881412 sum_eta is  3.0667745543107042e-06
Refined Mesh with degree of freedom  992477 sum_eta is  1.455640786800024e-06
Refined Mesh with degree of freedom  1106227 sum_eta is  6.963357012460387e-07
Lambda is  0.07142044429203666 flux is 8.47055022025895
Refined Mesh with degree of freedom  16502 sum_eta is  0.741573354435135
Refined Mesh with degree of freedom  20337 sum_eta is  0.4239902397500906
Refined Mesh with degree of freedom  27407 sum_eta is  0.26531454322783
Refined Mesh with degree of freedom  39227 sum_eta is  0.17107683210617347
Refined Mesh with degree of freedom  57582 sum_eta is  0.09640099432880478
Refined Mesh with degree of freedom  76282 sum_eta is  0.0592580925453587
Refined Mesh with degree of freedom  105742 sum_eta is  0.032135068385520715
Refined Mesh with degree of freedom  139502 sum_eta is  0.018013285348384138
Refined Mesh with degree of freedom  174617 sum_eta is  0.010211400760348968
Refined Mesh with degree of freedom  204722 sum_eta is  0.006416360960848866
Refined Mesh with degree of freedom  247697 sum_eta is  0.0033436827742207697
Refined Mesh with degree of freedom  291297 sum_eta is  0.0017938501704495345
Refined Mesh with degree of freedom  337042 sum_eta is  0.0009653790577088299
Refined Mesh with degree of freedom  384667 sum_eta is  0.0005162957966209584
Refined Mesh with degree of freedom  451342 sum_eta is  0.00024770960106694723
Refined Mesh with degree of freedom  492757 sum_eta is  0.00014819738573009622
Refined Mesh with degree of freedom  536202 sum_eta is  8.709077787875449e-05
Refined Mesh with degree of freedom  597172 sum_eta is  4.4557043727959066e-05
Refined Mesh with degree of freedom  644342 sum_eta is  2.632020805147801e-05
Refined Mesh with degree of freedom  711027 sum_eta is  1.3578493429450356e-05
Refined Mesh with degree of freedom  775077 sum_eta is  7.727408379311898e-06
Refined Mesh with degree of freedom  860432 sum_eta is  3.950871123161207e-06
Refined Mesh with degree of freedom  963892 sum_eta is  1.9353299098855046e-06
Refined Mesh with degree of freedom  1071527 sum_eta is  9.101399084100867e-07
Lambda is  0.08889649774652617 flux is 8.273253062038727
Refined Mesh with degree of freedom  16502 sum_eta is  0.7950591104570353
Refined Mesh with degree of freedom  20157 sum_eta is  0.4666710180796052
Refined Mesh with degree of freedom  26172 sum_eta is  0.3136810674666144
Refined Mesh with degree of freedom  36702 sum_eta is  0.20315077410412333
Refined Mesh with degree of freedom  54027 sum_eta is  0.11924284430907472
Refined Mesh with degree of freedom  74677 sum_eta is  0.06968493769796574
Refined Mesh with degree of freedom  101942 sum_eta is  0.03959902889291176
Refined Mesh with degree of freedom  127657 sum_eta is  0.024968194173847977
Refined Mesh with degree of freedom  161962 sum_eta is  0.014355975617085235
Refined Mesh with degree of freedom  196052 sum_eta is  0.008211275641353067
Refined Mesh with degree of freedom  235007 sum_eta is  0.004691357816977699
Refined Mesh with degree of freedom  279672 sum_eta is  0.0024491254840113344
Refined Mesh with degree of freedom  314147 sum_eta is  0.0014855659590899697
Refined Mesh with degree of freedom  352757 sum_eta is  0.0008855839561263514
Refined Mesh with degree of freedom  405857 sum_eta is  0.00045165745829381956
Refined Mesh with degree of freedom  444402 sum_eta is  0.0002653408929144562
Refined Mesh with degree of freedom  487287 sum_eta is  0.00015906355185047705
Refined Mesh with degree of freedom  541437 sum_eta is  8.352286105812399e-05
Refined Mesh with degree of freedom  588997 sum_eta is  4.7784989593929075e-05
Refined Mesh with degree of freedom  692097 sum_eta is  2.0884510744990035e-05
Refined Mesh with degree of freedom  739142 sum_eta is  1.2441694323637627e-05
Refined Mesh with degree of freedom  812592 sum_eta is  6.763753408763322e-06
Refined Mesh with degree of freedom  874967 sum_eta is  3.866816489687437e-06
Refined Mesh with degree of freedom  959037 sum_eta is  2.0886431199121414e-06
Refined Mesh with degree of freedom  1070237 sum_eta is  9.73923486354338e-07
Lambda is  0.11064881197440635 flux is 8.05401176179235
Refined Mesh with degree of freedom  16502 sum_eta is  0.8381448543199648
Refined Mesh with degree of freedom  20157 sum_eta is  0.49770451505244506
Refined Mesh with degree of freedom  26992 sum_eta is  0.322570420519758
Refined Mesh with degree of freedom  38192 sum_eta is  0.2068610417596234
Refined Mesh with degree of freedom  54397 sum_eta is  0.12660184940921165
Refined Mesh with degree of freedom  74362 sum_eta is  0.07701952938775311
Refined Mesh with degree of freedom  102977 sum_eta is  0.04316519498139568
Refined Mesh with degree of freedom  133392 sum_eta is  0.025724454341589223
Refined Mesh with degree of freedom  165177 sum_eta is  0.015060968982465374
Refined Mesh with degree of freedom  198527 sum_eta is  0.008868003554983406
Refined Mesh with degree of freedom  236077 sum_eta is  0.005036999397458779
Refined Mesh with degree of freedom  282532 sum_eta is  0.00255036576517752
Refined Mesh with degree of freedom  315877 sum_eta is  0.001566423028141637
Refined Mesh with degree of freedom  351517 sum_eta is  0.0009580472340576874
Refined Mesh with degree of freedom  387497 sum_eta is  0.0005785992747461678
Refined Mesh with degree of freedom  425957 sum_eta is  0.00034026011240434066
Refined Mesh with degree of freedom  464862 sum_eta is  0.00020885618637152793
Refined Mesh with degree of freedom  508037 sum_eta is  0.00012483377673246776
Refined Mesh with degree of freedom  553727 sum_eta is  7.369951172495518e-05
Refined Mesh with degree of freedom  622082 sum_eta is  3.715424984146594e-05
Refined Mesh with degree of freedom  676057 sum_eta is  2.0950698772132643e-05
Refined Mesh with degree of freedom  780837 sum_eta is  9.864112378529026e-06
Refined Mesh with degree of freedom  867047 sum_eta is  4.747359058177278e-06
Refined Mesh with degree of freedom  966287 sum_eta is  2.305489561041552e-06
Refined Mesh with degree of freedom  1068282 sum_eta is  1.0783307534207784e-06
Refined Mesh with degree of freedom  1181107 sum_eta is  6.269898471034571e-07
Lambda is  0.13772375629754163 flux is 7.811117946445419
Refined Mesh with degree of freedom  16502 sum_eta is  0.8672415298084775
Refined Mesh with degree of freedom  20157 sum_eta is  0.5207231074115443
Refined Mesh with degree of freedom  26132 sum_eta is  0.3510554080723254
Refined Mesh with degree of freedom  37757 sum_eta is  0.22598220062621435
Refined Mesh with degree of freedom  56587 sum_eta is  0.129783723289784
Refined Mesh with degree of freedom  75322 sum_eta is  0.08229752646211971
Refined Mesh with degree of freedom  102552 sum_eta is  0.049001959895034725
Refined Mesh with degree of freedom  135397 sum_eta is  0.028320311160015578
Refined Mesh with degree of freedom  171712 sum_eta is  0.01524554369863819
Refined Mesh with degree of freedom  199592 sum_eta is  0.009796534438822621
Refined Mesh with degree of freedom  237857 sum_eta is  0.005458598192860076
Refined Mesh with degree of freedom  287922 sum_eta is  0.0026932231933362726
Refined Mesh with degree of freedom  322752 sum_eta is  0.001624492019486854
Refined Mesh with degree of freedom  358702 sum_eta is  0.0009763578262601001
Refined Mesh with degree of freedom  409527 sum_eta is  0.0005122350146025635
Refined Mesh with degree of freedom  448102 sum_eta is  0.00029589545059543457
Refined Mesh with degree of freedom  488297 sum_eta is  0.00017710211800727284
Refined Mesh with degree of freedom  544897 sum_eta is  9.362653667557399e-05
Refined Mesh with degree of freedom  590472 sum_eta is  5.515389883958236e-05
Refined Mesh with degree of freedom  692092 sum_eta is  2.5333534258816237e-05
Refined Mesh with degree of freedom  748007 sum_eta is  1.4020847521145012e-05
Refined Mesh with degree of freedom  812262 sum_eta is  7.802181362182024e-06
Refined Mesh with degree of freedom  905867 sum_eta is  3.925455264337397e-06
Refined Mesh with degree of freedom  984622 sum_eta is  2.2291032296199546e-06
Refined Mesh with degree of freedom  1099542 sum_eta is  1.060812856629399e-06
Refined Mesh with degree of freedom  1275787 sum_eta is  4.880211989223599e-07
Lambda is  0.1714237388566992 flux is 7.542754529509687
Refined Mesh with degree of freedom  16502 sum_eta is  0.8796600570513732
Refined Mesh with degree of freedom  21317 sum_eta is  0.4606310762350321
Refined Mesh with degree of freedom  27942 sum_eta is  0.32833797517965835
Refined Mesh with degree of freedom  42102 sum_eta is  0.20162917429393687
Refined Mesh with degree of freedom  60747 sum_eta is  0.1204840696507642
Refined Mesh with degree of freedom  85192 sum_eta is  0.07285570501370045
Refined Mesh with degree of freedom  111107 sum_eta is  0.04457068524508194
Refined Mesh with degree of freedom  138157 sum_eta is  0.02835108815191912
Refined Mesh with degree of freedom  172262 sum_eta is  0.01604142969009749
Refined Mesh with degree of freedom  209797 sum_eta is  0.008726760831286517
Refined Mesh with degree of freedom  238962 sum_eta is  0.005541135968913174
Refined Mesh with degree of freedom  273672 sum_eta is  0.003227937944546763
Refined Mesh with degree of freedom  317532 sum_eta is  0.0017773310278607804
Refined Mesh with degree of freedom  358222 sum_eta is  0.000997469292240735
Refined Mesh with degree of freedom  411782 sum_eta is  0.0004883633284312407
Refined Mesh with degree of freedom  449162 sum_eta is  0.00029951520484423075
Refined Mesh with degree of freedom  488337 sum_eta is  0.00018120913606919583
Refined Mesh with degree of freedom  545267 sum_eta is  9.430221398051239e-05
Refined Mesh with degree of freedom  594287 sum_eta is  5.723527582954545e-05
Refined Mesh with degree of freedom  694062 sum_eta is  2.5268080717695734e-05
