firedrake:WARNING OMP_NUM_THREADS is not set or is set to a value greater than 1, we suggest setting OMP_NUM_THREADS=1 to improve performance
/home/yan00082/firedrake/src/ngsPETSc/ngsPETSc/eps.py:10: UserWarning: Import Warning: it was not possible to import SLEPc
  warnings.warn("Import Warning: it was not possible to import SLEPc")
/home/yan00082/firedrake/src/ngsPETSc/ngsPETSc/eps.py:10: UserWarning: Import Warning: it was not possible to import SLEPc
  warnings.warn("Import Warning: it was not possible to import SLEPc")
/home/yan00082/firedrake/src/ngsPETSc/ngsPETSc/eps.py:10: UserWarning: Import Warning: it was not possible to import SLEPc
  warnings.warn("Import Warning: it was not possible to import SLEPc")
/home/yan00082/firedrake/src/ngsPETSc/ngsPETSc/eps.py:10: UserWarning: Import Warning: it was not possible to import SLEPc
  warnings.warn("Import Warning: it was not possible to import SLEPc")
/home/yan00082/firedrake/src/ngsPETSc/ngsPETSc/eps.py:10: UserWarning: Import Warning: it was not possible to import SLEPc
  warnings.warn("Import Warning: it was not possible to import SLEPc")
/home/yan00082/firedrake/src/ngsPETSc/ngsPETSc/eps.py:10: UserWarning: Import Warning: it was not possible to import SLEPc
  warnings.warn("Import Warning: it was not possible to import SLEPc")
/home/yan00082/firedrake/src/ngsPETSc/ngsPETSc/eps.py:10: UserWarning: Import Warning: it was not possible to import SLEPc
  warnings.warn("Import Warning: it was not possible to import SLEPc")
/home/yan00082/firedrake/src/ngsPETSc/ngsPETSc/eps.py:10: UserWarning: Import Warning: it was not possible to import SLEPc
  warnings.warn("Import Warning: it was not possible to import SLEPc")
/home/yan00082/firedrake/src/ngsPETSc/ngsPETSc/eps.py:10: UserWarning: Import Warning: it was not possible to import SLEPc
  warnings.warn("Import Warning: it was not possible to import SLEPc")
/home/yan00082/firedrake/src/ngsPETSc/ngsPETSc/eps.py:10: UserWarning: Import Warning: it was not possible to import SLEPc
  warnings.warn("Import Warning: it was not possible to import SLEPc")
/home/yan00082/firedrake/src/ngsPETSc/ngsPETSc/eps.py:10: UserWarning: Import Warning: it was not possible to import SLEPc
  warnings.warn("Import Warning: it was not possible to import SLEPc")
/home/yan00082/firedrake/src/ngsPETSc/ngsPETSc/eps.py:10: UserWarning: Import Warning: it was not possible to import SLEPc
  warnings.warn("Import Warning: it was not possible to import SLEPc")
/home/yan00082/firedrake/src/ngsPETSc/ngsPETSc/eps.py:10: UserWarning: Import Warning: it was not possible to import SLEPc
  warnings.warn("Import Warning: it was not possible to import SLEPc")
/home/yan00082/firedrake/src/ngsPETSc/ngsPETSc/eps.py:10: UserWarning: Import Warning: it was not possible to import SLEPc
  warnings.warn("Import Warning: it was not possible to import SLEPc")
/home/yan00082/firedrake/src/ngsPETSc/ngsPETSc/eps.py:10: UserWarning: Import Warning: it was not possible to import SLEPc
  warnings.warn("Import Warning: it was not possible to import SLEPc")
/home/yan00082/firedrake/src/ngsPETSc/ngsPETSc/eps.py:10: UserWarning: Import Warning: it was not possible to import SLEPc
  warnings.warn("Import Warning: it was not possible to import SLEPc")
Refined Mesh with degree of freedom  5328 sum_eta is  0.048608631528666096
Refined Mesh with degree of freedom  6328 sum_eta is  0.03727237371539478
Refined Mesh with degree of freedom  6983 sum_eta is  0.02706193705558901
Refined Mesh with degree of freedom  7523 sum_eta is  0.02327716910635612
Refined Mesh with degree of freedom  8483 sum_eta is  0.019361758632031337
Refined Mesh with degree of freedom  9733 sum_eta is  0.015931752669904757
Refined Mesh with degree of freedom  11653 sum_eta is  0.011304433128838706
Refined Mesh with degree of freedom  13013 sum_eta is  0.0090029750058707
Refined Mesh with degree of freedom  14278 sum_eta is  0.00728741632278457
Refined Mesh with degree of freedom  15933 sum_eta is  0.005754903607227823
Refined Mesh with degree of freedom  17558 sum_eta is  0.004378112276532282
Refined Mesh with degree of freedom  18968 sum_eta is  0.00353688797056571
Refined Mesh with degree of freedom  20473 sum_eta is  0.0029964576907920543
Refined Mesh with degree of freedom  22418 sum_eta is  0.0022638386145483885
Refined Mesh with degree of freedom  23978 sum_eta is  0.0018801301215262153
Refined Mesh with degree of freedom  25593 sum_eta is  0.0015139902837853015
Refined Mesh with degree of freedom  28183 sum_eta is  0.001153190672359099
Refined Mesh with degree of freedom  30418 sum_eta is  0.0009145465980012582
Refined Mesh with degree of freedom  32348 sum_eta is  0.0007340988753809445
Refined Mesh with degree of freedom  35743 sum_eta is  0.000550678575269887
Refined Mesh with degree of freedom  38058 sum_eta is  0.00043202939993785405
Refined Mesh with degree of freedom  41233 sum_eta is  0.00033319611880375255
Refined Mesh with degree of freedom  44358 sum_eta is  0.00025592266044567526
Refined Mesh with degree of freedom  49073 sum_eta is  0.00018684634042505678
Refined Mesh with degree of freedom  52443 sum_eta is  0.00014737853013590884
Refined Mesh with degree of freedom  56088 sum_eta is  0.00011620610296550401
Refined Mesh with degree of freedom  60573 sum_eta is  8.435960893077017e-05
Refined Mesh with degree of freedom  63758 sum_eta is  6.710501359740864e-05
Refined Mesh with degree of freedom  67413 sum_eta is  5.3134881440682186e-05
Refined Mesh with degree of freedom  70958 sum_eta is  4.202324119765408e-05
Refined Mesh with degree of freedom  74798 sum_eta is  3.3615440382187296e-05
Refined Mesh with degree of freedom  79403 sum_eta is  2.5832658433078912e-05
Refined Mesh with degree of freedom  83683 sum_eta is  2.03766150956516e-05
Refined Mesh with degree of freedom  87678 sum_eta is  1.6505888298071454e-05
Refined Mesh with degree of freedom  91883 sum_eta is  1.309593135320835e-05
Refined Mesh with degree of freedom  98453 sum_eta is  9.736621851444117e-06
Refined Mesh with degree of freedom  104173 sum_eta is  7.392236405542954e-06
Refined Mesh with degree of freedom  110993 sum_eta is  5.390258594169653e-06
Refined Mesh with degree of freedom  117163 sum_eta is  4.0670592829723336e-06
Refined Mesh with degree of freedom  121553 sum_eta is  3.3308854021204226e-06
Refined Mesh with degree of freedom  127618 sum_eta is  2.522921844350919e-06
Refined Mesh with degree of freedom  133073 sum_eta is  1.9783702919086964e-06
Refined Mesh with degree of freedom  139683 sum_eta is  1.5161645797252704e-06
Refined Mesh with degree of freedom  147518 sum_eta is  1.1133843294117055e-06
Refined Mesh with degree of freedom  154183 sum_eta is  8.511179529856995e-07
Lambda is  1e-11  flux is  0.9762379234604487
phi0 is 0.9762379234604487
Refined Mesh with degree of freedom  5328 sum_eta is  0.04597200562755684
Refined Mesh with degree of freedom  6328 sum_eta is  0.0352512662111861
Refined Mesh with degree of freedom  6983 sum_eta is  0.025630246762406453
Refined Mesh with degree of freedom  7523 sum_eta is  0.02207503387524853
Refined Mesh with degree of freedom  8483 sum_eta is  0.018147142533340693
Refined Mesh with degree of freedom  9733 sum_eta is  0.014870643105566125
Refined Mesh with degree of freedom  11753 sum_eta is  0.010383041173830555
Refined Mesh with degree of freedom  13113 sum_eta is  0.008122686278702823
Refined Mesh with degree of freedom  14378 sum_eta is  0.006488812810923614
Refined Mesh with degree of freedom  16688 sum_eta is  0.004610026803452731
Refined Mesh with degree of freedom  18313 sum_eta is  0.0035422040622503353
Refined Mesh with degree of freedom  19728 sum_eta is  0.002677434446847213
Refined Mesh with degree of freedom  21658 sum_eta is  0.0020562173960751093
Refined Mesh with degree of freedom  23388 sum_eta is  0.0015150429822056663
Refined Mesh with degree of freedom  24988 sum_eta is  0.0011897239315496863
Refined Mesh with degree of freedom  26893 sum_eta is  0.0009806138296990677
Refined Mesh with degree of freedom  29708 sum_eta is  0.0007053018810659133
Refined Mesh with degree of freedom  31963 sum_eta is  0.0005342823396857434
Refined Mesh with degree of freedom  34563 sum_eta is  0.00039702947411444684
Refined Mesh with degree of freedom  37768 sum_eta is  0.0002869928569812475
Refined Mesh with degree of freedom  40578 sum_eta is  0.00020492678988251744
Refined Mesh with degree of freedom  42968 sum_eta is  0.00016212270124141162
Refined Mesh with degree of freedom  46438 sum_eta is  0.00012323953114539034
Refined Mesh with degree of freedom  50073 sum_eta is  8.84756113759706e-05
Refined Mesh with degree of freedom  53588 sum_eta is  6.466054863419857e-05
Refined Mesh with degree of freedom  56798 sum_eta is  4.957362915471264e-05
Refined Mesh with degree of freedom  61118 sum_eta is  3.624840489542465e-05
Refined Mesh with degree of freedom  65078 sum_eta is  2.7693380527771786e-05
Refined Mesh with degree of freedom  71603 sum_eta is  1.7718122323850236e-05
Refined Mesh with degree of freedom  75138 sum_eta is  1.3250085955180182e-05
Refined Mesh with degree of freedom  78723 sum_eta is  1.0180052723741279e-05
Refined Mesh with degree of freedom  83963 sum_eta is  7.676451482045125e-06
Refined Mesh with degree of freedom  89698 sum_eta is  5.497790534348806e-06
Refined Mesh with degree of freedom  96888 sum_eta is  3.7162105936933218e-06
Refined Mesh with degree of freedom  101278 sum_eta is  2.862076487859088e-06
Refined Mesh with degree of freedom  107903 sum_eta is  2.115599219046518e-06
Refined Mesh with degree of freedom  115658 sum_eta is  1.5035443347384168e-06
Refined Mesh with degree of freedom  121608 sum_eta is  1.099621813975501e-06
Refined Mesh with degree of freedom  129353 sum_eta is  7.854146511189341e-07
Lambda is  3.0517578125e-05  flux is  0.9761933350745094
Refined Mesh with degree of freedom  5328 sum_eta is  0.04364563156278455
Refined Mesh with degree of freedom  6328 sum_eta is  0.03346013228019247
Refined Mesh with degree of freedom  6983 sum_eta is  0.02435754754949266
Refined Mesh with degree of freedom  7523 sum_eta is  0.02100284240742077
Refined Mesh with degree of freedom  8483 sum_eta is  0.017126740454412523
Refined Mesh with degree of freedom  9733 sum_eta is  0.013975913969199956
Refined Mesh with degree of freedom  11828 sum_eta is  0.009576875136845228
Refined Mesh with degree of freedom  12913 sum_eta is  0.007429600438576619
Refined Mesh with degree of freedom  14278 sum_eta is  0.0058916721624091475
Refined Mesh with degree of freedom  15993 sum_eta is  0.004522142836294853
Refined Mesh with degree of freedom  17618 sum_eta is  0.003309516343777776
Refined Mesh with degree of freedom  18763 sum_eta is  0.002639135020466862
Refined Mesh with degree of freedom  20078 sum_eta is  0.002168029663711602
Refined Mesh with degree of freedom  22063 sum_eta is  0.0016058453896218737
Refined Mesh with degree of freedom  23513 sum_eta is  0.0012601672264339436
Refined Mesh with degree of freedom  25473 sum_eta is  0.0009647533529083758
Refined Mesh with degree of freedom  27648 sum_eta is  0.0007509803070834853
Refined Mesh with degree of freedom  30773 sum_eta is  0.0004926278046452843
Refined Mesh with degree of freedom  32648 sum_eta is  0.0003842625210396108
Refined Mesh with degree of freedom  35403 sum_eta is  0.00029438570135628
Refined Mesh with degree of freedom  38423 sum_eta is  0.00021440134396608377
Refined Mesh with degree of freedom  41793 sum_eta is  0.00015167255625745055
Refined Mesh with degree of freedom  44318 sum_eta is  0.0001196217007729755
Refined Mesh with degree of freedom  47858 sum_eta is  8.95434461915748e-05
Refined Mesh with degree of freedom  50758 sum_eta is  6.634162754960101e-05
Refined Mesh with degree of freedom  53828 sum_eta is  5.0514557785314584e-05
Refined Mesh with degree of freedom  57953 sum_eta is  3.719506869430598e-05
Refined Mesh with degree of freedom  61193 sum_eta is  2.814091703714283e-05
Refined Mesh with degree of freedom  65393 sum_eta is  2.1426526828796694e-05
Refined Mesh with degree of freedom  69823 sum_eta is  1.611355666409941e-05
Refined Mesh with degree of freedom  74758 sum_eta is  1.1444832089898839e-05
Refined Mesh with degree of freedom  79833 sum_eta is  8.264497068261772e-06
Refined Mesh with degree of freedom  84388 sum_eta is  6.065794996946873e-06
Refined Mesh with degree of freedom  88618 sum_eta is  4.6194030065500025e-06
Refined Mesh with degree of freedom  95753 sum_eta is  3.2966752521312153e-06
Refined Mesh with degree of freedom  101443 sum_eta is  2.3236589545175264e-06
Refined Mesh with degree of freedom  107073 sum_eta is  1.713998299568805e-06
Refined Mesh with degree of freedom  115553 sum_eta is  1.154772197630662e-06
Refined Mesh with degree of freedom  121213 sum_eta is  8.466936329515285e-07
Lambda is  6.103515625e-05  flux is  0.9761495386519812
Refined Mesh with degree of freedom  5328 sum_eta is  0.039737831638171156
Refined Mesh with degree of freedom  6328 sum_eta is  0.03043403710053564
Refined Mesh with degree of freedom  6983 sum_eta is  0.022192426937837583
Refined Mesh with degree of freedom  7523 sum_eta is  0.01916670188920402
Refined Mesh with degree of freedom  8733 sum_eta is  0.015156137100557243
Refined Mesh with degree of freedom  10253 sum_eta is  0.011268385051730365
Refined Mesh with degree of freedom  11968 sum_eta is  0.008147415600219293
Refined Mesh with degree of freedom  12903 sum_eta is  0.006272025535495617
Refined Mesh with degree of freedom  14218 sum_eta is  0.0049385337523203034
Refined Mesh with degree of freedom  16048 sum_eta is  0.0035103030441957436
Refined Mesh with degree of freedom  17443 sum_eta is  0.0027207618009827076
Refined Mesh with degree of freedom  18738 sum_eta is  0.002096771657473481
Refined Mesh with degree of freedom  20458 sum_eta is  0.0016283813457457328
Refined Mesh with degree of freedom  22878 sum_eta is  0.001113095459634815
Refined Mesh with degree of freedom  24938 sum_eta is  0.0008155633002608117
Refined Mesh with degree of freedom  27388 sum_eta is  0.0006066677271021525
Refined Mesh with degree of freedom  29498 sum_eta is  0.00045192750330717314
Refined Mesh with degree of freedom  32508 sum_eta is  0.0003072079946070245
Refined Mesh with degree of freedom  34883 sum_eta is  0.0002384076049790122
Refined Mesh with degree of freedom  37183 sum_eta is  0.00018405542633436882
Refined Mesh with degree of freedom  40753 sum_eta is  0.00013044759460482708
Refined Mesh with degree of freedom  44748 sum_eta is  9.333571330235856e-05
Refined Mesh with degree of freedom  47978 sum_eta is  6.669874997305662e-05
Refined Mesh with degree of freedom  51353 sum_eta is  4.947856851926798e-05
Refined Mesh with degree of freedom  55423 sum_eta is  3.750180592105684e-05
Refined Mesh with degree of freedom  59908 sum_eta is  2.7352308272115556e-05
Refined Mesh with degree of freedom  64368 sum_eta is  2.021327175307467e-05
Refined Mesh with degree of freedom  68648 sum_eta is  1.4158734531270903e-05
Refined Mesh with degree of freedom  71593 sum_eta is  1.137160456840279e-05
Refined Mesh with degree of freedom  76253 sum_eta is  8.645293069879233e-06
Refined Mesh with degree of freedom  81938 sum_eta is  6.163185756388642e-06
Refined Mesh with degree of freedom  86038 sum_eta is  4.453449678981898e-06
Refined Mesh with degree of freedom  91423 sum_eta is  3.212378672148149e-06
Refined Mesh with degree of freedom  96833 sum_eta is  2.3252579543523066e-06
Refined Mesh with degree of freedom  101553 sum_eta is  1.687435540896647e-06
Refined Mesh with degree of freedom  107923 sum_eta is  1.243831719361158e-06
Refined Mesh with degree of freedom  113658 sum_eta is  9.215440551543142e-07
Lambda is  0.0001220703125  flux is  0.976063576040593
Refined Mesh with degree of freedom  5328 sum_eta is  0.034020436115457395
Refined Mesh with degree of freedom  6328 sum_eta is  0.025966020890038702
Refined Mesh with degree of freedom  6983 sum_eta is  0.018940865070449613
Refined Mesh with degree of freedom  7523 sum_eta is  0.016368811431105933
Refined Mesh with degree of freedom  8793 sum_eta is  0.013026827639872202
Refined Mesh with degree of freedom  10138 sum_eta is  0.009588409572875578
Refined Mesh with degree of freedom  11573 sum_eta is  0.007316263370988772
Refined Mesh with degree of freedom  13013 sum_eta is  0.005011777450511257
Refined Mesh with degree of freedom  14218 sum_eta is  0.0038168519065417943
Refined Mesh with degree of freedom  15903 sum_eta is  0.0028184865539477334
Refined Mesh with degree of freedom  17683 sum_eta is  0.001988895158921102
Refined Mesh with degree of freedom  19053 sum_eta is  0.0015142410575119507
Refined Mesh with degree of freedom  20513 sum_eta is  0.0011524204616796094
Refined Mesh with degree of freedom  23078 sum_eta is  0.000774875962370629
Refined Mesh with degree of freedom  25143 sum_eta is  0.0005709617040817463
Refined Mesh with degree of freedom  27118 sum_eta is  0.00042801408615088514
Refined Mesh with degree of freedom  29818 sum_eta is  0.0003067008175138481
Refined Mesh with degree of freedom  33428 sum_eta is  0.0002052066965459968
Refined Mesh with degree of freedom  36638 sum_eta is  0.00014369762277947396
Refined Mesh with degree of freedom  39413 sum_eta is  0.0001085501019655247
Refined Mesh with degree of freedom  44803 sum_eta is  7.433759490887732e-05
Refined Mesh with degree of freedom  48433 sum_eta is  5.371589053436997e-05
Refined Mesh with degree of freedom  51793 sum_eta is  3.9106230809914504e-05
Refined Mesh with degree of freedom  55343 sum_eta is  2.9423550688588594e-05
Refined Mesh with degree of freedom  59758 sum_eta is  2.1096388644362782e-05
Refined Mesh with degree of freedom  65098 sum_eta is  1.3751704251342275e-05
Refined Mesh with degree of freedom  68493 sum_eta is  9.916357786019376e-06
Refined Mesh with degree of freedom  71913 sum_eta is  7.642573424274825e-06
Refined Mesh with degree of freedom  77788 sum_eta is  5.196917439419126e-06
Refined Mesh with degree of freedom  81823 sum_eta is  3.874240718020958e-06
Refined Mesh with degree of freedom  88208 sum_eta is  2.608921034706e-06
Refined Mesh with degree of freedom  94188 sum_eta is  1.8630907241881339e-06
Refined Mesh with degree of freedom  100028 sum_eta is  1.245471786023589e-06
Refined Mesh with degree of freedom  106013 sum_eta is  8.6161246926609e-07
Lambda is  0.000244140625  flux is  0.9758953391427101
Refined Mesh with degree of freedom  5328 sum_eta is  0.02718654166894419
Refined Mesh with degree of freedom  6328 sum_eta is  0.02056947507593717
Refined Mesh with degree of freedom  7533 sum_eta is  0.012557261506887697
Refined Mesh with degree of freedom  8553 sum_eta is  0.010045430703381347
Refined Mesh with degree of freedom  9773 sum_eta is  0.007768854602157063
Refined Mesh with degree of freedom  10928 sum_eta is  0.006504871746835238
Refined Mesh with degree of freedom  12473 sum_eta is  0.00434088247846003
Refined Mesh with degree of freedom  13308 sum_eta is  0.0033046108178349737
Refined Mesh with degree of freedom  14868 sum_eta is  0.002408103546082961
Refined Mesh with degree of freedom  17813 sum_eta is  0.0014570700317195697
Refined Mesh with degree of freedom  19093 sum_eta is  0.0011138513553650112
Refined Mesh with degree of freedom  20768 sum_eta is  0.0008520255723610478
Refined Mesh with degree of freedom  22688 sum_eta is  0.000635832334250254
Refined Mesh with degree of freedom  25708 sum_eta is  0.00041433993316085166
Refined Mesh with degree of freedom  27788 sum_eta is  0.00029597762915729636
Refined Mesh with degree of freedom  30078 sum_eta is  0.0002191910920727588
Refined Mesh with degree of freedom  34348 sum_eta is  0.0001430500038310455
Refined Mesh with degree of freedom  37683 sum_eta is  9.734087077877018e-05
Refined Mesh with degree of freedom  40003 sum_eta is  7.465720298681288e-05
Refined Mesh with degree of freedom  42778 sum_eta is  5.749357316336681e-05
Refined Mesh with degree of freedom  46138 sum_eta is  4.121834477532597e-05
Refined Mesh with degree of freedom  49923 sum_eta is  2.8798740732554305e-05
Refined Mesh with degree of freedom  53188 sum_eta is  2.243267225824302e-05
Refined Mesh with degree of freedom  57418 sum_eta is  1.6378778948833907e-05
Refined Mesh with degree of freedom  61858 sum_eta is  1.202974411905879e-05
Refined Mesh with degree of freedom  66093 sum_eta is  8.25556149446731e-06
Refined Mesh with degree of freedom  69383 sum_eta is  6.216207750812195e-06
Refined Mesh with degree of freedom  74348 sum_eta is  4.5351084966924455e-06
Refined Mesh with degree of freedom  78468 sum_eta is  3.371968194178584e-06
Refined Mesh with degree of freedom  82783 sum_eta is  2.3676327784702575e-06
Refined Mesh with degree of freedom  87738 sum_eta is  1.690896092404828e-06
Refined Mesh with degree of freedom  92743 sum_eta is  1.1817712931203992e-06
Refined Mesh with degree of freedom  97843 sum_eta is  8.601049942303296e-07
Lambda is  0.00048828125  flux is  0.9755683229231392
Refined Mesh with degree of freedom  5328 sum_eta is  0.02068143974889648
Refined Mesh with degree of freedom  6478 sum_eta is  0.01403137876821246
Refined Mesh with degree of freedom  7533 sum_eta is  0.008976426073101097
Refined Mesh with degree of freedom  8908 sum_eta is  0.006640067781308491
Refined Mesh with degree of freedom  10508 sum_eta is  0.004708826656334188
Refined Mesh with degree of freedom  11838 sum_eta is  0.00368417180363822
Refined Mesh with degree of freedom  13388 sum_eta is  0.0023784165658119628
Refined Mesh with degree of freedom  14863 sum_eta is  0.0018982788528105724
Refined Mesh with degree of freedom  16953 sum_eta is  0.0012287805160892645
Refined Mesh with degree of freedom  19538 sum_eta is  0.0007626226417283288
Refined Mesh with degree of freedom  21013 sum_eta is  0.0005837493392986356
Refined Mesh with degree of freedom  22648 sum_eta is  0.0004494666760022524
Refined Mesh with degree of freedom  25103 sum_eta is  0.0003223109204082871
Refined Mesh with degree of freedom  27173 sum_eta is  0.0002402261663710176
Refined Mesh with degree of freedom  29508 sum_eta is  0.00017498596556187238
Refined Mesh with degree of freedom  32208 sum_eta is  0.00012717907162766923
Refined Mesh with degree of freedom  34703 sum_eta is  9.399362715040811e-05
Refined Mesh with degree of freedom  37548 sum_eta is  6.872961044379265e-05
Refined Mesh with degree of freedom  40828 sum_eta is  4.8639046052381614e-05
Refined Mesh with degree of freedom  43713 sum_eta is  3.473799144756606e-05
Refined Mesh with degree of freedom  47903 sum_eta is  2.3686492676250894e-05
Refined Mesh with degree of freedom  51488 sum_eta is  1.598754891925025e-05
Refined Mesh with degree of freedom  55698 sum_eta is  1.1247908136934612e-05
Refined Mesh with degree of freedom  59118 sum_eta is  8.66325170765462e-06
Refined Mesh with degree of freedom  63483 sum_eta is  5.986571382663302e-06
Refined Mesh with degree of freedom  67648 sum_eta is  4.167352546100348e-06
Refined Mesh with degree of freedom  71058 sum_eta is  3.1750570676370947e-06
Refined Mesh with degree of freedom  75088 sum_eta is  2.3464381532763935e-06
Refined Mesh with degree of freedom  79913 sum_eta is  1.686988670142512e-06
Refined Mesh with degree of freedom  85108 sum_eta is  1.186311314694086e-06
Refined Mesh with degree of freedom  90983 sum_eta is  8.319394601843855e-07
Lambda is  0.0009765625  flux is  0.9749378077760419
Refined Mesh with degree of freedom  5328 sum_eta is  0.015369480177777102
Refined Mesh with degree of freedom  6478 sum_eta is  0.010321043612448235
Refined Mesh with degree of freedom  7058 sum_eta is  0.007525717317660592
Refined Mesh with degree of freedom  7598 sum_eta is  0.006131989032979879
Refined Mesh with degree of freedom  8973 sum_eta is  0.004522396224415808
Refined Mesh with degree of freedom  10383 sum_eta is  0.003404208484812169
Refined Mesh with degree of freedom  11933 sum_eta is  0.0024515124915623276
Refined Mesh with degree of freedom  13423 sum_eta is  0.0016070983698420304
Refined Mesh with degree of freedom  14898 sum_eta is  0.0011919316707080607
Refined Mesh with degree of freedom  15963 sum_eta is  0.000929065708615727
Refined Mesh with degree of freedom  17623 sum_eta is  0.0006744541369210644
Refined Mesh with degree of freedom  19428 sum_eta is  0.00048101880312845685
Refined Mesh with degree of freedom  21298 sum_eta is  0.00035049299026782227
Refined Mesh with degree of freedom  22998 sum_eta is  0.0002728822037775404
Refined Mesh with degree of freedom  25318 sum_eta is  0.00019207211154711898
Refined Mesh with degree of freedom  27898 sum_eta is  0.0001287133631684392
Refined Mesh with degree of freedom  30278 sum_eta is  9.96203351855316e-05
Refined Mesh with degree of freedom  32738 sum_eta is  7.319268487189617e-05
Refined Mesh with degree of freedom  35748 sum_eta is  5.2699339695180586e-05
Refined Mesh with degree of freedom  39798 sum_eta is  3.5142479497744336e-05
Refined Mesh with degree of freedom  42193 sum_eta is  2.72726704923039e-05
Refined Mesh with degree of freedom  45708 sum_eta is  1.9278949522535462e-05
Refined Mesh with degree of freedom  49128 sum_eta is  1.3920970780909024e-05
Refined Mesh with degree of freedom  53283 sum_eta is  9.395384817083283e-06
Refined Mesh with degree of freedom  56928 sum_eta is  6.98440524354888e-06
Refined Mesh with degree of freedom  61733 sum_eta is  5.1326645101869065e-06
Refined Mesh with degree of freedom  65903 sum_eta is  3.7569827706987803e-06
Refined Mesh with degree of freedom  71723 sum_eta is  2.765878383690704e-06
Refined Mesh with degree of freedom  76873 sum_eta is  2.0326754364643014e-06
Refined Mesh with degree of freedom  82308 sum_eta is  1.4722963370245e-06
Refined Mesh with degree of freedom  89428 sum_eta is  1.0609922895924716e-06
Refined Mesh with degree of freedom  95358 sum_eta is  7.942621203435432e-07
Lambda is  0.001953125  flux is  0.9737368927682364
Refined Mesh with degree of freedom  5328 sum_eta is  0.01134111977746971
Refined Mesh with degree of freedom  6318 sum_eta is  0.007924086331526265
Refined Mesh with degree of freedom  7013 sum_eta is  0.005562011307218274
Refined Mesh with degree of freedom  7548 sum_eta is  0.00447777578272426
Refined Mesh with degree of freedom  8753 sum_eta is  0.0030640280077689572
Refined Mesh with degree of freedom  9768 sum_eta is  0.002412704973200326
Refined Mesh with degree of freedom  10618 sum_eta is  0.0019389967269110625
Refined Mesh with degree of freedom  12283 sum_eta is  0.00139607808624953
Refined Mesh with degree of freedom  13578 sum_eta is  0.0010337482990653536
Refined Mesh with degree of freedom  15053 sum_eta is  0.0007418878473469102
Refined Mesh with degree of freedom  16793 sum_eta is  0.0005346916811968404
Refined Mesh with degree of freedom  18783 sum_eta is  0.00035888977535585053
Refined Mesh with degree of freedom  20338 sum_eta is  0.00027796711704383594
Refined Mesh with degree of freedom  22423 sum_eta is  0.00020477432049813396
Refined Mesh with degree of freedom  25458 sum_eta is  0.00012990322405640066
Refined Mesh with degree of freedom  27888 sum_eta is  9.862494325486038e-05
Refined Mesh with degree of freedom  30653 sum_eta is  7.407680185442443e-05
Refined Mesh with degree of freedom  33428 sum_eta is  5.6961090846380344e-05
Refined Mesh with degree of freedom  36553 sum_eta is  4.028544143640967e-05
Refined Mesh with degree of freedom  40398 sum_eta is  3.0343892669373916e-05
Refined Mesh with degree of freedom  44128 sum_eta is  2.29432078206717e-05
Refined Mesh with degree of freedom  48278 sum_eta is  1.7385952650010185e-05
Refined Mesh with degree of freedom  52528 sum_eta is  1.3882173575638048e-05
Refined Mesh with degree of freedom  58128 sum_eta is  9.930065112179928e-06
Refined Mesh with degree of freedom  61823 sum_eta is  7.789571945644887e-06
Refined Mesh with degree of freedom  64943 sum_eta is  6.692570031685494e-06
Refined Mesh with degree of freedom  68088 sum_eta is  5.64394721919783e-06
Refined Mesh with degree of freedom  72833 sum_eta is  4.595809148518035e-06
Refined Mesh with degree of freedom  76313 sum_eta is  4.053093097212764e-06
Refined Mesh with degree of freedom  81173 sum_eta is  3.2925552773187024e-06
Refined Mesh with degree of freedom  85268 sum_eta is  2.7329462058380945e-06
Refined Mesh with degree of freedom  89388 sum_eta is  2.3217525596036295e-06
Refined Mesh with degree of freedom  95223 sum_eta is  1.8606627149089395e-06
Refined Mesh with degree of freedom  99293 sum_eta is  1.5905542166346053e-06
Refined Mesh with degree of freedom  104643 sum_eta is  1.385154708774133e-06
Refined Mesh with degree of freedom  111718 sum_eta is  1.1233661215470797e-06
Refined Mesh with degree of freedom  115988 sum_eta is  9.772353220678894e-07
Lambda is  0.00390625  flux is  0.9714908261354994
Refined Mesh with degree of freedom  5328 sum_eta is  0.009209256338336073
Refined Mesh with degree of freedom  5708 sum_eta is  0.006732992192190252
Refined Mesh with degree of freedom  6458 sum_eta is  0.0046907065452690706
Refined Mesh with degree of freedom  7128 sum_eta is  0.003711756943880964
Refined Mesh with degree of freedom  8023 sum_eta is  0.0028447102611559054
Refined Mesh with degree of freedom  8878 sum_eta is  0.0022438763180017574
Refined Mesh with degree of freedom  9618 sum_eta is  0.0018290697380558578
Refined Mesh with degree of freedom  10843 sum_eta is  0.0014007355699682611
Refined Mesh with degree of freedom  13228 sum_eta is  0.0008883004691484701
Refined Mesh with degree of freedom  14453 sum_eta is  0.000672175012674587
Refined Mesh with degree of freedom  16003 sum_eta is  0.0005021141548457821
Refined Mesh with degree of freedom  18363 sum_eta is  0.00038257823558290817
Refined Mesh with degree of freedom  20763 sum_eta is  0.00030020591305804877
Refined Mesh with degree of freedom  23423 sum_eta is  0.00023343676292559353
Refined Mesh with degree of freedom  26253 sum_eta is  0.00017374599009784838
Refined Mesh with degree of freedom  29498 sum_eta is  0.00013810944528917584
Refined Mesh with degree of freedom  32583 sum_eta is  0.00011067667135465218
Refined Mesh with degree of freedom  35918 sum_eta is  8.633886027938634e-05
Refined Mesh with degree of freedom  38468 sum_eta is  7.286414763266462e-05
Refined Mesh with degree of freedom  41153 sum_eta is  6.366188676182021e-05
Refined Mesh with degree of freedom  45208 sum_eta is  5.103997995764277e-05
Refined Mesh with degree of freedom  50463 sum_eta is  3.970718464084094e-05
Refined Mesh with degree of freedom  55328 sum_eta is  3.100795948201856e-05
Refined Mesh with degree of freedom  58273 sum_eta is  2.6666829014485266e-05
Refined Mesh with degree of freedom  61053 sum_eta is  2.4283543127249824e-05
Refined Mesh with degree of freedom  65638 sum_eta is  2.094420684202254e-05
Refined Mesh with degree of freedom  71353 sum_eta is  1.6952389771178813e-05
Refined Mesh with degree of freedom  74598 sum_eta is  1.5231245769819378e-05
Refined Mesh with degree of freedom  78308 sum_eta is  1.3654685773405635e-05
Refined Mesh with degree of freedom  82638 sum_eta is  1.1949697356476112e-05
Refined Mesh with degree of freedom  86673 sum_eta is  1.0541085354128438e-05
Refined Mesh with degree of freedom  90003 sum_eta is  9.586927912902175e-06
Refined Mesh with degree of freedom  93923 sum_eta is  8.474284724113072e-06
Refined Mesh with degree of freedom  97263 sum_eta is  7.612471185555716e-06
Refined Mesh with degree of freedom  100153 sum_eta is  7.254574006841444e-06
Refined Mesh with degree of freedom  104133 sum_eta is  6.544135945515547e-06
Refined Mesh with degree of freedom  108078 sum_eta is  5.973691563523162e-06
Refined Mesh with degree of freedom  112173 sum_eta is  5.433962646963906e-06
Refined Mesh with degree of freedom  117013 sum_eta is  4.9030308746924785e-06
Refined Mesh with degree of freedom  122343 sum_eta is  4.305241212634446e-06
Refined Mesh with degree of freedom  127453 sum_eta is  3.837265185065132e-06
Refined Mesh with degree of freedom  132318 sum_eta is  3.439470312489107e-06
Refined Mesh with degree of freedom  136698 sum_eta is  3.166686189541069e-06
Refined Mesh with degree of freedom  141393 sum_eta is  2.905253867763096e-06
Refined Mesh with degree of freedom  147388 sum_eta is  2.5859269254423615e-06
Refined Mesh with degree of freedom  151948 sum_eta is  2.334613850206877e-06
Refined Mesh with degree of freedom  155153 sum_eta is  2.2320469959979457e-06
Refined Mesh with degree of freedom  158913 sum_eta is  2.093690168943229e-06
Refined Mesh with degree of freedom  162568 sum_eta is  1.9960290449155193e-06
Refined Mesh with degree of freedom  166498 sum_eta is  1.8967643559059322e-06
Refined Mesh with degree of freedom  171503 sum_eta is  1.716722499929642e-06
Refined Mesh with degree of freedom  175933 sum_eta is  1.6046686324637427e-06
Refined Mesh with degree of freedom  179178 sum_eta is  1.546810511785824e-06
Refined Mesh with degree of freedom  182188 sum_eta is  1.4972762331003672e-06
Refined Mesh with degree of freedom  185728 sum_eta is  1.4210558549525173e-06
Refined Mesh with degree of freedom  189373 sum_eta is  1.3682719322572718e-06
Refined Mesh with degree of freedom  194478 sum_eta is  1.2750827454844402e-06
Refined Mesh with degree of freedom  197418 sum_eta is  1.2465676993231286e-06
Refined Mesh with degree of freedom  204293 sum_eta is  1.1037741978801492e-06
Refined Mesh with degree of freedom  206863 sum_eta is  1.0873001338150264e-06
Refined Mesh with degree of freedom  213153 sum_eta is  9.856602578068235e-07
Lambda is  0.0078125  flux is  0.9674109725071252
Refined Mesh with degree of freedom  5328 sum_eta is  0.010855115887392207
Refined Mesh with degree of freedom  5588 sum_eta is  0.008519065696246619
Refined Mesh with degree of freedom  5913 sum_eta is  0.006488697298679025
Refined Mesh with degree of freedom  6593 sum_eta is  0.005227274753431941
Refined Mesh with degree of freedom  7388 sum_eta is  0.004011554786329029
Refined Mesh with degree of freedom  8373 sum_eta is  0.003103962551944645
Refined Mesh with degree of freedom  9993 sum_eta is  0.002430325859499475
Refined Mesh with degree of freedom  11213 sum_eta is  0.0019774168159441656
Refined Mesh with degree of freedom  12623 sum_eta is  0.0016293012605927827
Refined Mesh with degree of freedom  15058 sum_eta is  0.0012098516587307753
Refined Mesh with degree of freedom  17413 sum_eta is  0.0009833300896758424
Refined Mesh with degree of freedom  19278 sum_eta is  0.00085297429919758
Refined Mesh with degree of freedom  20998 sum_eta is  0.0007308989213933746
Refined Mesh with degree of freedom  23758 sum_eta is  0.00058846052094018
Refined Mesh with degree of freedom  25428 sum_eta is  0.0005500992434429885
Refined Mesh with degree of freedom  28023 sum_eta is  0.00047671327133190586
Refined Mesh with degree of freedom  31028 sum_eta is  0.0003866857774304841
Refined Mesh with degree of freedom  33048 sum_eta is  0.0003501452686412459
Refined Mesh with degree of freedom  35713 sum_eta is  0.0003044388240056895
Refined Mesh with degree of freedom  38138 sum_eta is  0.00027275169382840955
Refined Mesh with degree of freedom  40668 sum_eta is  0.0002473944325171962
Refined Mesh with degree of freedom  42883 sum_eta is  0.00023210108167144063
Refined Mesh with degree of freedom  46528 sum_eta is  0.0001938278724616546
Refined Mesh with degree of freedom  50793 sum_eta is  0.00016807392820795996
Refined Mesh with degree of freedom  53428 sum_eta is  0.0001514569021858426
Refined Mesh with degree of freedom  56858 sum_eta is  0.0001327686399670717
Refined Mesh with degree of freedom  60218 sum_eta is  0.00012048083216748244
Refined Mesh with degree of freedom  63293 sum_eta is  0.00011111023715645196
Refined Mesh with degree of freedom  66893 sum_eta is  9.995436386405661e-05
Refined Mesh with degree of freedom  69908 sum_eta is  9.047945495091774e-05
Refined Mesh with degree of freedom  72823 sum_eta is  8.523006981302359e-05
Refined Mesh with degree of freedom  75723 sum_eta is  7.690225575147634e-05
Refined Mesh with degree of freedom  78423 sum_eta is  7.242285090427607e-05
Refined Mesh with degree of freedom  82123 sum_eta is  6.491098148380326e-05
Refined Mesh with degree of freedom  85153 sum_eta is  5.8920807002959004e-05
Refined Mesh with degree of freedom  87838 sum_eta is  5.656700992929079e-05
Refined Mesh with degree of freedom  90663 sum_eta is  5.416884671560937e-05
Refined Mesh with degree of freedom  93698 sum_eta is  5.064153877310557e-05
Refined Mesh with degree of freedom  96513 sum_eta is  4.89174589353907e-05
Refined Mesh with degree of freedom  99933 sum_eta is  4.5856422977090666e-05
Refined Mesh with degree of freedom  104038 sum_eta is  4.212151345812534e-05
Refined Mesh with degree of freedom  108508 sum_eta is  3.845438826950038e-05
Refined Mesh with degree of freedom  112153 sum_eta is  3.543507257906988e-05
Refined Mesh with degree of freedom  115638 sum_eta is  3.372590588719162e-05
Refined Mesh with degree of freedom  118483 sum_eta is  3.2225106598292175e-05
Refined Mesh with degree of freedom  122068 sum_eta is  3.0122143189682713e-05
Refined Mesh with degree of freedom  125843 sum_eta is  2.8113758705412074e-05
Refined Mesh with degree of freedom  131008 sum_eta is  2.5331695645445435e-05
Refined Mesh with degree of freedom  133703 sum_eta is  2.457181150868192e-05
Refined Mesh with degree of freedom  136268 sum_eta is  2.396575972567858e-05
Refined Mesh with degree of freedom  139178 sum_eta is  2.306682792851577e-05
Refined Mesh with degree of freedom  141773 sum_eta is  2.2509662127663845e-05
Refined Mesh with degree of freedom  145098 sum_eta is  2.144019980113603e-05
Refined Mesh with degree of freedom  150638 sum_eta is  1.879806226733009e-05
Refined Mesh with degree of freedom  153513 sum_eta is  1.8225059200288087e-05
Refined Mesh with degree of freedom  158113 sum_eta is  1.7153958993238207e-05
Refined Mesh with degree of freedom  161458 sum_eta is  1.631373528679428e-05
Refined Mesh with degree of freedom  165973 sum_eta is  1.5328630625571843e-05
Refined Mesh with degree of freedom  170383 sum_eta is  1.4339863052521367e-05
Traceback (most recent call last):
  File "/home/yan00082/fractal_boundary/Ex1_2_square_top_snowflake_sq/main_flux.py", line 64, in <module>
Traceback (most recent call last):
  File "/home/yan00082/fractal_boundary/Ex1_2_square_top_snowflake_sq/main_flux.py", line 64, in <module>
Traceback (most recent call last):
Traceback (most recent call last):
  File "/home/yan00082/fractal_boundary/Ex1_2_square_top_snowflake_sq/main_flux.py", line 64, in <module>
Traceback (most recent call last):
  File "/home/yan00082/fractal_boundary/Ex1_2_square_top_snowflake_sq/main_flux.py", line 64, in <module>
Traceback (most recent call last):
  File "/home/yan00082/fractal_boundary/Ex1_2_square_top_snowflake_sq/main_flux.py", line 64, in <module>
Traceback (most recent call last):
  File "/home/yan00082/fractal_boundary/Ex1_2_square_top_snowflake_sq/main_flux.py", line 64, in <module>
Traceback (most recent call last):
  File "/home/yan00082/fractal_boundary/Ex1_2_square_top_snowflake_sq/main_flux.py", line 64, in <module>
Traceback (most recent call last):
  File "/home/yan00082/fractal_boundary/Ex1_2_square_top_snowflake_sq/main_flux.py", line 64, in <module>
Traceback (most recent call last):
  File "/home/yan00082/fractal_boundary/Ex1_2_square_top_snowflake_sq/main_flux.py", line 64, in <module>
Traceback (most recent call last):
  File "/home/yan00082/fractal_boundary/Ex1_2_square_top_snowflake_sq/main_flux.py", line 64, in <module>
Traceback (most recent call last):
  File "/home/yan00082/fractal_boundary/Ex1_2_square_top_snowflake_sq/main_flux.py", line 64, in <module>
Traceback (most recent call last):
  File "/home/yan00082/fractal_boundary/Ex1_2_square_top_snowflake_sq/main_flux.py", line 64, in <module>
Traceback (most recent call last):
  File "/home/yan00082/fractal_boundary/Ex1_2_square_top_snowflake_sq/main_flux.py", line 64, in <module>
Traceback (most recent call last):
  File "/home/yan00082/fractal_boundary/Ex1_2_square_top_snowflake_sq/main_flux.py", line 64, in <module>
Traceback (most recent call last):
  File "/home/yan00082/fractal_boundary/Ex1_2_square_top_snowflake_sq/main_flux.py", line 64, in <module>
    Phi=get_flux(geo, LL,nn,deg,tolerance,max_iterations,bc_left,bc_right,bc_bot,bc_top)
  File "/home/yan00082/fractal_boundary/Ex1_2_square_top_snowflake_sq/main_flux.py", line 43, in get_flux
    Phi=get_flux(geo, LL,nn,deg,tolerance,max_iterations,bc_left,bc_right,bc_bot,bc_top)
  File "/home/yan00082/fractal_boundary/Ex1_2_square_top_snowflake_sq/main_flux.py", line 43, in get_flux
    Phi=get_flux(geo, LL,nn,deg,tolerance,max_iterations,bc_left,bc_right,bc_bot,bc_top)
  File "/home/yan00082/fractal_boundary/Ex1_2_square_top_snowflake_sq/main_flux.py", line 43, in get_flux
    Phi=get_flux(geo, LL,nn,deg,tolerance,max_iterations,bc_left,bc_right,bc_bot,bc_top)
  File "/home/yan00082/fractal_boundary/Ex1_2_square_top_snowflake_sq/main_flux.py", line 43, in get_flux
    uh = snowsolver(mesh, D, Lambda, f, u_D, kl, kr, l,deg,bc_right,bc_bot,bc_left,bc_top)
  File "/home/yan00082/fractal_boundary/Ex1_2_square_top_snowflake_sq/Ex1_solver.py", line 21, in snowsolver
    Phi=get_flux(geo, LL,nn,deg,tolerance,max_iterations,bc_left,bc_right,bc_bot,bc_top)
  File "/home/yan00082/fractal_boundary/Ex1_2_square_top_snowflake_sq/main_flux.py", line 43, in get_flux
    Phi=get_flux(geo, LL,nn,deg,tolerance,max_iterations,bc_left,bc_right,bc_bot,bc_top)
  File "/home/yan00082/fractal_boundary/Ex1_2_square_top_snowflake_sq/main_flux.py", line 43, in get_flux
    uh = snowsolver(mesh, D, Lambda, f, u_D, kl, kr, l,deg,bc_right,bc_bot,bc_left,bc_top)
  File "/home/yan00082/fractal_boundary/Ex1_2_square_top_snowflake_sq/Ex1_solver.py", line 21, in snowsolver
    Phi=get_flux(geo, LL,nn,deg,tolerance,max_iterations,bc_left,bc_right,bc_bot,bc_top)
  File "/home/yan00082/fractal_boundary/Ex1_2_square_top_snowflake_sq/main_flux.py", line 43, in get_flux
    uh = snowsolver(mesh, D, Lambda, f, u_D, kl, kr, l,deg,bc_right,bc_bot,bc_left,bc_top)
  File "/home/yan00082/fractal_boundary/Ex1_2_square_top_snowflake_sq/Ex1_solver.py", line 21, in snowsolver
    Phi=get_flux(geo, LL,nn,deg,tolerance,max_iterations,bc_left,bc_right,bc_bot,bc_top)
  File "/home/yan00082/fractal_boundary/Ex1_2_square_top_snowflake_sq/main_flux.py", line 43, in get_flux
    uh = snowsolver(mesh, D, Lambda, f, u_D, kl, kr, l,deg,bc_right,bc_bot,bc_left,bc_top)
  File "/home/yan00082/fractal_boundary/Ex1_2_square_top_snowflake_sq/Ex1_solver.py", line 21, in snowsolver
    solve(a == L, uh, bcs=bcs, solver_parameters={'ksp_type': 'cg', 'pc_type': 'hypre','pc_hypre_type': 'boomeramg'})
    Phi=get_flux(geo, LL,nn,deg,tolerance,max_iterations,bc_left,bc_right,bc_bot,bc_top)
  File "/home/yan00082/fractal_boundary/Ex1_2_square_top_snowflake_sq/main_flux.py", line 43, in get_flux
    uh = snowsolver(mesh, D, Lambda, f, u_D, kl, kr, l,deg,bc_right,bc_bot,bc_left,bc_top)
  File "/home/yan00082/fractal_boundary/Ex1_2_square_top_snowflake_sq/Ex1_solver.py", line 21, in snowsolver
    uh = snowsolver(mesh, D, Lambda, f, u_D, kl, kr, l,deg,bc_right,bc_bot,bc_left,bc_top)
  File "/home/yan00082/fractal_boundary/Ex1_2_square_top_snowflake_sq/Ex1_solver.py", line 21, in snowsolver
    uh = snowsolver(mesh, D, Lambda, f, u_D, kl, kr, l,deg,bc_right,bc_bot,bc_left,bc_top)
  File "/home/yan00082/fractal_boundary/Ex1_2_square_top_snowflake_sq/Ex1_solver.py", line 21, in snowsolver
    Phi=get_flux(geo, LL,nn,deg,tolerance,max_iterations,bc_left,bc_right,bc_bot,bc_top)
  File "/home/yan00082/fractal_boundary/Ex1_2_square_top_snowflake_sq/main_flux.py", line 43, in get_flux
    uh = snowsolver(mesh, D, Lambda, f, u_D, kl, kr, l,deg,bc_right,bc_bot,bc_left,bc_top)
  File "/home/yan00082/fractal_boundary/Ex1_2_square_top_snowflake_sq/Ex1_solver.py", line 21, in snowsolver
    Phi=get_flux(geo, LL,nn,deg,tolerance,max_iterations,bc_left,bc_right,bc_bot,bc_top)
  File "/home/yan00082/fractal_boundary/Ex1_2_square_top_snowflake_sq/main_flux.py", line 43, in get_flux
    uh = snowsolver(mesh, D, Lambda, f, u_D, kl, kr, l,deg,bc_right,bc_bot,bc_left,bc_top)
  File "/home/yan00082/fractal_boundary/Ex1_2_square_top_snowflake_sq/Ex1_solver.py", line 21, in snowsolver
    Phi=get_flux(geo, LL,nn,deg,tolerance,max_iterations,bc_left,bc_right,bc_bot,bc_top)
  File "/home/yan00082/fractal_boundary/Ex1_2_square_top_snowflake_sq/main_flux.py", line 43, in get_flux
    uh = snowsolver(mesh, D, Lambda, f, u_D, kl, kr, l,deg,bc_right,bc_bot,bc_left,bc_top)
  File "/home/yan00082/fractal_boundary/Ex1_2_square_top_snowflake_sq/Ex1_solver.py", line 21, in snowsolver
    uh = snowsolver(mesh, D, Lambda, f, u_D, kl, kr, l,deg,bc_right,bc_bot,bc_left,bc_top)
  File "/home/yan00082/fractal_boundary/Ex1_2_square_top_snowflake_sq/Ex1_solver.py", line 21, in snowsolver
    Phi=get_flux(geo, LL,nn,deg,tolerance,max_iterations,bc_left,bc_right,bc_bot,bc_top)
  File "/home/yan00082/fractal_boundary/Ex1_2_square_top_snowflake_sq/main_flux.py", line 43, in get_flux
    uh = snowsolver(mesh, D, Lambda, f, u_D, kl, kr, l,deg,bc_right,bc_bot,bc_left,bc_top)
  File "/home/yan00082/fractal_boundary/Ex1_2_square_top_snowflake_sq/Ex1_solver.py", line 21, in snowsolver
    solve(a == L, uh, bcs=bcs, solver_parameters={'ksp_type': 'cg', 'pc_type': 'hypre','pc_hypre_type': 'boomeramg'})
  File "petsc4py/PETSc/Log.pyx", line 188, in petsc4py.PETSc.Log.EventDecorator.decorator.wrapped_func
    solve(a == L, uh, bcs=bcs, solver_parameters={'ksp_type': 'cg', 'pc_type': 'hypre','pc_hypre_type': 'boomeramg'})
  File "petsc4py/PETSc/Log.pyx", line 188, in petsc4py.PETSc.Log.EventDecorator.decorator.wrapped_func
    Phi=get_flux(geo, LL,nn,deg,tolerance,max_iterations,bc_left,bc_right,bc_bot,bc_top)
  File "/home/yan00082/fractal_boundary/Ex1_2_square_top_snowflake_sq/main_flux.py", line 43, in get_flux
    uh = snowsolver(mesh, D, Lambda, f, u_D, kl, kr, l,deg,bc_right,bc_bot,bc_left,bc_top)
  File "/home/yan00082/fractal_boundary/Ex1_2_square_top_snowflake_sq/Ex1_solver.py", line 21, in snowsolver
    Phi=get_flux(geo, LL,nn,deg,tolerance,max_iterations,bc_left,bc_right,bc_bot,bc_top)
  File "/home/yan00082/fractal_boundary/Ex1_2_square_top_snowflake_sq/main_flux.py", line 43, in get_flux
    uh = snowsolver(mesh, D, Lambda, f, u_D, kl, kr, l,deg,bc_right,bc_bot,bc_left,bc_top)
  File "/home/yan00082/fractal_boundary/Ex1_2_square_top_snowflake_sq/Ex1_solver.py", line 21, in snowsolver
    solve(a == L, uh, bcs=bcs, solver_parameters={'ksp_type': 'cg', 'pc_type': 'hypre','pc_hypre_type': 'boomeramg'})
  File "petsc4py/PETSc/Log.pyx", line 188, in petsc4py.PETSc.Log.EventDecorator.decorator.wrapped_func
  File "petsc4py/PETSc/Log.pyx", line 188, in petsc4py.PETSc.Log.EventDecorator.decorator.wrapped_func
    solve(a == L, uh, bcs=bcs, solver_parameters={'ksp_type': 'cg', 'pc_type': 'hypre','pc_hypre_type': 'boomeramg'})
  File "petsc4py/PETSc/Log.pyx", line 188, in petsc4py.PETSc.Log.EventDecorator.decorator.wrapped_func
    solve(a == L, uh, bcs=bcs, solver_parameters={'ksp_type': 'cg', 'pc_type': 'hypre','pc_hypre_type': 'boomeramg'})
  File "petsc4py/PETSc/Log.pyx", line 188, in petsc4py.PETSc.Log.EventDecorator.decorator.wrapped_func
    uh = snowsolver(mesh, D, Lambda, f, u_D, kl, kr, l,deg,bc_right,bc_bot,bc_left,bc_top)
  File "/home/yan00082/fractal_boundary/Ex1_2_square_top_snowflake_sq/Ex1_solver.py", line 21, in snowsolver
    solve(a == L, uh, bcs=bcs, solver_parameters={'ksp_type': 'cg', 'pc_type': 'hypre','pc_hypre_type': 'boomeramg'})
  File "petsc4py/PETSc/Log.pyx", line 188, in petsc4py.PETSc.Log.EventDecorator.decorator.wrapped_func
    solve(a == L, uh, bcs=bcs, solver_parameters={'ksp_type': 'cg', 'pc_type': 'hypre','pc_hypre_type': 'boomeramg'})
  File "petsc4py/PETSc/Log.pyx", line 188, in petsc4py.PETSc.Log.EventDecorator.decorator.wrapped_func
    solve(a == L, uh, bcs=bcs, solver_parameters={'ksp_type': 'cg', 'pc_type': 'hypre','pc_hypre_type': 'boomeramg'})
  File "petsc4py/PETSc/Log.pyx", line 188, in petsc4py.PETSc.Log.EventDecorator.decorator.wrapped_func
    solve(a == L, uh, bcs=bcs, solver_parameters={'ksp_type': 'cg', 'pc_type': 'hypre','pc_hypre_type': 'boomeramg'})
  File "petsc4py/PETSc/Log.pyx", line 188, in petsc4py.PETSc.Log.EventDecorator.decorator.wrapped_func
    solve(a == L, uh, bcs=bcs, solver_parameters={'ksp_type': 'cg', 'pc_type': 'hypre','pc_hypre_type': 'boomeramg'})
  File "petsc4py/PETSc/Log.pyx", line 188, in petsc4py.PETSc.Log.EventDecorator.decorator.wrapped_func
    solve(a == L, uh, bcs=bcs, solver_parameters={'ksp_type': 'cg', 'pc_type': 'hypre','pc_hypre_type': 'boomeramg'})
  File "petsc4py/PETSc/Log.pyx", line 188, in petsc4py.PETSc.Log.EventDecorator.decorator.wrapped_func
    solve(a == L, uh, bcs=bcs, solver_parameters={'ksp_type': 'cg', 'pc_type': 'hypre','pc_hypre_type': 'boomeramg'})
  File "petsc4py/PETSc/Log.pyx", line 188, in petsc4py.PETSc.Log.EventDecorator.decorator.wrapped_func
    solve(a == L, uh, bcs=bcs, solver_parameters={'ksp_type': 'cg', 'pc_type': 'hypre','pc_hypre_type': 'boomeramg'})
  File "petsc4py/PETSc/Log.pyx", line 188, in petsc4py.PETSc.Log.EventDecorator.decorator.wrapped_func
    solve(a == L, uh, bcs=bcs, solver_parameters={'ksp_type': 'cg', 'pc_type': 'hypre','pc_hypre_type': 'boomeramg'})
  File "petsc4py/PETSc/Log.pyx", line 188, in petsc4py.PETSc.Log.EventDecorator.decorator.wrapped_func
  File "/home/yan00082/fractal_boundary/Ex1_2_square_top_snowflake_sq/main_flux.py", line 64, in <module>
  File "petsc4py/PETSc/Log.pyx", line 189, in petsc4py.PETSc.Log.EventDecorator.decorator.wrapped_func
  File "petsc4py/PETSc/Log.pyx", line 189, in petsc4py.PETSc.Log.EventDecorator.decorator.wrapped_func
  File "petsc4py/PETSc/Log.pyx", line 189, in petsc4py.PETSc.Log.EventDecorator.decorator.wrapped_func
  File "petsc4py/PETSc/Log.pyx", line 189, in petsc4py.PETSc.Log.EventDecorator.decorator.wrapped_func
  File "petsc4py/PETSc/Log.pyx", line 189, in petsc4py.PETSc.Log.EventDecorator.decorator.wrapped_func
  File "petsc4py/PETSc/Log.pyx", line 189, in petsc4py.PETSc.Log.EventDecorator.decorator.wrapped_func
  File "petsc4py/PETSc/Log.pyx", line 189, in petsc4py.PETSc.Log.EventDecorator.decorator.wrapped_func
  File "petsc4py/PETSc/Log.pyx", line 189, in petsc4py.PETSc.Log.EventDecorator.decorator.wrapped_func
  File "petsc4py/PETSc/Log.pyx", line 189, in petsc4py.PETSc.Log.EventDecorator.decorator.wrapped_func
  File "petsc4py/PETSc/Log.pyx", line 189, in petsc4py.PETSc.Log.EventDecorator.decorator.wrapped_func
  File "petsc4py/PETSc/Log.pyx", line 189, in petsc4py.PETSc.Log.EventDecorator.decorator.wrapped_func
  File "petsc4py/PETSc/Log.pyx", line 189, in petsc4py.PETSc.Log.EventDecorator.decorator.wrapped_func
  File "petsc4py/PETSc/Log.pyx", line 189, in petsc4py.PETSc.Log.EventDecorator.decorator.wrapped_func
  File "/home/yan00082/firedrake/src/firedrake/firedrake/adjoint_utils/solving.py", line 57, in wrapper
  File "petsc4py/PETSc/Log.pyx", line 189, in petsc4py.PETSc.Log.EventDecorator.decorator.wrapped_func
    Phi=get_flux(geo, LL,nn,deg,tolerance,max_iterations,bc_left,bc_right,bc_bot,bc_top)
  File "/home/yan00082/fractal_boundary/Ex1_2_square_top_snowflake_sq/main_flux.py", line 43, in get_flux
    uh = snowsolver(mesh, D, Lambda, f, u_D, kl, kr, l,deg,bc_right,bc_bot,bc_left,bc_top)
  File "/home/yan00082/firedrake/src/firedrake/firedrake/adjoint_utils/solving.py", line 57, in wrapper
    output = solve(*args, **kwargs)
  File "/home/yan00082/firedrake/src/firedrake/firedrake/solving.py", line 128, in solve
  File "/home/yan00082/firedrake/src/firedrake/firedrake/adjoint_utils/solving.py", line 57, in wrapper
    output = solve(*args, **kwargs)
  File "/home/yan00082/firedrake/src/firedrake/firedrake/solving.py", line 128, in solve
  File "/home/yan00082/firedrake/src/firedrake/firedrake/adjoint_utils/solving.py", line 57, in wrapper
    output = solve(*args, **kwargs)
  File "/home/yan00082/firedrake/src/firedrake/firedrake/solving.py", line 128, in solve
  File "petsc4py/PETSc/Log.pyx", line 189, in petsc4py.PETSc.Log.EventDecorator.decorator.wrapped_func
    output = solve(*args, **kwargs)
  File "/home/yan00082/firedrake/src/firedrake/firedrake/solving.py", line 128, in solve
  File "/home/yan00082/fractal_boundary/Ex1_2_square_top_snowflake_sq/Ex1_solver.py", line 21, in snowsolver
    solve(a == L, uh, bcs=bcs, solver_parameters={'ksp_type': 'cg', 'pc_type': 'hypre','pc_hypre_type': 'boomeramg'})
  File "petsc4py/PETSc/Log.pyx", line 188, in petsc4py.PETSc.Log.EventDecorator.decorator.wrapped_func
    _solve_varproblem(*args, **kwargs)
  File "/home/yan00082/firedrake/src/firedrake/firedrake/solving.py", line 164, in _solve_varproblem
    _solve_varproblem(*args, **kwargs)
  File "/home/yan00082/firedrake/src/firedrake/firedrake/solving.py", line 164, in _solve_varproblem
    _solve_varproblem(*args, **kwargs)
  File "/home/yan00082/firedrake/src/firedrake/firedrake/solving.py", line 164, in _solve_varproblem
  File "/home/yan00082/firedrake/src/firedrake/firedrake/adjoint_utils/solving.py", line 57, in wrapper
    output = solve(*args, **kwargs)
  File "/home/yan00082/firedrake/src/firedrake/firedrake/solving.py", line 128, in solve
  File "/home/yan00082/firedrake/src/firedrake/firedrake/adjoint_utils/solving.py", line 57, in wrapper
    _solve_varproblem(*args, **kwargs)
  File "/home/yan00082/firedrake/src/firedrake/firedrake/solving.py", line 164, in _solve_varproblem
    solver.solve()
  File "petsc4py/PETSc/Log.pyx", line 188, in petsc4py.PETSc.Log.EventDecorator.decorator.wrapped_func
  File "/home/yan00082/firedrake/src/firedrake/firedrake/adjoint_utils/solving.py", line 57, in wrapper
    output = solve(*args, **kwargs)
  File "/home/yan00082/firedrake/src/firedrake/firedrake/solving.py", line 128, in solve
  File "/home/yan00082/firedrake/src/firedrake/firedrake/adjoint_utils/solving.py", line 57, in wrapper
  File "/home/yan00082/firedrake/src/firedrake/firedrake/adjoint_utils/solving.py", line 57, in wrapper
    output = solve(*args, **kwargs)
  File "/home/yan00082/firedrake/src/firedrake/firedrake/solving.py", line 128, in solve
  File "/home/yan00082/firedrake/src/firedrake/firedrake/adjoint_utils/solving.py", line 57, in wrapper
    output = solve(*args, **kwargs)
    solver.solve()
  File "petsc4py/PETSc/Log.pyx", line 188, in petsc4py.PETSc.Log.EventDecorator.decorator.wrapped_func
  File "/home/yan00082/firedrake/src/firedrake/firedrake/adjoint_utils/solving.py", line 57, in wrapper
    output = solve(*args, **kwargs)
  File "/home/yan00082/firedrake/src/firedrake/firedrake/solving.py", line 128, in solve
  File "/home/yan00082/firedrake/src/firedrake/firedrake/adjoint_utils/solving.py", line 57, in wrapper
    output = solve(*args, **kwargs)
  File "/home/yan00082/firedrake/src/firedrake/firedrake/solving.py", line 128, in solve
    solver.solve()
  File "petsc4py/PETSc/Log.pyx", line 188, in petsc4py.PETSc.Log.EventDecorator.decorator.wrapped_func
    solver.solve()
  File "petsc4py/PETSc/Log.pyx", line 188, in petsc4py.PETSc.Log.EventDecorator.decorator.wrapped_func
  File "/home/yan00082/firedrake/src/firedrake/firedrake/adjoint_utils/solving.py", line 57, in wrapper
    output = solve(*args, **kwargs)
  File "/home/yan00082/firedrake/src/firedrake/firedrake/solving.py", line 128, in solve
  File "/home/yan00082/firedrake/src/firedrake/firedrake/adjoint_utils/solving.py", line 57, in wrapper
    output = solve(*args, **kwargs)
  File "/home/yan00082/firedrake/src/firedrake/firedrake/solving.py", line 128, in solve
    output = solve(*args, **kwargs)
  File "/home/yan00082/firedrake/src/firedrake/firedrake/solving.py", line 128, in solve
    _solve_varproblem(*args, **kwargs)
  File "/home/yan00082/firedrake/src/firedrake/firedrake/solving.py", line 164, in _solve_varproblem
    _solve_varproblem(*args, **kwargs)
  File "/home/yan00082/firedrake/src/firedrake/firedrake/solving.py", line 164, in _solve_varproblem
    output = solve(*args, **kwargs)
  File "/home/yan00082/firedrake/src/firedrake/firedrake/solving.py", line 128, in solve
    _solve_varproblem(*args, **kwargs)
  File "/home/yan00082/firedrake/src/firedrake/firedrake/solving.py", line 164, in _solve_varproblem
    _solve_varproblem(*args, **kwargs)
  File "/home/yan00082/firedrake/src/firedrake/firedrake/solving.py", line 164, in _solve_varproblem
  File "/home/yan00082/firedrake/src/firedrake/firedrake/solving.py", line 128, in solve
    _solve_varproblem(*args, **kwargs)
  File "/home/yan00082/firedrake/src/firedrake/firedrake/solving.py", line 164, in _solve_varproblem
  File "petsc4py/PETSc/Log.pyx", line 189, in petsc4py.PETSc.Log.EventDecorator.decorator.wrapped_func
    _solve_varproblem(*args, **kwargs)
  File "/home/yan00082/firedrake/src/firedrake/firedrake/solving.py", line 164, in _solve_varproblem
  File "/home/yan00082/firedrake/src/firedrake/firedrake/adjoint_utils/solving.py", line 57, in wrapper
    output = solve(*args, **kwargs)
  File "/home/yan00082/firedrake/src/firedrake/firedrake/solving.py", line 128, in solve
    _solve_varproblem(*args, **kwargs)
  File "/home/yan00082/firedrake/src/firedrake/firedrake/solving.py", line 164, in _solve_varproblem
    _solve_varproblem(*args, **kwargs)
  File "/home/yan00082/firedrake/src/firedrake/firedrake/solving.py", line 164, in _solve_varproblem
  File "petsc4py/PETSc/Log.pyx", line 189, in petsc4py.PETSc.Log.EventDecorator.decorator.wrapped_func
  File "petsc4py/PETSc/Log.pyx", line 189, in petsc4py.PETSc.Log.EventDecorator.decorator.wrapped_func
    _solve_varproblem(*args, **kwargs)
  File "/home/yan00082/firedrake/src/firedrake/firedrake/solving.py", line 164, in _solve_varproblem
    solver.solve()
  File "petsc4py/PETSc/Log.pyx", line 188, in petsc4py.PETSc.Log.EventDecorator.decorator.wrapped_func
    _solve_varproblem(*args, **kwargs)
  File "/home/yan00082/firedrake/src/firedrake/firedrake/solving.py", line 164, in _solve_varproblem
    solver.solve()
  File "petsc4py/PETSc/Log.pyx", line 188, in petsc4py.PETSc.Log.EventDecorator.decorator.wrapped_func
  File "petsc4py/PETSc/Log.pyx", line 189, in petsc4py.PETSc.Log.EventDecorator.decorator.wrapped_func
    solver.solve()
  File "petsc4py/PETSc/Log.pyx", line 188, in petsc4py.PETSc.Log.EventDecorator.decorator.wrapped_func
    solver.solve()
  File "petsc4py/PETSc/Log.pyx", line 188, in petsc4py.PETSc.Log.EventDecorator.decorator.wrapped_func
    solver.solve()
  File "petsc4py/PETSc/Log.pyx", line 188, in petsc4py.PETSc.Log.EventDecorator.decorator.wrapped_func
  File "petsc4py/PETSc/Log.pyx", line 189, in petsc4py.PETSc.Log.EventDecorator.decorator.wrapped_func
    solver.solve()
  File "petsc4py/PETSc/Log.pyx", line 188, in petsc4py.PETSc.Log.EventDecorator.decorator.wrapped_func
    solver.solve()
  File "petsc4py/PETSc/Log.pyx", line 188, in petsc4py.PETSc.Log.EventDecorator.decorator.wrapped_func
    solver.solve()
  File "petsc4py/PETSc/Log.pyx", line 188, in petsc4py.PETSc.Log.EventDecorator.decorator.wrapped_func
    _solve_varproblem(*args, **kwargs)
  File "/home/yan00082/firedrake/src/firedrake/firedrake/solving.py", line 164, in _solve_varproblem
    solver.solve()
  File "petsc4py/PETSc/Log.pyx", line 188, in petsc4py.PETSc.Log.EventDecorator.decorator.wrapped_func
    solver.solve()
  File "petsc4py/PETSc/Log.pyx", line 188, in petsc4py.PETSc.Log.EventDecorator.decorator.wrapped_func
  File "/home/yan00082/firedrake/src/firedrake/firedrake/adjoint_utils/variational_solver.py", line 89, in wrapper
    out = solve(self, **kwargs)
  File "/home/yan00082/firedrake/src/firedrake/firedrake/variational_solver.py", line 286, in solve
  File "/home/yan00082/firedrake/src/firedrake/firedrake/adjoint_utils/variational_solver.py", line 89, in wrapper
    out = solve(self, **kwargs)
  File "/home/yan00082/firedrake/src/firedrake/firedrake/variational_solver.py", line 286, in solve
    solver.solve()
  File "petsc4py/PETSc/Log.pyx", line 188, in petsc4py.PETSc.Log.EventDecorator.decorator.wrapped_func
  File "/home/yan00082/firedrake/src/firedrake/firedrake/adjoint_utils/variational_solver.py", line 89, in wrapper
    out = solve(self, **kwargs)
  File "/home/yan00082/firedrake/src/firedrake/firedrake/variational_solver.py", line 286, in solve
  File "/home/yan00082/firedrake/src/firedrake/firedrake/adjoint_utils/variational_solver.py", line 89, in wrapper
    out = solve(self, **kwargs)
  File "/home/yan00082/firedrake/src/firedrake/firedrake/variational_solver.py", line 286, in solve
  File "petsc4py/PETSc/Log.pyx", line 189, in petsc4py.PETSc.Log.EventDecorator.decorator.wrapped_func
  File "petsc4py/PETSc/Log.pyx", line 189, in petsc4py.PETSc.Log.EventDecorator.decorator.wrapped_func
  File "petsc4py/PETSc/Log.pyx", line 189, in petsc4py.PETSc.Log.EventDecorator.decorator.wrapped_func
  File "petsc4py/PETSc/Log.pyx", line 189, in petsc4py.PETSc.Log.EventDecorator.decorator.wrapped_func
  File "/home/yan00082/firedrake/src/firedrake/firedrake/adjoint_utils/solving.py", line 57, in wrapper
    output = solve(*args, **kwargs)
  File "/home/yan00082/firedrake/src/firedrake/firedrake/solving.py", line 128, in solve
  File "petsc4py/PETSc/Log.pyx", line 189, in petsc4py.PETSc.Log.EventDecorator.decorator.wrapped_func
    solving_utils.check_snes_convergence(self.snes)
  File "/home/yan00082/firedrake/src/firedrake/firedrake/solving_utils.py", line 138, in check_snes_convergence
    raise ConvergenceError(r"""Nonlinear solve failed to converge after %d nonlinear iterations.
firedrake.exceptions.ConvergenceError: Nonlinear solve failed to converge after 0 nonlinear iterations.
Reason:
   DIVERGED_LINEAR_SOLVE
  File "petsc4py/PETSc/Log.pyx", line 189, in petsc4py.PETSc.Log.EventDecorator.decorator.wrapped_func
  File "petsc4py/PETSc/Log.pyx", line 189, in petsc4py.PETSc.Log.EventDecorator.decorator.wrapped_func
    solving_utils.check_snes_convergence(self.snes)
  File "/home/yan00082/firedrake/src/firedrake/firedrake/solving_utils.py", line 138, in check_snes_convergence
    raise ConvergenceError(r"""Nonlinear solve failed to converge after %d nonlinear iterations.
firedrake.exceptions.ConvergenceError: Nonlinear solve failed to converge after 0 nonlinear iterations.
Reason:
   DIVERGED_LINEAR_SOLVE
    solving_utils.check_snes_convergence(self.snes)
  File "/home/yan00082/firedrake/src/firedrake/firedrake/solving_utils.py", line 138, in check_snes_convergence
    raise ConvergenceError(r"""Nonlinear solve failed to converge after %d nonlinear iterations.
firedrake.exceptions.ConvergenceError: Nonlinear solve failed to converge after 0 nonlinear iterations.
Reason:
   DIVERGED_LINEAR_SOLVE
application called MPI_Abort(PYOP2_COMM_WORLD, 1) - process 11
  File "petsc4py/PETSc/Log.pyx", line 189, in petsc4py.PETSc.Log.EventDecorator.decorator.wrapped_func
  File "petsc4py/PETSc/Log.pyx", line 189, in petsc4py.PETSc.Log.EventDecorator.decorator.wrapped_func
    solving_utils.check_snes_convergence(self.snes)
  File "/home/yan00082/firedrake/src/firedrake/firedrake/solving_utils.py", line 138, in check_snes_convergence
    raise ConvergenceError(r"""Nonlinear solve failed to converge after %d nonlinear iterations.
firedrake.exceptions.ConvergenceError: Nonlinear solve failed to converge after 0 nonlinear iterations.
Reason:
   DIVERGED_LINEAR_SOLVE
application called MPI_Abort(PYOP2_COMM_WORLD, 1) - process 0
    _solve_varproblem(*args, **kwargs)
  File "/home/yan00082/firedrake/src/firedrake/firedrake/solving.py", line 164, in _solve_varproblem
application called MPI_Abort(PYOP2_COMM_WORLD, 1) - process 6
  File "petsc4py/PETSc/Log.pyx", line 189, in petsc4py.PETSc.Log.EventDecorator.decorator.wrapped_func
application called MPI_Abort(PYOP2_COMM_WORLD, 1) - process 10
  File "petsc4py/PETSc/Log.pyx", line 189, in petsc4py.PETSc.Log.EventDecorator.decorator.wrapped_func
  File "/home/yan00082/firedrake/src/firedrake/firedrake/adjoint_utils/variational_solver.py", line 89, in wrapper
    out = solve(self, **kwargs)
  File "/home/yan00082/firedrake/src/firedrake/firedrake/variational_solver.py", line 286, in solve
  File "/home/yan00082/firedrake/src/firedrake/firedrake/adjoint_utils/variational_solver.py", line 89, in wrapper
    out = solve(self, **kwargs)
  File "/home/yan00082/firedrake/src/firedrake/firedrake/variational_solver.py", line 286, in solve
  File "/home/yan00082/firedrake/src/firedrake/firedrake/adjoint_utils/variational_solver.py", line 89, in wrapper
    out = solve(self, **kwargs)
  File "/home/yan00082/firedrake/src/firedrake/firedrake/adjoint_utils/variational_solver.py", line 89, in wrapper
    out = solve(self, **kwargs)
  File "/home/yan00082/firedrake/src/firedrake/firedrake/variational_solver.py", line 286, in solve
    solver.solve()
  File "petsc4py/PETSc/Log.pyx", line 188, in petsc4py.PETSc.Log.EventDecorator.decorator.wrapped_func
  File "/home/yan00082/firedrake/src/firedrake/firedrake/adjoint_utils/variational_solver.py", line 89, in wrapper
    out = solve(self, **kwargs)
  File "/home/yan00082/firedrake/src/firedrake/firedrake/variational_solver.py", line 286, in solve
  File "/home/yan00082/firedrake/src/firedrake/firedrake/adjoint_utils/variational_solver.py", line 89, in wrapper
    out = solve(self, **kwargs)
  File "/home/yan00082/firedrake/src/firedrake/firedrake/variational_solver.py", line 286, in solve
  File "/home/yan00082/firedrake/src/firedrake/firedrake/adjoint_utils/variational_solver.py", line 89, in wrapper
    out = solve(self, **kwargs)
  File "/home/yan00082/firedrake/src/firedrake/firedrake/variational_solver.py", line 286, in solve
  File "/home/yan00082/firedrake/src/firedrake/firedrake/adjoint_utils/variational_solver.py", line 89, in wrapper
    out = solve(self, **kwargs)
  File "/home/yan00082/firedrake/src/firedrake/firedrake/variational_solver.py", line 286, in solve
  File "/home/yan00082/firedrake/src/firedrake/firedrake/adjoint_utils/variational_solver.py", line 89, in wrapper
    out = solve(self, **kwargs)
  File "/home/yan00082/firedrake/src/firedrake/firedrake/variational_solver.py", line 286, in solve
  File "/home/yan00082/firedrake/src/firedrake/firedrake/adjoint_utils/variational_solver.py", line 89, in wrapper
    out = solve(self, **kwargs)
  File "/home/yan00082/firedrake/src/firedrake/firedrake/variational_solver.py", line 286, in solve
    solving_utils.check_snes_convergence(self.snes)
  File "/home/yan00082/firedrake/src/firedrake/firedrake/solving_utils.py", line 138, in check_snes_convergence
    solving_utils.check_snes_convergence(self.snes)
  File "/home/yan00082/firedrake/src/firedrake/firedrake/solving_utils.py", line 138, in check_snes_convergence
  File "/home/yan00082/firedrake/src/firedrake/firedrake/variational_solver.py", line 286, in solve
    solving_utils.check_snes_convergence(self.snes)
  File "/home/yan00082/firedrake/src/firedrake/firedrake/solving_utils.py", line 138, in check_snes_convergence
    solving_utils.check_snes_convergence(self.snes)
  File "/home/yan00082/firedrake/src/firedrake/firedrake/solving_utils.py", line 138, in check_snes_convergence
  File "/home/yan00082/firedrake/src/firedrake/firedrake/adjoint_utils/variational_solver.py", line 89, in wrapper
    out = solve(self, **kwargs)
    solving_utils.check_snes_convergence(self.snes)
  File "/home/yan00082/firedrake/src/firedrake/firedrake/solving_utils.py", line 138, in check_snes_convergence
    raise ConvergenceError(r"""Nonlinear solve failed to converge after %d nonlinear iterations.
firedrake.exceptions.ConvergenceError: Nonlinear solve failed to converge after 0 nonlinear iterations.
Reason:
   DIVERGED_LINEAR_SOLVE
application called MPI_Abort(PYOP2_COMM_WORLD, 1) - process 14
    raise ConvergenceError(r"""Nonlinear solve failed to converge after %d nonlinear iterations.
firedrake.exceptions.ConvergenceError: Nonlinear solve failed to converge after 0 nonlinear iterations.
Reason:
   DIVERGED_LINEAR_SOLVE
application called MPI_Abort(PYOP2_COMM_WORLD, 1) - process 1
    raise ConvergenceError(r"""Nonlinear solve failed to converge after %d nonlinear iterations.
firedrake.exceptions.ConvergenceError: Nonlinear solve failed to converge after 0 nonlinear iterations.
Reason:
   DIVERGED_LINEAR_SOLVE
application called MPI_Abort(PYOP2_COMM_WORLD, 1) - process 3
  File "petsc4py/PETSc/Log.pyx", line 189, in petsc4py.PETSc.Log.EventDecorator.decorator.wrapped_func
    solving_utils.check_snes_convergence(self.snes)
  File "/home/yan00082/firedrake/src/firedrake/firedrake/solving_utils.py", line 138, in check_snes_convergence
    raise ConvergenceError(r"""Nonlinear solve failed to converge after %d nonlinear iterations.
firedrake.exceptions.ConvergenceError: Nonlinear solve failed to converge after 0 nonlinear iterations.
Reason:
   DIVERGED_LINEAR_SOLVE
application called MPI_Abort(PYOP2_COMM_WORLD, 1) - process 5
    solving_utils.check_snes_convergence(self.snes)
  File "/home/yan00082/firedrake/src/firedrake/firedrake/solving_utils.py", line 138, in check_snes_convergence
    raise ConvergenceError(r"""Nonlinear solve failed to converge after %d nonlinear iterations.
firedrake.exceptions.ConvergenceError: Nonlinear solve failed to converge after 0 nonlinear iterations.
Reason:
   DIVERGED_LINEAR_SOLVE
application called MPI_Abort(PYOP2_COMM_WORLD, 1) - process 7
  File "/home/yan00082/firedrake/src/firedrake/firedrake/variational_solver.py", line 286, in solve
    solving_utils.check_snes_convergence(self.snes)
  File "/home/yan00082/firedrake/src/firedrake/firedrake/solving_utils.py", line 138, in check_snes_convergence
    raise ConvergenceError(r"""Nonlinear solve failed to converge after %d nonlinear iterations.
firedrake.exceptions.ConvergenceError: Nonlinear solve failed to converge after 0 nonlinear iterations.
Reason:
   DIVERGED_LINEAR_SOLVE
application called MPI_Abort(PYOP2_COMM_WORLD, 1) - process 9
    solving_utils.check_snes_convergence(self.snes)
  File "/home/yan00082/firedrake/src/firedrake/firedrake/solving_utils.py", line 138, in check_snes_convergence
    raise ConvergenceError(r"""Nonlinear solve failed to converge after %d nonlinear iterations.
firedrake.exceptions.ConvergenceError: Nonlinear solve failed to converge after 0 nonlinear iterations.
Reason:
   DIVERGED_LINEAR_SOLVE
application called MPI_Abort(PYOP2_COMM_WORLD, 1) - process 12
    solving_utils.check_snes_convergence(self.snes)
  File "/home/yan00082/firedrake/src/firedrake/firedrake/solving_utils.py", line 138, in check_snes_convergence
    raise ConvergenceError(r"""Nonlinear solve failed to converge after %d nonlinear iterations.
firedrake.exceptions.ConvergenceError: Nonlinear solve failed to converge after 0 nonlinear iterations.
Reason:
   DIVERGED_LINEAR_SOLVE
application called MPI_Abort(PYOP2_COMM_WORLD, 1) - process 13
    raise ConvergenceError(r"""Nonlinear solve failed to converge after %d nonlinear iterations.
firedrake.exceptions.ConvergenceError: Nonlinear solve failed to converge after 0 nonlinear iterations.
Reason:
   DIVERGED_LINEAR_SOLVE
application called MPI_Abort(PYOP2_COMM_WORLD, 1) - process 15
    raise ConvergenceError(r"""Nonlinear solve failed to converge after %d nonlinear iterations.
firedrake.exceptions.ConvergenceError: Nonlinear solve failed to converge after 0 nonlinear iterations.
Reason:
   DIVERGED_LINEAR_SOLVE
application called MPI_Abort(PYOP2_COMM_WORLD, 1) - process 2
    solving_utils.check_snes_convergence(self.snes)
  File "/home/yan00082/firedrake/src/firedrake/firedrake/solving_utils.py", line 138, in check_snes_convergence
    raise ConvergenceError(r"""Nonlinear solve failed to converge after %d nonlinear iterations.
firedrake.exceptions.ConvergenceError: Nonlinear solve failed to converge after 0 nonlinear iterations.
Reason:
   DIVERGED_LINEAR_SOLVE
application called MPI_Abort(PYOP2_COMM_WORLD, 1) - process 8
  File "/home/yan00082/firedrake/src/firedrake/firedrake/adjoint_utils/variational_solver.py", line 89, in wrapper
    out = solve(self, **kwargs)
  File "/home/yan00082/firedrake/src/firedrake/firedrake/variational_solver.py", line 286, in solve
    solving_utils.check_snes_convergence(self.snes)
  File "/home/yan00082/firedrake/src/firedrake/firedrake/solving_utils.py", line 138, in check_snes_convergence
    raise ConvergenceError(r"""Nonlinear solve failed to converge after %d nonlinear iterations.
firedrake.exceptions.ConvergenceError: Nonlinear solve failed to converge after 0 nonlinear iterations.
Reason:
   DIVERGED_LINEAR_SOLVE
application called MPI_Abort(PYOP2_COMM_WORLD, 1) - process 4
