firedrake:WARNING OMP_NUM_THREADS is not set or is set to a value greater than 1, we suggest setting OMP_NUM_THREADS=1 to improve performance
/home/yan00082/firedrake/src/ngsPETSc/ngsPETSc/eps.py:10: UserWarning: Import Warning: it was not possible to import SLEPc
  warnings.warn("Import Warning: it was not possible to import SLEPc")
/home/yan00082/firedrake/src/loopy/loopy/target/c/compyte/dtypes.py:184: DeprecationWarning: `np.bool8` is a deprecated alias for `np.bool_`.  (Deprecated NumPy 1.24)
  reg.get_or_register_dtype("bool", np.bool8)
Refined Mesh with degree of freedom  8696 sum_eta is  0.02010443685468153
Refined Mesh with degree of freedom  9299 sum_eta is  0.013545601924837999
Refined Mesh with degree of freedom  10151 sum_eta is  0.009273320283669942
Refined Mesh with degree of freedom  11345 sum_eta is  0.00645369756116426
Refined Mesh with degree of freedom  13280 sum_eta is  0.0044559373501653005
Refined Mesh with degree of freedom  15587 sum_eta is  0.00284742178324498
Refined Mesh with degree of freedom  18254 sum_eta is  0.0019518260224484186
Refined Mesh with degree of freedom  21233 sum_eta is  0.0012828906717102418
Refined Mesh with degree of freedom  26066 sum_eta is  0.0007605579328413566
Refined Mesh with degree of freedom  30197 sum_eta is  0.0005080745607291138
Lambda is  1e-11  flux is  0.9757373903437944
phi0 is 0.9757373903437944
Refined Mesh with degree of freedom  8696 sum_eta is  0.018688557829300092
Refined Mesh with degree of freedom  9299 sum_eta is  0.012602527263841075
Refined Mesh with degree of freedom  10196 sum_eta is  0.008409381528596889
Refined Mesh with degree of freedom  11558 sum_eta is  0.005521263290631643
Refined Mesh with degree of freedom  13595 sum_eta is  0.0036105604689894715
Refined Mesh with degree of freedom  15959 sum_eta is  0.002354123504834906
Refined Mesh with degree of freedom  19001 sum_eta is  0.0014901466026224278
Refined Mesh with degree of freedom  21914 sum_eta is  0.0009560071136132943
Refined Mesh with degree of freedom  25331 sum_eta is  0.0006112988260727595
Refined Mesh with degree of freedom  29567 sum_eta is  0.0003959594091402737
Lambda is  3.0517578125e-05  flux is  0.9756873882970848
Refined Mesh with degree of freedom  8696 sum_eta is  0.01748891190132136
Refined Mesh with degree of freedom  9299 sum_eta is  0.011793133328577118
Refined Mesh with degree of freedom  10163 sum_eta is  0.00805131524112493
Refined Mesh with degree of freedom  11408 sum_eta is  0.005393849416657954
Refined Mesh with degree of freedom  13766 sum_eta is  0.003286356730031543
Refined Mesh with degree of freedom  16457 sum_eta is  0.0020350037977453863
Refined Mesh with degree of freedom  19751 sum_eta is  0.0012340724310333198
Refined Mesh with degree of freedom  22760 sum_eta is  0.0007906635072670102
Refined Mesh with degree of freedom  26270 sum_eta is  0.00048687071493519864
Refined Mesh with degree of freedom  30305 sum_eta is  0.00031692790768479565
Lambda is  6.103515625e-05  flux is  0.975638814426357
Refined Mesh with degree of freedom  8696 sum_eta is  0.015574210513330435
Refined Mesh with degree of freedom  9299 sum_eta is  0.01048078907085801
Refined Mesh with degree of freedom  10157 sum_eta is  0.007167302166983983
Refined Mesh with degree of freedom  11408 sum_eta is  0.004787817952158267
Refined Mesh with degree of freedom  13736 sum_eta is  0.002845822131934461
Refined Mesh with degree of freedom  16298 sum_eta is  0.0017249787820008179
Refined Mesh with degree of freedom  20225 sum_eta is  0.0009498895330414348
Refined Mesh with degree of freedom  23282 sum_eta is  0.0005863466510635654
Refined Mesh with degree of freedom  27212 sum_eta is  0.0003508240152040664
Refined Mesh with degree of freedom  32951 sum_eta is  0.00020983380176154939
Lambda is  0.0001220703125  flux is  0.9755444302386118
Refined Mesh with degree of freedom  8696 sum_eta is  0.012992184244572536
Refined Mesh with degree of freedom  9299 sum_eta is  0.008670110797066097
Refined Mesh with degree of freedom  10157 sum_eta is  0.0059061767973209054
Refined Mesh with degree of freedom  11492 sum_eta is  0.003818625635686864
Refined Mesh with degree of freedom  13646 sum_eta is  0.002302032859861905
Refined Mesh with degree of freedom  15965 sum_eta is  0.0013926602677280205
Refined Mesh with degree of freedom  19286 sum_eta is  0.000822526712092407
Refined Mesh with degree of freedom  22595 sum_eta is  0.00048784118600318663
Refined Mesh with degree of freedom  27584 sum_eta is  0.0002650253101586034
Refined Mesh with degree of freedom  32993 sum_eta is  0.0001628531550876624
Lambda is  0.000244140625  flux is  0.975363755142029
Refined Mesh with degree of freedom  8696 sum_eta is  0.010245984002585647
Refined Mesh with degree of freedom  9299 sum_eta is  0.006700340026564691
Refined Mesh with degree of freedom  10157 sum_eta is  0.004507698459661289
Refined Mesh with degree of freedom  11537 sum_eta is  0.0028710580006252886
Refined Mesh with degree of freedom  13910 sum_eta is  0.0016452475358888863
Refined Mesh with degree of freedom  15983 sum_eta is  0.0010189078814008712
Refined Mesh with degree of freedom  19424 sum_eta is  0.0006054228569815974
Refined Mesh with degree of freedom  22493 sum_eta is  0.0003657797736853499
Refined Mesh with degree of freedom  27320 sum_eta is  0.0002103722279628849
Refined Mesh with degree of freedom  34178 sum_eta is  0.0001183991240153633
Lambda is  0.00048828125  flux is  0.975018320392463
Refined Mesh with degree of freedom  8696 sum_eta is  0.008004760947000955
Refined Mesh with degree of freedom  9335 sum_eta is  0.004967038860766324
Refined Mesh with degree of freedom  10202 sum_eta is  0.0032680879291720707
Refined Mesh with degree of freedom  11882 sum_eta is  0.0019908100418116084
Refined Mesh with degree of freedom  14252 sum_eta is  0.00114980432204896
Refined Mesh with degree of freedom  16883 sum_eta is  0.0006805578425551981
Refined Mesh with degree of freedom  20726 sum_eta is  0.0003757189786439684
Refined Mesh with degree of freedom  24299 sum_eta is  0.0002242362081020183
Refined Mesh with degree of freedom  30347 sum_eta is  0.0001184876421245404
Refined Mesh with degree of freedom  36314 sum_eta is  6.741811648411117e-05
Lambda is  0.0009765625  flux is  0.974367151698017
Refined Mesh with degree of freedom  8696 sum_eta is  0.006542549067765092
Refined Mesh with degree of freedom  9329 sum_eta is  0.004164911547873198
Refined Mesh with degree of freedom  10319 sum_eta is  0.0026117148328671414
Refined Mesh with degree of freedom  11453 sum_eta is  0.0016750422539971346
Refined Mesh with degree of freedom  13148 sum_eta is  0.0010886024426921656
Refined Mesh with degree of freedom  15905 sum_eta is  0.0006317669818095216
Refined Mesh with degree of freedom  18473 sum_eta is  0.0003891431037689322
Refined Mesh with degree of freedom  22454 sum_eta is  0.00022012575531202473
Refined Mesh with degree of freedom  28181 sum_eta is  0.00011477591231522484
Refined Mesh with degree of freedom  35195 sum_eta is  6.343788768526051e-05
Lambda is  0.001953125  flux is  0.9731683321102291
Refined Mesh with degree of freedom  8696 sum_eta is  0.0059407206129686585
Refined Mesh with degree of freedom  9470 sum_eta is  0.0032478732902047947
Refined Mesh with degree of freedom  10454 sum_eta is  0.0021150156980897267
Refined Mesh with degree of freedom  11756 sum_eta is  0.0013737286751207142
Refined Mesh with degree of freedom  13862 sum_eta is  0.0008363474179842988
Refined Mesh with degree of freedom  16544 sum_eta is  0.0005211968875358683
Refined Mesh with degree of freedom  19901 sum_eta is  0.0003182114384567584
Refined Mesh with degree of freedom  24722 sum_eta is  0.0001889750569560852
Refined Mesh with degree of freedom  30137 sum_eta is  0.0001246968810808387
Refined Mesh with degree of freedom  37997 sum_eta is  7.805033817485667e-05
Lambda is  0.00390625  flux is  0.9710423774221407
Refined Mesh with degree of freedom  8696 sum_eta is  0.0068215437815607
Refined Mesh with degree of freedom  9245 sum_eta is  0.003860645850508259
Refined Mesh with degree of freedom  10517 sum_eta is  0.0023669635292296056
Refined Mesh with degree of freedom  11900 sum_eta is  0.0015995607837506573
Refined Mesh with degree of freedom  14714 sum_eta is  0.0009754470774150768
Refined Mesh with degree of freedom  18707 sum_eta is  0.0006271157344713449
Refined Mesh with degree of freedom  22856 sum_eta is  0.0004512111208545731
Refined Mesh with degree of freedom  28394 sum_eta is  0.00031625572104417146
Refined Mesh with degree of freedom  33065 sum_eta is  0.00024620559684503975
Refined Mesh with degree of freedom  38471 sum_eta is  0.00019212645986505376
Lambda is  0.0078125  flux is  0.9674785740453468
Refined Mesh with degree of freedom  8696 sum_eta is  0.010941173231192453
Refined Mesh with degree of freedom  9236 sum_eta is  0.006643288972870489
Refined Mesh with degree of freedom  10106 sum_eta is  0.004642088050182866
Refined Mesh with degree of freedom  11672 sum_eta is  0.0034239482306910205
Refined Mesh with degree of freedom  14336 sum_eta is  0.0025415445262056057
Refined Mesh with degree of freedom  17366 sum_eta is  0.0019469597661103048
Refined Mesh with degree of freedom  20450 sum_eta is  0.0015565351943307825
Refined Mesh with degree of freedom  24233 sum_eta is  0.0012466510362844473
Refined Mesh with degree of freedom  28769 sum_eta is  0.000967939517452138
Refined Mesh with degree of freedom  33077 sum_eta is  0.0008001577346960364
Lambda is  0.015625  flux is  0.9618834399492907
Refined Mesh with degree of freedom  8696 sum_eta is  0.02150453235016639
Refined Mesh with degree of freedom  9164 sum_eta is  0.014485394784300077
Refined Mesh with degree of freedom  9902 sum_eta is  0.010890820684434572
Refined Mesh with degree of freedom  11912 sum_eta is  0.00816172477054279
Refined Mesh with degree of freedom  14006 sum_eta is  0.006772399144294031
Refined Mesh with degree of freedom  16448 sum_eta is  0.005788024435336822
Refined Mesh with degree of freedom  19604 sum_eta is  0.004844716127084574
Refined Mesh with degree of freedom  23255 sum_eta is  0.004027763338202388
Refined Mesh with degree of freedom  26567 sum_eta is  0.0034307526076197835
Refined Mesh with degree of freedom  29969 sum_eta is  0.0030360465625652376
Lambda is  0.03125  flux is  0.9535287531572082
Refined Mesh with degree of freedom  8696 sum_eta is  0.042358704649813
Refined Mesh with degree of freedom  9113 sum_eta is  0.029575907015420618
Refined Mesh with degree of freedom  10079 sum_eta is  0.022858467720677914
Refined Mesh with degree of freedom  12032 sum_eta is  0.017822573639820993
Refined Mesh with degree of freedom  14252 sum_eta is  0.015106655634631367
Refined Mesh with degree of freedom  16523 sum_eta is  0.013394940831404339
Refined Mesh with degree of freedom  19391 sum_eta is  0.01191950462697689
Refined Mesh with degree of freedom  22631 sum_eta is  0.01071332118298829
Refined Mesh with degree of freedom  26852 sum_eta is  0.009333376783518539
Refined Mesh with degree of freedom  30773 sum_eta is  0.008334012450882316
Lambda is  0.0625  flux is  0.9412940684962577
Refined Mesh with degree of freedom  8696 sum_eta is  0.07580538955910286
Refined Mesh with degree of freedom  9128 sum_eta is  0.05398593334038056
Refined Mesh with degree of freedom  10544 sum_eta is  0.040964747705644455
Refined Mesh with degree of freedom  12359 sum_eta is  0.03449261779109663
Refined Mesh with degree of freedom  14438 sum_eta is  0.030352380766136774
Refined Mesh with degree of freedom  16925 sum_eta is  0.027343516969389862
Refined Mesh with degree of freedom  19589 sum_eta is  0.024849264433631998
Refined Mesh with degree of freedom  22508 sum_eta is  0.022497299898500477
Refined Mesh with degree of freedom  25661 sum_eta is  0.02065103412592214
Refined Mesh with degree of freedom  29318 sum_eta is  0.01911971588223522
Lambda is  0.125  flux is  0.9234632725212131
Refined Mesh with degree of freedom  8696 sum_eta is  0.1208714696826254
Refined Mesh with degree of freedom  9176 sum_eta is  0.08961604997651562
Refined Mesh with degree of freedom  10193 sum_eta is  0.06960791256758034
Refined Mesh with degree of freedom  12233 sum_eta is  0.05848039122749901
Refined Mesh with degree of freedom  14876 sum_eta is  0.05248601113482065
Refined Mesh with degree of freedom  18218 sum_eta is  0.04682910893924782
Refined Mesh with degree of freedom  21725 sum_eta is  0.04273956090371685
Refined Mesh with degree of freedom  25049 sum_eta is  0.0389876544623356
Refined Mesh with degree of freedom  28511 sum_eta is  0.03582705472986648
Refined Mesh with degree of freedom  31772 sum_eta is  0.033421054731621755
Lambda is  0.25  flux is  0.8971850100213037
Refined Mesh with degree of freedom  8696 sum_eta is  0.17364732166573377
Refined Mesh with degree of freedom  9305 sum_eta is  0.13025594497326648
Refined Mesh with degree of freedom  10571 sum_eta is  0.09693521730923207
Refined Mesh with degree of freedom  13103 sum_eta is  0.08393846712063856
Refined Mesh with degree of freedom  16142 sum_eta is  0.07577447706823069
Refined Mesh with degree of freedom  18830 sum_eta is  0.070866032222517
Refined Mesh with degree of freedom  21737 sum_eta is  0.06629302534207095
Refined Mesh with degree of freedom  25712 sum_eta is  0.06139695488206577
Refined Mesh with degree of freedom  29405 sum_eta is  0.05716717162420264
Refined Mesh with degree of freedom  32708 sum_eta is  0.05397204698183595
Lambda is  0.5  flux is  0.8583097251186788
Refined Mesh with degree of freedom  8696 sum_eta is  0.23497408503739145
Refined Mesh with degree of freedom  9515 sum_eta is  0.17108380729650988
Refined Mesh with degree of freedom  10337 sum_eta is  0.13128745108903078
Refined Mesh with degree of freedom  12803 sum_eta is  0.11189583464723903
Refined Mesh with degree of freedom  15998 sum_eta is  0.10386456562352518
Refined Mesh with degree of freedom  18887 sum_eta is  0.09782395382704343
Refined Mesh with degree of freedom  21830 sum_eta is  0.09296822816413516
Refined Mesh with degree of freedom  25421 sum_eta is  0.0875370699719617
Refined Mesh with degree of freedom  30068 sum_eta is  0.08216141506747354
Refined Mesh with degree of freedom  33941 sum_eta is  0.07769351307032617
Lambda is  1.0  flux is  0.800613782765142
Refined Mesh with degree of freedom  8696 sum_eta is  0.33857085420392874
Refined Mesh with degree of freedom  9452 sum_eta is  0.25279425001267997
Refined Mesh with degree of freedom  10169 sum_eta is  0.18739130033937815
Refined Mesh with degree of freedom  11822 sum_eta is  0.14679452092001297
Refined Mesh with degree of freedom  15938 sum_eta is  0.13561901489935277
Refined Mesh with degree of freedom  20171 sum_eta is  0.1254964359721721
Refined Mesh with degree of freedom  23945 sum_eta is  0.1193849063922183
Refined Mesh with degree of freedom  29597 sum_eta is  0.11039843299107151
Refined Mesh with degree of freedom  33506 sum_eta is  0.10590191470742492
Refined Mesh with degree of freedom  37883 sum_eta is  0.100921190740213
Lambda is  2.0  flux is  0.7157507912929121
Refined Mesh with degree of freedom  8696 sum_eta is  0.6031307353137314
Refined Mesh with degree of freedom  9572 sum_eta is  0.42336113472191067
Refined Mesh with degree of freedom  10175 sum_eta is  0.2958183560375455
Refined Mesh with degree of freedom  10994 sum_eta is  0.21704513128469483
Refined Mesh with degree of freedom  13865 sum_eta is  0.19042098712263908
Refined Mesh with degree of freedom  17918 sum_eta is  0.18420918927124658
Refined Mesh with degree of freedom  21560 sum_eta is  0.17717764026213925
Refined Mesh with degree of freedom  25496 sum_eta is  0.1690206337237831
Refined Mesh with degree of freedom  29873 sum_eta is  0.1617764616837184
Refined Mesh with degree of freedom  33866 sum_eta is  0.15536540982758157
Lambda is  4.0  flux is  0.5989499619960336
Refined Mesh with degree of freedom  8696 sum_eta is  1.217130583458074
Refined Mesh with degree of freedom  9464 sum_eta is  0.8509706655714391
Refined Mesh with degree of freedom  10043 sum_eta is  0.5859225455424488
Refined Mesh with degree of freedom  10469 sum_eta is  0.41758117078555124
Refined Mesh with degree of freedom  11816 sum_eta is  0.3261421421382321
Refined Mesh with degree of freedom  14900 sum_eta is  0.314624297404949
Refined Mesh with degree of freedom  18398 sum_eta is  0.3097789395584616
Refined Mesh with degree of freedom  22763 sum_eta is  0.2962749447295913
Refined Mesh with degree of freedom  25496 sum_eta is  0.2888098080338249
Refined Mesh with degree of freedom  29102 sum_eta is  0.27908196255999895
Lambda is  8.0  flux is  0.4554002161182336
Refined Mesh with degree of freedom  8696 sum_eta is  2.220597282806559
Refined Mesh with degree of freedom  9539 sum_eta is  1.4455613492975847
Refined Mesh with degree of freedom  10175 sum_eta is  0.9390297886827126
Refined Mesh with degree of freedom  10637 sum_eta is  0.6653232303888971
Refined Mesh with degree of freedom  12497 sum_eta is  0.5386746076389133
Refined Mesh with degree of freedom  16016 sum_eta is  0.5393238450060058
Refined Mesh with degree of freedom  19616 sum_eta is  0.5263130463153456
Refined Mesh with degree of freedom  23552 sum_eta is  0.507671824634169
Refined Mesh with degree of freedom  27284 sum_eta is  0.49044352373713507
Refined Mesh with degree of freedom  30995 sum_eta is  0.47380364863211594
Lambda is  16.0  flux is  0.30873901152620087
Refined Mesh with degree of freedom  8696 sum_eta is  3.3475527709821558
Refined Mesh with degree of freedom  9476 sum_eta is  2.2483328588618394
Refined Mesh with degree of freedom  10040 sum_eta is  1.5632451981189002
Refined Mesh with degree of freedom  10469 sum_eta is  1.0799421524372843
Refined Mesh with degree of freedom  11879 sum_eta is  0.7974163070748294
Refined Mesh with degree of freedom  14816 sum_eta is  0.781240945093302
Refined Mesh with degree of freedom  18350 sum_eta is  0.7753255481774055
Refined Mesh with degree of freedom  21068 sum_eta is  0.7652408901243714
Refined Mesh with degree of freedom  26042 sum_eta is  0.7285900994498113
Refined Mesh with degree of freedom  29156 sum_eta is  0.7097332717109112
Lambda is  32.0  flux is  0.18814540707696728
Refined Mesh with degree of freedom  8696 sum_eta is  4.27660820100415
Refined Mesh with degree of freedom  9476 sum_eta is  2.863398917392807
Refined Mesh with degree of freedom  10154 sum_eta is  1.8135159014406055
