firedrake:WARNING OMP_NUM_THREADS is not set or is set to a value greater than 1, we suggest setting OMP_NUM_THREADS=1 to improve performance
/home/yan00082/firedrake/src/ngsPETSc/ngsPETSc/eps.py:10: UserWarning: Import Warning: it was not possible to import SLEPc
  warnings.warn("Import Warning: it was not possible to import SLEPc")
/home/yan00082/firedrake/src/loopy/loopy/target/c/compyte/dtypes.py:184: DeprecationWarning: `np.bool8` is a deprecated alias for `np.bool_`.  (Deprecated NumPy 1.24)
  reg.get_or_register_dtype("bool", np.bool8)
Refined Mesh with degree of freedom  23280 sum_eta is  0.024100320745617923
Refined Mesh with degree of freedom  25630 sum_eta is  0.015239156348844294
Refined Mesh with degree of freedom  27400 sum_eta is  0.010807094297426049
Refined Mesh with degree of freedom  30680 sum_eta is  0.007517230556735882
Refined Mesh with degree of freedom  35700 sum_eta is  0.005209890369759029
Refined Mesh with degree of freedom  42660 sum_eta is  0.003339055711158206
Refined Mesh with degree of freedom  48750 sum_eta is  0.002313320426161336
Refined Mesh with degree of freedom  56705 sum_eta is  0.0015152419375353645
Refined Mesh with degree of freedom  67325 sum_eta is  0.0009299432696890539
Refined Mesh with degree of freedom  76910 sum_eta is  0.0006237401845833617
Lambda is  1e-11  flux is  0.975734194073817
phi0 is 0.975734194073817
Refined Mesh with degree of freedom  23280 sum_eta is  0.020585584956196477
Refined Mesh with degree of freedom  25630 sum_eta is  0.01305714900388365
Refined Mesh with degree of freedom  27645 sum_eta is  0.009004933227648199
Refined Mesh with degree of freedom  30610 sum_eta is  0.0062941836998216955
Refined Mesh with degree of freedom  35225 sum_eta is  0.004183304164711324
Refined Mesh with degree of freedom  42240 sum_eta is  0.0025726185442443428
Refined Mesh with degree of freedom  48205 sum_eta is  0.0017085495790338124
Refined Mesh with degree of freedom  55995 sum_eta is  0.0010495846297902778
Refined Mesh with degree of freedom  64210 sum_eta is  0.0006462715984513244
Refined Mesh with degree of freedom  73760 sum_eta is  0.00038287264311090733
Lambda is  3.0517578125e-05  flux is  0.9756843575997305
Refined Mesh with degree of freedom  23280 sum_eta is  0.01814181467144417
Refined Mesh with degree of freedom  24830 sum_eta is  0.012632868259281298
Refined Mesh with degree of freedom  27250 sum_eta is  0.008386818893830519
Refined Mesh with degree of freedom  30455 sum_eta is  0.005591243773216076
Refined Mesh with degree of freedom  36095 sum_eta is  0.003444900151851531
Refined Mesh with degree of freedom  41720 sum_eta is  0.0022196634277941787
Refined Mesh with degree of freedom  48495 sum_eta is  0.00136925390734649
Refined Mesh with degree of freedom  56620 sum_eta is  0.0008260745004634878
Refined Mesh with degree of freedom  64800 sum_eta is  0.0004974290698204967
Refined Mesh with degree of freedom  73710 sum_eta is  0.0002965926210791176
Lambda is  6.103515625e-05  flux is  0.9756363108248011
Refined Mesh with degree of freedom  23280 sum_eta is  0.015014854550026893
Refined Mesh with degree of freedom  26030 sum_eta is  0.008705917712316375
Refined Mesh with degree of freedom  28210 sum_eta is  0.0059502999373241125
Refined Mesh with degree of freedom  31675 sum_eta is  0.003795169802360624
Refined Mesh with degree of freedom  37750 sum_eta is  0.0022548412899180722
Refined Mesh with degree of freedom  43365 sum_eta is  0.0014055041406238625
Refined Mesh with degree of freedom  51780 sum_eta is  0.0008025571170131168
Refined Mesh with degree of freedom  60295 sum_eta is  0.0004665398942409859
Refined Mesh with degree of freedom  69345 sum_eta is  0.00027824308489449883
Refined Mesh with degree of freedom  81205 sum_eta is  0.0001582901884676032
Lambda is  0.0001220703125  flux is  0.9755427331814464
Refined Mesh with degree of freedom  23280 sum_eta is  0.011839344800442735
Refined Mesh with degree of freedom  26030 sum_eta is  0.006638717049142204
Refined Mesh with degree of freedom  28745 sum_eta is  0.004043175172652168
Refined Mesh with degree of freedom  33135 sum_eta is  0.0024983180617045267
Refined Mesh with degree of freedom  39360 sum_eta is  0.0014923193191514411
Refined Mesh with degree of freedom  46005 sum_eta is  0.000886412343864156
Refined Mesh with degree of freedom  57225 sum_eta is  0.0004257891269170875
Refined Mesh with degree of freedom  66465 sum_eta is  0.0002503865404175662
Refined Mesh with degree of freedom  79880 sum_eta is  0.00012972350537289354
Refined Mesh with degree of freedom  93320 sum_eta is  7.470177826564316e-05
Lambda is  0.000244140625  flux is  0.9753622856726636
Refined Mesh with degree of freedom  23280 sum_eta is  0.009120360389245716
Refined Mesh with degree of freedom  26145 sum_eta is  0.004696537441312312
Refined Mesh with degree of freedom  28260 sum_eta is  0.003036709893069997
Refined Mesh with degree of freedom  32915 sum_eta is  0.0018105731315951582
Refined Mesh with degree of freedom  40190 sum_eta is  0.0009923120811233237
Refined Mesh with degree of freedom  46470 sum_eta is  0.0006171356531572809
Refined Mesh with degree of freedom  55095 sum_eta is  0.0003548971112068978
Refined Mesh with degree of freedom  66435 sum_eta is  0.00017982454780991714
Refined Mesh with degree of freedom  77335 sum_eta is  0.00010186359411852059
Refined Mesh with degree of freedom  90370 sum_eta is  5.574872145244794e-05
Lambda is  0.00048828125  flux is  0.9750172890699057
Refined Mesh with degree of freedom  23280 sum_eta is  0.006804333115038388
Refined Mesh with degree of freedom  25240 sum_eta is  0.0041621069336913365
Refined Mesh with degree of freedom  27625 sum_eta is  0.002441337855189328
Refined Mesh with degree of freedom  31535 sum_eta is  0.0014856010622729986
Refined Mesh with degree of freedom  35560 sum_eta is  0.0009668462960776231
Refined Mesh with degree of freedom  41745 sum_eta is  0.0006031151298029812
Refined Mesh with degree of freedom  48365 sum_eta is  0.00034580007995795633
Refined Mesh with degree of freedom  58140 sum_eta is  0.00018998497872695376
Refined Mesh with degree of freedom  66385 sum_eta is  0.00011085739833656332
Refined Mesh with degree of freedom  76850 sum_eta is  6.415173125427522e-05
Lambda is  0.0009765625  flux is  0.9743666687299456
Refined Mesh with degree of freedom  23280 sum_eta is  0.0049604220507446055
Refined Mesh with degree of freedom  25535 sum_eta is  0.002646590489731892
Refined Mesh with degree of freedom  27570 sum_eta is  0.0017632316520578184
Refined Mesh with degree of freedom  30780 sum_eta is  0.0011224465061950152
Refined Mesh with degree of freedom  35730 sum_eta is  0.0006865632845493155
Refined Mesh with degree of freedom  42280 sum_eta is  0.00039725141559455844
Refined Mesh with degree of freedom  50900 sum_eta is  0.00022468414626830796
Refined Mesh with degree of freedom  59475 sum_eta is  0.00013752367592628962
Refined Mesh with degree of freedom  69570 sum_eta is  8.70187806725667e-05
Refined Mesh with degree of freedom  81915 sum_eta is  5.3811604343828565e-05
Lambda is  0.001953125  flux is  0.9731679154116611
Refined Mesh with degree of freedom  23280 sum_eta is  0.004312992812440947
Refined Mesh with degree of freedom  24925 sum_eta is  0.0023501165702688024
Refined Mesh with degree of freedom  27690 sum_eta is  0.001545733077284585
Refined Mesh with degree of freedom  31020 sum_eta is  0.0010619927664086777
Refined Mesh with degree of freedom  37905 sum_eta is  0.0006140981668056813
Refined Mesh with degree of freedom  45460 sum_eta is  0.0003977595683863597
Refined Mesh with degree of freedom  54765 sum_eta is  0.00025859726461368763
Refined Mesh with degree of freedom  67255 sum_eta is  0.0001707348825705568
Refined Mesh with degree of freedom  78285 sum_eta is  0.00012440673520580113
Refined Mesh with degree of freedom  93425 sum_eta is  8.606389567777336e-05
Lambda is  0.00390625  flux is  0.9710417594581731
Refined Mesh with degree of freedom  23280 sum_eta is  0.006378077816268859
Refined Mesh with degree of freedom  24540 sum_eta is  0.003985065273351757
Refined Mesh with degree of freedom  27055 sum_eta is  0.0026700326368890564
Refined Mesh with degree of freedom  31230 sum_eta is  0.0019340007575007092
Refined Mesh with degree of freedom  38335 sum_eta is  0.0013462544675749563
Refined Mesh with degree of freedom  45705 sum_eta is  0.0010180955191535278
Refined Mesh with degree of freedom  55370 sum_eta is  0.0007615695619541422
Refined Mesh with degree of freedom  66915 sum_eta is  0.0005722908071679427
Refined Mesh with degree of freedom  78025 sum_eta is  0.0004544417287552194
Refined Mesh with degree of freedom  87335 sum_eta is  0.0003838021522105329
Lambda is  0.0078125  flux is  0.9674769216982745
Refined Mesh with degree of freedom  23280 sum_eta is  0.015033132946941388
Refined Mesh with degree of freedom  24560 sum_eta is  0.01002714920401094
Refined Mesh with degree of freedom  27240 sum_eta is  0.006985960344962816
Refined Mesh with degree of freedom  32875 sum_eta is  0.005228254694735637
Refined Mesh with degree of freedom  38420 sum_eta is  0.0043850472250117276
Refined Mesh with degree of freedom  44790 sum_eta is  0.0037208298109836046
Refined Mesh with degree of freedom  53530 sum_eta is  0.0030153355125901457
Refined Mesh with degree of freedom  61765 sum_eta is  0.0025582602850369204
Refined Mesh with degree of freedom  70340 sum_eta is  0.002194310962011567
Refined Mesh with degree of freedom  79635 sum_eta is  0.0019099202088545774
Lambda is  0.015625  flux is  0.9618752321587113
Refined Mesh with degree of freedom  23280 sum_eta is  0.03979359002175758
Refined Mesh with degree of freedom  24140 sum_eta is  0.027359016428466925
Refined Mesh with degree of freedom  26525 sum_eta is  0.02108660691633431
Refined Mesh with degree of freedom  30390 sum_eta is  0.01730866380776298
Refined Mesh with degree of freedom  34570 sum_eta is  0.01527611688319626
Refined Mesh with degree of freedom  39080 sum_eta is  0.013492866430659629
Refined Mesh with degree of freedom  44310 sum_eta is  0.01190381931866549
Refined Mesh with degree of freedom  49985 sum_eta is  0.010730202757054646
Refined Mesh with degree of freedom  55545 sum_eta is  0.0097966371537916
Refined Mesh with degree of freedom  62060 sum_eta is  0.008933341712629833
Lambda is  0.03125  flux is  0.9535086013173021
Refined Mesh with degree of freedom  23280 sum_eta is  0.09597681734710754
Refined Mesh with degree of freedom  24160 sum_eta is  0.06814750972714127
Refined Mesh with degree of freedom  26655 sum_eta is  0.05294578282969688
Refined Mesh with degree of freedom  31095 sum_eta is  0.044356436067229124
Refined Mesh with degree of freedom  34560 sum_eta is  0.03917900679460151
Refined Mesh with degree of freedom  39885 sum_eta is  0.03466948994087719
Refined Mesh with degree of freedom  44400 sum_eta is  0.03202294022253212
Refined Mesh with degree of freedom  49850 sum_eta is  0.02953785981479476
Refined Mesh with degree of freedom  56160 sum_eta is  0.02733243694789394
Refined Mesh with degree of freedom  65185 sum_eta is  0.02454153339109474
Lambda is  0.0625  flux is  0.9412423366467116
Refined Mesh with degree of freedom  23280 sum_eta is  0.19738578684730174
Refined Mesh with degree of freedom  24325 sum_eta is  0.14365306377772588
Refined Mesh with degree of freedom  26730 sum_eta is  0.11318075179270434
Refined Mesh with degree of freedom  30850 sum_eta is  0.09387686177341045
Refined Mesh with degree of freedom  35340 sum_eta is  0.08540610463606958
Refined Mesh with degree of freedom  40295 sum_eta is  0.07859582350829349
Refined Mesh with degree of freedom  46365 sum_eta is  0.07113618185360257
Refined Mesh with degree of freedom  53055 sum_eta is  0.06577233466277616
Refined Mesh with degree of freedom  59255 sum_eta is  0.06074252556940622
Refined Mesh with degree of freedom  65335 sum_eta is  0.056914702958237404
Lambda is  0.125  flux is  0.9233319828632213
Refined Mesh with degree of freedom  23280 sum_eta is  0.3467326125364415
Refined Mesh with degree of freedom  24675 sum_eta is  0.2536500684285335
Refined Mesh with degree of freedom  26775 sum_eta is  0.19318966891016945
Refined Mesh with degree of freedom  32200 sum_eta is  0.16458480629446265
Refined Mesh with degree of freedom  38720 sum_eta is  0.149039152321852
Refined Mesh with degree of freedom  44395 sum_eta is  0.13857620177313876
Refined Mesh with degree of freedom  53170 sum_eta is  0.1273075216685005
Refined Mesh with degree of freedom  60220 sum_eta is  0.11839926123470881
Refined Mesh with degree of freedom  66855 sum_eta is  0.11207988636243522
Refined Mesh with degree of freedom  77920 sum_eta is  0.1025976427689579
Lambda is  0.25  flux is  0.8968508616686102
Refined Mesh with degree of freedom  23280 sum_eta is  0.5290346850605342
Refined Mesh with degree of freedom  24775 sum_eta is  0.40546572727823915
Refined Mesh with degree of freedom  26455 sum_eta is  0.31766456080706107
Refined Mesh with degree of freedom  31690 sum_eta is  0.25403050226483626
Refined Mesh with degree of freedom  38135 sum_eta is  0.2340187147527159
Refined Mesh with degree of freedom  45895 sum_eta is  0.2174805449301245
Refined Mesh with degree of freedom  53415 sum_eta is  0.20427599120321746
Refined Mesh with degree of freedom  62520 sum_eta is  0.1900643679114423
Refined Mesh with degree of freedom  71235 sum_eta is  0.1790919046970642
Refined Mesh with degree of freedom  78520 sum_eta is  0.17141039245927642
Lambda is  0.5  flux is  0.8578265064276351
Refined Mesh with degree of freedom  23280 sum_eta is  0.7219681217986722
Refined Mesh with degree of freedom  25225 sum_eta is  0.5454099141907963
Refined Mesh with degree of freedom  27055 sum_eta is  0.4201087180329019
Refined Mesh with degree of freedom  30885 sum_eta is  0.3438223154607001
Refined Mesh with degree of freedom  38485 sum_eta is  0.32073806185843046
Refined Mesh with degree of freedom  45745 sum_eta is  0.3026352675011681
Refined Mesh with degree of freedom  55855 sum_eta is  0.2829262049664054
Refined Mesh with degree of freedom  65535 sum_eta is  0.2684612854273871
Refined Mesh with degree of freedom  74045 sum_eta is  0.25603236740079727
Refined Mesh with degree of freedom  85590 sum_eta is  0.24206749632112184
Lambda is  1.0  flux is  0.7998367393929073
Refined Mesh with degree of freedom  23280 sum_eta is  0.9551509563029312
Refined Mesh with degree of freedom  25225 sum_eta is  0.7365143929482867
Refined Mesh with degree of freedom  27110 sum_eta is  0.5320154914100644
Refined Mesh with degree of freedom  31745 sum_eta is  0.4175585127373778
Refined Mesh with degree of freedom  43355 sum_eta is  0.3902274475880955
Refined Mesh with degree of freedom  51805 sum_eta is  0.3737009664661061
Refined Mesh with degree of freedom  61190 sum_eta is  0.3567714064103407
Refined Mesh with degree of freedom  75665 sum_eta is  0.33001400719985097
Refined Mesh with degree of freedom  85840 sum_eta is  0.3145967644244638
Refined Mesh with degree of freedom  94830 sum_eta is  0.3044739308101531
Lambda is  2.0  flux is  0.714939347282736
Refined Mesh with degree of freedom  23280 sum_eta is  1.4370658639101888
Refined Mesh with degree of freedom  25790 sum_eta is  0.9700610452003404
Refined Mesh with degree of freedom  27185 sum_eta is  0.6977539423498897
Refined Mesh with degree of freedom  30260 sum_eta is  0.5223761156856755
Refined Mesh with degree of freedom  43345 sum_eta is  0.46783668180835863
Refined Mesh with degree of freedom  52810 sum_eta is  0.4517421333911039
Refined Mesh with degree of freedom  59900 sum_eta is  0.440249969811605
Refined Mesh with degree of freedom  70860 sum_eta is  0.4204437422845094
Refined Mesh with degree of freedom  78905 sum_eta is  0.4083303756143664
Refined Mesh with degree of freedom  90880 sum_eta is  0.3888885735070254
Lambda is  4.0  flux is  0.5979359042159914
Refined Mesh with degree of freedom  23280 sum_eta is  2.5640496387426515
Refined Mesh with degree of freedom  25900 sum_eta is  1.5511744061135389
Refined Mesh with degree of freedom  27130 sum_eta is  1.0899583984096979
Refined Mesh with degree of freedom  28285 sum_eta is  0.7911713293421507
Refined Mesh with degree of freedom  33295 sum_eta is  0.6723950614426291
Refined Mesh with degree of freedom  41425 sum_eta is  0.6686579389691016
Refined Mesh with degree of freedom  51800 sum_eta is  0.6479549960504328
Refined Mesh with degree of freedom  59550 sum_eta is  0.6325330088091391
Refined Mesh with degree of freedom  67870 sum_eta is  0.6158199731585011
Refined Mesh with degree of freedom  78995 sum_eta is  0.5932017483359748
Lambda is  8.0  flux is  0.4546417186625493
Refined Mesh with degree of freedom  23280 sum_eta is  4.477146477082891
Refined Mesh with degree of freedom  25230 sum_eta is  2.99660697402397
Refined Mesh with degree of freedom  26965 sum_eta is  1.8706766906912657
Refined Mesh with degree of freedom  28010 sum_eta is  1.3290358390141315
Refined Mesh with degree of freedom  32435 sum_eta is  1.0463013839678204
Refined Mesh with degree of freedom  40540 sum_eta is  1.0471556720549846
Refined Mesh with degree of freedom  50365 sum_eta is  1.027901477864537
Refined Mesh with degree of freedom  60015 sum_eta is  0.9988708256814107
Refined Mesh with degree of freedom  70220 sum_eta is  0.9657324772816972
Refined Mesh with degree of freedom  80530 sum_eta is  0.9350700136430428
Lambda is  16.0  flux is  0.3084024649203595
Refined Mesh with degree of freedom  23280 sum_eta is  6.6817723183854065
Refined Mesh with degree of freedom  25285 sum_eta is  4.331789556264466
Refined Mesh with degree of freedom  26805 sum_eta is  2.839759183294258
Refined Mesh with degree of freedom  27955 sum_eta is  1.970281655446466
Refined Mesh with degree of freedom  30805 sum_eta is  1.5085993429880928
Refined Mesh with degree of freedom  38890 sum_eta is  1.5116851093203119
Refined Mesh with degree of freedom  46055 sum_eta is  1.4924674435716838
Refined Mesh with degree of freedom  54460 sum_eta is  1.4660742504084803
Refined Mesh with degree of freedom  64805 sum_eta is  1.430162676004947
Refined Mesh with degree of freedom  73795 sum_eta is  1.3987419596177486
Lambda is  32.0  flux is  0.1880217706120607
Refined Mesh with degree of freedom  23280 sum_eta is  8.526031223573018
Refined Mesh with degree of freedom  25395 sum_eta is  5.3110609057760945
Refined Mesh with degree of freedom  26965 sum_eta is  3.4621479750174626
Refined Mesh with degree of freedom  28065 sum_eta is  2.4307987738957846
Refined Mesh with degree of freedom  30920 sum_eta is  1.9058096779951557
Refined Mesh with degree of freedom  38965 sum_eta is  1.928851798890455
Refined Mesh with degree of freedom  51135 sum_eta is  1.9061137804066375
Refined Mesh with degree of freedom  57355 sum_eta is  1.864332789802469
Refined Mesh with degree of freedom  66565 sum_eta is  1.8165645013437175
Refined Mesh with degree of freedom  75440 sum_eta is  1.7721193177717816
Lambda is  64.0  flux is  0.10562307000199474
Refined Mesh with degree of freedom  23280 sum_eta is  9.762003340516559
Refined Mesh with degree of freedom  25340 sum_eta is  6.171784963559472
Refined Mesh with degree of freedom  26965 sum_eta is  3.9563587359408605
Refined Mesh with degree of freedom  28010 sum_eta is  2.8203672509465547
Refined Mesh with degree of freedom  30920 sum_eta is  2.1768324951906703
Refined Mesh with degree of freedom  38850 sum_eta is  2.20432507438176
Refined Mesh with degree of freedom  51135 sum_eta is  2.179009137208469
Refined Mesh with degree of freedom  57045 sum_eta is  2.132392892196509
Refined Mesh with degree of freedom  66100 sum_eta is  2.0820353551360364
Refined Mesh with degree of freedom  74935 sum_eta is  2.0292384508150914
Lambda is  128.0  flux is  0.05629738081080087
Refined Mesh with degree of freedom  23280 sum_eta is  10.485570951074946
Refined Mesh with degree of freedom  25340 sum_eta is  6.623123667430312
Refined Mesh with degree of freedom  26805 sum_eta is  4.412892432853235
Refined Mesh with degree of freedom  27900 sum_eta is  3.124633196283819
Refined Mesh with degree of freedom  30545 sum_eta is  2.349543988497347
Refined Mesh with degree of freedom  38310 sum_eta is  2.350105799625858
Refined Mesh with degree of freedom  50180 sum_eta is  2.3420507562002495
Refined Mesh with degree of freedom  56245 sum_eta is  2.2928521452873953
Refined Mesh with degree of freedom  65120 sum_eta is  2.239124113431084
Refined Mesh with degree of freedom  73075 sum_eta is  2.195377856047257
Lambda is  256.0  flux is  0.029110543554041537
Refined Mesh with degree of freedom  23280 sum_eta is  10.878304014204762
Refined Mesh with degree of freedom  25340 sum_eta is  6.8682505156192635
Refined Mesh with degree of freedom  26805 sum_eta is  4.576729961132012
Refined Mesh with degree of freedom  27900 sum_eta is  3.2427093227279156
Refined Mesh with degree of freedom  30545 sum_eta is  2.4374187982734936
Refined Mesh with degree of freedom  38310 sum_eta is  2.4379779300296622
Refined Mesh with degree of freedom  49510 sum_eta is  2.4174458418165865
Refined Mesh with degree of freedom  60445 sum_eta is  2.362364258671159
Refined Mesh with degree of freedom  66955 sum_eta is  2.310633710112353
Refined Mesh with degree of freedom  73775 sum_eta is  2.2660278915818646
Lambda is  512.0  flux is  0.014808282621576147
Plot for 0<Lambda<1000 saved to figures/Phi_Lam_4.png 
Result for 0<Lambda<1000 saved to results/Phi_Lam_4.csv 
Refined Mesh with degree of freedom  23280 sum_eta is  0.0109125650138325
Refined Mesh with degree of freedom  24450 sum_eta is  0.007407912528217443
Refined Mesh with degree of freedom  26585 sum_eta is  0.005196026261641896
Refined Mesh with degree of freedom  31980 sum_eta is  0.003760176306329482
Refined Mesh with degree of freedom  38560 sum_eta is  0.002956411719441492
Refined Mesh with degree of freedom  45365 sum_eta is  0.0023667148162411678
Refined Mesh with degree of freedom  53370 sum_eta is  0.001932086321869483
Refined Mesh with degree of freedom  62055 sum_eta is  0.0016133660468328015
Refined Mesh with degree of freedom  70735 sum_eta is  0.0013567359250167353
Refined Mesh with degree of freedom  81420 sum_eta is  0.001131447827941011
Lambda is  0.012345679012345678  flux is  0.9640484436277282
Refined Mesh with degree of freedom  23280 sum_eta is  0.0043467906192843206
Refined Mesh with degree of freedom  24925 sum_eta is  0.0023729220096106824
Refined Mesh with degree of freedom  28155 sum_eta is  0.0014878122417965045
Refined Mesh with degree of freedom  31695 sum_eta is  0.0010140031555637512
Refined Mesh with degree of freedom  37540 sum_eta is  0.0006519084892319731
Refined Mesh with degree of freedom  45260 sum_eta is  0.00042621897294909614
Refined Mesh with degree of freedom  53590 sum_eta is  0.00028602076047126165
Refined Mesh with degree of freedom  66080 sum_eta is  0.00019043811994777943
Refined Mesh with degree of freedom  78175 sum_eta is  0.00013534369869733047
Refined Mesh with degree of freedom  90775 sum_eta is  0.00010106354759841112
Lambda is  0.00411522633744856  flux is  0.9708307959092408
Refined Mesh with degree of freedom  23280 sum_eta is  0.005811448220019871
Refined Mesh with degree of freedom  25570 sum_eta is  0.003398795233630199
Refined Mesh with degree of freedom  27535 sum_eta is  0.0020905253317315044
Refined Mesh with degree of freedom  30850 sum_eta is  0.0013390856669907663
Refined Mesh with degree of freedom  35490 sum_eta is  0.0008229637079131075
Refined Mesh with degree of freedom  41775 sum_eta is  0.0005041532230544426
Refined Mesh with degree of freedom  47375 sum_eta is  0.0003028491163165384
Refined Mesh with degree of freedom  55990 sum_eta is  0.00018029322303233722
Refined Mesh with degree of freedom  64570 sum_eta is  0.00010466226146317924
Refined Mesh with degree of freedom  75955 sum_eta is  6.100499105649018e-05
Lambda is  0.0013717421124828531  flux is  0.9738675889314568
Refined Mesh with degree of freedom  23280 sum_eta is  0.009357583794788878
Refined Mesh with degree of freedom  26130 sum_eta is  0.00480878664152842
Refined Mesh with degree of freedom  28195 sum_eta is  0.0031441828345748673
Refined Mesh with degree of freedom  32990 sum_eta is  0.001842682230478846
Refined Mesh with degree of freedom  39975 sum_eta is  0.0010353048249427703
Refined Mesh with degree of freedom  46255 sum_eta is  0.0006475539469003983
Refined Mesh with degree of freedom  56700 sum_eta is  0.00032463090462151394
Refined Mesh with degree of freedom  64860 sum_eta is  0.0001934431569849439
Refined Mesh with degree of freedom  75740 sum_eta is  0.00011004979905582462
Refined Mesh with degree of freedom  89690 sum_eta is  5.866377362060625e-05
Lambda is  0.0004572473708276177  flux is  0.9750602575637471
Refined Mesh with degree of freedom  23280 sum_eta is  0.013967828442658547
Refined Mesh with degree of freedom  26030 sum_eta is  0.008037251352575546
Refined Mesh with degree of freedom  28745 sum_eta is  0.004975286387880672
Refined Mesh with degree of freedom  33235 sum_eta is  0.00307977297581982
Refined Mesh with degree of freedom  41255 sum_eta is  0.0015857565990491163
Refined Mesh with degree of freedom  47565 sum_eta is  0.001002046519311755
Refined Mesh with degree of freedom  54965 sum_eta is  0.0006127092707617813
Refined Mesh with degree of freedom  64475 sum_eta is  0.000347313079695659
Refined Mesh with degree of freedom  74510 sum_eta is  0.0002022490699026676
Refined Mesh with degree of freedom  86760 sum_eta is  0.00011802473769584184
Lambda is  0.00015241579027587258  flux is  0.9754971474185914
Refined Mesh with degree of freedom  23280 sum_eta is  0.0188716935990096
Refined Mesh with degree of freedom  24830 sum_eta is  0.013151921051184196
Refined Mesh with degree of freedom  27135 sum_eta is  0.008972428464587807
Refined Mesh with degree of freedom  30655 sum_eta is  0.005807503804916494
Refined Mesh with degree of freedom  36095 sum_eta is  0.0036265766397968052
Refined Mesh with degree of freedom  42805 sum_eta is  0.0022155763345630907
Refined Mesh with degree of freedom  49630 sum_eta is  0.0013992001017459543
Refined Mesh with degree of freedom  56745 sum_eta is  0.000879254207800632
Refined Mesh with degree of freedom  63985 sum_eta is  0.0005662657949123616
Refined Mesh with degree of freedom  74085 sum_eta is  0.00032672338606241436
Lambda is  5.080526342529086e-05  flux is  0.9756523083203577
Refined Mesh with degree of freedom  23280 sum_eta is  0.021983310122100443
Refined Mesh with degree of freedom  25630 sum_eta is  0.013935523726731852
Refined Mesh with degree of freedom  27420 sum_eta is  0.009842920263117805
Refined Mesh with degree of freedom  30675 sum_eta is  0.0067503552738204155
Refined Mesh with degree of freedom  35340 sum_eta is  0.004537189135719633
Refined Mesh with degree of freedom  41940 sum_eta is  0.0029102906420850837
Refined Mesh with degree of freedom  48855 sum_eta is  0.0018579311869656907
Refined Mesh with degree of freedom  57035 sum_eta is  0.0011554370120283775
Refined Mesh with degree of freedom  64915 sum_eta is  0.0007514947647667087
Refined Mesh with degree of freedom  73985 sum_eta is  0.00045996255433864574
Lambda is  1.6935087808430286e-05  flux is  0.9757062520669842
Refined Mesh with degree of freedom  23280 sum_eta is  0.023341377507754033
Refined Mesh with degree of freedom  25630 sum_eta is  0.014775326767613376
Refined Mesh with degree of freedom  27840 sum_eta is  0.009603616517691156
Refined Mesh with degree of freedom  31425 sum_eta is  0.006639902024414823
Refined Mesh with degree of freedom  37270 sum_eta is  0.0043961987628966465
Refined Mesh with degree of freedom  43015 sum_eta is  0.0029824778061857916
Refined Mesh with degree of freedom  50255 sum_eta is  0.0019037299703751859
Refined Mesh with degree of freedom  59275 sum_eta is  0.0011969224362257248
Refined Mesh with degree of freedom  67780 sum_eta is  0.0007579961824372814
Refined Mesh with degree of freedom  78020 sum_eta is  0.0004887618993451642
Lambda is  5.645029269476762e-06  flux is  0.9757245777302603
Refined Mesh with degree of freedom  23280 sum_eta is  0.023840860254070024
Refined Mesh with degree of freedom  25630 sum_eta is  0.015081014091520014
Refined Mesh with degree of freedom  27840 sum_eta is  0.009810841959610612
Refined Mesh with degree of freedom  31425 sum_eta is  0.006816871244565614
Refined Mesh with degree of freedom  37320 sum_eta is  0.004548012079530846
Refined Mesh with degree of freedom  43995 sum_eta is  0.002999659795276999
Refined Mesh with degree of freedom  50855 sum_eta is  0.0019766118748692657
Refined Mesh with degree of freedom  61140 sum_eta is  0.0011933267403631677
Refined Mesh with degree of freedom  70480 sum_eta is  0.0007624748153103781
Refined Mesh with degree of freedom  80845 sum_eta is  0.0004987325364765905
Lambda is  1.8816764231589208e-06  flux is  0.9757307642013666
Refined Mesh with degree of freedom  23280 sum_eta is  0.02401309198263585
Refined Mesh with degree of freedom  25630 sum_eta is  0.015186039004979137
Refined Mesh with degree of freedom  27400 sum_eta is  0.010766682794877802
Refined Mesh with degree of freedom  30680 sum_eta is  0.007484099351628796
Refined Mesh with degree of freedom  35700 sum_eta is  0.00518156662833544
Refined Mesh with degree of freedom  42570 sum_eta is  0.003336780588132583
Refined Mesh with degree of freedom  48650 sum_eta is  0.0022930949861208437
Refined Mesh with degree of freedom  57665 sum_eta is  0.001412703142296054
Refined Mesh with degree of freedom  67650 sum_eta is  0.0008986934826742689
Refined Mesh with degree of freedom  78165 sum_eta is  0.0005848618920943021
Lambda is  6.272254743863069e-07  flux is  0.9757330622446619
Refined Mesh with degree of freedom  23280 sum_eta is  0.024071162008834888
Refined Mesh with degree of freedom  25630 sum_eta is  0.015221405834626885
Refined Mesh with degree of freedom  27400 sum_eta is  0.01079357677497938
Refined Mesh with degree of freedom  30680 sum_eta is  0.007506139334089348
Refined Mesh with degree of freedom  35700 sum_eta is  0.005200399336901188
Refined Mesh with degree of freedom  42570 sum_eta is  0.0033522399255639583
Refined Mesh with degree of freedom  48650 sum_eta is  0.002306517005308091
Refined Mesh with degree of freedom  56430 sum_eta is  0.001509248168234131
Refined Mesh with degree of freedom  67505 sum_eta is  0.0009062414275188706
Refined Mesh with degree of freedom  76635 sum_eta is  0.000619234863258966
Lambda is  2.0907515812876897e-07  flux is  0.97573383922647
Refined Mesh with degree of freedom  23280 sum_eta is  0.024090592796965148
Refined Mesh with degree of freedom  25630 sum_eta is  0.015233235028129401
Refined Mesh with degree of freedom  27400 sum_eta is  0.010802583583841454
Refined Mesh with degree of freedom  30680 sum_eta is  0.007513528484244999
Refined Mesh with degree of freedom  35700 sum_eta is  0.005206721384538065
Refined Mesh with degree of freedom  42660 sum_eta is  0.003336452235586015
Refined Mesh with degree of freedom  48750 sum_eta is  0.00231104558390957
Refined Mesh with degree of freedom  56705 sum_eta is  0.0015132339007985405
Refined Mesh with degree of freedom  67325 sum_eta is  0.0009282496433785069
Refined Mesh with degree of freedom  76910 sum_eta is  0.0006222232505048006
Lambda is  6.969171937625632e-08  flux is  0.9757340757618865
Refined Mesh with degree of freedom  23280 sum_eta is  0.02409707799256942
Refined Mesh with degree of freedom  25630 sum_eta is  0.015237182580383576
Refined Mesh with degree of freedom  27400 sum_eta is  0.010805590567448363
Refined Mesh with degree of freedom  30680 sum_eta is  0.007515996290891682
Refined Mesh with degree of freedom  35700 sum_eta is  0.005208833719652456
Refined Mesh with degree of freedom  42660 sum_eta is  0.003338187477759609
Refined Mesh with degree of freedom  48750 sum_eta is  0.0023125615779318134
Refined Mesh with degree of freedom  56705 sum_eta is  0.0015145716890970664
Refined Mesh with degree of freedom  67325 sum_eta is  0.0009293774911773291
Refined Mesh with degree of freedom  76910 sum_eta is  0.0006232330211803068
Lambda is  2.3230573125418773e-08  flux is  0.9757341546432441
Refined Mesh with degree of freedom  23280 sum_eta is  0.02409924064407849
Refined Mesh with degree of freedom  25630 sum_eta is  0.015238498930350342
Refined Mesh with degree of freedom  27400 sum_eta is  0.01080659342024283
Refined Mesh with degree of freedom  30680 sum_eta is  0.007516819422945831
Refined Mesh with degree of freedom  35700 sum_eta is  0.005209538386987573
Refined Mesh with degree of freedom  42660 sum_eta is  0.0033387664762318486
Refined Mesh with degree of freedom  48750 sum_eta is  0.0023130676073001254
Refined Mesh with degree of freedom  56705 sum_eta is  0.001515018591878551
Refined Mesh with degree of freedom  67325 sum_eta is  0.0009297546832323661
Refined Mesh with degree of freedom  76910 sum_eta is  0.0006235710898551207
Lambda is  7.743524375139592e-09  flux is  0.9757341809411065
Refined Mesh with degree of freedom  23280 sum_eta is  0.0240999616301396
Refined Mesh with degree of freedom  25630 sum_eta is  0.015238937769161957
Refined Mesh with degree of freedom  27400 sum_eta is  0.010806927762875338
Refined Mesh with degree of freedom  30680 sum_eta is  0.0075170938592172085
Refined Mesh with degree of freedom  35700 sum_eta is  0.005209773337897128
Refined Mesh with degree of freedom  42660 sum_eta is  0.0033389595407495865
Refined Mesh with degree of freedom  48750 sum_eta is  0.0023132363614668254
Refined Mesh with degree of freedom  56705 sum_eta is  0.0015151676679896666
Refined Mesh with degree of freedom  67325 sum_eta is  0.0009298805527826339
Refined Mesh with degree of freedom  76910 sum_eta is  0.0006236839447999978
Lambda is  2.581174791713197e-09  flux is  0.9757341897075208
Refined Mesh with degree of freedom  23280 sum_eta is  0.02410020197018689
Refined Mesh with degree of freedom  25630 sum_eta is  0.015239084054932163
Refined Mesh with degree of freedom  27400 sum_eta is  0.010807039216906435
Refined Mesh with degree of freedom  30680 sum_eta is  0.007517185344523157
Refined Mesh with degree of freedom  35700 sum_eta is  0.005209851661735662
Refined Mesh with degree of freedom  42660 sum_eta is  0.0033390239028174237
Refined Mesh with degree of freedom  48750 sum_eta is  0.002313292621495871
Refined Mesh with degree of freedom  56705 sum_eta is  0.0015152173720977932
Refined Mesh with degree of freedom  67325 sum_eta is  0.0009299225247579037
Refined Mesh with degree of freedom  76910 sum_eta is  0.0006237215815328634
Lambda is  8.603915972377324e-10  flux is  0.9757341926296904
plot for 0<Lambda<l saved to figures/Phi_Lam_4_R1.png 
Result for 0<Lambda<l saved to results/Phi_Lam_4_R1.csv 
Refined Mesh with degree of freedom  23280 sum_eta is  0.010912565013832533
Refined Mesh with degree of freedom  24450 sum_eta is  0.007407912528217431
Refined Mesh with degree of freedom  26585 sum_eta is  0.00519602626164185
Refined Mesh with degree of freedom  31980 sum_eta is  0.003760176306329516
Refined Mesh with degree of freedom  38560 sum_eta is  0.0029564117194414924
Refined Mesh with degree of freedom  45365 sum_eta is  0.0023667148162411777
Refined Mesh with degree of freedom  53370 sum_eta is  0.0019320863218694954
Refined Mesh with degree of freedom  62055 sum_eta is  0.0016133660468327857
Refined Mesh with degree of freedom  70735 sum_eta is  0.0013567359250167346
Refined Mesh with degree of freedom  81420 sum_eta is  0.0011314478279409873
Lambda is  0.012345679012345675  flux is  0.9640484436277285
Refined Mesh with degree of freedom  23280 sum_eta is  0.017375074090019912
Refined Mesh with degree of freedom  24410 sum_eta is  0.011837954096582476
Refined Mesh with degree of freedom  26635 sum_eta is  0.008528575213761817
Refined Mesh with degree of freedom  31825 sum_eta is  0.0064287333163766955
Refined Mesh with degree of freedom  37185 sum_eta is  0.005401173423612553
Refined Mesh with degree of freedom  43085 sum_eta is  0.004654511217770789
Refined Mesh with degree of freedom  49380 sum_eta is  0.004099911899739977
Refined Mesh with degree of freedom  57110 sum_eta is  0.0034944164046746685
Refined Mesh with degree of freedom  65815 sum_eta is  0.002930611660239699
Refined Mesh with degree of freedom  76615 sum_eta is  0.0024625986131148435
Lambda is  0.01732473342973221  flux is  0.9608251768720549
Refined Mesh with degree of freedom  23280 sum_eta is  0.02806928123104836
Refined Mesh with degree of freedom  24230 sum_eta is  0.01884914240190082
Refined Mesh with degree of freedom  26920 sum_eta is  0.014029312528280005
Refined Mesh with degree of freedom  31380 sum_eta is  0.011293466524470733
Refined Mesh with degree of freedom  36065 sum_eta is  0.009864297664512606
Refined Mesh with degree of freedom  41790 sum_eta is  0.00856146156417109
Refined Mesh with degree of freedom  47065 sum_eta is  0.0076241027814364865
Refined Mesh with degree of freedom  53145 sum_eta is  0.0068025770529358594
Refined Mesh with degree of freedom  60575 sum_eta is  0.0060673687086623485
Refined Mesh with degree of freedom  69140 sum_eta is  0.005401076107521837
Lambda is  0.024311857461313733  flux is  0.9569152334299544
Refined Mesh with degree of freedom  23280 sum_eta is  0.044826977701505684
Refined Mesh with degree of freedom  24140 sum_eta is  0.030996055131064234
Refined Mesh with degree of freedom  26385 sum_eta is  0.024281441772853986
Refined Mesh with degree of freedom  30680 sum_eta is  0.019326455523295805
Refined Mesh with degree of freedom  34650 sum_eta is  0.017496202199028095
Refined Mesh with degree of freedom  39620 sum_eta is  0.01506214756199464
Refined Mesh with degree of freedom  45730 sum_eta is  0.013223921115905125
Refined Mesh with degree of freedom  51940 sum_eta is  0.011853971130408588
Refined Mesh with degree of freedom  58910 sum_eta is  0.010637803906589818
Refined Mesh with degree of freedom  66085 sum_eta is  0.009760772926084484
Lambda is  0.03411691242561144  flux is  0.9521952786907344
Refined Mesh with degree of freedom  23280 sum_eta is  0.06962357812906769
Refined Mesh with degree of freedom  23995 sum_eta is  0.05081958165551621
Refined Mesh with degree of freedom  26160 sum_eta is  0.039175371224577434
Refined Mesh with degree of freedom  30230 sum_eta is  0.03207707226534544
Refined Mesh with degree of freedom  34830 sum_eta is  0.027648570198646118
Refined Mesh with degree of freedom  38840 sum_eta is  0.024956656630647153
Refined Mesh with degree of freedom  44275 sum_eta is  0.022522000190486325
Refined Mesh with degree of freedom  50520 sum_eta is  0.019946440752231984
Refined Mesh with degree of freedom  56295 sum_eta is  0.018477922048040198
Refined Mesh with degree of freedom  62610 sum_eta is  0.017165908547518656
Lambda is  0.04787637947075815  flux is  0.9465185039952453
Refined Mesh with degree of freedom  23280 sum_eta is  0.10427267172555349
Refined Mesh with degree of freedom  24160 sum_eta is  0.07448102831011746
Refined Mesh with degree of freedom  26420 sum_eta is  0.058451702865789296
Refined Mesh with degree of freedom  31400 sum_eta is  0.04659603292755572
Refined Mesh with degree of freedom  35635 sum_eta is  0.041367180146224904
Refined Mesh with degree of freedom  40035 sum_eta is  0.03793090087430566
Refined Mesh with degree of freedom  45170 sum_eta is  0.03478418550222658
Refined Mesh with degree of freedom  51180 sum_eta is  0.0321304677847868
Refined Mesh with degree of freedom  57090 sum_eta is  0.02985287812314981
Refined Mesh with degree of freedom  65310 sum_eta is  0.02685188494069321
Lambda is  0.06718508646483871  flux is  0.9396753685349626
Refined Mesh with degree of freedom  23280 sum_eta is  0.15014023500291637
Refined Mesh with degree of freedom  24160 sum_eta is  0.11055483552265419
Refined Mesh with degree of freedom  26240 sum_eta is  0.08790536612642104
Refined Mesh with degree of freedom  30135 sum_eta is  0.07156405766549731
Refined Mesh with degree of freedom  33910 sum_eta is  0.06483336064042565
Refined Mesh with degree of freedom  38040 sum_eta is  0.05963415419173537
Refined Mesh with degree of freedom  42705 sum_eta is  0.055131471959026644
Refined Mesh with degree of freedom  48520 sum_eta is  0.05098938223080534
Refined Mesh with degree of freedom  54450 sum_eta is  0.04716663557957564
Refined Mesh with degree of freedom  60780 sum_eta is  0.04403320495302777
Lambda is  0.09428106079000405  flux is  0.9314756644365491
Refined Mesh with degree of freedom  23280 sum_eta is  0.2078993120374245
Refined Mesh with degree of freedom  24160 sum_eta is  0.15780568604828565
Refined Mesh with degree of freedom  26475 sum_eta is  0.12137270173811132
Refined Mesh with degree of freedom  30315 sum_eta is  0.1006168308531416
Refined Mesh with degree of freedom  35040 sum_eta is  0.09099016653261596
Refined Mesh with degree of freedom  40330 sum_eta is  0.08361542746739199
Refined Mesh with degree of freedom  45485 sum_eta is  0.07668818023052353
Refined Mesh with degree of freedom  51780 sum_eta is  0.07064936096973723
Refined Mesh with degree of freedom  60490 sum_eta is  0.06368243890681805
Refined Mesh with degree of freedom  66680 sum_eta is  0.05981975186308913
Lambda is  0.13230493389839504  flux is  0.9215270122935848
Refined Mesh with degree of freedom  23280 sum_eta is  0.2772884780354653
Refined Mesh with degree of freedom  24380 sum_eta is  0.20766603477663234
Refined Mesh with degree of freedom  26370 sum_eta is  0.16140907525487352
Refined Mesh with degree of freedom  30600 sum_eta is  0.1375253930867318
Refined Mesh with degree of freedom  35335 sum_eta is  0.1232946167396746
Refined Mesh with degree of freedom  40520 sum_eta is  0.11257042164580318
Refined Mesh with degree of freedom  46430 sum_eta is  0.1039691345545345
Refined Mesh with degree of freedom  53160 sum_eta is  0.09648221172020079
Refined Mesh with degree of freedom  62465 sum_eta is  0.0888680316617482
Refined Mesh with degree of freedom  68625 sum_eta is  0.08437581073105022
Lambda is  0.1856639646094708  flux is  0.9095468673132348
Refined Mesh with degree of freedom  23280 sum_eta is  0.35691211642134857
Refined Mesh with degree of freedom  24675 sum_eta is  0.26203216816084257
Refined Mesh with degree of freedom  26710 sum_eta is  0.19932668497977288
Refined Mesh with degree of freedom  32225 sum_eta is  0.16976203563844577
Refined Mesh with degree of freedom  38310 sum_eta is  0.15442426979478607
Refined Mesh with degree of freedom  46415 sum_eta is  0.14040746884980834
Refined Mesh with degree of freedom  53665 sum_eta is  0.13020536828088158
Refined Mesh with degree of freedom  60245 sum_eta is  0.12254024929822924
Refined Mesh with degree of freedom  68285 sum_eta is  0.11473928434402518
Refined Mesh with degree of freedom  78540 sum_eta is  0.1055675053772971
Lambda is  0.2605428742436717  flux is  0.8949207200299959
Refined Mesh with degree of freedom  23280 sum_eta is  0.4442532101767373
Refined Mesh with degree of freedom  24565 sum_eta is  0.34335038473313756
Refined Mesh with degree of freedom  26400 sum_eta is  0.2623679129860925
Refined Mesh with degree of freedom  31275 sum_eta is  0.21675286450139497
Refined Mesh with degree of freedom  37690 sum_eta is  0.19568057262168062
Refined Mesh with degree of freedom  46805 sum_eta is  0.17757658503682308
Refined Mesh with degree of freedom  53515 sum_eta is  0.16696851138522012
Refined Mesh with degree of freedom  63015 sum_eta is  0.15440487063778516
Refined Mesh with degree of freedom  71715 sum_eta is  0.14507982258205449
Refined Mesh with degree of freedom  81280 sum_eta is  0.1356161315046343
Lambda is  0.36562070330631613  flux is  0.8772981810936583
Refined Mesh with degree of freedom  23280 sum_eta is  0.5361236000941515
Refined Mesh with degree of freedom  24775 sum_eta is  0.4114788734470167
Refined Mesh with degree of freedom  26455 sum_eta is  0.3225375083879957
Refined Mesh with degree of freedom  31690 sum_eta is  0.2575513963038989
Refined Mesh with degree of freedom  38410 sum_eta is  0.23597412749112703
Refined Mesh with degree of freedom  45405 sum_eta is  0.2218582972966841
Refined Mesh with degree of freedom  53285 sum_eta is  0.20772613006063417
Refined Mesh with degree of freedom  61745 sum_eta is  0.19437597220503927
Refined Mesh with degree of freedom  70615 sum_eta is  0.1827204882484951
Refined Mesh with degree of freedom  81460 sum_eta is  0.17008949445946853
Lambda is  0.513076778915024  flux is  0.855983671825785
Refined Mesh with degree of freedom  23280 sum_eta is  0.6297692688359562
Refined Mesh with degree of freedom  24885 sum_eta is  0.48267182662151925
Refined Mesh with degree of freedom  27220 sum_eta is  0.35358320302079793
Refined Mesh with degree of freedom  34470 sum_eta is  0.29282694026541695
Refined Mesh with degree of freedom  41045 sum_eta is  0.27387256190041726
Refined Mesh with degree of freedom  49580 sum_eta is  0.25487484184753995
Refined Mesh with degree of freedom  59880 sum_eta is  0.23720355795727552
Refined Mesh with degree of freedom  67405 sum_eta is  0.2258864643614211
Refined Mesh with degree of freedom  76065 sum_eta is  0.21448634831570146
Refined Mesh with degree of freedom  86340 sum_eta is  0.20368794890824407
Lambda is  0.720002392318764  flux is  0.8300378942339601
Refined Mesh with degree of freedom  23280 sum_eta is  0.7249242520144248
Refined Mesh with degree of freedom  25225 sum_eta is  0.5478728303646967
Refined Mesh with degree of freedom  27055 sum_eta is  0.4219178618177345
Refined Mesh with degree of freedom  30885 sum_eta is  0.3450552666700093
Refined Mesh with degree of freedom  38125 sum_eta is  0.323166195772178
Refined Mesh with degree of freedom  45280 sum_eta is  0.30467408236019133
Refined Mesh with degree of freedom  55235 sum_eta is  0.2851404145748187
Refined Mesh with degree of freedom  65225 sum_eta is  0.26990934946208234
Refined Mesh with degree of freedom  73735 sum_eta is  0.25752286120857093
Refined Mesh with degree of freedom  85125 sum_eta is  0.24389949447860312
Lambda is  1.010381810771056  flux is  0.798807529773999
Refined Mesh with degree of freedom  23280 sum_eta is  0.8272160972539957
Refined Mesh with degree of freedom  25390 sum_eta is  0.6156174013665137
Refined Mesh with degree of freedom  27220 sum_eta is  0.4642175448863358
Refined Mesh with degree of freedom  33125 sum_eta is  0.3759153410663113
Refined Mesh with degree of freedom  43625 sum_eta is  0.34992377710180295
Refined Mesh with degree of freedom  50970 sum_eta is  0.33513257530142077
Refined Mesh with degree of freedom  61860 sum_eta is  0.3149898644682015
Refined Mesh with degree of freedom  75350 sum_eta is  0.29553715783038215
Refined Mesh with degree of freedom  86190 sum_eta is  0.2819786354148894
Refined Mesh with degree of freedom  94555 sum_eta is  0.2723209945383848
Lambda is  1.4178722382425535  flux is  0.760785565818087
Refined Mesh with degree of freedom  23280 sum_eta is  0.9529137876704873
Refined Mesh with degree of freedom  25225 sum_eta is  0.7348834783892755
Refined Mesh with degree of freedom  27110 sum_eta is  0.5310760170500374
Refined Mesh with degree of freedom  31745 sum_eta is  0.4169879218195051
Refined Mesh with degree of freedom  43665 sum_eta is  0.38898455277752414
Refined Mesh with degree of freedom  51145 sum_eta is  0.3746806759963865
Refined Mesh with degree of freedom  60920 sum_eta is  0.3570587298635376
Refined Mesh with degree of freedom  75490 sum_eta is  0.32950815345116996
Refined Mesh with degree of freedom  88755 sum_eta is  0.3090165609427855
Refined Mesh with degree of freedom  101700 sum_eta is  0.2930944928959325
Lambda is  1.989704943762569  flux is  0.715448722545041
Refined Mesh with degree of freedom  23280 sum_eta is  1.1334021135671766
Refined Mesh with degree of freedom  26175 sum_eta is  0.7386992085543536
Refined Mesh with degree of freedom  27735 sum_eta is  0.5283804644239604
Refined Mesh with degree of freedom  33290 sum_eta is  0.4497690376772738
Refined Mesh with degree of freedom  42130 sum_eta is  0.4249207315777128
Refined Mesh with degree of freedom  51135 sum_eta is  0.40415304557547954
Refined Mesh with degree of freedom  59205 sum_eta is  0.3911007199529689
Refined Mesh with degree of freedom  70170 sum_eta is  0.37357160796544564
Refined Mesh with degree of freedom  81880 sum_eta is  0.355711941200213
Refined Mesh with degree of freedom  93250 sum_eta is  0.34035267050541973
Lambda is  2.792159728115054  flux is  0.6626888760218542
Refined Mesh with degree of freedom  23280 sum_eta is  1.4153976098174508
Refined Mesh with degree of freedom  25680 sum_eta is  0.9801247463577324
Refined Mesh with degree of freedom  27240 sum_eta is  0.6804412132863923
Refined Mesh with degree of freedom  30370 sum_eta is  0.5138683850714574
Refined Mesh with degree of freedom  44165 sum_eta is  0.46312345925334997
Refined Mesh with degree of freedom  53920 sum_eta is  0.4464031929963051
Refined Mesh with degree of freedom  64945 sum_eta is  0.42616175569833925
Refined Mesh with degree of freedom  76775 sum_eta is  0.40757197729154604
Refined Mesh with degree of freedom  87055 sum_eta is  0.39174478465011575
Refined Mesh with degree of freedom  97825 sum_eta is  0.37732686583740166
Lambda is  3.9182472616089785  flux is  0.6016368983358251
Refined Mesh with degree of freedom  23280 sum_eta is  1.8521235840026264
Refined Mesh with degree of freedom  25440 sum_eta is  1.2821461165774142
Refined Mesh with degree of freedom  27020 sum_eta is  0.8780687030500589
Refined Mesh with degree of freedom  28120 sum_eta is  0.6424324521298111
Refined Mesh with degree of freedom  37380 sum_eta is  0.5324851069182007
Refined Mesh with degree of freedom  49210 sum_eta is  0.5188220963648453
Refined Mesh with degree of freedom  56195 sum_eta is  0.5067242146820569
Refined Mesh with degree of freedom  65800 sum_eta is  0.4903730481360498
Refined Mesh with degree of freedom  75720 sum_eta is  0.4734330821024368
Refined Mesh with degree of freedom  87730 sum_eta is  0.4538351729605971
Lambda is  5.498489734851452  flux is  0.5343237745943384
Refined Mesh with degree of freedom  23280 sum_eta is  2.484387610093284
Refined Mesh with degree of freedom  24990 sum_eta is  1.7886599134203027
Refined Mesh with degree of freedom  26530 sum_eta is  1.2692645254337922
Refined Mesh with degree of freedom  27735 sum_eta is  0.8812253330221573
Refined Mesh with degree of freedom  32125 sum_eta is  0.6662265974726322
Refined Mesh with degree of freedom  40550 sum_eta is  0.6542314857366011
Refined Mesh with degree of freedom  51260 sum_eta is  0.6348040770505307
Refined Mesh with degree of freedom  58340 sum_eta is  0.6206373678251508
Refined Mesh with degree of freedom  66685 sum_eta is  0.6046691295616967
Refined Mesh with degree of freedom  75695 sum_eta is  0.5878824194278369
Lambda is  7.716049382716051  flux is  0.462534556785144
Plot for l<Lambda<L_p saved to figures/Phi_Lam_4_R2.png 
Result for l<Lambda<L_p saved to results/Phi_Lam_4_R2.csv 
