firedrake:WARNING OMP_NUM_THREADS is not set or is set to a value greater than 1, we suggest setting OMP_NUM_THREADS=1 to improve performance
/home/yan00082/firedrake/src/ngsPETSc/ngsPETSc/eps.py:10: UserWarning: Import Warning: it was not possible to import SLEPc
  warnings.warn("Import Warning: it was not possible to import SLEPc")
/home/yan00082/firedrake/src/ngsPETSc/ngsPETSc/eps.py:10: UserWarning: Import Warning: it was not possible to import SLEPc
  warnings.warn("Import Warning: it was not possible to import SLEPc")
/home/yan00082/firedrake/src/ngsPETSc/ngsPETSc/eps.py:10: UserWarning: Import Warning: it was not possible to import SLEPc
  warnings.warn("Import Warning: it was not possible to import SLEPc")
/home/yan00082/firedrake/src/ngsPETSc/ngsPETSc/eps.py:10: UserWarning: Import Warning: it was not possible to import SLEPc
  warnings.warn("Import Warning: it was not possible to import SLEPc")
/home/yan00082/firedrake/src/ngsPETSc/ngsPETSc/eps.py:10: UserWarning: Import Warning: it was not possible to import SLEPc
  warnings.warn("Import Warning: it was not possible to import SLEPc")
/home/yan00082/firedrake/src/ngsPETSc/ngsPETSc/eps.py:10: UserWarning: Import Warning: it was not possible to import SLEPc
  warnings.warn("Import Warning: it was not possible to import SLEPc")
/home/yan00082/firedrake/src/ngsPETSc/ngsPETSc/eps.py:10: UserWarning: Import Warning: it was not possible to import SLEPc
  warnings.warn("Import Warning: it was not possible to import SLEPc")
/home/yan00082/firedrake/src/ngsPETSc/ngsPETSc/eps.py:10: UserWarning: Import Warning: it was not possible to import SLEPc
  warnings.warn("Import Warning: it was not possible to import SLEPc")
/home/yan00082/firedrake/src/ngsPETSc/ngsPETSc/eps.py:10: UserWarning: Import Warning: it was not possible to import SLEPc
  warnings.warn("Import Warning: it was not possible to import SLEPc")
/home/yan00082/firedrake/src/ngsPETSc/ngsPETSc/eps.py:10: UserWarning: Import Warning: it was not possible to import SLEPc
  warnings.warn("Import Warning: it was not possible to import SLEPc")
/home/yan00082/firedrake/src/ngsPETSc/ngsPETSc/eps.py:10: UserWarning: Import Warning: it was not possible to import SLEPc
  warnings.warn("Import Warning: it was not possible to import SLEPc")
/home/yan00082/firedrake/src/ngsPETSc/ngsPETSc/eps.py:10: UserWarning: Import Warning: it was not possible to import SLEPc
  warnings.warn("Import Warning: it was not possible to import SLEPc")
/home/yan00082/firedrake/src/ngsPETSc/ngsPETSc/eps.py:10: UserWarning: Import Warning: it was not possible to import SLEPc
  warnings.warn("Import Warning: it was not possible to import SLEPc")
/home/yan00082/firedrake/src/ngsPETSc/ngsPETSc/eps.py:10: UserWarning: Import Warning: it was not possible to import SLEPc
  warnings.warn("Import Warning: it was not possible to import SLEPc")
/home/yan00082/firedrake/src/ngsPETSc/ngsPETSc/eps.py:10: UserWarning: Import Warning: it was not possible to import SLEPc
  warnings.warn("Import Warning: it was not possible to import SLEPc")
/home/yan00082/firedrake/src/ngsPETSc/ngsPETSc/eps.py:10: UserWarning: Import Warning: it was not possible to import SLEPc
  warnings.warn("Import Warning: it was not possible to import SLEPc")
/home/yan00082/firedrake/src/ngsPETSc/ngsPETSc/eps.py:10: UserWarning: Import Warning: it was not possible to import SLEPc
  warnings.warn("Import Warning: it was not possible to import SLEPc")
/home/yan00082/firedrake/src/ngsPETSc/ngsPETSc/eps.py:10: UserWarning: Import Warning: it was not possible to import SLEPc
  warnings.warn("Import Warning: it was not possible to import SLEPc")
/home/yan00082/firedrake/src/ngsPETSc/ngsPETSc/eps.py:10: UserWarning: Import Warning: it was not possible to import SLEPc
  warnings.warn("Import Warning: it was not possible to import SLEPc")
/home/yan00082/firedrake/src/ngsPETSc/ngsPETSc/eps.py:10: UserWarning: Import Warning: it was not possible to import SLEPc
  warnings.warn("Import Warning: it was not possible to import SLEPc")
/home/yan00082/firedrake/src/ngsPETSc/ngsPETSc/eps.py:10: UserWarning: Import Warning: it was not possible to import SLEPc
  warnings.warn("Import Warning: it was not possible to import SLEPc")
/home/yan00082/firedrake/src/ngsPETSc/ngsPETSc/eps.py:10: UserWarning: Import Warning: it was not possible to import SLEPc
  warnings.warn("Import Warning: it was not possible to import SLEPc")
/home/yan00082/firedrake/src/ngsPETSc/ngsPETSc/eps.py:10: UserWarning: Import Warning: it was not possible to import SLEPc
  warnings.warn("Import Warning: it was not possible to import SLEPc")
/home/yan00082/firedrake/src/ngsPETSc/ngsPETSc/eps.py:10: UserWarning: Import Warning: it was not possible to import SLEPc
  warnings.warn("Import Warning: it was not possible to import SLEPc")
/home/yan00082/firedrake/src/ngsPETSc/ngsPETSc/eps.py:10: UserWarning: Import Warning: it was not possible to import SLEPc
  warnings.warn("Import Warning: it was not possible to import SLEPc")
Refined Mesh with degree of freedom  339515
error indicator sum_eta is  0.04369226360248554
Refined Mesh with degree of freedom  1566920
error indicator sum_eta is  0.016863406228466035
Refined Mesh with degree of freedom  6696230
error indicator sum_eta is  0.0071911728499005
Refined Mesh with degree of freedom  28063520

===================================================================================
=   BAD TERMINATION OF ONE OF YOUR APPLICATION PROCESSES
=   PID 1137147 RUNNING AT vh512-2
=   EXIT CODE: 9
=   CLEANING UP REMAINING PROCESSES
=   YOU CAN IGNORE THE BELOW CLEANUP MESSAGES
===================================================================================
YOUR APPLICATION TERMINATED WITH THE EXIT STRING: Killed (signal 9)
This typically refers to a problem with your application.
Please see the FAQ page for debugging suggestions
