firedrake:WARNING OMP_NUM_THREADS is not set or is set to a value greater than 1, we suggest setting OMP_NUM_THREADS=1 to improve performance
/home/yan00082/firedrake/src/ngsPETSc/ngsPETSc/__init__.py:30: UserWarning: No NGSolve installed, only working with Netgen.
  warnings.warn("No NGSolve installed, only working with Netgen.")
/home/yan00082/firedrake/src/ngsPETSc/ngsPETSc/__init__.py:30: UserWarning: No NGSolve installed, only working with Netgen.
  warnings.warn("No NGSolve installed, only working with Netgen.")
/home/yan00082/firedrake/src/ngsPETSc/ngsPETSc/__init__.py:30: UserWarning: No NGSolve installed, only working with Netgen.
  warnings.warn("No NGSolve installed, only working with Netgen.")
/home/yan00082/firedrake/src/ngsPETSc/ngsPETSc/__init__.py:30: UserWarning: No NGSolve installed, only working with Netgen.
  warnings.warn("No NGSolve installed, only working with Netgen.")
/home/yan00082/firedrake/src/ngsPETSc/ngsPETSc/__init__.py:30: UserWarning: No NGSolve installed, only working with Netgen.
  warnings.warn("No NGSolve installed, only working with Netgen.")
/home/yan00082/firedrake/src/ngsPETSc/ngsPETSc/__init__.py:30: UserWarning: No NGSolve installed, only working with Netgen.
  warnings.warn("No NGSolve installed, only working with Netgen.")
/home/yan00082/firedrake/src/ngsPETSc/ngsPETSc/__init__.py:30: UserWarning: No NGSolve installed, only working with Netgen.
  warnings.warn("No NGSolve installed, only working with Netgen.")
/home/yan00082/firedrake/src/ngsPETSc/ngsPETSc/__init__.py:30: UserWarning: No NGSolve installed, only working with Netgen.
  warnings.warn("No NGSolve installed, only working with Netgen.")
/home/yan00082/firedrake/src/ngsPETSc/ngsPETSc/__init__.py:30: UserWarning: No NGSolve installed, only working with Netgen.
  warnings.warn("No NGSolve installed, only working with Netgen.")
/home/yan00082/firedrake/src/ngsPETSc/ngsPETSc/__init__.py:30: UserWarning: No NGSolve installed, only working with Netgen.
  warnings.warn("No NGSolve installed, only working with Netgen.")
/home/yan00082/firedrake/src/ngsPETSc/ngsPETSc/__init__.py:30: UserWarning: No NGSolve installed, only working with Netgen.
  warnings.warn("No NGSolve installed, only working with Netgen.")
/home/yan00082/firedrake/src/ngsPETSc/ngsPETSc/__init__.py:30: UserWarning: No NGSolve installed, only working with Netgen.
  warnings.warn("No NGSolve installed, only working with Netgen.")
/home/yan00082/firedrake/src/ngsPETSc/ngsPETSc/__init__.py:30: UserWarning: No NGSolve installed, only working with Netgen.
  warnings.warn("No NGSolve installed, only working with Netgen.")
/home/yan00082/firedrake/src/ngsPETSc/ngsPETSc/__init__.py:30: UserWarning: No NGSolve installed, only working with Netgen.
  warnings.warn("No NGSolve installed, only working with Netgen.")
/home/yan00082/firedrake/src/ngsPETSc/ngsPETSc/__init__.py:30: UserWarning: No NGSolve installed, only working with Netgen.
  warnings.warn("No NGSolve installed, only working with Netgen.")
/home/yan00082/firedrake/src/ngsPETSc/ngsPETSc/__init__.py:30: UserWarning: No NGSolve installed, only working with Netgen.
  warnings.warn("No NGSolve installed, only working with Netgen.")
/home/yan00082/firedrake/src/ngsPETSc/ngsPETSc/__init__.py:30: UserWarning: No NGSolve installed, only working with Netgen.
  warnings.warn("No NGSolve installed, only working with Netgen.")
/home/yan00082/firedrake/src/ngsPETSc/ngsPETSc/__init__.py:30: UserWarning: No NGSolve installed, only working with Netgen.
  warnings.warn("No NGSolve installed, only working with Netgen.")
/home/yan00082/firedrake/src/ngsPETSc/ngsPETSc/__init__.py:30: UserWarning: No NGSolve installed, only working with Netgen.
  warnings.warn("No NGSolve installed, only working with Netgen.")
/home/yan00082/firedrake/src/ngsPETSc/ngsPETSc/__init__.py:30: UserWarning: No NGSolve installed, only working with Netgen.
  warnings.warn("No NGSolve installed, only working with Netgen.")
/home/yan00082/firedrake/src/ngsPETSc/ngsPETSc/__init__.py:30: UserWarning: No NGSolve installed, only working with Netgen.
  warnings.warn("No NGSolve installed, only working with Netgen.")
/home/yan00082/firedrake/src/ngsPETSc/ngsPETSc/__init__.py:30: UserWarning: No NGSolve installed, only working with Netgen.
  warnings.warn("No NGSolve installed, only working with Netgen.")
/home/yan00082/firedrake/src/ngsPETSc/ngsPETSc/__init__.py:30: UserWarning: No NGSolve installed, only working with Netgen.
  warnings.warn("No NGSolve installed, only working with Netgen.")
/home/yan00082/firedrake/src/ngsPETSc/ngsPETSc/__init__.py:30: UserWarning: No NGSolve installed, only working with Netgen.
  warnings.warn("No NGSolve installed, only working with Netgen.")
/home/yan00082/firedrake/src/ngsPETSc/ngsPETSc/__init__.py:30: UserWarning: No NGSolve installed, only working with Netgen.
  warnings.warn("No NGSolve installed, only working with Netgen.")
/home/yan00082/firedrake/src/ngsPETSc/ngsPETSc/__init__.py:30: UserWarning: No NGSolve installed, only working with Netgen.
  warnings.warn("No NGSolve installed, only working with Netgen.")
/home/yan00082/firedrake/src/ngsPETSc/ngsPETSc/__init__.py:30: UserWarning: No NGSolve installed, only working with Netgen.
  warnings.warn("No NGSolve installed, only working with Netgen.")
/home/yan00082/firedrake/src/ngsPETSc/ngsPETSc/__init__.py:30: UserWarning: No NGSolve installed, only working with Netgen.
  warnings.warn("No NGSolve installed, only working with Netgen.")
/home/yan00082/firedrake/src/ngsPETSc/ngsPETSc/__init__.py:30: UserWarning: No NGSolve installed, only working with Netgen.
  warnings.warn("No NGSolve installed, only working with Netgen.")
/home/yan00082/firedrake/src/ngsPETSc/ngsPETSc/__init__.py:30: UserWarning: No NGSolve installed, only working with Netgen.
  warnings.warn("No NGSolve installed, only working with Netgen.")
Refined Mesh with degree of freedom  1084696
error indicator sum_eta is  0.01321825937458732
Refined Mesh with degree of freedom  5391036
error indicator sum_eta is  0.004508910023976781
Lambda is  1e-11  flux is  0.998045173872336
Phi0 is  0.998045173872336
Refined Mesh with degree of freedom  1084696
error indicator sum_eta is  0.007618330313290685
Refined Mesh with degree of freedom  5674501
error indicator sum_eta is  0.002619273177123891
Lambda is  0.015625000000000007  flux is  0.9835029449355022
Refined Mesh with degree of freedom  1084696
error indicator sum_eta is  0.013889959125262972
Refined Mesh with degree of freedom  5656601
error indicator sum_eta is  0.004818374159879529
Lambda is  0.02839250926300219  flux is  0.9730498129911188
Refined Mesh with degree of freedom  1084696
error indicator sum_eta is  0.02320546714957291
Refined Mesh with degree of freedom  5456966
error indicator sum_eta is  0.008542650704577383
Lambda is  0.05159261326397854  flux is  0.9558399161173381
Refined Mesh with degree of freedom  1084696
error indicator sum_eta is  0.03404890708237078
Refined Mesh with degree of freedom  5440291
error indicator sum_eta is  0.012539350940693006
Lambda is  0.09375000000000003  flux is  0.9281658625668326
Refined Mesh with degree of freedom  1084696
error indicator sum_eta is  0.043595476690290784
Refined Mesh with degree of freedom  5459871
error indicator sum_eta is  0.016150817652310363
Lambda is  0.17035505557801311  flux is  0.8849565208761538
Refined Mesh with degree of freedom  1084696
error indicator sum_eta is  0.04890297378347344
Refined Mesh with degree of freedom  5448216
error indicator sum_eta is  0.01836911709401941
Lambda is  0.30955567958387126  flux is  0.8203191283280057
Refined Mesh with degree of freedom  1084696
error indicator sum_eta is  0.047680763861010333
Refined Mesh with degree of freedom  5440176
error indicator sum_eta is  0.01819233292820656
Lambda is  0.5625000000000001  flux is  0.7295477123150873
Refined Mesh with degree of freedom  1084696
error indicator sum_eta is  0.03967210787533025
Refined Mesh with degree of freedom  5406001
error indicator sum_eta is  0.015409966485046882
Lambda is  1.0221303334680787  flux is  0.612957119885632
Refined Mesh with degree of freedom  1084696
error indicator sum_eta is  0.02769683510381783
Refined Mesh with degree of freedom  5414326
error indicator sum_eta is  0.010901725980001114
Lambda is  1.8573340775032274  flux is  0.4796309189706212
Refined Mesh with degree of freedom  1084696
error indicator sum_eta is  0.016057748503124955
Refined Mesh with degree of freedom  5408101
error indicator sum_eta is  0.006396398686581591
Lambda is  3.375  flux is  0.34663483628163094
Plot for l<Lambda<L_p saved to figures/Phi_Lam_3_R2.png 
Result for l<Lambda<L_p saved to results/Phi_Lam_3_R2.csv 
