firedrake:WARNING OMP_NUM_THREADS is not set or is set to a value greater than 1, we suggest setting OMP_NUM_THREADS=1 to improve performance
/home/yan00082/firedrake/src/ngsPETSc/ngsPETSc/__init__.py:30: UserWarning: No NGSolve installed, only working with Netgen.
  warnings.warn("No NGSolve installed, only working with Netgen.")
/home/yan00082/firedrake/src/ngsPETSc/ngsPETSc/__init__.py:30: UserWarning: No NGSolve installed, only working with Netgen.
  warnings.warn("No NGSolve installed, only working with Netgen.")
/home/yan00082/firedrake/src/ngsPETSc/ngsPETSc/__init__.py:30: UserWarning: No NGSolve installed, only working with Netgen.
  warnings.warn("No NGSolve installed, only working with Netgen.")
/home/yan00082/firedrake/src/ngsPETSc/ngsPETSc/__init__.py:30: UserWarning: No NGSolve installed, only working with Netgen.
  warnings.warn("No NGSolve installed, only working with Netgen.")
/home/yan00082/firedrake/src/ngsPETSc/ngsPETSc/__init__.py:30: UserWarning: No NGSolve installed, only working with Netgen.
  warnings.warn("No NGSolve installed, only working with Netgen.")
/home/yan00082/firedrake/src/ngsPETSc/ngsPETSc/__init__.py:30: UserWarning: No NGSolve installed, only working with Netgen.
  warnings.warn("No NGSolve installed, only working with Netgen.")
/home/yan00082/firedrake/src/ngsPETSc/ngsPETSc/__init__.py:30: UserWarning: No NGSolve installed, only working with Netgen.
  warnings.warn("No NGSolve installed, only working with Netgen.")
/home/yan00082/firedrake/src/ngsPETSc/ngsPETSc/__init__.py:30: UserWarning: No NGSolve installed, only working with Netgen.
  warnings.warn("No NGSolve installed, only working with Netgen.")
/home/yan00082/firedrake/src/ngsPETSc/ngsPETSc/__init__.py:30: UserWarning: No NGSolve installed, only working with Netgen.
  warnings.warn("No NGSolve installed, only working with Netgen.")
/home/yan00082/firedrake/src/ngsPETSc/ngsPETSc/__init__.py:30: UserWarning: No NGSolve installed, only working with Netgen.
  warnings.warn("No NGSolve installed, only working with Netgen.")
/home/yan00082/firedrake/src/ngsPETSc/ngsPETSc/__init__.py:30: UserWarning: No NGSolve installed, only working with Netgen.
  warnings.warn("No NGSolve installed, only working with Netgen.")
/home/yan00082/firedrake/src/ngsPETSc/ngsPETSc/__init__.py:30: UserWarning: No NGSolve installed, only working with Netgen.
  warnings.warn("No NGSolve installed, only working with Netgen.")
/home/yan00082/firedrake/src/ngsPETSc/ngsPETSc/__init__.py:30: UserWarning: No NGSolve installed, only working with Netgen.
  warnings.warn("No NGSolve installed, only working with Netgen.")
/home/yan00082/firedrake/src/ngsPETSc/ngsPETSc/__init__.py:30: UserWarning: No NGSolve installed, only working with Netgen.
  warnings.warn("No NGSolve installed, only working with Netgen.")
/home/yan00082/firedrake/src/ngsPETSc/ngsPETSc/__init__.py:30: UserWarning: No NGSolve installed, only working with Netgen.
  warnings.warn("No NGSolve installed, only working with Netgen.")
/home/yan00082/firedrake/src/ngsPETSc/ngsPETSc/__init__.py:30: UserWarning: No NGSolve installed, only working with Netgen.
  warnings.warn("No NGSolve installed, only working with Netgen.")
/home/yan00082/firedrake/src/ngsPETSc/ngsPETSc/__init__.py:30: UserWarning: No NGSolve installed, only working with Netgen.
  warnings.warn("No NGSolve installed, only working with Netgen.")
/home/yan00082/firedrake/src/ngsPETSc/ngsPETSc/__init__.py:30: UserWarning: No NGSolve installed, only working with Netgen.
  warnings.warn("No NGSolve installed, only working with Netgen.")
/home/yan00082/firedrake/src/ngsPETSc/ngsPETSc/__init__.py:30: UserWarning: No NGSolve installed, only working with Netgen.
  warnings.warn("No NGSolve installed, only working with Netgen.")
/home/yan00082/firedrake/src/ngsPETSc/ngsPETSc/__init__.py:30: UserWarning: No NGSolve installed, only working with Netgen.
  warnings.warn("No NGSolve installed, only working with Netgen.")
Refined Mesh with degree of freedom  1457
error indicator sum_eta is  0.0558682238586602
Refined Mesh with degree of freedom  7821
error indicator sum_eta is  0.02031439985037888
Refined Mesh with degree of freedom  40583
error indicator sum_eta is  0.008849980470490522
Refined Mesh with degree of freedom  192939
error indicator sum_eta is  0.003787931999368031
Refined Mesh with degree of freedom  852665
error indicator sum_eta is  0.001558425916621065
Refined Mesh with degree of freedom  3588631
error indicator sum_eta is  0.0006241447375215935
Lambda is  1e-11  flux is  0.9984920377102535
Phi0 is  0.9984920377102535
Refined Mesh with degree of freedom  1457
error indicator sum_eta is  0.07213999265630953
Refined Mesh with degree of freedom  8333
error indicator sum_eta is  0.020721973615041227
Refined Mesh with degree of freedom  42795
error indicator sum_eta is  0.008139858881991462
Refined Mesh with degree of freedom  196867
error indicator sum_eta is  0.0032590322538567154
Refined Mesh with degree of freedom  852601
error indicator sum_eta is  0.0013156753135894553
Refined Mesh with degree of freedom  3578349
error indicator sum_eta is  0.0005254644901226554
Lambda is  0.25  flux is  0.8071282286388937
Refined Mesh with degree of freedom  1457
error indicator sum_eta is  0.08350211030309407
Refined Mesh with degree of freedom  8269
error indicator sum_eta is  0.023995734086037526
Refined Mesh with degree of freedom  42795
error indicator sum_eta is  0.009409344004516422
Refined Mesh with degree of freedom  196867
error indicator sum_eta is  0.0037583933000244272
Refined Mesh with degree of freedom  852601
error indicator sum_eta is  0.0015158014999426012
Refined Mesh with degree of freedom  3576301
error indicator sum_eta is  0.0006053128346167225
Lambda is  0.3050712339682026  flux is  0.7758654765944977
Refined Mesh with degree of freedom  1457
error indicator sum_eta is  0.09488057259187783
Refined Mesh with degree of freedom  8269
error indicator sum_eta is  0.027250954932200526
Refined Mesh with degree of freedom  42795
error indicator sum_eta is  0.010663697620353466
Refined Mesh with degree of freedom  196759
error indicator sum_eta is  0.0042588081459000405
Refined Mesh with degree of freedom  852769
error indicator sum_eta is  0.001712553013245262
Refined Mesh with degree of freedom  3576301
error indicator sum_eta is  0.0006836340387745586
Lambda is  0.37227383117952734  flux is  0.7412577151538274
Refined Mesh with degree of freedom  1457
error indicator sum_eta is  0.10544104689133016
Refined Mesh with degree of freedom  8205
error indicator sum_eta is  0.03025098445073627
Refined Mesh with degree of freedom  42667
error indicator sum_eta is  0.011833452156608328
Refined Mesh with degree of freedom  195971
error indicator sum_eta is  0.004734179518348008
Refined Mesh with degree of freedom  852601
error indicator sum_eta is  0.001891988866029036
Refined Mesh with degree of freedom  3576553
error indicator sum_eta is  0.000755005153773832
Lambda is  0.4542801482080349  flux is  0.7034503836192343
Refined Mesh with degree of freedom  1457
error indicator sum_eta is  0.11423321389573614
Refined Mesh with degree of freedom  8205
error indicator sum_eta is  0.032733413045139804
Refined Mesh with degree of freedom  42667
error indicator sum_eta is  0.012777544232891503
Refined Mesh with degree of freedom  195971
error indicator sum_eta is  0.005103474653471575
Refined Mesh with degree of freedom  852853
error indicator sum_eta is  0.002038340140301343
Refined Mesh with degree of freedom  3576637
error indicator sum_eta is  0.0008131677009769677
Lambda is  0.5543512215243327  flux is  0.6627256316655445
Refined Mesh with degree of freedom  1457
error indicator sum_eta is  0.12032024336163802
Refined Mesh with degree of freedom  8205
error indicator sum_eta is  0.03443624533724236
Refined Mesh with degree of freedom  42667
error indicator sum_eta is  0.01341713036227334
Refined Mesh with degree of freedom  196335
error indicator sum_eta is  0.005338232205268077
Refined Mesh with degree of freedom  852853
error indicator sum_eta is  0.002136250444370643
Refined Mesh with degree of freedom  3576385
error indicator sum_eta is  0.000852010724616694
Lambda is  0.6764664448088346  flux is  0.6195049205476052
Refined Mesh with degree of freedom  1457
error indicator sum_eta is  0.12294170182184468
Refined Mesh with degree of freedom  8205
error indicator sum_eta is  0.035149043307134885
Refined Mesh with degree of freedom  42795
error indicator sum_eta is  0.013655259294323369
Refined Mesh with degree of freedom  196335
error indicator sum_eta is  0.005433397143856268
Refined Mesh with degree of freedom  852769
error indicator sum_eta is  0.0021734207620874896
Refined Mesh with degree of freedom  3576385
error indicator sum_eta is  0.0008666457735026535
Lambda is  0.8254818122236566  flux is  0.5743404577421695
Refined Mesh with degree of freedom  1457
error indicator sum_eta is  0.12167097612467313
Refined Mesh with degree of freedom  8205
error indicator sum_eta is  0.03475499955274307
Refined Mesh with degree of freedom  43341
error indicator sum_eta is  0.013396664262774846
Refined Mesh with degree of freedom  196335
error indicator sum_eta is  0.005359812052508316
Refined Mesh with degree of freedom  852305
error indicator sum_eta is  0.002143707323307604
Refined Mesh with degree of freedom  3576385
error indicator sum_eta is  0.0008544533451545697
Lambda is  1.0073230202935162  flux is  0.527894485227073
Refined Mesh with degree of freedom  1457
error indicator sum_eta is  0.1165175579422031
Refined Mesh with degree of freedom  8205
error indicator sum_eta is  0.03326028799208799
Refined Mesh with degree of freedom  43001
error indicator sum_eta is  0.01281813550025996
Refined Mesh with degree of freedom  196005
error indicator sum_eta is  0.005119076237893404
Refined Mesh with degree of freedom  852187
error indicator sum_eta is  0.002046312039852859
Refined Mesh with degree of freedom  3576385
error indicator sum_eta is  0.0008157489797202819
Lambda is  1.2292211072220791  flux is  0.48090815819167804
Refined Mesh with degree of freedom  1457
error indicator sum_eta is  0.10794211896019892
Refined Mesh with degree of freedom  8205
error indicator sum_eta is  0.030797120362109166
Refined Mesh with degree of freedom  43149
error indicator sum_eta is  0.011856571275753605
Refined Mesh with degree of freedom  196005
error indicator sum_eta is  0.004732213723770059
Refined Mesh with degree of freedom  851709
error indicator sum_eta is  0.0019016337051344797
Refined Mesh with degree of freedom  3576709
error indicator sum_eta is  0.0007553957554615452
Lambda is  1.5  flux is  0.43416106686474437
Plot for l<Lambda<L_p saved to figures/Phi_Lam_1_R2.png 
Result for l<Lambda<L_p saved to results/Phi_Lam_1_R2.csv 
