firedrake:WARNING OMP_NUM_THREADS is not set or is set to a value greater than 1, we suggest setting OMP_NUM_THREADS=1 to improve performance
/home/yan00082/firedrake/src/ngsPETSc/ngsPETSc/__init__.py:30: UserWarning: No NGSolve installed, only working with Netgen.
  warnings.warn("No NGSolve installed, only working with Netgen.")
/home/yan00082/firedrake/src/ngsPETSc/ngsPETSc/__init__.py:30: UserWarning: No NGSolve installed, only working with Netgen.
  warnings.warn("No NGSolve installed, only working with Netgen.")
/home/yan00082/firedrake/src/ngsPETSc/ngsPETSc/__init__.py:30: UserWarning: No NGSolve installed, only working with Netgen.
  warnings.warn("No NGSolve installed, only working with Netgen.")
/home/yan00082/firedrake/src/ngsPETSc/ngsPETSc/__init__.py:30: UserWarning: No NGSolve installed, only working with Netgen.
  warnings.warn("No NGSolve installed, only working with Netgen.")
/home/yan00082/firedrake/src/ngsPETSc/ngsPETSc/__init__.py:30: UserWarning: No NGSolve installed, only working with Netgen.
  warnings.warn("No NGSolve installed, only working with Netgen.")
/home/yan00082/firedrake/src/ngsPETSc/ngsPETSc/__init__.py:30: UserWarning: No NGSolve installed, only working with Netgen.
  warnings.warn("No NGSolve installed, only working with Netgen.")
/home/yan00082/firedrake/src/ngsPETSc/ngsPETSc/__init__.py:30: UserWarning: No NGSolve installed, only working with Netgen.
  warnings.warn("No NGSolve installed, only working with Netgen.")
/home/yan00082/firedrake/src/ngsPETSc/ngsPETSc/__init__.py:30: UserWarning: No NGSolve installed, only working with Netgen.
  warnings.warn("No NGSolve installed, only working with Netgen.")
/home/yan00082/firedrake/src/ngsPETSc/ngsPETSc/__init__.py:30: UserWarning: No NGSolve installed, only working with Netgen.
  warnings.warn("No NGSolve installed, only working with Netgen.")
/home/yan00082/firedrake/src/ngsPETSc/ngsPETSc/__init__.py:30: UserWarning: No NGSolve installed, only working with Netgen.
  warnings.warn("No NGSolve installed, only working with Netgen.")
/home/yan00082/firedrake/src/ngsPETSc/ngsPETSc/__init__.py:30: UserWarning: No NGSolve installed, only working with Netgen.
  warnings.warn("No NGSolve installed, only working with Netgen.")
/home/yan00082/firedrake/src/ngsPETSc/ngsPETSc/__init__.py:30: UserWarning: No NGSolve installed, only working with Netgen.
  warnings.warn("No NGSolve installed, only working with Netgen.")
/home/yan00082/firedrake/src/ngsPETSc/ngsPETSc/__init__.py:30: UserWarning: No NGSolve installed, only working with Netgen.
  warnings.warn("No NGSolve installed, only working with Netgen.")
/home/yan00082/firedrake/src/ngsPETSc/ngsPETSc/__init__.py:30: UserWarning: No NGSolve installed, only working with Netgen.
  warnings.warn("No NGSolve installed, only working with Netgen.")
/home/yan00082/firedrake/src/ngsPETSc/ngsPETSc/__init__.py:30: UserWarning: No NGSolve installed, only working with Netgen.
  warnings.warn("No NGSolve installed, only working with Netgen.")
/home/yan00082/firedrake/src/ngsPETSc/ngsPETSc/__init__.py:30: UserWarning: No NGSolve installed, only working with Netgen.
  warnings.warn("No NGSolve installed, only working with Netgen.")
/home/yan00082/firedrake/src/ngsPETSc/ngsPETSc/__init__.py:30: UserWarning: No NGSolve installed, only working with Netgen.
  warnings.warn("No NGSolve installed, only working with Netgen.")
/home/yan00082/firedrake/src/ngsPETSc/ngsPETSc/__init__.py:30: UserWarning: No NGSolve installed, only working with Netgen.
  warnings.warn("No NGSolve installed, only working with Netgen.")
/home/yan00082/firedrake/src/ngsPETSc/ngsPETSc/__init__.py:30: UserWarning: No NGSolve installed, only working with Netgen.
  warnings.warn("No NGSolve installed, only working with Netgen.")
/home/yan00082/firedrake/src/ngsPETSc/ngsPETSc/__init__.py:30: UserWarning: No NGSolve installed, only working with Netgen.
  warnings.warn("No NGSolve installed, only working with Netgen.")
/home/yan00082/firedrake/src/ngsPETSc/ngsPETSc/__init__.py:30: UserWarning: No NGSolve installed, only working with Netgen.
  warnings.warn("No NGSolve installed, only working with Netgen.")
/home/yan00082/firedrake/src/ngsPETSc/ngsPETSc/__init__.py:30: UserWarning: No NGSolve installed, only working with Netgen.
  warnings.warn("No NGSolve installed, only working with Netgen.")
/home/yan00082/firedrake/src/ngsPETSc/ngsPETSc/__init__.py:30: UserWarning: No NGSolve installed, only working with Netgen.
  warnings.warn("No NGSolve installed, only working with Netgen.")
/home/yan00082/firedrake/src/ngsPETSc/ngsPETSc/__init__.py:30: UserWarning: No NGSolve installed, only working with Netgen.
  warnings.warn("No NGSolve installed, only working with Netgen.")
/home/yan00082/firedrake/src/ngsPETSc/ngsPETSc/__init__.py:30: UserWarning: No NGSolve installed, only working with Netgen.
  warnings.warn("No NGSolve installed, only working with Netgen.")
/home/yan00082/firedrake/src/ngsPETSc/ngsPETSc/__init__.py:30: UserWarning: No NGSolve installed, only working with Netgen.
  warnings.warn("No NGSolve installed, only working with Netgen.")
/home/yan00082/firedrake/src/ngsPETSc/ngsPETSc/__init__.py:30: UserWarning: No NGSolve installed, only working with Netgen.
  warnings.warn("No NGSolve installed, only working with Netgen.")
/home/yan00082/firedrake/src/ngsPETSc/ngsPETSc/__init__.py:30: UserWarning: No NGSolve installed, only working with Netgen.
  warnings.warn("No NGSolve installed, only working with Netgen.")
/home/yan00082/firedrake/src/ngsPETSc/ngsPETSc/__init__.py:30: UserWarning: No NGSolve installed, only working with Netgen.
  warnings.warn("No NGSolve installed, only working with Netgen.")
/home/yan00082/firedrake/src/ngsPETSc/ngsPETSc/__init__.py:30: UserWarning: No NGSolve installed, only working with Netgen.
  warnings.warn("No NGSolve installed, only working with Netgen.")
Refined Mesh with degree of freedom  1084696
error indicator sum_eta is  0.013218259374587277
Refined Mesh with degree of freedom  5391036
error indicator sum_eta is  0.00450891002397681
Lambda is  1e-11  flux is  0.9980451738723389
Phi0 is  0.9980451738723389
Refined Mesh with degree of freedom  1084696
error indicator sum_eta is  0.01163125875246611
Refined Mesh with degree of freedom  5397276
error indicator sum_eta is  0.0036146062117859553
Lambda is  3.0517578125e-05  flux is  0.9980115809438781
Refined Mesh with degree of freedom  1084696
error indicator sum_eta is  0.01051177604729329
Refined Mesh with degree of freedom  5390956
error indicator sum_eta is  0.0031793349168752353
Lambda is  6.103515625e-05  flux is  0.997978065630053
Refined Mesh with degree of freedom  1084696
error indicator sum_eta is  0.009018488597407337
Refined Mesh with degree of freedom  5396321
error indicator sum_eta is  0.0026989224733221587
Lambda is  0.0001220703125  flux is  0.9979121069307079
Refined Mesh with degree of freedom  1084696
error indicator sum_eta is  0.007347057338321325
Refined Mesh with degree of freedom  5395261
error indicator sum_eta is  0.0022143096157597963
Lambda is  0.000244140625  flux is  0.9977818049227252
Refined Mesh with degree of freedom  1084696
error indicator sum_eta is  0.005701830879622877
Refined Mesh with degree of freedom  5399726
error indicator sum_eta is  0.001678474985980581
Lambda is  0.00048828125  flux is  0.9975259524108439
Refined Mesh with degree of freedom  1084696
error indicator sum_eta is  0.004201672538798525
Refined Mesh with degree of freedom  5399211
error indicator sum_eta is  0.0011748810881914628
Lambda is  0.0009765625  flux is  0.9970215529735073
Refined Mesh with degree of freedom  1084696
error indicator sum_eta is  0.003069951701897806
Refined Mesh with degree of freedom  5402901
error indicator sum_eta is  0.0008547110399234219
Lambda is  0.001953125  flux is  0.9960341624790336
Refined Mesh with degree of freedom  1084696
error indicator sum_eta is  0.002749728320141608
Refined Mesh with degree of freedom  5430536
error indicator sum_eta is  0.0008703062892220018
Lambda is  0.00390625  flux is  0.9941149962293055
Refined Mesh with degree of freedom  1084696
error indicator sum_eta is  0.0039080927058902
Refined Mesh with degree of freedom  5670521
error indicator sum_eta is  0.0012636977246481946
Lambda is  0.0078125  flux is  0.9904311359405081
Refined Mesh with degree of freedom  1084696
error indicator sum_eta is  0.007618316834531039
Refined Mesh with degree of freedom  5674501
error indicator sum_eta is  0.0026192741875159936
Lambda is  0.015625  flux is  0.983503072690349
Refined Mesh with degree of freedom  1084696
error indicator sum_eta is  0.015197391179923072
Refined Mesh with degree of freedom  5613311
error indicator sum_eta is  0.005331960439610376
Lambda is  0.03125  flux is  0.970822656414733
Refined Mesh with degree of freedom  1084696
error indicator sum_eta is  0.026642233055251027
Refined Mesh with degree of freedom  5450051
error indicator sum_eta is  0.009800474957095826
Lambda is  0.0625  flux is  0.9483103912124835
Refined Mesh with degree of freedom  1084696
error indicator sum_eta is  0.03899767957773398
Refined Mesh with degree of freedom  5434071
error indicator sum_eta is  0.014407571773368658
Lambda is  0.125  flux is  0.9096504401731256
Refined Mesh with degree of freedom  1084696
error indicator sum_eta is  0.047658936426250825
Refined Mesh with degree of freedom  5449721
error indicator sum_eta is  0.01780940650123384
Lambda is  0.25  flux is  0.8462634441072446
Refined Mesh with degree of freedom  1084696
error indicator sum_eta is  0.048495522100338945
Refined Mesh with degree of freedom  5441196
error indicator sum_eta is  0.018445466012027376
Lambda is  0.5  flux is  0.7496098087884029
Refined Mesh with degree of freedom  1084696
error indicator sum_eta is  0.040061065518649734
Refined Mesh with degree of freedom  5406001
error indicator sum_eta is  0.01555252741129468
Lambda is  1.0  flux is  0.6176098759652254
Refined Mesh with degree of freedom  1084696
error indicator sum_eta is  0.02615289224190913
Refined Mesh with degree of freedom  5402201
error indicator sum_eta is  0.01032227475632358
Lambda is  2.0  flux is  0.4627391922597523
Refined Mesh with degree of freedom  1084696
error indicator sum_eta is  0.013292590410558337
Refined Mesh with degree of freedom  5410036
error indicator sum_eta is  0.005305913583494277
Lambda is  4.0  flux is  0.31148044207535835
Refined Mesh with degree of freedom  1084696
error indicator sum_eta is  0.005329571146333417
Refined Mesh with degree of freedom  5404176
error indicator sum_eta is  0.00215039498867698
Lambda is  8.0  flux is  0.18952021250204318
Refined Mesh with degree of freedom  1084696
error indicator sum_eta is  0.0017701357387914461
Refined Mesh with degree of freedom  5401246
error indicator sum_eta is  0.0007180020466718508
Lambda is  16.0  flux is  0.10656948571661397
Refined Mesh with degree of freedom  1084696
error indicator sum_eta is  0.0005183691424195092
Refined Mesh with degree of freedom  5400166
error indicator sum_eta is  0.00021094760499617887
Lambda is  32.0  flux is  0.0568772018273076
Refined Mesh with degree of freedom  1084696
error indicator sum_eta is  0.0001410065576874725
Refined Mesh with degree of freedom  5399711
error indicator sum_eta is  5.74547044212271e-05
Lambda is  64.0  flux is  0.029438586775437998
Refined Mesh with degree of freedom  1084696
error indicator sum_eta is  3.688500381757008e-05
Lambda is  128.0  flux is  0.014983836327604546
Refined Mesh with degree of freedom  1084696
error indicator sum_eta is  9.410275021777233e-06
Lambda is  256.0  flux is  0.007559978166852321
Refined Mesh with degree of freedom  1084696
error indicator sum_eta is  0.007618308746719316
Refined Mesh with degree of freedom  5674501
error indicator sum_eta is  0.0026192588987093927
Lambda is  0.015625  flux is  0.9835029298657995
Refined Mesh with degree of freedom  1084696
error indicator sum_eta is  0.01605806560874546
Refined Mesh with degree of freedom  5408101
error indicator sum_eta is  0.006396350964451308
Lambda is  3.375  flux is  0.3466348951261092
Plot for 0<Lambda<1000 saved to figures/Phi_Lam_3.png 
Result for 0<Lambda<1000 saved to results/Phi_Lam_3.csv 
