firedrake:WARNING OMP_NUM_THREADS is not set or is set to a value greater than 1, we suggest setting OMP_NUM_THREADS=1 to improve performance
--refined mesh 0 --
with 14488 elements and 4194 vertices 
max mesh size: 0.21718854654212233
degree of freedom of linear element: 4194
degree of freedom of quadratic element: 26448
--refined mesh 1 --
with 115904 elements and 26448 vertices 
max mesh size: 0.15968665419709951
degree of freedom of linear element: 26448
degree of freedom of quadratic element: 182863
--refined mesh 2 --
with 927232 elements and 182863 vertices 
max mesh size: 0.08302564081209036
degree of freedom of linear element: 182863
degree of freedom of quadratic element: 1348985
--refined mesh 3 --
with 7417856 elements and 1348985 vertices 
max mesh size: 0.04009127195351408
degree of freedom of linear element: 1348985
degree of freedom of quadratic element: 10339709
