firedrake:WARNING OMP_NUM_THREADS is not set or is set to a value greater than 1, we suggest setting OMP_NUM_THREADS=1 to improve performance
/home/yan00082/firedrake/src/ngsPETSc/ngsPETSc/eps.py:10: UserWarning: Import Warning: it was not possible to import SLEPc
  warnings.warn("Import Warning: it was not possible to import SLEPc")
/home/yan00082/firedrake/src/ngsPETSc/ngsPETSc/eps.py:10: UserWarning: Import Warning: it was not possible to import SLEPc
  warnings.warn("Import Warning: it was not possible to import SLEPc")
/home/yan00082/firedrake/src/ngsPETSc/ngsPETSc/eps.py:10: UserWarning: Import Warning: it was not possible to import SLEPc
  warnings.warn("Import Warning: it was not possible to import SLEPc")
/home/yan00082/firedrake/src/ngsPETSc/ngsPETSc/eps.py:10: UserWarning: Import Warning: it was not possible to import SLEPc
  warnings.warn("Import Warning: it was not possible to import SLEPc")
/home/yan00082/firedrake/src/ngsPETSc/ngsPETSc/eps.py:10: UserWarning: Import Warning: it was not possible to import SLEPc
  warnings.warn("Import Warning: it was not possible to import SLEPc")
/home/yan00082/firedrake/src/ngsPETSc/ngsPETSc/eps.py:10: UserWarning: Import Warning: it was not possible to import SLEPc
  warnings.warn("Import Warning: it was not possible to import SLEPc")
/home/yan00082/firedrake/src/ngsPETSc/ngsPETSc/eps.py:10: UserWarning: Import Warning: it was not possible to import SLEPc
  warnings.warn("Import Warning: it was not possible to import SLEPc")
/home/yan00082/firedrake/src/ngsPETSc/ngsPETSc/eps.py:10: UserWarning: Import Warning: it was not possible to import SLEPc
  warnings.warn("Import Warning: it was not possible to import SLEPc")
/home/yan00082/firedrake/src/ngsPETSc/ngsPETSc/eps.py:10: UserWarning: Import Warning: it was not possible to import SLEPc
  warnings.warn("Import Warning: it was not possible to import SLEPc")
/home/yan00082/firedrake/src/ngsPETSc/ngsPETSc/eps.py:10: UserWarning: Import Warning: it was not possible to import SLEPc
  warnings.warn("Import Warning: it was not possible to import SLEPc")
/home/yan00082/firedrake/src/ngsPETSc/ngsPETSc/eps.py:10: UserWarning: Import Warning: it was not possible to import SLEPc
  warnings.warn("Import Warning: it was not possible to import SLEPc")
/home/yan00082/firedrake/src/ngsPETSc/ngsPETSc/eps.py:10: UserWarning: Import Warning: it was not possible to import SLEPc
  warnings.warn("Import Warning: it was not possible to import SLEPc")
/home/yan00082/firedrake/src/ngsPETSc/ngsPETSc/eps.py:10: UserWarning: Import Warning: it was not possible to import SLEPc
  warnings.warn("Import Warning: it was not possible to import SLEPc")
/home/yan00082/firedrake/src/ngsPETSc/ngsPETSc/eps.py:10: UserWarning: Import Warning: it was not possible to import SLEPc
  warnings.warn("Import Warning: it was not possible to import SLEPc")
/home/yan00082/firedrake/src/ngsPETSc/ngsPETSc/eps.py:10: UserWarning: Import Warning: it was not possible to import SLEPc
  warnings.warn("Import Warning: it was not possible to import SLEPc")
/home/yan00082/firedrake/src/ngsPETSc/ngsPETSc/eps.py:10: UserWarning: Import Warning: it was not possible to import SLEPc
  warnings.warn("Import Warning: it was not possible to import SLEPc")
Refined Mesh with degree of freedom  13211 sum_eta is  0.00923295719368641
Refined Mesh with degree of freedom  15381 sum_eta is  0.0057968637696670456
Refined Mesh with degree of freedom  19451 sum_eta is  0.0038327253831687384
Refined Mesh with degree of freedom  25351 sum_eta is  0.002344945921971918
Refined Mesh with degree of freedom  30501 sum_eta is  0.0015969794982060735
Refined Mesh with degree of freedom  38686 sum_eta is  0.0009893665933334564
Refined Mesh with degree of freedom  46601 sum_eta is  0.000631290480590113
Refined Mesh with degree of freedom  58876 sum_eta is  0.0003498453465783729
Refined Mesh with degree of freedom  69491 sum_eta is  0.00021853891114252834
Refined Mesh with degree of freedom  85796 sum_eta is  0.000118932769134365
Refined Mesh with degree of freedom  102791 sum_eta is  6.708033156419782e-05
Refined Mesh with degree of freedom  118291 sum_eta is  4.0053927375453046e-05
Refined Mesh with degree of freedom  137936 sum_eta is  2.2736843773516433e-05
Refined Mesh with degree of freedom  156266 sum_eta is  1.3733649752635524e-05
Refined Mesh with degree of freedom  171841 sum_eta is  8.67458750527921e-06
Refined Mesh with degree of freedom  189116 sum_eta is  5.425547705365935e-06
Refined Mesh with degree of freedom  205796 sum_eta is  3.4867768553744333e-06
Refined Mesh with degree of freedom  226951 sum_eta is  2.1005617507118484e-06
Refined Mesh with degree of freedom  256706 sum_eta is  1.1605007242649195e-06
Refined Mesh with degree of freedom  284611 sum_eta is  6.729311077407206e-07
Refined Mesh with degree of freedom  316001 sum_eta is  3.8548966599401423e-07
Refined Mesh with degree of freedom  353496 sum_eta is  2.079246252258907e-07
Refined Mesh with degree of freedom  390751 sum_eta is  1.1327460075685898e-07
Refined Mesh with degree of freedom  427781 sum_eta is  6.196682324303412e-08
Lambda is  1e-11  flux is  0.9796154019639317
phi0 is 0.9796154019639317
Refined Mesh with degree of freedom  13211 sum_eta is  0.007947027542280783
Refined Mesh with degree of freedom  15331 sum_eta is  0.005018213240006008
Refined Mesh with degree of freedom  19376 sum_eta is  0.003257707497301028
Refined Mesh with degree of freedom  25991 sum_eta is  0.001742272248647407
Refined Mesh with degree of freedom  32546 sum_eta is  0.001069169413445721
Refined Mesh with degree of freedom  42116 sum_eta is  0.0005652281972928083
Refined Mesh with degree of freedom  50696 sum_eta is  0.0003227193027288903
Refined Mesh with degree of freedom  60891 sum_eta is  0.000181806697572681
Refined Mesh with degree of freedom  73651 sum_eta is  9.345115345872417e-05
Refined Mesh with degree of freedom  85871 sum_eta is  5.044544757965021e-05
Refined Mesh with degree of freedom  98246 sum_eta is  2.898247630345104e-05
Refined Mesh with degree of freedom  113666 sum_eta is  1.523639880547548e-05
Refined Mesh with degree of freedom  128561 sum_eta is  8.254591907881615e-06
Refined Mesh with degree of freedom  150496 sum_eta is  3.918640628897503e-06
Refined Mesh with degree of freedom  173121 sum_eta is  1.95853870105866e-06
Refined Mesh with degree of freedom  196221 sum_eta is  9.819741799617514e-07
Refined Mesh with degree of freedom  220976 sum_eta is  5.127801218287221e-07
Refined Mesh with degree of freedom  245796 sum_eta is  2.7071618844414826e-07
Refined Mesh with degree of freedom  279461 sum_eta is  1.2244197532508986e-07
Refined Mesh with degree of freedom  313531 sum_eta is  5.5811640224199154e-08
Lambda is  3.0517578125e-05  flux is  0.9795750780302911
Refined Mesh with degree of freedom  13211 sum_eta is  0.006988469056545176
Refined Mesh with degree of freedom  15331 sum_eta is  0.004419435620125856
Refined Mesh with degree of freedom  19111 sum_eta is  0.0028925098736001047
Refined Mesh with degree of freedom  25746 sum_eta is  0.0015129528770421083
Refined Mesh with degree of freedom  31441 sum_eta is  0.0009427479881954676
Refined Mesh with degree of freedom  41151 sum_eta is  0.00047408696387212087
Refined Mesh with degree of freedom  50366 sum_eta is  0.00025141705489886647
Refined Mesh with degree of freedom  61231 sum_eta is  0.00013786838814058448
Refined Mesh with degree of freedom  71261 sum_eta is  7.871909652853187e-05
Refined Mesh with degree of freedom  83906 sum_eta is  4.231254781196163e-05
Refined Mesh with degree of freedom  97081 sum_eta is  2.187467551247512e-05
Refined Mesh with degree of freedom  114906 sum_eta is  1.063423212005709e-05
Refined Mesh with degree of freedom  131231 sum_eta is  5.6307499300386414e-06
Refined Mesh with degree of freedom  152411 sum_eta is  2.8454598024433233e-06
Refined Mesh with degree of freedom  173516 sum_eta is  1.4349120335122234e-06
Refined Mesh with degree of freedom  196491 sum_eta is  7.223426177366216e-07
Refined Mesh with degree of freedom  219666 sum_eta is  3.663456997318275e-07
Refined Mesh with degree of freedom  247531 sum_eta is  1.7437035411585574e-07
Refined Mesh with degree of freedom  275556 sum_eta is  8.538073619482995e-08
Lambda is  6.103515625e-05  flux is  0.9795353003438785
Refined Mesh with degree of freedom  13211 sum_eta is  0.0056647354902690595
Refined Mesh with degree of freedom  15316 sum_eta is  0.003590542355170154
Refined Mesh with degree of freedom  18996 sum_eta is  0.0023154844974929414
Refined Mesh with degree of freedom  25761 sum_eta is  0.0012158967273440012
Refined Mesh with degree of freedom  31771 sum_eta is  0.0006947176144379995
Refined Mesh with degree of freedom  41381 sum_eta is  0.0003404567637997273
Refined Mesh with degree of freedom  49171 sum_eta is  0.00019086138362380738
Refined Mesh with degree of freedom  58686 sum_eta is  0.0001038436090751583
Refined Mesh with degree of freedom  70256 sum_eta is  5.2829706905453585e-05
Refined Mesh with degree of freedom  84751 sum_eta is  2.63704005073396e-05
Refined Mesh with degree of freedom  99021 sum_eta is  1.3164831942385206e-05
Refined Mesh with degree of freedom  115891 sum_eta is  6.953555452993702e-06
Refined Mesh with degree of freedom  133331 sum_eta is  3.5444476089707516e-06
Refined Mesh with degree of freedom  151836 sum_eta is  1.8442428875054403e-06
Refined Mesh with degree of freedom  171416 sum_eta is  9.447144475706196e-07
Refined Mesh with degree of freedom  196251 sum_eta is  4.469774060186219e-07
Refined Mesh with degree of freedom  222171 sum_eta is  2.085990075856766e-07
Refined Mesh with degree of freedom  248506 sum_eta is  9.873915516580311e-08
Lambda is  0.0001220703125  flux is  0.9794567327960628
Refined Mesh with degree of freedom  13211 sum_eta is  0.004192888385271837
Refined Mesh with degree of freedom  15366 sum_eta is  0.002613725710436915
Refined Mesh with degree of freedom  18376 sum_eta is  0.0017268174828408518
Refined Mesh with degree of freedom  25376 sum_eta is  0.0008918145012604169
Refined Mesh with degree of freedom  31246 sum_eta is  0.00048019818910666944
Refined Mesh with degree of freedom  39461 sum_eta is  0.0002510682689362684
Refined Mesh with degree of freedom  48001 sum_eta is  0.00012910043570271126
Refined Mesh with degree of freedom  57536 sum_eta is  6.823894737717704e-05
Refined Mesh with degree of freedom  68126 sum_eta is  3.632626263607358e-05
Refined Mesh with degree of freedom  82171 sum_eta is  1.901326633299263e-05
Refined Mesh with degree of freedom  95146 sum_eta is  9.68827811430012e-06
Refined Mesh with degree of freedom  112851 sum_eta is  4.59684935816022e-06
Refined Mesh with degree of freedom  131516 sum_eta is  2.25026232480159e-06
Refined Mesh with degree of freedom  150281 sum_eta is  1.1188757721807452e-06
Refined Mesh with degree of freedom  169856 sum_eta is  5.557190353736883e-07
Refined Mesh with degree of freedom  190026 sum_eta is  2.7697158660847015e-07
Refined Mesh with degree of freedom  212051 sum_eta is  1.4186106748604586e-07
Refined Mesh with degree of freedom  239811 sum_eta is  6.427768326936773e-08
Lambda is  0.000244140625  flux is  0.979302371186397
Refined Mesh with degree of freedom  13211 sum_eta is  0.0028831109411420453
Refined Mesh with degree of freedom  15466 sum_eta is  0.0017147005719350384
Refined Mesh with degree of freedom  19446 sum_eta is  0.001037435612676301
Refined Mesh with degree of freedom  26751 sum_eta is  0.0005048357303375193
Refined Mesh with degree of freedom  32961 sum_eta is  0.0002749811385731874
Refined Mesh with degree of freedom  43461 sum_eta is  0.00011940643207535106
Refined Mesh with degree of freedom  52001 sum_eta is  6.608433210665226e-05
Refined Mesh with degree of freedom  63761 sum_eta is  2.9982130770359868e-05
Refined Mesh with degree of freedom  75396 sum_eta is  1.540191996652059e-05
Refined Mesh with degree of freedom  89001 sum_eta is  7.667771736325455e-06
Refined Mesh with degree of freedom  105631 sum_eta is  3.5052693325845902e-06
Refined Mesh with degree of freedom  124121 sum_eta is  1.5862706083642776e-06
Refined Mesh with degree of freedom  141821 sum_eta is  7.99536669236294e-07
Refined Mesh with degree of freedom  158731 sum_eta is  4.2850304383912926e-07
Refined Mesh with degree of freedom  182531 sum_eta is  1.9895849417507678e-07
Refined Mesh with degree of freedom  204661 sum_eta is  1.0137186725983253e-07
Refined Mesh with degree of freedom  231916 sum_eta is  4.8356223983931975e-08
Lambda is  0.00048828125  flux is  0.9790014522097754
Refined Mesh with degree of freedom  13211 sum_eta is  0.0018604694824263157
Refined Mesh with degree of freedom  15396 sum_eta is  0.0010880746473790723
Refined Mesh with degree of freedom  18641 sum_eta is  0.0006579991551490997
Refined Mesh with degree of freedom  24751 sum_eta is  0.00035498542854580273
Refined Mesh with degree of freedom  30706 sum_eta is  0.00019428168557381154
Refined Mesh with degree of freedom  38696 sum_eta is  9.878464129268262e-05
Refined Mesh with degree of freedom  46866 sum_eta is  5.187576351294994e-05
Refined Mesh with degree of freedom  56856 sum_eta is  2.49933445662806e-05
Refined Mesh with degree of freedom  68736 sum_eta is  1.189245270678558e-05
Refined Mesh with degree of freedom  80346 sum_eta is  6.443079580590461e-06
Refined Mesh with degree of freedom  94806 sum_eta is  3.178019568614429e-06
Refined Mesh with degree of freedom  112231 sum_eta is  1.4820145274724147e-06
Refined Mesh with degree of freedom  130746 sum_eta is  7.513553196781534e-07
Refined Mesh with degree of freedom  149271 sum_eta is  3.986432016436222e-07
Refined Mesh with degree of freedom  171266 sum_eta is  2.1195412326954686e-07
Refined Mesh with degree of freedom  194751 sum_eta is  1.1360624352347134e-07
Refined Mesh with degree of freedom  223501 sum_eta is  5.524172914039077e-08
Lambda is  0.0009765625  flux is  0.9784216801547444
Refined Mesh with degree of freedom  13211 sum_eta is  0.0011166897938493599
Refined Mesh with degree of freedom  16011 sum_eta is  0.0005699297037785349
Refined Mesh with degree of freedom  20116 sum_eta is  0.0003486228714999598
Refined Mesh with degree of freedom  26006 sum_eta is  0.00017527548342037802
Refined Mesh with degree of freedom  32276 sum_eta is  9.938382932760088e-05
Refined Mesh with degree of freedom  38901 sum_eta is  5.387413023483978e-05
Refined Mesh with degree of freedom  47981 sum_eta is  2.9368197156557628e-05
Refined Mesh with degree of freedom  58031 sum_eta is  1.5657589710830104e-05
Refined Mesh with degree of freedom  70546 sum_eta is  8.138481775379714e-06
Refined Mesh with degree of freedom  84311 sum_eta is  4.452964046367586e-06
Refined Mesh with degree of freedom  100246 sum_eta is  2.420142561255808e-06
Refined Mesh with degree of freedom  118026 sum_eta is  1.290112592956443e-06
Refined Mesh with degree of freedom  134866 sum_eta is  7.774310006081553e-07
Refined Mesh with degree of freedom  154366 sum_eta is  4.3909161161196883e-07
Refined Mesh with degree of freedom  176406 sum_eta is  2.4036032881178546e-07
Refined Mesh with degree of freedom  196871 sum_eta is  1.4210415621761205e-07
Refined Mesh with degree of freedom  223261 sum_eta is  7.934415313821156e-08
Lambda is  0.001953125  flux is  0.9773247912962759
Refined Mesh with degree of freedom  13211 sum_eta is  0.0007247730656941221
Refined Mesh with degree of freedom  15481 sum_eta is  0.00043057145778586535
Refined Mesh with degree of freedom  19091 sum_eta is  0.00026683936841998804
Refined Mesh with degree of freedom  24846 sum_eta is  0.00014984913495650053
Refined Mesh with degree of freedom  30911 sum_eta is  8.988251732863873e-05
Refined Mesh with degree of freedom  41026 sum_eta is  4.954922570005891e-05
Refined Mesh with degree of freedom  50141 sum_eta is  2.994472545394933e-05
Refined Mesh with degree of freedom  61776 sum_eta is  1.7258023457156895e-05
Refined Mesh with degree of freedom  74086 sum_eta is  9.862219546706859e-06
Refined Mesh with degree of freedom  89041 sum_eta is  5.611251711762137e-06
Refined Mesh with degree of freedom  104446 sum_eta is  3.346267913832118e-06
Refined Mesh with degree of freedom  121916 sum_eta is  1.9428886715878817e-06
Refined Mesh with degree of freedom  141106 sum_eta is  1.1202644692917557e-06
Refined Mesh with degree of freedom  160501 sum_eta is  6.61780772028604e-07
Refined Mesh with degree of freedom  180021 sum_eta is  4.1062799715947354e-07
Refined Mesh with degree of freedom  205411 sum_eta is  2.2885239085307327e-07
Refined Mesh with degree of freedom  226796 sum_eta is  1.3896541180682224e-07
Refined Mesh with degree of freedom  252316 sum_eta is  8.146045949997517e-08
Lambda is  0.00390625  flux is  0.975306552462545
Refined Mesh with degree of freedom  13211 sum_eta is  0.0008073551657611653
Refined Mesh with degree of freedom  15906 sum_eta is  0.0005125628603305063
Refined Mesh with degree of freedom  19851 sum_eta is  0.000338639977866252
Refined Mesh with degree of freedom  26171 sum_eta is  0.0001961187668355501
Refined Mesh with degree of freedom  33736 sum_eta is  0.00011808970189006518
Refined Mesh with degree of freedom  44071 sum_eta is  7.001535812841485e-05
Refined Mesh with degree of freedom  55076 sum_eta is  4.4438599796855273e-05
Refined Mesh with degree of freedom  65726 sum_eta is  2.8088281922514088e-05
Refined Mesh with degree of freedom  77611 sum_eta is  1.757574052924785e-05
Refined Mesh with degree of freedom  90201 sum_eta is  1.0843362333382676e-05
Refined Mesh with degree of freedom  106151 sum_eta is  6.391455190596397e-06
Refined Mesh with degree of freedom  124621 sum_eta is  3.707789507453215e-06
Refined Mesh with degree of freedom  147181 sum_eta is  2.095229597710843e-06
Refined Mesh with degree of freedom  166531 sum_eta is  1.2616181325655027e-06
Refined Mesh with degree of freedom  190421 sum_eta is  6.981542499548771e-07
Refined Mesh with degree of freedom  217716 sum_eta is  3.8799197967617253e-07
Refined Mesh with degree of freedom  242401 sum_eta is  2.2158220272157937e-07
Refined Mesh with degree of freedom  269381 sum_eta is  1.285171219973885e-07
Refined Mesh with degree of freedom  300821 sum_eta is  6.92721651252527e-08
Lambda is  0.0078125  flux is  0.9717312413313876
Refined Mesh with degree of freedom  13211 sum_eta is  0.001407705990878381
Refined Mesh with degree of freedom  16511 sum_eta is  0.0008934467873878281
Refined Mesh with degree of freedom  20686 sum_eta is  0.0006091028132636166
Refined Mesh with degree of freedom  27396 sum_eta is  0.000357170896951251
Refined Mesh with degree of freedom  35691 sum_eta is  0.00022475922439423637
Refined Mesh with degree of freedom  45231 sum_eta is  0.00013915052728776973
Refined Mesh with degree of freedom  58121 sum_eta is  8.06036540474459e-05
Refined Mesh with degree of freedom  72481 sum_eta is  4.6363375274373584e-05
Refined Mesh with degree of freedom  87531 sum_eta is  2.7664172552756844e-05
Refined Mesh with degree of freedom  104286 sum_eta is  1.6560004317659617e-05
Refined Mesh with degree of freedom  119281 sum_eta is  1.0303965626847955e-05
Refined Mesh with degree of freedom  138046 sum_eta is  6.048269707400146e-06
Refined Mesh with degree of freedom  154946 sum_eta is  3.819175834108257e-06
Refined Mesh with degree of freedom  178651 sum_eta is  2.143669608320502e-06
Refined Mesh with degree of freedom  199751 sum_eta is  1.2893484810058414e-06
Refined Mesh with degree of freedom  224956 sum_eta is  7.308342491316089e-07
Refined Mesh with degree of freedom  248101 sum_eta is  4.5365167155526325e-07
Refined Mesh with degree of freedom  271806 sum_eta is  2.8049203276591504e-07
Refined Mesh with degree of freedom  306211 sum_eta is  1.4911228119415377e-07
Refined Mesh with degree of freedom  336296 sum_eta is  8.426148223906437e-08
Lambda is  0.015625  flux is  0.9656427881899525
Refined Mesh with degree of freedom  13211 sum_eta is  0.002404064361798882
Refined Mesh with degree of freedom  17196 sum_eta is  0.0014777396449183141
Refined Mesh with degree of freedom  21541 sum_eta is  0.0010169532614449455
Refined Mesh with degree of freedom  28431 sum_eta is  0.0006236497328690966
Refined Mesh with degree of freedom  36841 sum_eta is  0.0003966479770835698
Refined Mesh with degree of freedom  47141 sum_eta is  0.0002573443920041175
Refined Mesh with degree of freedom  58641 sum_eta is  0.00015915894264927142
Refined Mesh with degree of freedom  70236 sum_eta is  0.00010492065252824637
Refined Mesh with degree of freedom  83596 sum_eta is  6.449830297643001e-05
Refined Mesh with degree of freedom  100736 sum_eta is  3.713845106420431e-05
Refined Mesh with degree of freedom  114456 sum_eta is  2.4297649626378828e-05
Refined Mesh with degree of freedom  131561 sum_eta is  1.4738195403071853e-05
Refined Mesh with degree of freedom  151051 sum_eta is  8.65948242235773e-06
Refined Mesh with degree of freedom  171596 sum_eta is  5.263067527445133e-06
Refined Mesh with degree of freedom  189471 sum_eta is  3.288624856466204e-06
Refined Mesh with degree of freedom  208286 sum_eta is  2.08100477835796e-06
Refined Mesh with degree of freedom  229686 sum_eta is  1.2553881581468513e-06
Refined Mesh with degree of freedom  257801 sum_eta is  7.20507669398329e-07
Refined Mesh with degree of freedom  287246 sum_eta is  4.2895270981628816e-07
Refined Mesh with degree of freedom  315916 sum_eta is  2.5581163515773777e-07
Refined Mesh with degree of freedom  350066 sum_eta is  1.3846696280232045e-07
Refined Mesh with degree of freedom  380606 sum_eta is  7.990471486517124e-08
Lambda is  0.03125  flux is  0.9555523559646177
Refined Mesh with degree of freedom  13211 sum_eta is  0.0035656045453614175
Refined Mesh with degree of freedom  16756 sum_eta is  0.002381584034940803
Refined Mesh with degree of freedom  20426 sum_eta is  0.0016598036882620247
Refined Mesh with degree of freedom  27371 sum_eta is  0.0010146614892754995
Refined Mesh with degree of freedom  37461 sum_eta is  0.0006323843768023861
Refined Mesh with degree of freedom  47671 sum_eta is  0.0004076198930397585
Refined Mesh with degree of freedom  62811 sum_eta is  0.00022849474522469503
Refined Mesh with degree of freedom  75741 sum_eta is  0.00014654154459616453
Refined Mesh with degree of freedom  91056 sum_eta is  9.029286740529781e-05
Refined Mesh with degree of freedom  106261 sum_eta is  5.685620330153632e-05
Refined Mesh with degree of freedom  122001 sum_eta is  3.54991483965515e-05
Refined Mesh with degree of freedom  140516 sum_eta is  2.1389520193901634e-05
Refined Mesh with degree of freedom  163241 sum_eta is  1.2064699382891393e-05
Refined Mesh with degree of freedom  184526 sum_eta is  7.261052542062727e-06
Refined Mesh with degree of freedom  207621 sum_eta is  4.255785783771334e-06
Refined Mesh with degree of freedom  228296 sum_eta is  2.740493500007031e-06
Refined Mesh with degree of freedom  250381 sum_eta is  1.6445777117527976e-06
Refined Mesh with degree of freedom  277836 sum_eta is  9.676987575724745e-07
Refined Mesh with degree of freedom  312386 sum_eta is  5.095377423199607e-07
Refined Mesh with degree of freedom  341581 sum_eta is  2.9553029431154407e-07
Refined Mesh with degree of freedom  382461 sum_eta is  1.5115747895918418e-07
Refined Mesh with degree of freedom  414086 sum_eta is  8.760407948983973e-08
Lambda is  0.0625  flux is  0.9390290942131201
Refined Mesh with degree of freedom  13211 sum_eta is  0.0046684615568688415
Refined Mesh with degree of freedom  17761 sum_eta is  0.0027747578213898555
Refined Mesh with degree of freedom  22906 sum_eta is  0.0018979678839583661
Refined Mesh with degree of freedom  32216 sum_eta is  0.0011486985693342326
Refined Mesh with degree of freedom  45591 sum_eta is  0.0006636143496578635
Refined Mesh with degree of freedom  57726 sum_eta is  0.00041340133097689035
Refined Mesh with degree of freedom  73756 sum_eta is  0.0002457954880254891
Refined Mesh with degree of freedom  88466 sum_eta is  0.00015520916931067012
Refined Mesh with degree of freedom  107106 sum_eta is  9.225949823081466e-05
Refined Mesh with degree of freedom  124456 sum_eta is  5.736647589684699e-05
Refined Mesh with degree of freedom  141361 sum_eta is  3.627200903994461e-05
Refined Mesh with degree of freedom  164221 sum_eta is  2.0541949236138872e-05
Refined Mesh with degree of freedom  186316 sum_eta is  1.2331570537860951e-05
Refined Mesh with degree of freedom  213036 sum_eta is  6.8812402452348454e-06
Refined Mesh with degree of freedom  234466 sum_eta is  4.326211319087165e-06
Refined Mesh with degree of freedom  263391 sum_eta is  2.4039040186421737e-06
Refined Mesh with degree of freedom  294706 sum_eta is  1.3367064741854907e-06
Refined Mesh with degree of freedom  322711 sum_eta is  7.94118270038481e-07
Refined Mesh with degree of freedom  352846 sum_eta is  4.546855121873614e-07
Refined Mesh with degree of freedom  385666 sum_eta is  2.499277673468594e-07
Refined Mesh with degree of freedom  421251 sum_eta is  1.384871643421892e-07
Refined Mesh with degree of freedom  472356 sum_eta is  6.543236818675305e-08
Lambda is  0.125  flux is  0.9121603887688483
Refined Mesh with degree of freedom  13211 sum_eta is  0.00550566030201213
Refined Mesh with degree of freedom  17151 sum_eta is  0.003480737691553429
Refined Mesh with degree of freedom  21606 sum_eta is  0.0024466916851711377
Refined Mesh with degree of freedom  31476 sum_eta is  0.0014761816089179528
Refined Mesh with degree of freedom  43546 sum_eta is  0.0008974471591664672
Refined Mesh with degree of freedom  56716 sum_eta is  0.0005705474273792516
Refined Mesh with degree of freedom  73296 sum_eta is  0.0003353966460058274
Refined Mesh with degree of freedom  87161 sum_eta is  0.00021909606921211494
Refined Mesh with degree of freedom  104931 sum_eta is  0.00013170729885887775
Refined Mesh with degree of freedom  121781 sum_eta is  8.399846214839145e-05
Refined Mesh with degree of freedom  144936 sum_eta is  4.702914250749397e-05
Refined Mesh with degree of freedom  165001 sum_eta is  2.9495413880726106e-05
Refined Mesh with degree of freedom  186761 sum_eta is  1.745949403298548e-05
Refined Mesh with degree of freedom  206601 sum_eta is  1.103678660408661e-05
Refined Mesh with degree of freedom  231086 sum_eta is  6.307722703479683e-06
Refined Mesh with degree of freedom  262821 sum_eta is  3.470168686554095e-06
Refined Mesh with degree of freedom  289941 sum_eta is  2.0086018220792338e-06
Refined Mesh with degree of freedom  318391 sum_eta is  1.1827074571610895e-06
Refined Mesh with degree of freedom  350406 sum_eta is  6.686222903143061e-07
Refined Mesh with degree of freedom  385606 sum_eta is  3.578998717555767e-07
Refined Mesh with degree of freedom  418291 sum_eta is  2.126172896758061e-07
Refined Mesh with degree of freedom  460181 sum_eta is  1.1244130406369081e-07
Refined Mesh with degree of freedom  516736 sum_eta is  4.9826747660643356e-08
Lambda is  0.25  flux is  0.8690302321708867
Refined Mesh with degree of freedom  13211 sum_eta is  0.005842054007102042
Refined Mesh with degree of freedom  17561 sum_eta is  0.003528052697650252
Refined Mesh with degree of freedom  25086 sum_eta is  0.002274508656960059
Refined Mesh with degree of freedom  35021 sum_eta is  0.0014156972862531137
Refined Mesh with degree of freedom  46841 sum_eta is  0.0008863093509573693
Refined Mesh with degree of freedom  60901 sum_eta is  0.0005594708013422561
Refined Mesh with degree of freedom  76261 sum_eta is  0.0003518927644111944
Refined Mesh with degree of freedom  94321 sum_eta is  0.0002139034340719346
Refined Mesh with degree of freedom  115921 sum_eta is  0.00012034542895425829
Refined Mesh with degree of freedom  133956 sum_eta is  7.556916582135474e-05
Refined Mesh with degree of freedom  154386 sum_eta is  4.561058360969089e-05
Refined Mesh with degree of freedom  174771 sum_eta is  2.806812069415619e-05
Refined Mesh with degree of freedom  195381 sum_eta is  1.7112234213935435e-05
Refined Mesh with degree of freedom  217116 sum_eta is  1.0394478144927242e-05
Refined Mesh with degree of freedom  238671 sum_eta is  6.322278360550201e-06
Refined Mesh with degree of freedom  260741 sum_eta is  3.950273341775141e-06
Refined Mesh with degree of freedom  282991 sum_eta is  2.431900285197099e-06
Refined Mesh with degree of freedom  315921 sum_eta is  1.3611920200239639e-06
Refined Mesh with degree of freedom  347751 sum_eta is  7.876255192549927e-07
Refined Mesh with degree of freedom  382321 sum_eta is  4.5052583032248626e-07
Refined Mesh with degree of freedom  420496 sum_eta is  2.4867636200677246e-07
Refined Mesh with degree of freedom  468931 sum_eta is  1.2156904309954796e-07
Refined Mesh with degree of freedom  520866 sum_eta is  5.903070999736455e-08
Lambda is  0.5  flux is  0.8017257397748166
Refined Mesh with degree of freedom  13211 sum_eta is  0.005415613927237024
Refined Mesh with degree of freedom  16606 sum_eta is  0.003432965463905752
Refined Mesh with degree of freedom  23196 sum_eta is  0.002254160089509232
Refined Mesh with degree of freedom  33346 sum_eta is  0.001458045525536501
Refined Mesh with degree of freedom  45606 sum_eta is  0.0009082560717248124
Refined Mesh with degree of freedom  60201 sum_eta is  0.0005578633918375298
Refined Mesh with degree of freedom  78241 sum_eta is  0.00031955857449333686
Refined Mesh with degree of freedom  97606 sum_eta is  0.0001885306646949758
Refined Mesh with degree of freedom  119586 sum_eta is  0.000109023971669379
Refined Mesh with degree of freedom  139396 sum_eta is  6.638051799079751e-05
Refined Mesh with degree of freedom  162356 sum_eta is  3.829129162512546e-05
Refined Mesh with degree of freedom  188016 sum_eta is  2.1654264383006142e-05
Refined Mesh with degree of freedom  213181 sum_eta is  1.224411852643903e-05
Refined Mesh with degree of freedom  239891 sum_eta is  6.83807722666917e-06
Refined Mesh with degree of freedom  266166 sum_eta is  3.900863960971029e-06
Refined Mesh with degree of freedom  289746 sum_eta is  2.3777946619093707e-06
Refined Mesh with degree of freedom  314466 sum_eta is  1.4560394527366003e-06
Refined Mesh with degree of freedom  343311 sum_eta is  8.716567970946321e-07
Refined Mesh with degree of freedom  375061 sum_eta is  5.084709196170627e-07
Refined Mesh with degree of freedom  416146 sum_eta is  2.6023980257884773e-07
Refined Mesh with degree of freedom  452751 sum_eta is  1.4488147768142993e-07
Refined Mesh with degree of freedom  491891 sum_eta is  8.043440098405908e-08
Lambda is  1.0  flux is  0.7023395579133384
Refined Mesh with degree of freedom  13211 sum_eta is  0.004157005295124842
Refined Mesh with degree of freedom  15941 sum_eta is  0.0027460877716450134
Refined Mesh with degree of freedom  21421 sum_eta is  0.0018609274636255232
Refined Mesh with degree of freedom  30931 sum_eta is  0.0011996297030133897
Refined Mesh with degree of freedom  42381 sum_eta is  0.0007760198904134443
Refined Mesh with degree of freedom  57271 sum_eta is  0.00046032253698748165
Refined Mesh with degree of freedom  72711 sum_eta is  0.0002791647924766673
Refined Mesh with degree of freedom  90361 sum_eta is  0.0001703591074147137
Refined Mesh with degree of freedom  110921 sum_eta is  9.974806348365207e-05
Refined Mesh with degree of freedom  130156 sum_eta is  6.0436837984516916e-05
Refined Mesh with degree of freedom  150251 sum_eta is  3.638924435196078e-05
Refined Mesh with degree of freedom  175971 sum_eta is  2.0129557023045273e-05
Refined Mesh with degree of freedom  202771 sum_eta is  1.1078404677082766e-05
Refined Mesh with degree of freedom  229091 sum_eta is  6.255950735754888e-06
Refined Mesh with degree of freedom  257851 sum_eta is  3.394849109501643e-06
Refined Mesh with degree of freedom  289871 sum_eta is  1.7972209000815294e-06
Refined Mesh with degree of freedom  321466 sum_eta is  9.692507034882325e-07
Refined Mesh with degree of freedom  351621 sum_eta is  5.685327656096034e-07
Refined Mesh with degree of freedom  389586 sum_eta is  3.0494337239256534e-07
Refined Mesh with degree of freedom  427681 sum_eta is  1.6257826105869542e-07
Refined Mesh with degree of freedom  471901 sum_eta is  8.065568809891967e-08
Lambda is  2.0  flux is  0.5692855035495659
Refined Mesh with degree of freedom  13211 sum_eta is  0.0024950244619822196
Refined Mesh with degree of freedom  17266 sum_eta is  0.0014570135581155484
Refined Mesh with degree of freedom  24406 sum_eta is  0.0009522841664496239
Refined Mesh with degree of freedom  35386 sum_eta is  0.0006053870071095299
Refined Mesh with degree of freedom  46916 sum_eta is  0.0003855941956588673
Refined Mesh with degree of freedom  60386 sum_eta is  0.0002451337128190152
Refined Mesh with degree of freedom  76571 sum_eta is  0.00014564574649145678
Refined Mesh with degree of freedom  93966 sum_eta is  8.908008431192953e-05
Refined Mesh with degree of freedom  110746 sum_eta is  5.6690949501869735e-05
Refined Mesh with degree of freedom  127986 sum_eta is  3.638110680755655e-05
Refined Mesh with degree of freedom  145796 sum_eta is  2.3075736672402785e-05
Refined Mesh with degree of freedom  167346 sum_eta is  1.3665091387801192e-05
Refined Mesh with degree of freedom  190561 sum_eta is  8.01459195405322e-06
Refined Mesh with degree of freedom  210336 sum_eta is  5.08658294188104e-06
Refined Mesh with degree of freedom  233611 sum_eta is  3.0262885951186943e-06
Refined Mesh with degree of freedom  254021 sum_eta is  1.9172111797695223e-06
Refined Mesh with degree of freedom  277791 sum_eta is  1.1577816764897686e-06
Refined Mesh with degree of freedom  308961 sum_eta is  6.498210180956117e-07
Refined Mesh with degree of freedom  334596 sum_eta is  4.148573112966379e-07
Refined Mesh with degree of freedom  378161 sum_eta is  2.176159337142888e-07
Refined Mesh with degree of freedom  414111 sum_eta is  1.1629630632432407e-07
Refined Mesh with degree of freedom  447771 sum_eta is  7.012603587517351e-08
Lambda is  4.0  flux is  0.4163695277869552
Refined Mesh with degree of freedom  13211 sum_eta is  0.00114791481156342
Refined Mesh with degree of freedom  16846 sum_eta is  0.0006815074832676802
Refined Mesh with degree of freedom  23696 sum_eta is  0.00044630201746565006
Refined Mesh with degree of freedom  34896 sum_eta is  0.00027637684494431086
Refined Mesh with degree of freedom  46006 sum_eta is  0.00017853711837040564
Refined Mesh with degree of freedom  62651 sum_eta is  0.00010301620483042858
Refined Mesh with degree of freedom  77476 sum_eta is  6.392221075059403e-05
Refined Mesh with degree of freedom  96141 sum_eta is  3.718835358201586e-05
Refined Mesh with degree of freedom  115471 sum_eta is  2.2049036855873983e-05
Refined Mesh with degree of freedom  135251 sum_eta is  1.3328241778143676e-05
Refined Mesh with degree of freedom  159051 sum_eta is  7.39940632823409e-06
Refined Mesh with degree of freedom  179086 sum_eta is  4.614591923473842e-06
Refined Mesh with degree of freedom  202686 sum_eta is  2.6916556682202185e-06
Refined Mesh with degree of freedom  224071 sum_eta is  1.6729762459614275e-06
Refined Mesh with degree of freedom  244156 sum_eta is  1.0370462892492366e-06
Refined Mesh with degree of freedom  278186 sum_eta is  5.371789153227147e-07
Refined Mesh with degree of freedom  307956 sum_eta is  3.1258237516103187e-07
Refined Mesh with degree of freedom  334496 sum_eta is  1.9033118702094533e-07
Refined Mesh with degree of freedom  373226 sum_eta is  1.0290707126503614e-07
Refined Mesh with degree of freedom  411111 sum_eta is  5.48384759235301e-08
Lambda is  8.0  flux is  0.27208752302622324
Refined Mesh with degree of freedom  13211 sum_eta is  0.00041972839002341847
Refined Mesh with degree of freedom  16411 sum_eta is  0.0002564323697948147
Refined Mesh with degree of freedom  23526 sum_eta is  0.0001627664466353037
Refined Mesh with degree of freedom  33296 sum_eta is  0.00010343871899257798
Refined Mesh with degree of freedom  46706 sum_eta is  6.243737245485083e-05
Refined Mesh with degree of freedom  61251 sum_eta is  3.8656401044619216e-05
Refined Mesh with degree of freedom  74966 sum_eta is  2.455749433081323e-05
Refined Mesh with degree of freedom  89636 sum_eta is  1.56946013624691e-05
Refined Mesh with degree of freedom  107851 sum_eta is  9.517004762987772e-06
Refined Mesh with degree of freedom  128796 sum_eta is  5.588400971420752e-06
Refined Mesh with degree of freedom  147721 sum_eta is  3.504456682498074e-06
Refined Mesh with degree of freedom  165981 sum_eta is  2.1985917003310573e-06
Refined Mesh with degree of freedom  187651 sum_eta is  1.3453207932820245e-06
Refined Mesh with degree of freedom  206826 sum_eta is  8.376814790821398e-07
Refined Mesh with degree of freedom  230881 sum_eta is  4.981072562457464e-07
Refined Mesh with degree of freedom  256286 sum_eta is  2.845619841560827e-07
Refined Mesh with degree of freedom  281461 sum_eta is  1.7363263375511528e-07
Refined Mesh with degree of freedom  315641 sum_eta is  9.366740061773928e-08
Lambda is  16.0  flux is  0.16100104830404793
Refined Mesh with degree of freedom  13211 sum_eta is  0.00013037649979109732
Refined Mesh with degree of freedom  16411 sum_eta is  7.913808426569654e-05
Refined Mesh with degree of freedom  23061 sum_eta is  5.152952025473991e-05
Refined Mesh with degree of freedom  33061 sum_eta is  3.230466575221873e-05
Refined Mesh with degree of freedom  45701 sum_eta is  2.0132029673970024e-05
Refined Mesh with degree of freedom  61221 sum_eta is  1.2038951742115525e-05
Refined Mesh with degree of freedom  76541 sum_eta is  7.3329435117796105e-06
Refined Mesh with degree of freedom  94296 sum_eta is  4.328264546478014e-06
Refined Mesh with degree of freedom  113061 sum_eta is  2.595883615008564e-06
Refined Mesh with degree of freedom  128821 sum_eta is  1.716110026569486e-06
Refined Mesh with degree of freedom  147781 sum_eta is  1.0637848345876957e-06
Refined Mesh with degree of freedom  170566 sum_eta is  6.139745327461028e-07
Refined Mesh with degree of freedom  192881 sum_eta is  3.64086531777062e-07
Refined Mesh with degree of freedom  220651 sum_eta is  2.0434375806146501e-07
Refined Mesh with degree of freedom  244821 sum_eta is  1.2350236522508618e-07
Refined Mesh with degree of freedom  272441 sum_eta is  6.947967512223937e-08
Lambda is  32.0  flux is  0.08868291226328175
Refined Mesh with degree of freedom  13211 sum_eta is  3.663692017932176e-05
Refined Mesh with degree of freedom  16411 sum_eta is  2.2165194985365194e-05
Refined Mesh with degree of freedom  22926 sum_eta is  1.4580025279910614e-05
Refined Mesh with degree of freedom  32606 sum_eta is  9.099121275190723e-06
Refined Mesh with degree of freedom  45211 sum_eta is  5.673781658114326e-06
Refined Mesh with degree of freedom  61011 sum_eta is  3.3880945032674963e-06
Refined Mesh with degree of freedom  77591 sum_eta is  1.990873713931127e-06
Refined Mesh with degree of freedom  93996 sum_eta is  1.2158123306889185e-06
Refined Mesh with degree of freedom  112346 sum_eta is  7.303457768360844e-07
Refined Mesh with degree of freedom  128571 sum_eta is  4.713792375477229e-07
Refined Mesh with degree of freedom  147456 sum_eta is  2.930586044406946e-07
Refined Mesh with degree of freedom  165791 sum_eta is  1.8345795472156367e-07
Refined Mesh with degree of freedom  193326 sum_eta is  9.815915281198583e-08
Lambda is  64.0  flux is  0.046723674147669994
Refined Mesh with degree of freedom  13211 sum_eta is  9.733558717301218e-06
Refined Mesh with degree of freedom  16411 sum_eta is  5.8789734284319814e-06
Refined Mesh with degree of freedom  22926 sum_eta is  3.865748616371595e-06
Refined Mesh with degree of freedom  32296 sum_eta is  2.463835947496774e-06
Refined Mesh with degree of freedom  43316 sum_eta is  1.6392925355592036e-06
Refined Mesh with degree of freedom  56761 sum_eta is  9.996168093287318e-07
Refined Mesh with degree of freedom  72166 sum_eta is  6.126400527371431e-07
Refined Mesh with degree of freedom  89076 sum_eta is  3.698812038770346e-07
Refined Mesh with degree of freedom  105556 sum_eta is  2.3393403790140022e-07
Refined Mesh with degree of freedom  128696 sum_eta is  1.2853189399397197e-07
Refined Mesh with degree of freedom  147336 sum_eta is  8.05784265844546e-08
Lambda is  128.0  flux is  0.024007823572213104
Refined Mesh with degree of freedom  13211 sum_eta is  2.5100955817242384e-06
Refined Mesh with degree of freedom  16411 sum_eta is  1.5148068704602076e-06
Refined Mesh with degree of freedom  22926 sum_eta is  9.958912808199497e-07
Refined Mesh with degree of freedom  32216 sum_eta is  6.361225529284199e-07
Refined Mesh with degree of freedom  43241 sum_eta is  4.2338412977799205e-07
Refined Mesh with degree of freedom  56746 sum_eta is  2.567947528495855e-07
Refined Mesh with degree of freedom  72126 sum_eta is  1.5727939936207456e-07
Refined Mesh with degree of freedom  89101 sum_eta is  9.477582771682034e-08
Lambda is  256.0  flux is  0.012172347508041536
Refined Mesh with degree of freedom  13211 sum_eta is  6.374408073278631e-07
Refined Mesh with degree of freedom  16411 sum_eta is  3.8452545006202174e-07
Refined Mesh with degree of freedom  22926 sum_eta is  2.527790015866299e-07
Refined Mesh with degree of freedom  32216 sum_eta is  1.6144609610342937e-07
Refined Mesh with degree of freedom  43241 sum_eta is  1.0744555492416622e-07
Refined Mesh with degree of freedom  56506 sum_eta is  6.599301501651879e-08
Lambda is  512.0  flux is  0.006129194070439874
Refined Mesh with degree of freedom  13211 sum_eta is  0.0011495103662219552
Refined Mesh with degree of freedom  16591 sum_eta is  0.0007127513389823784
Refined Mesh with degree of freedom  21551 sum_eta is  0.0004549544000619474
Refined Mesh with degree of freedom  27186 sum_eta is  0.00028787947557744895
Refined Mesh with degree of freedom  34601 sum_eta is  0.0001827066872597273
Refined Mesh with degree of freedom  44861 sum_eta is  0.00010919541594418746
Refined Mesh with degree of freedom  59006 sum_eta is  5.9976225587320427e-05
Refined Mesh with degree of freedom  70761 sum_eta is  3.816108066632612e-05
Refined Mesh with degree of freedom  87046 sum_eta is  2.1719655013147325e-05
Refined Mesh with degree of freedom  103796 sum_eta is  1.291962741073512e-05
Refined Mesh with degree of freedom  119106 sum_eta is  7.857677339260822e-06
Refined Mesh with degree of freedom  134836 sum_eta is  5.0991850277726425e-06
Refined Mesh with degree of freedom  153461 sum_eta is  3.044814636572168e-06
Refined Mesh with degree of freedom  172686 sum_eta is  1.8786562022952046e-06
Refined Mesh with degree of freedom  195916 sum_eta is  1.0721845874453678e-06
Refined Mesh with degree of freedom  221611 sum_eta is  6.105220405789296e-07
Refined Mesh with degree of freedom  249701 sum_eta is  3.429558939192868e-07
Refined Mesh with degree of freedom  280626 sum_eta is  1.8521917377607316e-07
Refined Mesh with degree of freedom  313951 sum_eta is  9.820056045501858e-08
Lambda is  0.012345679012345677  flux is  0.9680714642268279
Refined Mesh with degree of freedom  13211 sum_eta is  0.003058183659360443
Refined Mesh with degree of freedom  17331 sum_eta is  0.0017852703216407638
Refined Mesh with degree of freedom  25246 sum_eta is  0.0011343324145105709
Refined Mesh with degree of freedom  35841 sum_eta is  0.0007323399436345718
Refined Mesh with degree of freedom  47091 sum_eta is  0.00047010093591745496
Refined Mesh with degree of freedom  62001 sum_eta is  0.00028706668580498257
Refined Mesh with degree of freedom  77781 sum_eta is  0.00017507802652922248
Refined Mesh with degree of freedom  94861 sum_eta is  0.00010841134803411507
Refined Mesh with degree of freedom  115581 sum_eta is  6.275352924343925e-05
Refined Mesh with degree of freedom  136991 sum_eta is  3.6912307561483173e-05
Refined Mesh with degree of freedom  158036 sum_eta is  2.2358949300178503e-05
Refined Mesh with degree of freedom  180296 sum_eta is  1.3110824407353297e-05
Refined Mesh with degree of freedom  201986 sum_eta is  7.845277047766303e-06
Refined Mesh with degree of freedom  233596 sum_eta is  4.071200524107224e-06
Refined Mesh with degree of freedom  259161 sum_eta is  2.3603747077286903e-06
Refined Mesh with degree of freedom  282246 sum_eta is  1.463898521174175e-06
Refined Mesh with degree of freedom  314011 sum_eta is  7.956606889269147e-07
Refined Mesh with degree of freedom  347126 sum_eta is  4.460993408473057e-07
Refined Mesh with degree of freedom  381186 sum_eta is  2.591485414000228e-07
Refined Mesh with degree of freedom  416866 sum_eta is  1.3925770856218608e-07
Refined Mesh with degree of freedom  452291 sum_eta is  8.077649225151072e-08
Lambda is  3.160493827160493  flux is  0.46895160146773784
Plot for 0<Lambda<1000 saved to figures/Phi_Lam_4.png 
Result for 0<Lambda<1000 saved to results/Phi_Lam_4.csv 
Refined Mesh with degree of freedom  13211 sum_eta is  0.0011495103662219042
Refined Mesh with degree of freedom  16591 sum_eta is  0.0007127513389823732
Refined Mesh with degree of freedom  21551 sum_eta is  0.0004549544000619454
Refined Mesh with degree of freedom  27186 sum_eta is  0.00028787947557746846
Refined Mesh with degree of freedom  34601 sum_eta is  0.0001827066872597184
Refined Mesh with degree of freedom  44861 sum_eta is  0.0001091954159441832
Refined Mesh with degree of freedom  59006 sum_eta is  5.9976225587319214e-05
Refined Mesh with degree of freedom  70761 sum_eta is  3.816108066632185e-05
Refined Mesh with degree of freedom  87046 sum_eta is  2.171965501314162e-05
Refined Mesh with degree of freedom  103796 sum_eta is  1.2919627410734794e-05
Refined Mesh with degree of freedom  119106 sum_eta is  7.857677339259624e-06
Refined Mesh with degree of freedom  134836 sum_eta is  5.099185027772246e-06
Refined Mesh with degree of freedom  153461 sum_eta is  3.0448146365721506e-06
Refined Mesh with degree of freedom  172686 sum_eta is  1.8786562022947646e-06
Refined Mesh with degree of freedom  195916 sum_eta is  1.0721845874454264e-06
Refined Mesh with degree of freedom  221611 sum_eta is  6.105220405799038e-07
