firedrake:WARNING OMP_NUM_THREADS is not set or is set to a value greater than 1, we suggest setting OMP_NUM_THREADS=1 to improve performance
/home/yan00082/firedrake/src/ngsPETSc/ngsPETSc/__init__.py:30: UserWarning: No NGSolve installed, only working with Netgen.
  warnings.warn("No NGSolve installed, only working with Netgen.")
/home/yan00082/firedrake/src/ngsPETSc/ngsPETSc/__init__.py:30: UserWarning: No NGSolve installed, only working with Netgen.
  warnings.warn("No NGSolve installed, only working with Netgen.")
/home/yan00082/firedrake/src/ngsPETSc/ngsPETSc/__init__.py:30: UserWarning: No NGSolve installed, only working with Netgen.
  warnings.warn("No NGSolve installed, only working with Netgen.")
/home/yan00082/firedrake/src/ngsPETSc/ngsPETSc/__init__.py:30: UserWarning: No NGSolve installed, only working with Netgen.
  warnings.warn("No NGSolve installed, only working with Netgen.")
/home/yan00082/firedrake/src/ngsPETSc/ngsPETSc/__init__.py:30: UserWarning: No NGSolve installed, only working with Netgen.
  warnings.warn("No NGSolve installed, only working with Netgen.")
/home/yan00082/firedrake/src/ngsPETSc/ngsPETSc/__init__.py:30: UserWarning: No NGSolve installed, only working with Netgen.
  warnings.warn("No NGSolve installed, only working with Netgen.")
/home/yan00082/firedrake/src/ngsPETSc/ngsPETSc/__init__.py:30: UserWarning: No NGSolve installed, only working with Netgen.
  warnings.warn("No NGSolve installed, only working with Netgen.")
/home/yan00082/firedrake/src/ngsPETSc/ngsPETSc/__init__.py:30: UserWarning: No NGSolve installed, only working with Netgen.
  warnings.warn("No NGSolve installed, only working with Netgen.")
/home/yan00082/firedrake/src/ngsPETSc/ngsPETSc/__init__.py:30: UserWarning: No NGSolve installed, only working with Netgen.
  warnings.warn("No NGSolve installed, only working with Netgen.")
/home/yan00082/firedrake/src/ngsPETSc/ngsPETSc/__init__.py:30: UserWarning: No NGSolve installed, only working with Netgen.
  warnings.warn("No NGSolve installed, only working with Netgen.")
/home/yan00082/firedrake/src/ngsPETSc/ngsPETSc/__init__.py:30: UserWarning: No NGSolve installed, only working with Netgen.
  warnings.warn("No NGSolve installed, only working with Netgen.")
/home/yan00082/firedrake/src/ngsPETSc/ngsPETSc/__init__.py:30: UserWarning: No NGSolve installed, only working with Netgen.
  warnings.warn("No NGSolve installed, only working with Netgen.")
/home/yan00082/firedrake/src/ngsPETSc/ngsPETSc/__init__.py:30: UserWarning: No NGSolve installed, only working with Netgen.
  warnings.warn("No NGSolve installed, only working with Netgen.")
/home/yan00082/firedrake/src/ngsPETSc/ngsPETSc/__init__.py:30: UserWarning: No NGSolve installed, only working with Netgen.
  warnings.warn("No NGSolve installed, only working with Netgen.")
/home/yan00082/firedrake/src/ngsPETSc/ngsPETSc/__init__.py:30: UserWarning: No NGSolve installed, only working with Netgen.
  warnings.warn("No NGSolve installed, only working with Netgen.")
/home/yan00082/firedrake/src/ngsPETSc/ngsPETSc/__init__.py:30: UserWarning: No NGSolve installed, only working with Netgen.
  warnings.warn("No NGSolve installed, only working with Netgen.")
/home/yan00082/firedrake/src/ngsPETSc/ngsPETSc/__init__.py:30: UserWarning: No NGSolve installed, only working with Netgen.
  warnings.warn("No NGSolve installed, only working with Netgen.")
/home/yan00082/firedrake/src/ngsPETSc/ngsPETSc/__init__.py:30: UserWarning: No NGSolve installed, only working with Netgen.
  warnings.warn("No NGSolve installed, only working with Netgen.")
/home/yan00082/firedrake/src/ngsPETSc/ngsPETSc/__init__.py:30: UserWarning: No NGSolve installed, only working with Netgen.
  warnings.warn("No NGSolve installed, only working with Netgen.")
/home/yan00082/firedrake/src/ngsPETSc/ngsPETSc/__init__.py:30: UserWarning: No NGSolve installed, only working with Netgen.
  warnings.warn("No NGSolve installed, only working with Netgen.")
Refined Mesh with degree of freedom  56391 sum_eta is  0.002553099173588511
Refined Mesh with degree of freedom  65011 sum_eta is  0.0015306249755577203
Refined Mesh with degree of freedom  80341 sum_eta is  0.0008989697555856286
Refined Mesh with degree of freedom  98471 sum_eta is  0.0005561043119500476
Refined Mesh with degree of freedom  118496 sum_eta is  0.00035567290304009346
Refined Mesh with degree of freedom  146491 sum_eta is  0.00021442335022392665
Refined Mesh with degree of freedom  182436 sum_eta is  0.00011936446428087903
Refined Mesh with degree of freedom  219816 sum_eta is  6.948052782943922e-05
Refined Mesh with degree of freedom  268101 sum_eta is  3.882650877844586e-05
Refined Mesh with degree of freedom  319926 sum_eta is  2.2038255321574146e-05
Refined Mesh with degree of freedom  372366 sum_eta is  1.3023401428279281e-05
Refined Mesh with degree of freedom  432031 sum_eta is  7.739634179153548e-06
Refined Mesh with degree of freedom  498176 sum_eta is  4.429805428837275e-06
Refined Mesh with degree of freedom  579076 sum_eta is  2.439672864355247e-06
Refined Mesh with degree of freedom  651501 sum_eta is  1.4579668390874485e-06
Refined Mesh with degree of freedom  742356 sum_eta is  8.025648837265026e-07
Refined Mesh with degree of freedom  826846 sum_eta is  4.768078314606364e-07
Refined Mesh with degree of freedom  908296 sum_eta is  2.877268858660824e-07
Refined Mesh with degree of freedom  1004331 sum_eta is  1.685542945255584e-07
Refined Mesh with degree of freedom  1114921 sum_eta is  9.646833099852505e-08
Refined Mesh with degree of freedom  1221666 sum_eta is  5.64425565699101e-08
Refined Mesh with degree of freedom  1350671 sum_eta is  3.251985200005967e-08
Refined Mesh with degree of freedom  1471441 sum_eta is  1.9104517452966002e-08
Refined Mesh with degree of freedom  1603806 sum_eta is  1.1258767731300937e-08
Refined Mesh with degree of freedom  1802606 sum_eta is  5.714740716747772e-09
phi0 is 0.9793411998009508
The solution u and its gradient are saved to results/solution_5.pvd
Refined Mesh with degree of freedom  56391 sum_eta is  0.002407362174003307
Refined Mesh with degree of freedom  64996 sum_eta is  0.0014320641431002095
Refined Mesh with degree of freedom  81391 sum_eta is  0.0007970266664331311
Refined Mesh with degree of freedom  99531 sum_eta is  0.00048750205179490176
Refined Mesh with degree of freedom  120331 sum_eta is  0.00030189806210135036
Refined Mesh with degree of freedom  148546 sum_eta is  0.0001739134775017557
Refined Mesh with degree of freedom  178111 sum_eta is  0.00010066246208650936
Refined Mesh with degree of freedom  211781 sum_eta is  5.715360442407373e-05
Refined Mesh with degree of freedom  251726 sum_eta is  3.260261801197266e-05
Refined Mesh with degree of freedom  289361 sum_eta is  1.927202516970897e-05
Refined Mesh with degree of freedom  334131 sum_eta is  1.1379035318649187e-05
Refined Mesh with degree of freedom  384286 sum_eta is  6.375082270020575e-06
Refined Mesh with degree of freedom  435601 sum_eta is  3.6980391104855563e-06
Refined Mesh with degree of freedom  501506 sum_eta is  1.95737721932661e-06
Refined Mesh with degree of freedom  582476 sum_eta is  9.602867032185515e-07
Refined Mesh with degree of freedom  665096 sum_eta is  4.942280505135893e-07
Refined Mesh with degree of freedom  747966 sum_eta is  2.5528536078211434e-07
Refined Mesh with degree of freedom  832741 sum_eta is  1.4083092435601027e-07
Refined Mesh with degree of freedom  944501 sum_eta is  7.053952987763925e-08
Refined Mesh with degree of freedom  1043146 sum_eta is  3.804492905556511e-08
Refined Mesh with degree of freedom  1152571 sum_eta is  1.9933403599527538e-08
Refined Mesh with degree of freedom  1277086 sum_eta is  9.965725699487396e-09
Lambda is  3.814697265625e-06 flux is 0.9793029642418427
Refined Mesh with degree of freedom  56391 sum_eta is  0.0023317773782252113
Refined Mesh with degree of freedom  64996 sum_eta is  0.001381778531251245
Refined Mesh with degree of freedom  81341 sum_eta is  0.0007613944904784129
Refined Mesh with degree of freedom  99781 sum_eta is  0.00045907294654736646
Refined Mesh with degree of freedom  121226 sum_eta is  0.0002784526139536633
Refined Mesh with degree of freedom  149291 sum_eta is  0.0001583233457412963
Refined Mesh with degree of freedom  177476 sum_eta is  9.216843357094105e-05
Refined Mesh with degree of freedom  207356 sum_eta is  5.392196192161921e-05
Refined Mesh with degree of freedom  240946 sum_eta is  3.2611078360824614e-05
Refined Mesh with degree of freedom  281921 sum_eta is  1.8338351421728638e-05
Refined Mesh with degree of freedom  325096 sum_eta is  1.086126691606771e-05
Refined Mesh with degree of freedom  369471 sum_eta is  6.283833703663676e-06
Refined Mesh with degree of freedom  429031 sum_eta is  3.3892775812913177e-06
Refined Mesh with degree of freedom  489291 sum_eta is  1.8415738735771118e-06
Refined Mesh with degree of freedom  545911 sum_eta is  1.0696020636486304e-06
Refined Mesh with degree of freedom  634596 sum_eta is  5.278118689740925e-07
Refined Mesh with degree of freedom  708491 sum_eta is  2.935805800705679e-07
Refined Mesh with degree of freedom  786061 sum_eta is  1.5977028987535558e-07
Refined Mesh with degree of freedom  908536 sum_eta is  7.508305608947919e-08
Refined Mesh with degree of freedom  1009991 sum_eta is  3.917927559629629e-08
Refined Mesh with degree of freedom  1112706 sum_eta is  2.0552039102167328e-08
Refined Mesh with degree of freedom  1267631 sum_eta is  8.923973716699298e-09
Lambda is  5.998616470409359e-06 flux is 0.9793098045201858
Refined Mesh with degree of freedom  56391 sum_eta is  0.002222684975270418
Refined Mesh with degree of freedom  64996 sum_eta is  0.0013106109421238059
Refined Mesh with degree of freedom  81061 sum_eta is  0.0007164346167189592
Refined Mesh with degree of freedom  100106 sum_eta is  0.0004171208975912827
Refined Mesh with degree of freedom  121361 sum_eta is  0.000254290750696978
Refined Mesh with degree of freedom  149761 sum_eta is  0.0001417743876432954
Refined Mesh with degree of freedom  176486 sum_eta is  8.355204542189422e-05
Refined Mesh with degree of freedom  213876 sum_eta is  4.306743687593331e-05
Refined Mesh with degree of freedom  250101 sum_eta is  2.5110578149774625e-05
Refined Mesh with degree of freedom  297531 sum_eta is  1.3171483014183622e-05
Refined Mesh with degree of freedom  343656 sum_eta is  7.2336497566835956e-06
Refined Mesh with degree of freedom  394201 sum_eta is  3.9602855257086895e-06
Refined Mesh with degree of freedom  457796 sum_eta is  2.0139110592164414e-06
Refined Mesh with degree of freedom  524681 sum_eta is  1.070708956573411e-06
Refined Mesh with degree of freedom  622381 sum_eta is  4.919378009268775e-07
Refined Mesh with degree of freedom  695486 sum_eta is  2.693677944457551e-07
Refined Mesh with degree of freedom  780131 sum_eta is  1.3986978651151797e-07
Refined Mesh with degree of freedom  888326 sum_eta is  6.732961281932915e-08
Refined Mesh with degree of freedom  1000881 sum_eta is  3.2377883739914235e-08
Refined Mesh with degree of freedom  1107596 sum_eta is  1.6510614792182545e-08
Refined Mesh with degree of freedom  1238371 sum_eta is  7.960280225420163e-09
Lambda is  9.432832294011912e-06 flux is 0.9793193156281635
Refined Mesh with degree of freedom  57701 sum_eta is  0.0018482916813438589
Refined Mesh with degree of freedom  65866 sum_eta is  0.0011689297230401013
Refined Mesh with degree of freedom  81641 sum_eta is  0.0006570134188273748
Refined Mesh with degree of freedom  100206 sum_eta is  0.00037484126470778596
Refined Mesh with degree of freedom  120896 sum_eta is  0.00022712440877574108
Refined Mesh with degree of freedom  149806 sum_eta is  0.00012293465419028416
Refined Mesh with degree of freedom  182361 sum_eta is  6.465071498407582e-05
Refined Mesh with degree of freedom  213206 sum_eta is  3.6911695425011826e-05
Refined Mesh with degree of freedom  247536 sum_eta is  2.1470519451944894e-05
Refined Mesh with degree of freedom  295291 sum_eta is  1.0997808812498874e-05
Refined Mesh with degree of freedom  351606 sum_eta is  5.354313474422042e-06
Refined Mesh with degree of freedom  409841 sum_eta is  2.75049902716122e-06
Refined Mesh with degree of freedom  485646 sum_eta is  1.3039885329411047e-06
Refined Mesh with degree of freedom  570136 sum_eta is  6.298520538450221e-07
Refined Mesh with degree of freedom  663026 sum_eta is  2.876123651021979e-07
Refined Mesh with degree of freedom  745401 sum_eta is  1.4774425868835208e-07
Refined Mesh with degree of freedom  836021 sum_eta is  7.447024112404659e-08
Refined Mesh with degree of freedom  939416 sum_eta is  3.690372552511739e-08
Refined Mesh with degree of freedom  1078586 sum_eta is  1.5425201732604244e-08
Refined Mesh with degree of freedom  1211691 sum_eta is  7.220693169180711e-09
Lambda is  1.4833141196120132e-05 flux is 0.9793203893427231
Refined Mesh with degree of freedom  57701 sum_eta is  0.0016714155377618987
Refined Mesh with degree of freedom  65866 sum_eta is  0.0010496664036500252
Refined Mesh with degree of freedom  81486 sum_eta is  0.0005849885774286979
Refined Mesh with degree of freedom  96751 sum_eta is  0.00035664310603398473
Refined Mesh with degree of freedom  117326 sum_eta is  0.00020785891058913692
Refined Mesh with degree of freedom  142191 sum_eta is  0.00012060833214893124
Refined Mesh with degree of freedom  169771 sum_eta is  6.76171065866832e-05
Refined Mesh with degree of freedom  198411 sum_eta is  3.79934417004002e-05
Refined Mesh with degree of freedom  236001 sum_eta is  2.0218981117979444e-05
Refined Mesh with degree of freedom  283826 sum_eta is  1.0234936557693454e-05
Refined Mesh with degree of freedom  332996 sum_eta is  5.404157140229758e-06
Refined Mesh with degree of freedom  382856 sum_eta is  2.8887632856529615e-06
Refined Mesh with degree of freedom  439536 sum_eta is  1.5385504711728337e-06
Refined Mesh with degree of freedom  514826 sum_eta is  7.573144505353151e-07
Refined Mesh with degree of freedom  590051 sum_eta is  3.887571734293384e-07
Refined Mesh with degree of freedom  660441 sum_eta is  2.0820375423828838e-07
Refined Mesh with degree of freedom  757486 sum_eta is  9.956617067384739e-08
Refined Mesh with degree of freedom  872826 sum_eta is  4.3369287724612915e-08
Refined Mesh with degree of freedom  987161 sum_eta is  1.988051533717554e-08
Refined Mesh with degree of freedom  1088656 sum_eta is  1.019378649731469e-08
Refined Mesh with degree of freedom  1268481 sum_eta is  3.949469844423894e-09
Lambda is  2.3325134051594418e-05 flux is 0.9793492240900159
Refined Mesh with degree of freedom  57686 sum_eta is  0.0014567800902083343
Refined Mesh with degree of freedom  65736 sum_eta is  0.000912213772422318
Refined Mesh with degree of freedom  80776 sum_eta is  0.0005132648010089149
Refined Mesh with degree of freedom  95786 sum_eta is  0.0003056154843396013
Refined Mesh with degree of freedom  116181 sum_eta is  0.00017659687821778525
Refined Mesh with degree of freedom  140381 sum_eta is  9.96066742647344e-05
Refined Mesh with degree of freedom  169171 sum_eta is  5.345134976302295e-05
Refined Mesh with degree of freedom  199496 sum_eta is  2.9324102468658984e-05
Refined Mesh with degree of freedom  233531 sum_eta is  1.6447915138719355e-05
Refined Mesh with degree of freedom  274211 sum_eta is  8.927174118485134e-06
Refined Mesh with degree of freedom  330851 sum_eta is  4.3184781349516465e-06
Refined Mesh with degree of freedom  382236 sum_eta is  2.3079109502124093e-06
Refined Mesh with degree of freedom  458581 sum_eta is  1.0506827810721639e-06
Refined Mesh with degree of freedom  529281 sum_eta is  5.22573485810076e-07
Refined Mesh with degree of freedom  609916 sum_eta is  2.467089062752878e-07
Refined Mesh with degree of freedom  706071 sum_eta is  1.1232664756912652e-07
Refined Mesh with degree of freedom  788216 sum_eta is  5.7554228069840825e-08
Refined Mesh with degree of freedom  897516 sum_eta is  2.584319788341764e-08
Refined Mesh with degree of freedom  1003956 sum_eta is  1.2556102766792602e-08
Refined Mesh with degree of freedom  1117276 sum_eta is  6.28213057465982e-09
Lambda is  3.6678803992451604e-05 flux is 0.9793087927199049
Refined Mesh with degree of freedom  57546 sum_eta is  0.001231503795984963
Refined Mesh with degree of freedom  65811 sum_eta is  0.0007507380138088215
Refined Mesh with degree of freedom  79841 sum_eta is  0.0004323572928242042
Refined Mesh with degree of freedom  98906 sum_eta is  0.00022601169541190983
Refined Mesh with degree of freedom  122951 sum_eta is  0.00012143850610221898
Refined Mesh with degree of freedom  152371 sum_eta is  6.0867382775782674e-05
Refined Mesh with degree of freedom  179861 sum_eta is  3.3372496889968615e-05
Refined Mesh with degree of freedom  217826 sum_eta is  1.656766587485211e-05
Refined Mesh with degree of freedom  265266 sum_eta is  8.001514143357429e-06
Refined Mesh with degree of freedom  310806 sum_eta is  4.231197919708938e-06
Refined Mesh with degree of freedom  363981 sum_eta is  2.173245045078394e-06
Refined Mesh with degree of freedom  422506 sum_eta is  1.1027229025175624e-06
Refined Mesh with degree of freedom  489096 sum_eta is  5.473137880791462e-07
Refined Mesh with degree of freedom  561541 sum_eta is  2.7197717676854307e-07
Refined Mesh with degree of freedom  634606 sum_eta is  1.3921498882229178e-07
Refined Mesh with degree of freedom  722356 sum_eta is  6.629138752276197e-08
Refined Mesh with degree of freedom  813946 sum_eta is  3.246091465969131e-08
Refined Mesh with degree of freedom  930376 sum_eta is  1.409903643974204e-08
Refined Mesh with degree of freedom  1042496 sum_eta is  6.772383919418956e-09
Lambda is  5.767746754813277e-05 flux is 0.9792795068340701
Refined Mesh with degree of freedom  57546 sum_eta is  0.0009823054096683346
Refined Mesh with degree of freedom  64546 sum_eta is  0.0006200523680683827
Refined Mesh with degree of freedom  78246 sum_eta is  0.0003575777545612611
Refined Mesh with degree of freedom  97466 sum_eta is  0.00018256959135818355
Refined Mesh with degree of freedom  118251 sum_eta is  0.00010290262288745669
Refined Mesh with degree of freedom  144661 sum_eta is  5.340370339945484e-05
Refined Mesh with degree of freedom  178956 sum_eta is  2.5595251740895885e-05
Refined Mesh with degree of freedom  216546 sum_eta is  1.2960264423946489e-05
Refined Mesh with degree of freedom  264621 sum_eta is  6.222391615558203e-06
Refined Mesh with degree of freedom  311301 sum_eta is  3.1578151583375035e-06
Refined Mesh with degree of freedom  360921 sum_eta is  1.631176270315963e-06
Refined Mesh with degree of freedom  422446 sum_eta is  7.85951310709984e-07
Refined Mesh with degree of freedom  483801 sum_eta is  4.008938395977332e-07
Refined Mesh with degree of freedom  551786 sum_eta is  1.9917924815161396e-07
Refined Mesh with degree of freedom  629011 sum_eta is  9.9194319948731e-08
Refined Mesh with degree of freedom  709466 sum_eta is  4.933155698843476e-08
Refined Mesh with degree of freedom  819311 sum_eta is  2.159661682102285e-08
Refined Mesh with degree of freedom  916741 sum_eta is  1.067912855853159e-08
Refined Mesh with degree of freedom  1023926 sum_eta is  5.3598184294601605e-09
Lambda is  9.069789362408131e-05 flux is 0.97925938715964
Refined Mesh with degree of freedom  57561 sum_eta is  0.0007543693607781392
Refined Mesh with degree of freedom  64571 sum_eta is  0.0004658417964963045
Refined Mesh with degree of freedom  80451 sum_eta is  0.00024219768826866112
Refined Mesh with degree of freedom  101686 sum_eta is  0.00011715108757424873
Refined Mesh with degree of freedom  127891 sum_eta is  5.9492423882686213e-05
Refined Mesh with degree of freedom  154871 sum_eta is  3.093444539228658e-05
Refined Mesh with degree of freedom  186926 sum_eta is  1.5833713808233098e-05
Refined Mesh with degree of freedom  224611 sum_eta is  8.051372149104039e-06
Refined Mesh with degree of freedom  267501 sum_eta is  4.148688607730402e-06
Refined Mesh with degree of freedom  318576 sum_eta is  1.985806223799884e-06
Refined Mesh with degree of freedom  367601 sum_eta is  1.0253618605372748e-06
Refined Mesh with degree of freedom  434681 sum_eta is  4.702803302839106e-07
Refined Mesh with degree of freedom  496751 sum_eta is  2.3848640135090456e-07
Refined Mesh with degree of freedom  565146 sum_eta is  1.193777622161436e-07
Refined Mesh with degree of freedom  642951 sum_eta is  5.9540550002201206e-08
Refined Mesh with degree of freedom  725926 sum_eta is  2.9820054077523436e-08
Refined Mesh with degree of freedom  822121 sum_eta is  1.4734892574455802e-08
Refined Mesh with degree of freedom  919141 sum_eta is  7.752580266568116e-09
Lambda is  0.00014262255708401815 flux is 0.9791825030737891
Refined Mesh with degree of freedom  57841 sum_eta is  0.0005393633818753565
Refined Mesh with degree of freedom  65711 sum_eta is  0.00032113049757619805
Refined Mesh with degree of freedom  81026 sum_eta is  0.0001762352951148133
Refined Mesh with degree of freedom  97261 sum_eta is  9.716307459275796e-05
Refined Mesh with degree of freedom  120091 sum_eta is  5.16548757281477e-05
Refined Mesh with degree of freedom  151161 sum_eta is  2.3372620640530335e-05
Refined Mesh with degree of freedom  177916 sum_eta is  1.2753842902206662e-05
Refined Mesh with degree of freedom  212101 sum_eta is  6.509436315060372e-06
Refined Mesh with degree of freedom  253656 sum_eta is  3.3626397836730517e-06
Refined Mesh with degree of freedom  302226 sum_eta is  1.6262775643024758e-06
Refined Mesh with degree of freedom  382136 sum_eta is  5.984218487709394e-07
Refined Mesh with degree of freedom  455261 sum_eta is  2.5947321755428783e-07
Refined Mesh with degree of freedom  522836 sum_eta is  1.2650029636052366e-07
Refined Mesh with degree of freedom  595006 sum_eta is  6.396290140766509e-08
Refined Mesh with degree of freedom  698526 sum_eta is  2.9177361837943175e-08
Refined Mesh with degree of freedom  802701 sum_eta is  1.4524784930738889e-08
Refined Mesh with degree of freedom  906526 sum_eta is  7.42951723651103e-09
Lambda is  0.00022427415870861217 flux is 0.979096281647626
Refined Mesh with degree of freedom  58236 sum_eta is  0.000380056672059831
Refined Mesh with degree of freedom  67916 sum_eta is  0.00020852778111527589
Refined Mesh with degree of freedom  86486 sum_eta is  9.855559562403811e-05
Refined Mesh with degree of freedom  110811 sum_eta is  4.61806685469978e-05
Refined Mesh with degree of freedom  142301 sum_eta is  1.9607257582874264e-05
Refined Mesh with degree of freedom  177846 sum_eta is  8.799060824521457e-06
Refined Mesh with degree of freedom  210831 sum_eta is  4.556112019783259e-06
Refined Mesh with degree of freedom  251941 sum_eta is  2.3859561140078536e-06
Refined Mesh with degree of freedom  296071 sum_eta is  1.2272648396944875e-06
Refined Mesh with degree of freedom  349401 sum_eta is  6.251242989917949e-07
Refined Mesh with degree of freedom  408811 sum_eta is  3.075648038769077e-07
Refined Mesh with degree of freedom  484441 sum_eta is  1.5462380258173526e-07
Refined Mesh with degree of freedom  563511 sum_eta is  7.831930680706779e-08
Refined Mesh with degree of freedom  670681 sum_eta is  3.654582234329735e-08
Refined Mesh with degree of freedom  763796 sum_eta is  1.911001214289699e-08
Refined Mesh with degree of freedom  860956 sum_eta is  1.0471465516782242e-08
Refined Mesh with degree of freedom  978111 sum_eta is  5.466289907362395e-09
Lambda is  0.0003526714097183447 flux is 0.978960457061757
Refined Mesh with degree of freedom  58616 sum_eta is  0.0002659493528829901
Refined Mesh with degree of freedom  68251 sum_eta is  0.00014682324578793729
Refined Mesh with degree of freedom  85096 sum_eta is  7.215195606035085e-05
Refined Mesh with degree of freedom  105231 sum_eta is  3.695894336845567e-05
Refined Mesh with degree of freedom  127031 sum_eta is  1.9840734499462123e-05
Refined Mesh with degree of freedom  160731 sum_eta is  9.337777639497672e-06
Refined Mesh with degree of freedom  193551 sum_eta is  4.8343791368183655e-06
Refined Mesh with degree of freedom  233621 sum_eta is  2.5860800158592634e-06
Refined Mesh with degree of freedom  281281 sum_eta is  1.317878150343851e-06
Refined Mesh with degree of freedom  328946 sum_eta is  7.490767828183609e-07
Refined Mesh with degree of freedom  391791 sum_eta is  3.886112824019288e-07
Refined Mesh with degree of freedom  454981 sum_eta is  2.1551602388931454e-07
Refined Mesh with degree of freedom  534131 sum_eta is  1.1443439610398445e-07
Refined Mesh with degree of freedom  627466 sum_eta is  5.6992092841382445e-08
Refined Mesh with degree of freedom  708176 sum_eta is  3.2605937911014267e-08
Refined Mesh with degree of freedom  805216 sum_eta is  1.7828602230905747e-08
Refined Mesh with degree of freedom  929086 sum_eta is  8.908048468966172e-09
Lambda is  0.0005545762559043692 flux is 0.9787161996918308
Refined Mesh with degree of freedom  56936 sum_eta is  0.00022455247061274093
Refined Mesh with degree of freedom  65951 sum_eta is  0.0001249273256278495
Refined Mesh with degree of freedom  79881 sum_eta is  6.554014698126685e-05
Refined Mesh with degree of freedom  99911 sum_eta is  3.374859951253441e-05
Refined Mesh with degree of freedom  122166 sum_eta is  1.8309318036307038e-05
Refined Mesh with degree of freedom  155681 sum_eta is  9.176559656079521e-06
Refined Mesh with degree of freedom  192676 sum_eta is  4.909105036471182e-06
Refined Mesh with degree of freedom  230546 sum_eta is  2.7969338033597537e-06
Refined Mesh with degree of freedom  279281 sum_eta is  1.5096175458119102e-06
Refined Mesh with degree of freedom  329796 sum_eta is  8.810636774269817e-07
Refined Mesh with degree of freedom  393351 sum_eta is  4.764405731562291e-07
Refined Mesh with degree of freedom  465311 sum_eta is  2.529189348813403e-07
Refined Mesh with degree of freedom  540846 sum_eta is  1.3988619579850945e-07
Refined Mesh with degree of freedom  612751 sum_eta is  8.1737935783442e-08
Refined Mesh with degree of freedom  686261 sum_eta is  4.874466536062916e-08
Refined Mesh with degree of freedom  810621 sum_eta is  2.3893065331625957e-08
Refined Mesh with degree of freedom  906126 sum_eta is  1.3403005714468078e-08
Refined Mesh with degree of freedom  1009526 sum_eta is  7.636188127331086e-09
Lambda is  0.0008720718922425052 flux is 0.9783642480743512
Refined Mesh with degree of freedom  57521 sum_eta is  0.00016934604776786
Refined Mesh with degree of freedom  66761 sum_eta is  0.0001029623855533003
Refined Mesh with degree of freedom  81151 sum_eta is  5.889540077957794e-05
Refined Mesh with degree of freedom  99406 sum_eta is  3.409428313118271e-05
Refined Mesh with degree of freedom  121011 sum_eta is  2.0854832147169467e-05
Refined Mesh with degree of freedom  150566 sum_eta is  1.2002335070225351e-05
Refined Mesh with degree of freedom  182851 sum_eta is  7.216456968618092e-06
Refined Mesh with degree of freedom  219961 sum_eta is  4.292748133731283e-06
Refined Mesh with degree of freedom  259491 sum_eta is  2.5959706125051856e-06
Refined Mesh with degree of freedom  306156 sum_eta is  1.5628786804616938e-06
Refined Mesh with degree of freedom  354891 sum_eta is  9.621257722123558e-07
Refined Mesh with degree of freedom  409741 sum_eta is  5.798812227123691e-07
Refined Mesh with degree of freedom  475521 sum_eta is  3.319475558938684e-07
Refined Mesh with degree of freedom  555506 sum_eta is  1.7782375631479747e-07
Refined Mesh with degree of freedom  642836 sum_eta is  9.75712917311755e-08
Refined Mesh with degree of freedom  727586 sum_eta is  5.6023285474345915e-08
Refined Mesh with degree of freedom  803001 sum_eta is  3.469010866392675e-08
Refined Mesh with degree of freedom  928276 sum_eta is  1.755796594763839e-08
Refined Mesh with degree of freedom  1024416 sum_eta is  1.0346632216924312e-08
Refined Mesh with degree of freedom  1135136 sum_eta is  6.027984800026087e-09
Lambda is  0.0013713341982145094 flux is 0.9778326020155639
Refined Mesh with degree of freedom  57386 sum_eta is  0.0001843695131057452
Refined Mesh with degree of freedom  68416 sum_eta is  0.00010721254015718328
Refined Mesh with degree of freedom  86491 sum_eta is  6.045820045402434e-05
Refined Mesh with degree of freedom  108221 sum_eta is  3.606164068905989e-05
Refined Mesh with degree of freedom  135936 sum_eta is  2.1690928456263603e-05
Refined Mesh with degree of freedom  171936 sum_eta is  1.252697444458511e-05
Refined Mesh with degree of freedom  213516 sum_eta is  7.243450339755487e-06
Refined Mesh with degree of freedom  251631 sum_eta is  4.493320131620568e-06
Refined Mesh with degree of freedom  307281 sum_eta is  2.471061220773226e-06
Refined Mesh with degree of freedom  366286 sum_eta is  1.385002418428744e-06
Refined Mesh with degree of freedom  424061 sum_eta is  8.362234943813476e-07
Refined Mesh with degree of freedom  488201 sum_eta is  4.963296648315435e-07
Refined Mesh with degree of freedom  560681 sum_eta is  2.849869860408784e-07
Refined Mesh with degree of freedom  647541 sum_eta is  1.5817663197466891e-07
Refined Mesh with degree of freedom  730546 sum_eta is  9.152183769835729e-08
Refined Mesh with degree of freedom  830451 sum_eta is  5.1132498379477666e-08
Refined Mesh with degree of freedom  924826 sum_eta is  2.9918889792115665e-08
Refined Mesh with degree of freedom  1052016 sum_eta is  1.5765513079874953e-08
Refined Mesh with degree of freedom  1154521 sum_eta is  9.43764526227572e-09
Lambda is  0.002156424831394164 flux is 0.9770434964333565
Refined Mesh with degree of freedom  58006 sum_eta is  0.00024146395693197266
Refined Mesh with degree of freedom  67196 sum_eta is  0.00015993280101490192
Refined Mesh with degree of freedom  84501 sum_eta is  9.437006563863012e-05
Refined Mesh with degree of freedom  104911 sum_eta is  5.873187251999049e-05
Refined Mesh with degree of freedom  134551 sum_eta is  3.4869103120462176e-05
Refined Mesh with degree of freedom  167816 sum_eta is  2.1280709875472653e-05
Refined Mesh with degree of freedom  204006 sum_eta is  1.3121322408683845e-05
Refined Mesh with degree of freedom  244416 sum_eta is  8.056936904029045e-06
Refined Mesh with degree of freedom  291591 sum_eta is  4.857623101612323e-06
Refined Mesh with degree of freedom  346616 sum_eta is  2.80109394497342e-06
Refined Mesh with degree of freedom  401961 sum_eta is  1.7080609666372244e-06
Refined Mesh with degree of freedom  461746 sum_eta is  1.0243356934919483e-06
Refined Mesh with degree of freedom  532656 sum_eta is  5.933626555811513e-07
Refined Mesh with degree of freedom  620411 sum_eta is  3.242525842795599e-07
Refined Mesh with degree of freedom  716291 sum_eta is  1.7479046841396257e-07
Refined Mesh with degree of freedom  800686 sum_eta is  1.0575089548859404e-07
Refined Mesh with degree of freedom  897591 sum_eta is  6.033344478793126e-08
Refined Mesh with degree of freedom  1012411 sum_eta is  3.374685471337111e-08
Refined Mesh with degree of freedom  1150696 sum_eta is  1.7182479757947777e-08
Refined Mesh with degree of freedom  1279661 sum_eta is  9.201800255803892e-09
Lambda is  0.0033909808852633496 flux is 0.9759158857308078
Refined Mesh with degree of freedom  57046 sum_eta is  0.00038779330650711563
Refined Mesh with degree of freedom  65356 sum_eta is  0.00026277139318630927
Refined Mesh with degree of freedom  80461 sum_eta is  0.00016947976156112292
Refined Mesh with degree of freedom  103586 sum_eta is  0.00010006691125662712
Refined Mesh with degree of freedom  132416 sum_eta is  5.9041869238885534e-05
Refined Mesh with degree of freedom  172411 sum_eta is  3.2733072284158077e-05
Refined Mesh with degree of freedom  205146 sum_eta is  2.1252983094154622e-05
Refined Mesh with degree of freedom  253036 sum_eta is  1.2325921114151599e-05
Refined Mesh with degree of freedom  300601 sum_eta is  7.432083187520598e-06
Refined Mesh with degree of freedom  360116 sum_eta is  4.2854238628271065e-06
Refined Mesh with degree of freedom  427161 sum_eta is  2.3934703791542102e-06
Refined Mesh with degree of freedom  495461 sum_eta is  1.399942352197222e-06
Refined Mesh with degree of freedom  581856 sum_eta is  7.458117467466993e-07
Refined Mesh with degree of freedom  655846 sum_eta is  4.507471982873157e-07
Refined Mesh with degree of freedom  725246 sum_eta is  2.8548871608951825e-07
Refined Mesh with degree of freedom  808906 sum_eta is  1.713034821881484e-07
Refined Mesh with degree of freedom  909116 sum_eta is  9.87090305830338e-08
Refined Mesh with degree of freedom  1022831 sum_eta is  5.475388127530672e-08
Refined Mesh with degree of freedom  1135916 sum_eta is  3.119656582322458e-08
Refined Mesh with degree of freedom  1236256 sum_eta is  1.901690891057857e-08
Refined Mesh with degree of freedom  1351496 sum_eta is  1.106621643994493e-08
Refined Mesh with degree of freedom  1481296 sum_eta is  6.348701634782646e-09
Lambda is  0.00533232190467186 flux is 0.9743278984259034
Refined Mesh with degree of freedom  59246 sum_eta is  0.0005061998982130956
Refined Mesh with degree of freedom  68421 sum_eta is  0.00034714569816056613
Refined Mesh with degree of freedom  85216 sum_eta is  0.00022725547130797175
Refined Mesh with degree of freedom  107716 sum_eta is  0.00013683858146151925
Refined Mesh with degree of freedom  144086 sum_eta is  7.714026505391969e-05
Refined Mesh with degree of freedom  181536 sum_eta is  4.514331451576013e-05
Refined Mesh with degree of freedom  227821 sum_eta is  2.6118940845241386e-05
Refined Mesh with degree of freedom  281006 sum_eta is  1.4771359339783045e-05
Refined Mesh with degree of freedom  342541 sum_eta is  8.222948873365603e-06
Refined Mesh with degree of freedom  399431 sum_eta is  4.951103314563516e-06
Refined Mesh with degree of freedom  455476 sum_eta is  3.07164708925848e-06
Refined Mesh with degree of freedom  516316 sum_eta is  1.9077638693011497e-06
Refined Mesh with degree of freedom  600476 sum_eta is  1.059105860338121e-06
Refined Mesh with degree of freedom  692616 sum_eta is  5.893805308360978e-07
Refined Mesh with degree of freedom  782646 sum_eta is  3.446725056927732e-07
Refined Mesh with degree of freedom  873546 sum_eta is  2.045234523602984e-07
Refined Mesh with degree of freedom  984461 sum_eta is  1.1268445989977657e-07
Refined Mesh with degree of freedom  1091796 sum_eta is  6.473991167472935e-08
Refined Mesh with degree of freedom  1241901 sum_eta is  3.23528981313565e-08
Refined Mesh with degree of freedom  1378911 sum_eta is  1.723800513333686e-08
Refined Mesh with degree of freedom  1532371 sum_eta is  9.179112079537522e-09
Lambda is  0.008385083212533393 flux is 0.972111758535954
Refined Mesh with degree of freedom  58481 sum_eta is  0.0007308250486410283
Refined Mesh with degree of freedom  67786 sum_eta is  0.0004910679426562032
Refined Mesh with degree of freedom  87456 sum_eta is  0.00030876208703182264
Refined Mesh with degree of freedom  112591 sum_eta is  0.00018108536995277424
Refined Mesh with degree of freedom  143591 sum_eta is  0.000110189070634078
Refined Mesh with degree of freedom  179201 sum_eta is  6.865177449556523e-05
Refined Mesh with degree of freedom  220961 sum_eta is  4.0655960410943505e-05
Refined Mesh with degree of freedom  262186 sum_eta is  2.613161646173534e-05
Refined Mesh with degree of freedom  324571 sum_eta is  1.43036366750618e-05
Refined Mesh with degree of freedom  383391 sum_eta is  8.492819572866464e-06
Refined Mesh with degree of freedom  456321 sum_eta is  4.761579183744109e-06
Refined Mesh with degree of freedom  537661 sum_eta is  2.6330726925044444e-06
Refined Mesh with degree of freedom  620181 sum_eta is  1.5256567473018088e-06
Refined Mesh with degree of freedom  716101 sum_eta is  8.449276946384586e-07
Refined Mesh with degree of freedom  813826 sum_eta is  4.786784451293202e-07
Refined Mesh with degree of freedom  917701 sum_eta is  2.6929355930253713e-07
Refined Mesh with degree of freedom  1018056 sum_eta is  1.5615854780387097e-07
Refined Mesh with degree of freedom  1149786 sum_eta is  8.169538668558839e-08
Refined Mesh with degree of freedom  1263071 sum_eta is  4.6374293062146106e-08
Refined Mesh with degree of freedom  1382391 sum_eta is  2.6788686398320772e-08
Refined Mesh with degree of freedom  1547096 sum_eta is  1.3610443357104185e-08
Refined Mesh with degree of freedom  1722311 sum_eta is  6.9027676885359825e-09
Lambda is  0.013185554386637493 flux is 0.9690364171914441
Refined Mesh with degree of freedom  58796 sum_eta is  0.0009366241735143765
Refined Mesh with degree of freedom  67616 sum_eta is  0.0006453998150194899
Refined Mesh with degree of freedom  86496 sum_eta is  0.0004124637320327848
Refined Mesh with degree of freedom  111436 sum_eta is  0.00025424413085251197
Refined Mesh with degree of freedom  140061 sum_eta is  0.0001606449260014659
Refined Mesh with degree of freedom  181066 sum_eta is  9.429098671187908e-05
Refined Mesh with degree of freedom  226266 sum_eta is  5.578809755834228e-05
Refined Mesh with degree of freedom  283856 sum_eta is  3.122518726016571e-05
Refined Mesh with degree of freedom  332931 sum_eta is  1.951001183032722e-05
Refined Mesh with degree of freedom  396126 sum_eta is  1.1268022263650258e-05
Refined Mesh with degree of freedom  465151 sum_eta is  6.6383924913970355e-06
Refined Mesh with degree of freedom  531061 sum_eta is  4.081960224203647e-06
Refined Mesh with degree of freedom  621001 sum_eta is  2.285460110533229e-06
Refined Mesh with degree of freedom  711036 sum_eta is  1.3116441999280387e-06
Refined Mesh with degree of freedom  799036 sum_eta is  7.739213652488458e-07
Refined Mesh with degree of freedom  897056 sum_eta is  4.46797618126268e-07
Refined Mesh with degree of freedom  996806 sum_eta is  2.5884513964326865e-07
Refined Mesh with degree of freedom  1114611 sum_eta is  1.4550519713984496e-07
Refined Mesh with degree of freedom  1266611 sum_eta is  7.150704754737346e-08
Refined Mesh with degree of freedom  1412326 sum_eta is  3.712844617940203e-08
Refined Mesh with degree of freedom  1576411 sum_eta is  1.883200688153738e-08
Refined Mesh with degree of freedom  1768166 sum_eta is  9.088285921997055e-09
Lambda is  0.020734301625427436 flux is 0.9647784491803997
Refined Mesh with degree of freedom  59416 sum_eta is  0.0011477563249333628
Refined Mesh with degree of freedom  68591 sum_eta is  0.0007873869264109564
Refined Mesh with degree of freedom  86776 sum_eta is  0.0005154044271430849
Refined Mesh with degree of freedom  111591 sum_eta is  0.0003256057639977901
Refined Mesh with degree of freedom  146731 sum_eta is  0.00019431694879648036
Refined Mesh with degree of freedom  189361 sum_eta is  0.00011370538808153126
Refined Mesh with degree of freedom  228256 sum_eta is  7.400063617094213e-05
Refined Mesh with degree of freedom  280696 sum_eta is  4.3842070403497625e-05
Refined Mesh with degree of freedom  338826 sum_eta is  2.616061562359146e-05
Refined Mesh with degree of freedom  400496 sum_eta is  1.571071737068321e-05
Refined Mesh with degree of freedom  466531 sum_eta is  9.59055252193032e-06
Refined Mesh with degree of freedom  534451 sum_eta is  5.973895869261858e-06
Refined Mesh with degree of freedom  633416 sum_eta is  3.20294711528962e-06
Refined Mesh with degree of freedom  709281 sum_eta is  1.9893312780109923e-06
Refined Mesh with degree of freedom  820201 sum_eta is  1.0701452534086115e-06
Refined Mesh with degree of freedom  902456 sum_eta is  6.735001022696473e-07
Refined Mesh with degree of freedom  995876 sum_eta is  4.0473570119175596e-07
Refined Mesh with degree of freedom  1093291 sum_eta is  2.4516605682925696e-07
Refined Mesh with degree of freedom  1239191 sum_eta is  1.2767627473557405e-07
Refined Mesh with degree of freedom  1386266 sum_eta is  6.708030110733688e-08
Refined Mesh with degree of freedom  1558416 sum_eta is  3.259615425221562e-08
Refined Mesh with degree of freedom  1709241 sum_eta is  1.7794173682494745e-08
Refined Mesh with degree of freedom  1852886 sum_eta is  1.0261126081260594e-08
Refined Mesh with degree of freedom  2036801 sum_eta is  5.403156639666391e-09
Lambda is  0.03260471659271931 flux is 0.9588790720134819
Refined Mesh with degree of freedom  62806 sum_eta is  0.001164457861983555
Refined Mesh with degree of freedom  77956 sum_eta is  0.0007598592576172581
Refined Mesh with degree of freedom  105116 sum_eta is  0.00045777704272557203
Refined Mesh with degree of freedom  135276 sum_eta is  0.0002921057018647692
Refined Mesh with degree of freedom  171466 sum_eta is  0.00018139810627816394
Refined Mesh with degree of freedom  221931 sum_eta is  0.0001039916856760397
Refined Mesh with degree of freedom  266586 sum_eta is  6.666998151046551e-05
Refined Mesh with degree of freedom  329591 sum_eta is  3.8491425737738427e-05
Refined Mesh with degree of freedom  395806 sum_eta is  2.265195354703543e-05
Refined Mesh with degree of freedom  470651 sum_eta is  1.318254645264577e-05
Refined Mesh with degree of freedom  557066 sum_eta is  7.328308241744122e-06
Refined Mesh with degree of freedom  650146 sum_eta is  4.119030349002633e-06
Refined Mesh with degree of freedom  760216 sum_eta is  2.1594697493241067e-06
Refined Mesh with degree of freedom  844241 sum_eta is  1.3303758185260864e-06
Refined Mesh with degree of freedom  953141 sum_eta is  7.409748295271331e-07
Refined Mesh with degree of freedom  1090076 sum_eta is  3.7837142781849975e-07
Refined Mesh with degree of freedom  1224966 sum_eta is  1.9991941886700912e-07
Refined Mesh with degree of freedom  1383646 sum_eta is  9.837148630553751e-08
Refined Mesh with degree of freedom  1550526 sum_eta is  4.788304157518909e-08
Refined Mesh with degree of freedom  1673741 sum_eta is  2.840667751925898e-08
Refined Mesh with degree of freedom  1819951 sum_eta is  1.6173947944508853e-08
Refined Mesh with degree of freedom  2014026 sum_eta is  8.158830895777989e-09
Lambda is  0.051270959750477345 flux is 0.9507101098055499
Refined Mesh with degree of freedom  63346 sum_eta is  0.001324525877215522
Refined Mesh with degree of freedom  78701 sum_eta is  0.0008810548324310861
Refined Mesh with degree of freedom  105871 sum_eta is  0.000544562605556184
Refined Mesh with degree of freedom  137676 sum_eta is  0.00034848664346762793
Refined Mesh with degree of freedom  174696 sum_eta is  0.00022228191235103232
Refined Mesh with degree of freedom  216656 sum_eta is  0.0001392943430586039
Refined Mesh with degree of freedom  268491 sum_eta is  8.535009860960254e-05
Refined Mesh with degree of freedom  326881 sum_eta is  5.195474679569723e-05
Refined Mesh with degree of freedom  407731 sum_eta is  2.8771523465991798e-05
Refined Mesh with degree of freedom  476616 sum_eta is  1.747705798215324e-05
Refined Mesh with degree of freedom  560826 sum_eta is  1.0090992517440884e-05
Refined Mesh with degree of freedom  649481 sum_eta is  5.830449191858119e-06
Refined Mesh with degree of freedom  745126 sum_eta is  3.3164687374149935e-06
Refined Mesh with degree of freedom  855966 sum_eta is  1.8084516510336155e-06
Refined Mesh with degree of freedom  956841 sum_eta is  1.0521595006619545e-06
Refined Mesh with degree of freedom  1066991 sum_eta is  6.061741779221661e-07
Refined Mesh with degree of freedom  1167636 sum_eta is  3.6832743902667676e-07
Refined Mesh with degree of freedom  1300026 sum_eta is  1.986452501071393e-07
Refined Mesh with degree of freedom  1410666 sum_eta is  1.1925729826786852e-07
Refined Mesh with degree of freedom  1557086 sum_eta is  6.505621812946848e-08
Refined Mesh with degree of freedom  1684651 sum_eta is  3.8549570819128505e-08
Refined Mesh with degree of freedom  1854431 sum_eta is  2.049432987772478e-08
Refined Mesh with degree of freedom  2029196 sum_eta is  1.0913795259065456e-08
Refined Mesh with degree of freedom  2254721 sum_eta is  5.342519658826628e-09
Lambda is  0.08062365168118224 flux is 0.9394157393050124
Refined Mesh with degree of freedom  62251 sum_eta is  0.0015570603124824298
Refined Mesh with degree of freedom  77996 sum_eta is  0.001011775932242133
Refined Mesh with degree of freedom  106231 sum_eta is  0.0006281128918188296
Refined Mesh with degree of freedom  142306 sum_eta is  0.00038706232611057965
Refined Mesh with degree of freedom  184406 sum_eta is  0.00024095800954601664
Refined Mesh with degree of freedom  237811 sum_eta is  0.00014334114304822489
Refined Mesh with degree of freedom  300916 sum_eta is  8.397356049465494e-05
Refined Mesh with degree of freedom  375416 sum_eta is  4.8404039378263e-05
Refined Mesh with degree of freedom  459976 sum_eta is  2.684553818123423e-05
Refined Mesh with degree of freedom  526991 sum_eta is  1.696409516962011e-05
Refined Mesh with degree of freedom  617656 sum_eta is  9.688410021389543e-06
Refined Mesh with degree of freedom  729541 sum_eta is  5.093868752242155e-06
Refined Mesh with degree of freedom  825936 sum_eta is  2.9597842189504304e-06
Refined Mesh with degree of freedom  908601 sum_eta is  1.860850154193676e-06
Refined Mesh with degree of freedom  995121 sum_eta is  1.1631506116132961e-06
Refined Mesh with degree of freedom  1083161 sum_eta is  7.314778082363483e-07
Refined Mesh with degree of freedom  1176196 sum_eta is  4.545172626389202e-07
Refined Mesh with degree of freedom  1316631 sum_eta is  2.3948661364042047e-07
Refined Mesh with degree of freedom  1456481 sum_eta is  1.3141432974031785e-07
Refined Mesh with degree of freedom  1639316 sum_eta is  6.612182692249139e-08
Refined Mesh with degree of freedom  1778196 sum_eta is  3.6755240360339334e-08
Refined Mesh with degree of freedom  1914751 sum_eta is  2.1883764192736428e-08
Refined Mesh with degree of freedom  2114251 sum_eta is  1.1087504496197041e-08
Refined Mesh with degree of freedom  2344466 sum_eta is  5.484060973315058e-09
Lambda is  0.1267807983709158 flux is 0.923839763973626
Refined Mesh with degree of freedom  60021 sum_eta is  0.001815065287182034
Refined Mesh with degree of freedom  72986 sum_eta is  0.0012330303627708684
Refined Mesh with degree of freedom  98751 sum_eta is  0.000806971583448169
Refined Mesh with degree of freedom  129041 sum_eta is  0.0005255205228353168
Refined Mesh with degree of freedom  174361 sum_eta is  0.0003164136667411681
Refined Mesh with degree of freedom  222251 sum_eta is  0.00019569216118222395
Refined Mesh with degree of freedom  282616 sum_eta is  0.00011721576761422843
Refined Mesh with degree of freedom  347551 sum_eta is  7.167161593985542e-05
Refined Mesh with degree of freedom  408681 sum_eta is  4.580331162645802e-05
Refined Mesh with degree of freedom  475521 sum_eta is  2.8864140562691363e-05
Refined Mesh with degree of freedom  550306 sum_eta is  1.7787455620963424e-05
Refined Mesh with degree of freedom  623471 sum_eta is  1.1033182423885874e-05
Refined Mesh with degree of freedom  701771 sum_eta is  6.824335491771805e-06
Refined Mesh with degree of freedom  778146 sum_eta is  4.300315095527075e-06
Refined Mesh with degree of freedom  866881 sum_eta is  2.602488451653278e-06
Refined Mesh with degree of freedom  972706 sum_eta is  1.5259946496125457e-06
Refined Mesh with degree of freedom  1096271 sum_eta is  8.517010375296656e-07
Refined Mesh with degree of freedom  1228551 sum_eta is  4.777265576153769e-07
Refined Mesh with degree of freedom  1367791 sum_eta is  2.626834543809548e-07
Refined Mesh with degree of freedom  1532151 sum_eta is  1.3272169354767444e-07
Refined Mesh with degree of freedom  1680571 sum_eta is  7.083753552874538e-08
Refined Mesh with degree of freedom  1855236 sum_eta is  3.66815411622925e-08
Refined Mesh with degree of freedom  2039631 sum_eta is  1.8982221018219836e-08
Refined Mesh with degree of freedom  2255301 sum_eta is  9.478103924459121e-09
Lambda is  0.19936297228420347 flux is 0.9024712400990362
Refined Mesh with degree of freedom  61416 sum_eta is  0.00178728817119628
Refined Mesh with degree of freedom  78666 sum_eta is  0.0011729647422222677
Refined Mesh with degree of freedom  110681 sum_eta is  0.0007283904653658669
Refined Mesh with degree of freedom  156976 sum_eta is  0.00042679461480283167
Refined Mesh with degree of freedom  203186 sum_eta is  0.00026667912058723353
Refined Mesh with degree of freedom  271371 sum_eta is  0.00015279291050295505
Refined Mesh with degree of freedom  345556 sum_eta is  8.693821266716684e-05
Refined Mesh with degree of freedom  428266 sum_eta is  4.895867506475401e-05
Refined Mesh with degree of freedom  504476 sum_eta is  2.9852428383953214e-05
Refined Mesh with degree of freedom  601856 sum_eta is  1.6600563013526707e-05
Refined Mesh with degree of freedom  696661 sum_eta is  9.58743480884334e-06
Refined Mesh with degree of freedom  802976 sum_eta is  5.307293129365199e-06
Refined Mesh with degree of freedom  895741 sum_eta is  3.1746160083354006e-06
Refined Mesh with degree of freedom  987911 sum_eta is  1.913766013242329e-06
Refined Mesh with degree of freedom  1102386 sum_eta is  1.0901400218328176e-06
Refined Mesh with degree of freedom  1226031 sum_eta is  6.092050059609421e-07
Refined Mesh with degree of freedom  1382356 sum_eta is  3.081211158223379e-07
Refined Mesh with degree of freedom  1492771 sum_eta is  1.8755086459511377e-07
Refined Mesh with degree of freedom  1658936 sum_eta is  9.416069732509521e-08
Refined Mesh with degree of freedom  1839781 sum_eta is  4.6719870784766095e-08
Refined Mesh with degree of freedom  2010751 sum_eta is  2.51798691947682e-08
Refined Mesh with degree of freedom  2209871 sum_eta is  1.3040607047699449e-08
Refined Mesh with degree of freedom  2464726 sum_eta is  6.037955836568965e-09
Lambda is  0.31349853628236757 flux is 0.8733945092333211
Refined Mesh with degree of freedom  60721 sum_eta is  0.0018646162191824022
Refined Mesh with degree of freedom  81161 sum_eta is  0.0011653277202991249
Refined Mesh with degree of freedom  112641 sum_eta is  0.0007384765410127453
Refined Mesh with degree of freedom  150626 sum_eta is  0.0004778240174300225
Refined Mesh with degree of freedom  203816 sum_eta is  0.0002880462149825189
Refined Mesh with degree of freedom  260536 sum_eta is  0.00017841407941682747
Refined Mesh with degree of freedom  318246 sum_eta is  0.00011295106891301676
Refined Mesh with degree of freedom  385036 sum_eta is  6.968726276086051e-05
Refined Mesh with degree of freedom  471776 sum_eta is  3.953526187694891e-05
Refined Mesh with degree of freedom  570426 sum_eta is  2.1735061061873922e-05
Refined Mesh with degree of freedom  661036 sum_eta is  1.2713642869980538e-05
Refined Mesh with degree of freedom  741546 sum_eta is  7.909044011445811e-06
Refined Mesh with degree of freedom  852551 sum_eta is  4.29615795824782e-06
Refined Mesh with degree of freedom  964441 sum_eta is  2.4146945522861723e-06
Refined Mesh with degree of freedom  1059411 sum_eta is  1.4769907104780247e-06
Refined Mesh with degree of freedom  1151136 sum_eta is  9.161817797136666e-07
Refined Mesh with degree of freedom  1313181 sum_eta is  4.5671737643838533e-07
Refined Mesh with degree of freedom  1443351 sum_eta is  2.548405950337121e-07
Refined Mesh with degree of freedom  1585546 sum_eta is  1.3908235268378292e-07
Refined Mesh with degree of freedom  1729051 sum_eta is  7.611389823216516e-08
Refined Mesh with degree of freedom  1894981 sum_eta is  4.0555859614273085e-08
Refined Mesh with degree of freedom  2038936 sum_eta is  2.3682238975568585e-08
Refined Mesh with degree of freedom  2212356 sum_eta is  1.2891118870906583e-08
Refined Mesh with degree of freedom  2397921 sum_eta is  7.139689958031716e-09
Lambda is  0.4929768608740492 flux is 0.8343354270200242
Refined Mesh with degree of freedom  60191 sum_eta is  0.0018600780784009394
Refined Mesh with degree of freedom  76706 sum_eta is  0.0012369798398392034
Refined Mesh with degree of freedom  105696 sum_eta is  0.0008000742565627079
Refined Mesh with degree of freedom  150591 sum_eta is  0.0004778704940709334
Refined Mesh with degree of freedom  200986 sum_eta is  0.00029464513415939796
Refined Mesh with degree of freedom  261841 sum_eta is  0.00017621503801609393
Refined Mesh with degree of freedom  332231 sum_eta is  0.00010423264486253934
Refined Mesh with degree of freedom  429361 sum_eta is  5.5194046910613266e-05
Refined Mesh with degree of freedom  522226 sum_eta is  3.066267672530117e-05
Refined Mesh with degree of freedom  615471 sum_eta is  1.735658357471957e-05
Refined Mesh with degree of freedom  718006 sum_eta is  9.626244869353441e-06
Refined Mesh with degree of freedom  819036 sum_eta is  5.484459169308799e-06
Refined Mesh with degree of freedom  923776 sum_eta is  3.1020728989701467e-06
Refined Mesh with degree of freedom  1039656 sum_eta is  1.7159966488654856e-06
Refined Mesh with degree of freedom  1155936 sum_eta is  9.63357320179624e-07
Refined Mesh with degree of freedom  1285391 sum_eta is  5.254172680505552e-07
Refined Mesh with degree of freedom  1437176 sum_eta is  2.741308600312502e-07
Refined Mesh with degree of freedom  1550636 sum_eta is  1.6368893319526624e-07
Refined Mesh with degree of freedom  1692601 sum_eta is  9.131644036103951e-08
Refined Mesh with degree of freedom  1880661 sum_eta is  4.507381509582733e-08
Refined Mesh with degree of freedom  2053191 sum_eta is  2.3533533322192365e-08
Refined Mesh with degree of freedom  2256191 sum_eta is  1.2254319583774198e-08
Refined Mesh with degree of freedom  2490801 sum_eta is  6.062512967755307e-09
Lambda is  0.7752067624913533 flux is 0.7828827566087228
Refined Mesh with degree of freedom  61166 sum_eta is  0.0016559569303156222
Refined Mesh with degree of freedom  79866 sum_eta is  0.001075312049951805
Refined Mesh with degree of freedom  107856 sum_eta is  0.0007171069173881675
Refined Mesh with degree of freedom  146956 sum_eta is  0.00046183229090355886
Refined Mesh with degree of freedom  193321 sum_eta is  0.0002952540660416855
Refined Mesh with degree of freedom  268951 sum_eta is  0.0001587903430248961
Refined Mesh with degree of freedom  344591 sum_eta is  9.149038764057342e-05
Refined Mesh with degree of freedom  427641 sum_eta is  5.184826581071808e-05
Refined Mesh with degree of freedom  498116 sum_eta is  3.2442586696639295e-05
Refined Mesh with degree of freedom  576946 sum_eta is  1.9567304440068364e-05
Refined Mesh with degree of freedom  667556 sum_eta is  1.134335583145628e-05
Refined Mesh with degree of freedom  776116 sum_eta is  6.255844426053365e-06
Refined Mesh with degree of freedom  857626 sum_eta is  3.967213993104723e-06
Refined Mesh with degree of freedom  948651 sum_eta is  2.3862659254962384e-06
Refined Mesh with degree of freedom  1075981 sum_eta is  1.2738199390838751e-06
Refined Mesh with degree of freedom  1228741 sum_eta is  6.482433193460501e-07
Refined Mesh with degree of freedom  1361996 sum_eta is  3.564271929436493e-07
Refined Mesh with degree of freedom  1486386 sum_eta is  2.0611584448448207e-07
Refined Mesh with degree of freedom  1617526 sum_eta is  1.1776095284773579e-07
Refined Mesh with degree of freedom  1782011 sum_eta is  6.264814594785232e-08
Refined Mesh with degree of freedom  1952956 sum_eta is  3.323333378597635e-08
Refined Mesh with degree of freedom  2123731 sum_eta is  1.777138187959275e-08
Refined Mesh with degree of freedom  2305761 sum_eta is  9.683961305337216e-09
Lambda is  1.2190136542044745 flux is 0.7170632586623137
Refined Mesh with degree of freedom  59201 sum_eta is  0.0015143974185800873
Refined Mesh with degree of freedom  75591 sum_eta is  0.0009801492506712791
Refined Mesh with degree of freedom  106591 sum_eta is  0.0006147162287393051
Refined Mesh with degree of freedom  152656 sum_eta is  0.00036844498418568195
Refined Mesh with degree of freedom  217241 sum_eta is  0.00020868318138549
Refined Mesh with degree of freedom  286821 sum_eta is  0.00011819641526479661
Refined Mesh with degree of freedom  355301 sum_eta is  7.249580475813105e-05
Refined Mesh with degree of freedom  437316 sum_eta is  4.109240233375969e-05
Refined Mesh with degree of freedom  528246 sum_eta is  2.3383319615270498e-05
Refined Mesh with degree of freedom  612731 sum_eta is  1.382298282458012e-05
Refined Mesh with degree of freedom  704601 sum_eta is  8.065145879612111e-06
Refined Mesh with degree of freedom  816481 sum_eta is  4.38827574863996e-06
Refined Mesh with degree of freedom  933366 sum_eta is  2.3844214352621172e-06
Refined Mesh with degree of freedom  1054036 sum_eta is  1.3007370343337134e-06
Refined Mesh with degree of freedom  1200751 sum_eta is  6.511312054550176e-07
Refined Mesh with degree of freedom  1337816 sum_eta is  3.486722270301183e-07
Refined Mesh with degree of freedom  1458816 sum_eta is  2.0074190565684084e-07
Refined Mesh with degree of freedom  1571701 sum_eta is  1.2146524679249636e-07
Refined Mesh with degree of freedom  1700421 sum_eta is  7.133010696427663e-08
Refined Mesh with degree of freedom  1906741 sum_eta is  3.4219229770627234e-08
Refined Mesh with degree of freedom  2064171 sum_eta is  1.9137736905675967e-08
Refined Mesh with degree of freedom  2275316 sum_eta is  9.578110871125173e-09
Lambda is  1.9169005754816555 flux is 0.6363559071377702
Refined Mesh with degree of freedom  57841 sum_eta is  0.0012294022674470871
Refined Mesh with degree of freedom  73121 sum_eta is  0.0007875628967147707
Refined Mesh with degree of freedom  107811 sum_eta is  0.00047153621402067054
Refined Mesh with degree of freedom  153056 sum_eta is  0.0002901271185146545
Refined Mesh with degree of freedom  203646 sum_eta is  0.00018137164771471687
Refined Mesh with degree of freedom  260766 sum_eta is  0.00011247500396132187
Refined Mesh with degree of freedom  343771 sum_eta is  6.037920573699751e-05
Refined Mesh with degree of freedom  432106 sum_eta is  3.29763319955987e-05
Refined Mesh with degree of freedom  508036 sum_eta is  2.026114153547823e-05
Refined Mesh with degree of freedom  598611 sum_eta is  1.1422270702291993e-05
Refined Mesh with degree of freedom  691096 sum_eta is  6.648300357881497e-06
Refined Mesh with degree of freedom  797341 sum_eta is  3.7050311758255613e-06
Refined Mesh with degree of freedom  886701 sum_eta is  2.240365745669277e-06
Refined Mesh with degree of freedom  1000286 sum_eta is  1.249377810066446e-06
Refined Mesh with degree of freedom  1096036 sum_eta is  7.67451822265898e-07
Refined Mesh with degree of freedom  1209611 sum_eta is  4.408336059067147e-07
Refined Mesh with degree of freedom  1369196 sum_eta is  2.218242567745533e-07
Refined Mesh with degree of freedom  1507381 sum_eta is  1.2343707352326333e-07
Refined Mesh with degree of freedom  1666781 sum_eta is  6.422375328431926e-08
Refined Mesh with degree of freedom  1806061 sum_eta is  3.673336848966336e-08
Refined Mesh with degree of freedom  1970101 sum_eta is  1.9700040835076075e-08
Refined Mesh with degree of freedom  2190456 sum_eta is  9.34003248855151e-09
Lambda is  3.014328677622457 flux is 0.5429671553596983
Refined Mesh with degree of freedom  57636 sum_eta is  0.0008638298730841023
Refined Mesh with degree of freedom  75986 sum_eta is  0.0005276979236895254
Refined Mesh with degree of freedom  113556 sum_eta is  0.00030899998262111307
Refined Mesh with degree of freedom  157861 sum_eta is  0.00019172289995820634
Refined Mesh with degree of freedom  220896 sum_eta is  0.00010959687637157209
Refined Mesh with degree of freedom  291571 sum_eta is  6.192369343054872e-05
Refined Mesh with degree of freedom  359646 sum_eta is  3.760267813618897e-05
Refined Mesh with degree of freedom  429261 sum_eta is  2.3069853514752533e-05
Refined Mesh with degree of freedom  501106 sum_eta is  1.4273565237357849e-05
Refined Mesh with degree of freedom  569761 sum_eta is  9.089929422652085e-06
Refined Mesh with degree of freedom  652121 sum_eta is  5.440937005557296e-06
Refined Mesh with degree of freedom  727036 sum_eta is  3.4297607966699373e-06
Refined Mesh with degree of freedom  815086 sum_eta is  2.045919946507097e-06
Refined Mesh with degree of freedom  895151 sum_eta is  1.2896742988324507e-06
Refined Mesh with degree of freedom  988766 sum_eta is  7.73286174665433e-07
Refined Mesh with degree of freedom  1108191 sum_eta is  4.3459069419324565e-07
Refined Mesh with degree of freedom  1228706 sum_eta is  2.5627224112281293e-07
Refined Mesh with degree of freedom  1349856 sum_eta is  1.507167330426495e-07
Refined Mesh with degree of freedom  1531461 sum_eta is  7.52379677629794e-08
Refined Mesh with degree of freedom  1661491 sum_eta is  4.38850904593602e-08
Refined Mesh with degree of freedom  1817721 sum_eta is  2.401613332611042e-08
Refined Mesh with degree of freedom  1984311 sum_eta is  1.2795225914400596e-08
Refined Mesh with degree of freedom  2204111 sum_eta is  6.1630848252091705e-09
Lambda is  4.7400358124750985 flux is 0.44262366518627727
Refined Mesh with degree of freedom  57496 sum_eta is  0.0005438239556454328
Refined Mesh with degree of freedom  73731 sum_eta is  0.0003422575779063557
Refined Mesh with degree of freedom  109711 sum_eta is  0.0002010163291230026
Refined Mesh with degree of freedom  151446 sum_eta is  0.00012682960052755912
Refined Mesh with degree of freedom  208356 sum_eta is  7.494448703199044e-05
Refined Mesh with degree of freedom  275711 sum_eta is  4.332243461130684e-05
Refined Mesh with degree of freedom  348881 sum_eta is  2.527512640462325e-05
Refined Mesh with degree of freedom  424076 sum_eta is  1.4911285521263674e-05
Refined Mesh with degree of freedom  513946 sum_eta is  8.390159878265992e-06
Refined Mesh with degree of freedom  585986 sum_eta is  5.304132318758327e-06
Refined Mesh with degree of freedom  669326 sum_eta is  3.183122083401723e-06
Refined Mesh with degree of freedom  742841 sum_eta is  2.0178283471932057e-06
Refined Mesh with degree of freedom  828441 sum_eta is  1.2229821227349533e-06
Refined Mesh with degree of freedom  911871 sum_eta is  7.587376304377976e-07
Refined Mesh with degree of freedom  1000376 sum_eta is  4.667586441216577e-07
Refined Mesh with degree of freedom  1090986 sum_eta is  2.872768513030914e-07
Refined Mesh with degree of freedom  1180521 sum_eta is  1.8201462143058486e-07
Refined Mesh with degree of freedom  1339061 sum_eta is  9.517864481003663e-08
Refined Mesh with degree of freedom  1465061 sum_eta is  5.702992064922071e-08
Refined Mesh with degree of freedom  1643191 sum_eta is  2.8914013876668295e-08
Refined Mesh with degree of freedom  1775421 sum_eta is  1.7035204342680244e-08
Refined Mesh with degree of freedom  1993366 sum_eta is  8.012423993862565e-09
Lambda is  7.45371255309424 flux is 0.3437231757074843
Refined Mesh with degree of freedom  62841 sum_eta is  0.0002565340351130865
Refined Mesh with degree of freedom  90341 sum_eta is  0.00014920767282186555
Refined Mesh with degree of freedom  122356 sum_eta is  9.737067602080308e-05
Refined Mesh with degree of freedom  175421 sum_eta is  5.642101432717048e-05
Refined Mesh with degree of freedom  234596 sum_eta is  3.368030021572062e-05
Refined Mesh with degree of freedom  301821 sum_eta is  1.9952853652270577e-05
Refined Mesh with degree of freedom  379481 sum_eta is  1.1414111426259312e-05
Refined Mesh with degree of freedom  459851 sum_eta is  6.658770241923467e-06
Refined Mesh with degree of freedom  541466 sum_eta is  3.966175854249694e-06
Refined Mesh with degree of freedom  633641 sum_eta is  2.2705632962958997e-06
Refined Mesh with degree of freedom  750241 sum_eta is  1.1813815788003734e-06
Refined Mesh with degree of freedom  853501 sum_eta is  6.756158583192151e-07
Refined Mesh with degree of freedom  957981 sum_eta is  3.8501509135577514e-07
Refined Mesh with degree of freedom  1088511 sum_eta is  2.0070391370921423e-07
Refined Mesh with degree of freedom  1213561 sum_eta is  1.1102690526056076e-07
Refined Mesh with degree of freedom  1319916 sum_eta is  6.743893178218081e-08
Refined Mesh with degree of freedom  1435781 sum_eta is  4.0174977295567114e-08
Refined Mesh with degree of freedom  1550731 sum_eta is  2.417331948646597e-08
Refined Mesh with degree of freedom  1718061 sum_eta is  1.2591277088556797e-08
Refined Mesh with degree of freedom  1917416 sum_eta is  5.965289129475208e-09
Lambda is  11.720972798967965 flux is 0.2546888918174555
Refined Mesh with degree of freedom  61891 sum_eta is  0.00013528868722950576
Refined Mesh with degree of freedom  89236 sum_eta is  7.786641936040768e-05
Refined Mesh with degree of freedom  119776 sum_eta is  5.157845063280787e-05
Refined Mesh with degree of freedom  173091 sum_eta is  2.9860073440266853e-05
Refined Mesh with degree of freedom  231346 sum_eta is  1.7839983106996462e-05
Refined Mesh with degree of freedom  307841 sum_eta is  9.910552635965163e-06
Refined Mesh with degree of freedom  386906 sum_eta is  5.616099573925812e-06
Refined Mesh with degree of freedom  478726 sum_eta is  3.0752867607884575e-06
Refined Mesh with degree of freedom  557011 sum_eta is  1.8596399449300714e-06
Refined Mesh with degree of freedom  636356 sum_eta is  1.1454202098542243e-06
Refined Mesh with degree of freedom  714126 sum_eta is  7.109469182659013e-07
Refined Mesh with degree of freedom  793631 sum_eta is  4.435888273530732e-07
Refined Mesh with degree of freedom  906456 sum_eta is  2.421906954068835e-07
Refined Mesh with degree of freedom  1024686 sum_eta is  1.3424286156812585e-07
Refined Mesh with degree of freedom  1133146 sum_eta is  7.871898497790912e-08
Refined Mesh with degree of freedom  1230401 sum_eta is  4.905128804526247e-08
Refined Mesh with degree of freedom  1391781 sum_eta is  2.4997640515609778e-08
Refined Mesh with degree of freedom  1521436 sum_eta is  1.4292324717803346e-08
Refined Mesh with degree of freedom  1641356 sum_eta is  8.608594253908723e-09
Lambda is  18.43124515139992 flux is 0.18110088999047907
Refined Mesh with degree of freedom  56906 sum_eta is  7.818177218940038e-05
Refined Mesh with degree of freedom  71566 sum_eta is  4.955763537633234e-05
Refined Mesh with degree of freedom  104296 sum_eta is  2.9814924371553906e-05
Refined Mesh with degree of freedom  142246 sum_eta is  1.9153043091623434e-05
Refined Mesh with degree of freedom  186861 sum_eta is  1.2271643184607518e-05
Refined Mesh with degree of freedom  237596 sum_eta is  7.91008863957941e-06
Refined Mesh with degree of freedom  308991 sum_eta is  4.575740373064092e-06
Refined Mesh with degree of freedom  387276 sum_eta is  2.609527961369665e-06
Refined Mesh with degree of freedom  478571 sum_eta is  1.4474858724967295e-06
Refined Mesh with degree of freedom  578536 sum_eta is  7.817645667903856e-07
Refined Mesh with degree of freedom  663021 sum_eta is  4.680815243106194e-07
Refined Mesh with degree of freedom  768471 sum_eta is  2.5668326001586976e-07
Refined Mesh with degree of freedom  852326 sum_eta is  1.611198798973696e-07
Refined Mesh with degree of freedom  975661 sum_eta is  8.515428138774444e-08
Refined Mesh with degree of freedom  1091671 sum_eta is  4.7622392928826466e-08
Refined Mesh with degree of freedom  1202686 sum_eta is  2.828147476762406e-08
Refined Mesh with degree of freedom  1315716 sum_eta is  1.6577068904828906e-08
Refined Mesh with degree of freedom  1425266 sum_eta is  1.0182442634666511e-08
Refined Mesh with degree of freedom  1558326 sum_eta is  5.78724870226852e-09
Lambda is  28.98315725644495 flux is 0.12456575228144848
Refined Mesh with degree of freedom  61661 sum_eta is  2.961948891796074e-05
Refined Mesh with degree of freedom  88101 sum_eta is  1.7122970396790568e-05
Refined Mesh with degree of freedom  144326 sum_eta is  8.896249916941055e-06
Refined Mesh with degree of freedom  196356 sum_eta is  5.276510388595831e-06
Refined Mesh with degree of freedom  274471 sum_eta is  2.820076307881866e-06
Refined Mesh with degree of freedom  349101 sum_eta is  1.6195826434959994e-06
Refined Mesh with degree of freedom  437191 sum_eta is  8.813165414451478e-07
Refined Mesh with degree of freedom  540886 sum_eta is  4.581032344687658e-07
Refined Mesh with degree of freedom  640431 sum_eta is  2.5302906562379914e-07
Refined Mesh with degree of freedom  727541 sum_eta is  1.5057709270395236e-07
Refined Mesh with degree of freedom  832596 sum_eta is  8.487089392611446e-08
Refined Mesh with degree of freedom  931091 sum_eta is  4.989241858756688e-08
Refined Mesh with degree of freedom  1063431 sum_eta is  2.6046309066363678e-08
Refined Mesh with degree of freedom  1176836 sum_eta is  1.4865159725945209e-08
Refined Mesh with degree of freedom  1274471 sum_eta is  9.180032845819361e-09
Lambda is  45.57605292814505 flux is 0.08356577905018334
Refined Mesh with degree of freedom  61596 sum_eta is  1.2962356492685004e-05
Refined Mesh with degree of freedom  87926 sum_eta is  7.476519777706699e-06
Refined Mesh with degree of freedom  143576 sum_eta is  3.896752361063898e-06
Refined Mesh with degree of freedom  195201 sum_eta is  2.317841987161397e-06
Refined Mesh with degree of freedom  272561 sum_eta is  1.2473297301572897e-06
Refined Mesh with degree of freedom  351346 sum_eta is  6.985593509326002e-07
Refined Mesh with degree of freedom  436591 sum_eta is  3.866547895177302e-07
Refined Mesh with degree of freedom  538031 sum_eta is  2.0303826609411453e-07
Refined Mesh with degree of freedom  609446 sum_eta is  1.2980397717540913e-07
Refined Mesh with degree of freedom  690561 sum_eta is  7.918203398651626e-08
Refined Mesh with degree of freedom  771601 sum_eta is  4.89878385072963e-08
Refined Mesh with degree of freedom  856491 sum_eta is  2.98589768290414e-08
Refined Mesh with degree of freedom  942786 sum_eta is  1.841614857041978e-08
Refined Mesh with degree of freedom  1034551 sum_eta is  1.115305329157504e-08
Refined Mesh with degree of freedom  1175121 sum_eta is  5.881508933178486e-09
Lambda is  71.6684032084593 flux is 0.05506774334500835
Refined Mesh with degree of freedom  61596 sum_eta is  5.5128090007054535e-06
Refined Mesh with degree of freedom  87811 sum_eta is  3.1845046628779377e-06
Refined Mesh with degree of freedom  142736 sum_eta is  1.672562816534178e-06
Refined Mesh with degree of freedom  194671 sum_eta is  9.906349213321392e-07
Refined Mesh with degree of freedom  272581 sum_eta is  5.316299828102237e-07
Refined Mesh with degree of freedom  353076 sum_eta is  2.9338153559149e-07
Refined Mesh with degree of freedom  435841 sum_eta is  1.650930320155709e-07
Refined Mesh with degree of freedom  537131 sum_eta is  8.700711336875335e-08
Refined Mesh with degree of freedom  611471 sum_eta is  5.464787010477666e-08
Refined Mesh with degree of freedom  689841 sum_eta is  3.375631067178724e-08
Refined Mesh with degree of freedom  772186 sum_eta is  2.0752508481360178e-08
Refined Mesh with degree of freedom  855521 sum_eta is  1.2783145304252694e-08
Refined Mesh with degree of freedom  943716 sum_eta is  7.799908681155298e-09
Lambda is  112.6986583622819 flux is 0.035848414207163226
Refined Mesh with degree of freedom  61596 sum_eta is  2.3034398671424736e-06
Refined Mesh with degree of freedom  87811 sum_eta is  1.3301366811540386e-06
Refined Mesh with degree of freedom  142586 sum_eta is  6.988267894742824e-07
Refined Mesh with degree of freedom  194506 sum_eta is  4.1367396303604914e-07
Refined Mesh with degree of freedom  271481 sum_eta is  2.2375480166306674e-07
Refined Mesh with degree of freedom  351611 sum_eta is  1.2384192478173546e-07
Refined Mesh with degree of freedom  436216 sum_eta is  6.906085325904369e-08
Refined Mesh with degree of freedom  535956 sum_eta is  3.651366815284123e-08
Refined Mesh with degree of freedom  607581 sum_eta is  2.3319613065913194e-08
Refined Mesh with degree of freedom  688061 sum_eta is  1.4290020977226001e-08
Refined Mesh with degree of freedom  768391 sum_eta is  8.84403081441734e-09
Lambda is  177.21878858826253 flux is 0.02314678336932776
Refined Mesh with degree of freedom  61596 sum_eta is  9.513324472836862e-07
Refined Mesh with degree of freedom  87516 sum_eta is  5.517125156014039e-07
Refined Mesh with degree of freedom  142111 sum_eta is  2.894319332401796e-07
Refined Mesh with degree of freedom  193796 sum_eta is  1.7138090993485306e-07
Refined Mesh with degree of freedom  271006 sum_eta is  9.283893981392451e-08
Refined Mesh with degree of freedom  353216 sum_eta is  5.0802090836576004e-08
Refined Mesh with degree of freedom  436496 sum_eta is  2.8525998848066833e-08
Refined Mesh with degree of freedom  535961 sum_eta is  1.508536699073775e-08
Refined Mesh with degree of freedom  609281 sum_eta is  9.562332729888625e-09
Lambda is  278.67677827833415 flux is 0.01486800185599486
Refined Mesh with degree of freedom  61596 sum_eta is  3.899454934598959e-07
Refined Mesh with degree of freedom  87441 sum_eta is  2.2614727899921888e-07
Refined Mesh with degree of freedom  142111 sum_eta is  1.1860251214622396e-07
Refined Mesh with degree of freedom  193721 sum_eta is  7.02510015569382e-08
Refined Mesh with degree of freedom  270661 sum_eta is  3.8168234983000294e-08
Refined Mesh with degree of freedom  353291 sum_eta is  2.0822254055262416e-08
Refined Mesh with degree of freedom  436331 sum_eta is  1.1737487858893997e-08
Refined Mesh with degree of freedom  535921 sum_eta is  6.204356738154288e-09
Lambda is  438.21960058661307 flux is 0.009516949766224586
Refined Mesh with degree of freedom  61596 sum_eta is  1.590885656912535e-07
Refined Mesh with degree of freedom  87441 sum_eta is  9.222436499040306e-08
Refined Mesh with degree of freedom  141996 sum_eta is  4.844865313646946e-08
Refined Mesh with degree of freedom  193706 sum_eta is  2.865008898801172e-08
Refined Mesh with degree of freedom  270581 sum_eta is  1.5580923914261626e-08
Refined Mesh with degree of freedom  353231 sum_eta is  8.494671733588473e-09
Lambda is  689.1008986277656 flux is 0.006082402398542261
Refined Mesh with degree of freedom  61596 sum_eta is  6.469986260365484e-08
Refined Mesh with degree of freedom  87441 sum_eta is  3.750188165284697e-08
Refined Mesh with degree of freedom  141996 sum_eta is  1.9698611864638092e-08
Refined Mesh with degree of freedom  193426 sum_eta is  1.1675444906513586e-08
Refined Mesh with degree of freedom  270761 sum_eta is  6.327976394472168e-09
Lambda is  1083.6120699620308 flux is 0.003882237415908278
Refined Mesh with degree of freedom  61596 sum_eta is  2.6263242106983268e-08
Refined Mesh with degree of freedom  87441 sum_eta is  1.52210097655894e-08
Refined Mesh with degree of freedom  141996 sum_eta is  7.993325432502852e-09
Lambda is  1703.981406069352 flux is 0.0024872162484320744
Refined Mesh with degree of freedom  61596 sum_eta is  1.0644157641794978e-08
Refined Mesh with degree of freedom  87441 sum_eta is  6.177819895070663e-09
Lambda is  2679.513003515947 flux is 0.0015941286013017781
Lambda is  4213.537724318826 flux is 0.001019369103014261
Lambda is  6625.793616587018 flux is 0.000648530638408901
Lambda is  10419.069181753315 flux is 0.0004125289557887583
Lambda is  16384.0 flux is 0.0002623602800700356
Result for 0<Lambda<10000 saved to results/Phi_Lam_5_all.csv 
