firedrake:WARNING OMP_NUM_THREADS is not set or is set to a value greater than 1, we suggest setting OMP_NUM_THREADS=1 to improve performance
/home/yan00082/firedrake/src/ngsPETSc/ngsPETSc/eps.py:10: UserWarning: Import Warning: it was not possible to import SLEPc
  warnings.warn("Import Warning: it was not possible to import SLEPc")
/home/yan00082/firedrake/src/ngsPETSc/ngsPETSc/eps.py:10: UserWarning: Import Warning: it was not possible to import SLEPc
  warnings.warn("Import Warning: it was not possible to import SLEPc")
/home/yan00082/firedrake/src/ngsPETSc/ngsPETSc/eps.py:10: UserWarning: Import Warning: it was not possible to import SLEPc
  warnings.warn("Import Warning: it was not possible to import SLEPc")
/home/yan00082/firedrake/src/ngsPETSc/ngsPETSc/eps.py:10: UserWarning: Import Warning: it was not possible to import SLEPc
  warnings.warn("Import Warning: it was not possible to import SLEPc")
/home/yan00082/firedrake/src/ngsPETSc/ngsPETSc/eps.py:10: UserWarning: Import Warning: it was not possible to import SLEPc
  warnings.warn("Import Warning: it was not possible to import SLEPc")
/home/yan00082/firedrake/src/ngsPETSc/ngsPETSc/eps.py:10: UserWarning: Import Warning: it was not possible to import SLEPc
  warnings.warn("Import Warning: it was not possible to import SLEPc")
/home/yan00082/firedrake/src/ngsPETSc/ngsPETSc/eps.py:10: UserWarning: Import Warning: it was not possible to import SLEPc
  warnings.warn("Import Warning: it was not possible to import SLEPc")
/home/yan00082/firedrake/src/ngsPETSc/ngsPETSc/eps.py:10: UserWarning: Import Warning: it was not possible to import SLEPc
  warnings.warn("Import Warning: it was not possible to import SLEPc")
/home/yan00082/firedrake/src/ngsPETSc/ngsPETSc/eps.py:10: UserWarning: Import Warning: it was not possible to import SLEPc
  warnings.warn("Import Warning: it was not possible to import SLEPc")
/home/yan00082/firedrake/src/ngsPETSc/ngsPETSc/eps.py:10: UserWarning: Import Warning: it was not possible to import SLEPc
  warnings.warn("Import Warning: it was not possible to import SLEPc")
/home/yan00082/firedrake/src/ngsPETSc/ngsPETSc/eps.py:10: UserWarning: Import Warning: it was not possible to import SLEPc
  warnings.warn("Import Warning: it was not possible to import SLEPc")
/home/yan00082/firedrake/src/ngsPETSc/ngsPETSc/eps.py:10: UserWarning: Import Warning: it was not possible to import SLEPc
  warnings.warn("Import Warning: it was not possible to import SLEPc")
/home/yan00082/firedrake/src/ngsPETSc/ngsPETSc/eps.py:10: UserWarning: Import Warning: it was not possible to import SLEPc
  warnings.warn("Import Warning: it was not possible to import SLEPc")
/home/yan00082/firedrake/src/ngsPETSc/ngsPETSc/eps.py:10: UserWarning: Import Warning: it was not possible to import SLEPc
  warnings.warn("Import Warning: it was not possible to import SLEPc")
/home/yan00082/firedrake/src/ngsPETSc/ngsPETSc/eps.py:10: UserWarning: Import Warning: it was not possible to import SLEPc
  warnings.warn("Import Warning: it was not possible to import SLEPc")
/home/yan00082/firedrake/src/ngsPETSc/ngsPETSc/eps.py:10: UserWarning: Import Warning: it was not possible to import SLEPc
  warnings.warn("Import Warning: it was not possible to import SLEPc")
Refined Mesh with degree of freedom  339515
/home/yan00082/firedrake/src/loopy/loopy/target/c/compyte/dtypes.py:184: DeprecationWarning: `np.bool8` is a deprecated alias for `np.bool_`.  (Deprecated NumPy 1.24)
  reg.get_or_register_dtype("bool", np.bool8)
error indicator sum_eta is  0.043692269898446504
Refined Mesh with degree of freedom  1599830
error indicator sum_eta is  0.016379468699853846
Refined Mesh with degree of freedom  6863260
error indicator sum_eta is  0.006816831232586222
Refined Mesh with degree of freedom  58438320

===================================================================================
=   BAD TERMINATION OF ONE OF YOUR APPLICATION PROCESSES
=   PID 589240 RUNNING AT vh512-2
=   EXIT CODE: 9
=   CLEANING UP REMAINING PROCESSES
=   YOU CAN IGNORE THE BELOW CLEANUP MESSAGES
===================================================================================
YOUR APPLICATION TERMINATED WITH THE EXIT STRING: Killed (signal 9)
This typically refers to a problem with your application.
Please see the FAQ page for debugging suggestions
