firedrake:WARNING OMP_NUM_THREADS is not set or is set to a value greater than 1, we suggest setting OMP_NUM_THREADS=1 to improve performance
/home/yan00082/firedrake/src/ngsPETSc/ngsPETSc/__init__.py:30: UserWarning: No NGSolve installed, only working with Netgen.
  warnings.warn("No NGSolve installed, only working with Netgen.")
Refined Mesh with degree of freedom  351 sum_eta is  2.488130869282163e-07
Refined Mesh with degree of freedom  501 sum_eta is  7.54522013319092e-06
Refined Mesh with degree of freedom  701 sum_eta is  4.681757578278269e-06
Refined Mesh with degree of freedom  976 sum_eta is  1.280093535186224e-06
Refined Mesh with degree of freedom  1126 sum_eta is  4.0991341157924653e-07
Refined Mesh with degree of freedom  1786 sum_eta is  2.3221938828366358e-07
Refined Mesh with degree of freedom  2346 sum_eta is  1.5327826312766367e-07
Refined Mesh with degree of freedom  4101 sum_eta is  6.535019992716619e-08
Refined Mesh with degree of freedom  6251 sum_eta is  3.0640038404077915e-08
Refined Mesh with degree of freedom  8321 sum_eta is  1.5223539107883602e-08
Refined Mesh with degree of freedom  10281 sum_eta is  8.969749277946602e-09
Refined Mesh with degree of freedom  13216 sum_eta is  4.653356134980766e-09
Refined Mesh with degree of freedom  16001 sum_eta is  2.0883547378076076e-09
Refined Mesh with degree of freedom  18181 sum_eta is  9.973684032447826e-10
Refined Mesh with degree of freedom  20126 sum_eta is  6.293159702700888e-10
Refined Mesh with degree of freedom  22871 sum_eta is  3.033947538757472e-10
Refined Mesh with degree of freedom  25661 sum_eta is  1.3799053329603664e-10
Refined Mesh with degree of freedom  28346 sum_eta is  5.921942764383137e-11
Refined Mesh with degree of freedom  30906 sum_eta is  3.192231752897348e-11
Refined Mesh with degree of freedom  34841 sum_eta is  1.5604108591430877e-11
Refined Mesh with degree of freedom  38391 sum_eta is  8.517971369630987e-12
Refined Mesh with degree of freedom  45181 sum_eta is  3.8608252739037215e-12
Refined Mesh with degree of freedom  50076 sum_eta is  1.7723342017556462e-12
Refined Mesh with degree of freedom  54656 sum_eta is  7.856113040777438e-13
Refined Mesh with degree of freedom  59001 sum_eta is  3.9811724173749607e-13
Refined Mesh with degree of freedom  64576 sum_eta is  1.9238070939651797e-13
Refined Mesh with degree of freedom  73706 sum_eta is  8.728228445981017e-14
Refined Mesh with degree of freedom  85651 sum_eta is  3.935855714737543e-14
Refined Mesh with degree of freedom  98476 sum_eta is  1.7786660321848308e-14
Refined Mesh with degree of freedom  114091 sum_eta is  7.330348682712015e-15
Refined Mesh with degree of freedom  130691 sum_eta is  3.14164529396292e-15
Refined Mesh with degree of freedom  152526 sum_eta is  1.2472958736311843e-15
Refined Mesh with degree of freedom  174816 sum_eta is  5.604618018913757e-16
Refined Mesh with degree of freedom  207606 sum_eta is  2.27868659001554e-16
Refined Mesh with degree of freedom  254606 sum_eta is  9.651074915884525e-17
Refined Mesh with degree of freedom  326156 sum_eta is  5.763756390249717e-17
Refined Mesh with degree of freedom  546511 sum_eta is  9.238110221281679e-18
Calculating the alpha for points on the bottom boundary ...
Refined Mesh with degree of freedom  2326 sum_eta is  6.284581849480133e-05
Refined Mesh with degree of freedom  2451 sum_eta is  6.030580963853996e-06
Refined Mesh with degree of freedom  2626 sum_eta is  3.0981958103865617e-07
Refined Mesh with degree of freedom  3601 sum_eta is  9.414665245658068e-08
Refined Mesh with degree of freedom  4926 sum_eta is  5.3213701418670204e-08
Refined Mesh with degree of freedom  8111 sum_eta is  2.9023515922754996e-08
Refined Mesh with degree of freedom  10681 sum_eta is  1.5989359170486355e-08
Refined Mesh with degree of freedom  13836 sum_eta is  8.136459513405266e-09
Refined Mesh with degree of freedom  16816 sum_eta is  4.681435846105218e-09
Refined Mesh with degree of freedom  21956 sum_eta is  2.707578561127673e-09
Refined Mesh with degree of freedom  26361 sum_eta is  1.4496114831765492e-09
Refined Mesh with degree of freedom  31526 sum_eta is  8.097789724434179e-10
Refined Mesh with degree of freedom  37556 sum_eta is  4.734550776847721e-10
Refined Mesh with degree of freedom  44351 sum_eta is  2.7437277926872786e-10
Refined Mesh with degree of freedom  51461 sum_eta is  1.4538534255402734e-10
Refined Mesh with degree of freedom  60356 sum_eta is  7.525445014369488e-11
Refined Mesh with degree of freedom  69256 sum_eta is  3.6915661275429886e-11
Refined Mesh with degree of freedom  78546 sum_eta is  1.9629847454345624e-11
Refined Mesh with degree of freedom  87906 sum_eta is  1.094368269219789e-11
Refined Mesh with degree of freedom  98661 sum_eta is  5.401100964046489e-12
Refined Mesh with degree of freedom  107606 sum_eta is  2.7416122140172735e-12
Refined Mesh with degree of freedom  119061 sum_eta is  1.412558488320853e-12
Refined Mesh with degree of freedom  130786 sum_eta is  7.385354235360604e-13
Refined Mesh with degree of freedom  143816 sum_eta is  3.825894099477779e-13
Refined Mesh with degree of freedom  158201 sum_eta is  1.7781534520539314e-13
Refined Mesh with degree of freedom  174211 sum_eta is  8.674419983663926e-14
Refined Mesh with degree of freedom  191376 sum_eta is  4.0309351137104496e-14
Refined Mesh with degree of freedom  223466 sum_eta is  1.8474295041908055e-14
Refined Mesh with degree of freedom  252851 sum_eta is  7.762953922728105e-15
Refined Mesh with degree of freedom  287196 sum_eta is  3.4721289468541774e-15
Refined Mesh with degree of freedom  337756 sum_eta is  1.3526780106524936e-15
Refined Mesh with degree of freedom  385011 sum_eta is  6.269864403316996e-16
Refined Mesh with degree of freedom  454151 sum_eta is  2.502628510319475e-16
Refined Mesh with degree of freedom  529256 sum_eta is  1.1060365467028106e-16
Refined Mesh with degree of freedom  634911 sum_eta is  5.552106676935956e-17
Refined Mesh with degree of freedom  794571 sum_eta is  2.886437841753244e-17
Calculating the alpha for points on the bottom boundary ...
