This is pdfTeX, Version 3.141592653-2.6-1.40.25 (TeX Live 2023) (preloaded format=pdflatex 2023.10.7)  30 OCT 2023 14:38
entering extended mode
 restricted \write18 enabled.
 file:line:error style messages enabled.
 %&-line parsing enabled.
**notes.tex
(./notes.tex
LaTeX2e <2022-11-01> patch level 1
L3 programming layer <2023-02-22>
(/usr/local/texlive/2023/texmf-dist/tex/latex/base/article.cls
Document Class: article 2022/07/02 v1.4n Standard LaTeX document class
(/usr/local/texlive/2023/texmf-dist/tex/latex/base/size12.clo
File: size12.clo 2022/07/02 v1.4n Standard LaTeX file (size option)
)
\c@part=\count185
\c@section=\count186
\c@subsection=\count187
\c@subsubsection=\count188
\c@paragraph=\count189
\c@subparagraph=\count190
\c@figure=\count191
\c@table=\count192
\abovecaptionskip=\skip48
\belowcaptionskip=\skip49
\bibindent=\dimen140
)
(/usr/local/texlive/2023/texmf-dist/tex/latex/base/fontenc.sty
Package: fontenc 2021/04/29 v2.0v Standard LaTeX package
)
(/usr/local/texlive/2023/texmf-dist/tex/latex/appendix/appendix.sty
Package: appendix 2020/02/08 v1.2c extra appendix facilities
\c@@pps=\count193
\c@@ppsavesec=\count194
\c@@ppsaveapp=\count195
)
(/usr/local/texlive/2023/texmf-dist/tex/latex/base/inputenc.sty
Package: inputenc 2021/02/14 v1.3d Input encoding file
\inpenc@prehook=\toks16
\inpenc@posthook=\toks17

(/usr/local/texlive/2023/texmf-dist/tex/latex/base/latin9.def
File: latin9.def 2021/02/14 v1.3d Input encoding file
))
(/usr/local/texlive/2023/texmf-dist/tex/latex/pdfsync/pdfsync.sty
Package: pdfsync 2008/01/26 v1.1
)
(/usr/local/texlive/2023/texmf-dist/tex/latex/geometry/geometry.sty
Package: geometry 2020/01/02 v5.9 Page Geometry

(/usr/local/texlive/2023/texmf-dist/tex/latex/graphics/keyval.sty
Package: keyval 2022/05/29 v1.15 key=value parser (DPC)
\KV@toks@=\toks18
)
(/usr/local/texlive/2023/texmf-dist/tex/generic/iftex/ifvtex.sty
Package: ifvtex 2019/10/25 v1.7 ifvtex legacy package. Use iftex instead.

(/usr/local/texlive/2023/texmf-dist/tex/generic/iftex/iftex.sty
Package: iftex 2022/02/03 v1.0f TeX engine tests
))
\Gm@cnth=\count196
\Gm@cntv=\count197
\c@Gm@tempcnt=\count198
\Gm@bindingoffset=\dimen141
\Gm@wd@mp=\dimen142
\Gm@odd@mp=\dimen143
\Gm@even@mp=\dimen144
\Gm@layoutwidth=\dimen145
\Gm@layoutheight=\dimen146
\Gm@layouthoffset=\dimen147
\Gm@layoutvoffset=\dimen148
\Gm@dimlist=\toks19
)
(/usr/local/texlive/2023/texmf-dist/tex/latex/tools/enumerate.sty
Package: enumerate 2015/07/23 v3.00 enumerate extensions (DPC)
\@enLab=\toks20
)
(/usr/local/texlive/2023/texmf-dist/tex/latex/amsmath/amstext.sty
Package: amstext 2021/08/26 v2.01 AMS text

(/usr/local/texlive/2023/texmf-dist/tex/latex/amsmath/amsgen.sty
File: amsgen.sty 1999/11/30 v2.0 generic functions
\@emptytoks=\toks21
\ex@=\dimen149
))
(/usr/local/texlive/2023/texmf-dist/tex/latex/amsfonts/amssymb.sty
Package: amssymb 2013/01/14 v3.01 AMS font symbols

(/usr/local/texlive/2023/texmf-dist/tex/latex/amsfonts/amsfonts.sty
Package: amsfonts 2013/01/14 v3.01 Basic AMSFonts support
\symAMSa=\mathgroup4
\symAMSb=\mathgroup5
LaTeX Font Info:    Redeclaring math symbol \hbar on input line 98.
LaTeX Font Info:    Overwriting math alphabet `\mathfrak' in version `bold'
(Font)                  U/euf/m/n --> U/euf/b/n on input line 106.
))
(/usr/local/texlive/2023/texmf-dist/tex/latex/amsmath/amsmath.sty
Package: amsmath 2022/04/08 v2.17n AMS math features
\@mathmargin=\skip50

For additional information on amsmath, use the `?' option.
(/usr/local/texlive/2023/texmf-dist/tex/latex/amsmath/amsbsy.sty
Package: amsbsy 1999/11/29 v1.2d Bold Symbols
\pmbraise@=\dimen150
)
(/usr/local/texlive/2023/texmf-dist/tex/latex/amsmath/amsopn.sty
Package: amsopn 2022/04/08 v2.04 operator names
)
\inf@bad=\count199
LaTeX Info: Redefining \frac on input line 234.
\uproot@=\count266
\leftroot@=\count267
LaTeX Info: Redefining \overline on input line 399.
LaTeX Info: Redefining \colon on input line 410.
\classnum@=\count268
\DOTSCASE@=\count269
LaTeX Info: Redefining \ldots on input line 496.
LaTeX Info: Redefining \dots on input line 499.
LaTeX Info: Redefining \cdots on input line 620.
\Mathstrutbox@=\box51
\strutbox@=\box52
LaTeX Info: Redefining \big on input line 722.
LaTeX Info: Redefining \Big on input line 723.
LaTeX Info: Redefining \bigg on input line 724.
LaTeX Info: Redefining \Bigg on input line 725.
\big@size=\dimen151
LaTeX Font Info:    Redeclaring font encoding OML on input line 743.
LaTeX Font Info:    Redeclaring font encoding OMS on input line 744.
\macc@depth=\count270
LaTeX Info: Redefining \bmod on input line 905.
LaTeX Info: Redefining \pmod on input line 910.
LaTeX Info: Redefining \smash on input line 940.
LaTeX Info: Redefining \relbar on input line 970.
LaTeX Info: Redefining \Relbar on input line 971.
\c@MaxMatrixCols=\count271
\dotsspace@=\muskip16
\c@parentequation=\count272
\dspbrk@lvl=\count273
\tag@help=\toks22
\row@=\count274
\column@=\count275
\maxfields@=\count276
\andhelp@=\toks23
\eqnshift@=\dimen152
\alignsep@=\dimen153
\tagshift@=\dimen154
\tagwidth@=\dimen155
\totwidth@=\dimen156
\lineht@=\dimen157
\@envbody=\toks24
\multlinegap=\skip51
\multlinetaggap=\skip52
\mathdisplay@stack=\toks25
LaTeX Info: Redefining \[ on input line 2953.
LaTeX Info: Redefining \] on input line 2954.
)
(/usr/local/texlive/2023/texmf-dist/tex/latex/esint/esint.sty
Package: esint 
\symlargesymbolsA=\mathgroup6
)
(/usr/local/texlive/2023/texmf-dist/tex/latex/amscls/amsthm.sty
Package: amsthm 2020/05/29 v2.20.6
\thm@style=\toks26
\thm@bodyfont=\toks27
\thm@headfont=\toks28
\thm@notefont=\toks29
\thm@headpunct=\toks30
\thm@preskip=\skip53
\thm@postskip=\skip54
\thm@headsep=\skip55
\dth@everypar=\toks31
)
(/usr/local/texlive/2023/texmf-dist/tex/latex/graphics/graphicx.sty
Package: graphicx 2021/09/16 v1.2d Enhanced LaTeX Graphics (DPC,SPQR)

(/usr/local/texlive/2023/texmf-dist/tex/latex/graphics/graphics.sty
Package: graphics 2022/03/10 v1.4e Standard LaTeX Graphics (DPC,SPQR)

(/usr/local/texlive/2023/texmf-dist/tex/latex/graphics/trig.sty
Package: trig 2021/08/11 v1.11 sin cos tan (DPC)
)
(/usr/local/texlive/2023/texmf-dist/tex/latex/graphics-cfg/graphics.cfg
File: graphics.cfg 2016/06/04 v1.11 sample graphics configuration
)
Package graphics Info: Driver file: pdftex.def on input line 107.

(/usr/local/texlive/2023/texmf-dist/tex/latex/graphics-def/pdftex.def
File: pdftex.def 2022/09/22 v1.2b Graphics/color driver for pdftex
))
\Gin@req@height=\dimen158
\Gin@req@width=\dimen159
)
(/usr/local/texlive/2023/texmf-dist/tex/latex/tools/indentfirst.sty
Package: indentfirst 1995/11/23 v1.03 Indent first paragraph (DPC)
)
(/usr/local/texlive/2023/texmf-dist/tex/latex/algorithms/algorithm.sty
Package: algorithm 2009/08/24 v0.1 Document Style `algorithm' - floating enviro
nment

(/usr/local/texlive/2023/texmf-dist/tex/latex/float/float.sty
Package: float 2001/11/08 v1.3d Float enhancements (AL)
\c@float@type=\count277
\float@exts=\toks32
\float@box=\box53
\@float@everytoks=\toks33
\@floatcapt=\box54
)
(/usr/local/texlive/2023/texmf-dist/tex/latex/base/ifthen.sty
Package: ifthen 2022/04/13 v1.1d Standard LaTeX ifthen package (DPC)
)
\@float@every@algorithm=\toks34
\c@algorithm=\count278
)
(/usr/local/texlive/2023/texmf-dist/tex/latex/algorithms/algorithmic.sty
Package: algorithmic 2009/08/24 v0.1 Document Style `algorithmic'
\c@ALC@unique=\count279
\c@ALC@line=\count280
\c@ALC@rem=\count281
\c@ALC@depth=\count282
\ALC@tlm=\skip56
\algorithmicindent=\skip57
)
\c@thm=\count283
\c@lem=\count284
\c@col=\count285
\c@dfn=\count286
\c@conj=\count287
\c@exmp=\count288
\c@remark=\count289

(/usr/local/texlive/2023/texmf-dist/tex/latex/hyperref/hyperref.sty
Package: hyperref 2023-02-07 v7.00v Hypertext links for LaTeX

(/usr/local/texlive/2023/texmf-dist/tex/generic/ltxcmds/ltxcmds.sty
Package: ltxcmds 2020-05-10 v1.25 LaTeX kernel commands for general use (HO)
)
(/usr/local/texlive/2023/texmf-dist/tex/generic/pdftexcmds/pdftexcmds.sty
Package: pdftexcmds 2020-06-27 v0.33 Utility functions of pdfTeX for LuaTeX (HO
)

(/usr/local/texlive/2023/texmf-dist/tex/generic/infwarerr/infwarerr.sty
Package: infwarerr 2019/12/03 v1.5 Providing info/warning/error messages (HO)
)
Package pdftexcmds Info: \pdf@primitive is available.
Package pdftexcmds Info: \pdf@ifprimitive is available.
Package pdftexcmds Info: \pdfdraftmode found.
)
(/usr/local/texlive/2023/texmf-dist/tex/latex/kvsetkeys/kvsetkeys.sty
Package: kvsetkeys 2022-10-05 v1.19 Key value parser (HO)
)
(/usr/local/texlive/2023/texmf-dist/tex/generic/kvdefinekeys/kvdefinekeys.sty
Package: kvdefinekeys 2019-12-19 v1.6 Define keys (HO)
)
(/usr/local/texlive/2023/texmf-dist/tex/generic/pdfescape/pdfescape.sty
Package: pdfescape 2019/12/09 v1.15 Implements pdfTeX's escape features (HO)
)
(/usr/local/texlive/2023/texmf-dist/tex/latex/hycolor/hycolor.sty
Package: hycolor 2020-01-27 v1.10 Color options for hyperref/bookmark (HO)
)
(/usr/local/texlive/2023/texmf-dist/tex/latex/letltxmacro/letltxmacro.sty
Package: letltxmacro 2019/12/03 v1.6 Let assignment for LaTeX macros (HO)
)
(/usr/local/texlive/2023/texmf-dist/tex/latex/auxhook/auxhook.sty
Package: auxhook 2019-12-17 v1.6 Hooks for auxiliary files (HO)
)
(/usr/local/texlive/2023/texmf-dist/tex/latex/hyperref/nameref.sty
Package: nameref 2022-05-17 v2.50 Cross-referencing by name of section

(/usr/local/texlive/2023/texmf-dist/tex/latex/refcount/refcount.sty
Package: refcount 2019/12/15 v3.6 Data extraction from label references (HO)
)
(/usr/local/texlive/2023/texmf-dist/tex/generic/gettitlestring/gettitlestring.s
ty
Package: gettitlestring 2019/12/15 v1.6 Cleanup title references (HO)
 (/usr/local/texlive/2023/texmf-dist/tex/latex/kvoptions/kvoptions.sty
Package: kvoptions 2022-06-15 v3.15 Key value format for package options (HO)
))
\c@section@level=\count290
)
\@linkdim=\dimen160
\Hy@linkcounter=\count291
\Hy@pagecounter=\count292

(/usr/local/texlive/2023/texmf-dist/tex/latex/hyperref/pd1enc.def
File: pd1enc.def 2023-02-07 v7.00v Hyperref: PDFDocEncoding definition (HO)
Now handling font encoding PD1 ...
... no UTF-8 mapping file for font encoding PD1
)
(/usr/local/texlive/2023/texmf-dist/tex/generic/intcalc/intcalc.sty
Package: intcalc 2019/12/15 v1.3 Expandable calculations with integers (HO)
)
(/usr/local/texlive/2023/texmf-dist/tex/generic/etexcmds/etexcmds.sty
Package: etexcmds 2019/12/15 v1.7 Avoid name clashes with e-TeX commands (HO)
)
\Hy@SavedSpaceFactor=\count293

(/usr/local/texlive/2023/texmf-dist/tex/latex/hyperref/puenc.def
File: puenc.def 2023-02-07 v7.00v Hyperref: PDF Unicode definition (HO)
Now handling font encoding PU ...
... no UTF-8 mapping file for font encoding PU
)
Package hyperref Info: Hyper figures OFF on input line 4177.
Package hyperref Info: Link nesting OFF on input line 4182.
Package hyperref Info: Hyper index ON on input line 4185.
Package hyperref Info: Plain pages OFF on input line 4192.
Package hyperref Info: Backreferencing OFF on input line 4197.
Package hyperref Info: Implicit mode ON; LaTeX internals redefined.
Package hyperref Info: Bookmarks ON on input line 4425.
\c@Hy@tempcnt=\count294

(/usr/local/texlive/2023/texmf-dist/tex/latex/url/url.sty
\Urlmuskip=\muskip17
Package: url 2013/09/16  ver 3.4  Verb mode for urls, etc.
)
LaTeX Info: Redefining \url on input line 4763.
\XeTeXLinkMargin=\dimen161

(/usr/local/texlive/2023/texmf-dist/tex/generic/bitset/bitset.sty
Package: bitset 2019/12/09 v1.3 Handle bit-vector datatype (HO)

(/usr/local/texlive/2023/texmf-dist/tex/generic/bigintcalc/bigintcalc.sty
Package: bigintcalc 2019/12/15 v1.5 Expandable calculations on big integers (HO
)
))
\Fld@menulength=\count295
\Field@Width=\dimen162
\Fld@charsize=\dimen163
Package hyperref Info: Hyper figures OFF on input line 6042.
Package hyperref Info: Link nesting OFF on input line 6047.
Package hyperref Info: Hyper index ON on input line 6050.
Package hyperref Info: backreferencing OFF on input line 6057.
Package hyperref Info: Link coloring OFF on input line 6062.
Package hyperref Info: Link coloring with OCG OFF on input line 6067.
Package hyperref Info: PDF/A mode OFF on input line 6072.

(/usr/local/texlive/2023/texmf-dist/tex/latex/base/atbegshi-ltx.sty
Package: atbegshi-ltx 2021/01/10 v1.0c Emulation of the original atbegshi
package with kernel methods
)
\Hy@abspage=\count296
\c@Item=\count297
\c@Hfootnote=\count298
)
Package hyperref Info: Driver (autodetected): hpdftex.

(/usr/local/texlive/2023/texmf-dist/tex/latex/hyperref/hpdftex.def
File: hpdftex.def 2023-02-07 v7.00v Hyperref driver for pdfTeX

(/usr/local/texlive/2023/texmf-dist/tex/latex/base/atveryend-ltx.sty
Package: atveryend-ltx 2020/08/19 v1.0a Emulation of the original atveryend pac
kage
with kernel methods
)
\Fld@listcount=\count299
\c@bookmark@seq@number=\count300

(/usr/local/texlive/2023/texmf-dist/tex/latex/rerunfilecheck/rerunfilecheck.sty
Package: rerunfilecheck 2022-07-10 v1.10 Rerun checks for auxiliary files (HO)

(/usr/local/texlive/2023/texmf-dist/tex/generic/uniquecounter/uniquecounter.sty
Package: uniquecounter 2019/12/15 v1.4 Provide unlimited unique counter (HO)
)
Package uniquecounter Info: New unique counter `rerunfilecheck' on input line 2
85.
)
\Hy@SectionHShift=\skip58
)
Package hyperref Info: Option `bookmarksopen' set `true' on input line 35.
 (/usr/local/texlive/2023/texmf-dist/tex/latex/jknapltx/mathrsfs.sty
Package: mathrsfs 1996/01/01 Math RSFS package v1.0 (jk)
\symrsfs=\mathgroup7
)
(/usr/local/texlive/2023/texmf-dist/tex/latex/caption/subcaption.sty
Package: subcaption 2023/02/19 v1.6 Sub-captions (AR)

(/usr/local/texlive/2023/texmf-dist/tex/latex/caption/caption.sty
Package: caption 2023/03/12 v3.6j Customizing captions (AR)

(/usr/local/texlive/2023/texmf-dist/tex/latex/caption/caption3.sty
Package: caption3 2023/03/12 v2.4 caption3 kernel (AR)
\caption@tempdima=\dimen164
\captionmargin=\dimen165
\caption@leftmargin=\dimen166
\caption@rightmargin=\dimen167
\caption@width=\dimen168
\caption@indent=\dimen169
\caption@parindent=\dimen170
\caption@hangindent=\dimen171
Package caption Info: Standard document class detected.
)
\c@caption@flags=\count301
\c@continuedfloat=\count302
Package caption Info: float package is loaded.
Package caption Info: hyperref package is loaded.
)
Package caption Info: New subtype `subfigure' on input line 239.
\c@subfigure=\count303
Package caption Info: New subtype `subtable' on input line 239.
\c@subtable=\count304
)
(/usr/local/texlive/2023/texmf-dist/tex/latex/graphics/color.sty
Package: color 2022/01/06 v1.3d Standard LaTeX Color (DPC)

(/usr/local/texlive/2023/texmf-dist/tex/latex/graphics-cfg/color.cfg
File: color.cfg 2016/01/02 v1.6 sample color configuration
)
Package color Info: Driver file: pdftex.def on input line 149.

(/usr/local/texlive/2023/texmf-dist/tex/latex/graphics/mathcolor.ltx))
(/usr/local/texlive/2023/texmf-dist/tex/latex/l3backend/l3backend-pdftex.def
File: l3backend-pdftex.def 2023-01-16 L3 backend support: PDF output (pdfTeX)
\l__color_backend_stack_int=\count305
\l__pdf_internal_box=\box55
)
(./notes.aux)
\openout1 = `notes.aux'.

LaTeX Font Info:    Checking defaults for OML/cmm/m/it on input line 40.
LaTeX Font Info:    ... okay on input line 40.
LaTeX Font Info:    Checking defaults for OMS/cmsy/m/n on input line 40.
LaTeX Font Info:    ... okay on input line 40.
LaTeX Font Info:    Checking defaults for OT1/cmr/m/n on input line 40.
LaTeX Font Info:    ... okay on input line 40.
LaTeX Font Info:    Checking defaults for T1/cmr/m/n on input line 40.
LaTeX Font Info:    ... okay on input line 40.
LaTeX Font Info:    Checking defaults for TS1/cmr/m/n on input line 40.
LaTeX Font Info:    ... okay on input line 40.
LaTeX Font Info:    Checking defaults for OMX/cmex/m/n on input line 40.
LaTeX Font Info:    ... okay on input line 40.
LaTeX Font Info:    Checking defaults for U/cmr/m/n on input line 40.
LaTeX Font Info:    ... okay on input line 40.
LaTeX Font Info:    Checking defaults for PD1/pdf/m/n on input line 40.
LaTeX Font Info:    ... okay on input line 40.
LaTeX Font Info:    Checking defaults for PU/pdf/m/n on input line 40.
LaTeX Font Info:    ... okay on input line 40.
Configuring pdfsync
\PDFSYNC@ut=\write3
\openout3 = `notes.pdfsync'.

\PDFSYNCf@li@=\count306
\PDFSYNC@rder=\count307
**** pdfsync.sty: Synchronizing at \everypar
\PDFSYNCeveryp@r=\toks35
**** pdfsync.sty: Synchronizing at \everymath
\PDFSYNCeverym@th=\toks36
**** pdfsync.sty: Synchronizing at \everyhbox
\PDFSYNCeveryhb@x=\toks37
**** pdfsync.sty: Synchronizing at \everyvbox
\PDFSYNCeveryvb@x=\toks38
**** pdfsync.sty: started

*geometry* driver: auto-detecting
*geometry* detected driver: pdftex
*geometry* verbose mode - [ preamble ] result:
* driver: pdftex
* paper: <default>
* layout: <same size as paper>
* layoutoffset:(h,v)=(0.0pt,0.0pt)
* modes: 
* h-part:(L,W,R)=(56.9055pt, 500.484pt, 56.9055pt)
* v-part:(T,H,B)=(56.9055pt, 681.15898pt, 56.9055pt)
* \paperwidth=614.295pt
* \paperheight=794.96999pt
* \textwidth=500.484pt
* \textheight=681.15898pt
* \oddsidemargin=-15.36449pt
* \evensidemargin=-15.36449pt
* \topmargin=-52.36449pt
* \headheight=12.0pt
* \headsep=25.0pt
* \topskip=12.0pt
* \footskip=30.0pt
* \marginparwidth=44.0pt
* \marginparsep=10.0pt
* \columnsep=10.0pt
* \skip\footins=10.8pt plus 4.0pt minus 2.0pt
* \hoffset=0.0pt
* \voffset=0.0pt
* \mag=1000
* \@twocolumnfalse
* \@twosidefalse
* \@mparswitchfalse
* \@reversemarginfalse
* (1in=72.27pt=25.4mm, 1cm=28.453pt)

(/usr/local/texlive/2023/texmf-dist/tex/context/base/mkii/supp-pdf.mkii
[Loading MPS to PDF converter (version 2006.09.02).]
\scratchcounter=\count308
\scratchdimen=\dimen172
\scratchbox=\box56
\nofMPsegments=\count309
\nofMParguments=\count310
\everyMPshowfont=\toks39
\MPscratchCnt=\count311
\MPscratchDim=\dimen173
\MPnumerator=\count312
\makeMPintoPDFobject=\count313
\everyMPtoPDFconversion=\toks40
) (/usr/local/texlive/2023/texmf-dist/tex/latex/epstopdf-pkg/epstopdf-base.sty
Package: epstopdf-base 2020-01-24 v2.11 Base part for package epstopdf
Package epstopdf-base Info: Redefining graphics rule for `.eps' on input line 4
85.

(/usr/local/texlive/2023/texmf-dist/tex/latex/latexconfig/epstopdf-sys.cfg
File: epstopdf-sys.cfg 2010/07/13 v1.3 Configuration of (r)epstopdf for TeX Liv
e
))
Package hyperref Info: Link coloring OFF on input line 40.

(./notes.out) (./notes.out)
\@outlinefile=\write4
\openout4 = `notes.out'.

Package caption Info: Begin \AtBeginDocument code.
Package caption Info: End \AtBeginDocument code.
LaTeX Font Info:    Trying to load font information for U+msa on input line 46.


(/usr/local/texlive/2023/texmf-dist/tex/latex/amsfonts/umsa.fd
File: umsa.fd 2013/01/14 v3.01 AMS symbols A
)
LaTeX Font Info:    Trying to load font information for U+msb on input line 46.


(/usr/local/texlive/2023/texmf-dist/tex/latex/amsfonts/umsb.fd
File: umsb.fd 2013/01/14 v3.01 AMS symbols B
)
LaTeX Font Info:    Trying to load font information for U+esint on input line 4
6.

(/usr/local/texlive/2023/texmf-dist/tex/latex/esint/uesint.fd
File: uesint.fd 
)
LaTeX Font Info:    Trying to load font information for U+rsfs on input line 46
.

(/usr/local/texlive/2023/texmf-dist/tex/latex/jknapltx/ursfs.fd
File: ursfs.fd 1998/03/24 rsfs font definition file (jk)
)
<figures/Ex1/Ex1_snow_n2.pdf, id=40, 462.52798pt x 346.89601pt>
File: figures/Ex1/Ex1_snow_n2.pdf Graphic file (type pdf)
<use figures/Ex1/Ex1_snow_n2.pdf>
Package pdftex.def Info: figures/Ex1/Ex1_snow_n2.pdf  used on input line 52.
(pdftex.def)             Requested size: 225.21626pt x 168.9113pt.
<figures/Ex1/Ex1_snow_n4.pdf, id=41, 462.52798pt x 346.89601pt>
File: figures/Ex1/Ex1_snow_n4.pdf Graphic file (type pdf)
<use figures/Ex1/Ex1_snow_n4.pdf>
Package pdftex.def Info: figures/Ex1/Ex1_snow_n4.pdf  used on input line 56.
(pdftex.def)             Requested size: 225.21626pt x 168.9113pt.
<figures/Ex2/Ex2_snow_cube_2.png, id=44, 1967.35pt x 1264.725pt>
File: figures/Ex2/Ex2_snow_cube_2.png Graphic file (type png)
<use figures/Ex2/Ex2_snow_cube_2.png>
Package pdftex.def Info: figures/Ex2/Ex2_snow_cube_2.png  used on input line 75
.
(pdftex.def)             Requested size: 225.21626pt x 144.77452pt.
<figures/Ex2/Ex2_snow_cube_3.png, id=46, 1967.35pt x 1264.725pt>
File: figures/Ex2/Ex2_snow_cube_3.png Graphic file (type png)
<use figures/Ex2/Ex2_snow_cube_3.png>
Package pdftex.def Info: figures/Ex2/Ex2_snow_cube_3.png  used on input line 83
.
(pdftex.def)             Requested size: 225.21626pt x 144.77452pt.
 [1

{/usr/local/texlive/2023/texmf-var/fonts/map/pdftex/updmap/pdftex.map}{/usr/loc
al/texlive/2023/texmf-dist/fonts/enc/dvips/cm-super/cm-super-t1.enc} <./figures
/Ex1/Ex1_snow_n2.pdf> <./figures/Ex1/Ex1_snow_n4.pdf>] [2 <./figures/Ex2/Ex2_sn
ow_cube_2.png> <./figures/Ex2/Ex2_snow_cube_3.png>]
<figures/Ex1/Ex1_test.png, id=143, 462.528pt x 346.896pt>
File: figures/Ex1/Ex1_test.png Graphic file (type png)
<use figures/Ex1/Ex1_test.png>
Package pdftex.def Info: figures/Ex1/Ex1_test.png  used on input line 135.
(pdftex.def)             Requested size: 225.21626pt x 168.91129pt.
<figures/Ex1/Ex1_test_dof.png, id=144, 462.528pt x 346.896pt>
File: figures/Ex1/Ex1_test_dof.png Graphic file (type png)
<use figures/Ex1/Ex1_test_dof.png>
Package pdftex.def Info: figures/Ex1/Ex1_test_dof.png  used on input line 139.
(pdftex.def)             Requested size: 225.21626pt x 168.91129pt.
<figures/Ex2/Ex2_test_LU.png, id=152, 462.528pt x 346.896pt>
File: figures/Ex2/Ex2_test_LU.png Graphic file (type png)
<use figures/Ex2/Ex2_test_LU.png>
Package pdftex.def Info: figures/Ex2/Ex2_test_LU.png  used on input line 163.
(pdftex.def)             Requested size: 225.21626pt x 168.91129pt.
<figures/Ex2/Ex2_test_dof_LU.png, id=153, 462.528pt x 346.896pt>
File: figures/Ex2/Ex2_test_dof_LU.png Graphic file (type png)
<use figures/Ex2/Ex2_test_dof_LU.png>
Package pdftex.def Info: figures/Ex2/Ex2_test_dof_LU.png  used on input line 16
7.
(pdftex.def)             Requested size: 225.21626pt x 168.91129pt.
<figures/Ex2/Ex2_test_2_LU.png, id=154, 462.528pt x 346.896pt>
File: figures/Ex2/Ex2_test_2_LU.png Graphic file (type png)
<use figures/Ex2/Ex2_test_2_LU.png>
Package pdftex.def Info: figures/Ex2/Ex2_test_2_LU.png  used on input line 171.

(pdftex.def)             Requested size: 225.21626pt x 168.91129pt.
<figures/Ex2/Ex2_test_2_dof_LU.png, id=155, 462.528pt x 346.896pt>
File: figures/Ex2/Ex2_test_2_dof_LU.png Graphic file (type png)
<use figures/Ex2/Ex2_test_2_dof_LU.png>
Package pdftex.def Info: figures/Ex2/Ex2_test_2_dof_LU.png  used on input line 
175.
(pdftex.def)             Requested size: 225.21626pt x 168.91129pt.
<figures/Ex2/Ex2_test.png, id=156, 462.528pt x 346.896pt>
File: figures/Ex2/Ex2_test.png Graphic file (type png)
<use figures/Ex2/Ex2_test.png>
Package pdftex.def Info: figures/Ex2/Ex2_test.png  used on input line 184.
(pdftex.def)             Requested size: 225.21626pt x 168.91129pt.
<figures/Ex2/Ex2_test_dof.png, id=157, 462.528pt x 346.896pt>
File: figures/Ex2/Ex2_test_dof.png Graphic file (type png)
<use figures/Ex2/Ex2_test_dof.png>
Package pdftex.def Info: figures/Ex2/Ex2_test_dof.png  used on input line 188.
(pdftex.def)             Requested size: 225.21626pt x 168.91129pt.
<figures/Ex2/Ex2_test_2.png, id=158, 462.528pt x 346.896pt>
File: figures/Ex2/Ex2_test_2.png Graphic file (type png)
<use figures/Ex2/Ex2_test_2.png>
Package pdftex.def Info: figures/Ex2/Ex2_test_2.png  used on input line 192.
(pdftex.def)             Requested size: 225.21626pt x 168.91129pt.
<figures/Ex2/Ex2_test_2_dof.png, id=159, 462.528pt x 346.896pt>
File: figures/Ex2/Ex2_test_2_dof.png Graphic file (type png)
<use figures/Ex2/Ex2_test_2_dof.png>
Package pdftex.def Info: figures/Ex2/Ex2_test_2_dof.png  used on input line 196
.
(pdftex.def)             Requested size: 225.21626pt x 168.91129pt.
 [3 <./figures/Ex1/Ex1_test.png> <./figures/Ex1/Ex1_test_dof.png>] [4 <./figure
s/Ex2/Ex2_test_LU.png> <./figures/Ex2/Ex2_test_dof_LU.png> <./figures/Ex2/Ex2_t
est_2_LU.png> <./figures/Ex2/Ex2_test_2_dof_LU.png>]

Package hyperref Warning: Token not allowed in a PDF string (Unicode):
(hyperref)                removing `math shift' on input line 204.


Package hyperref Warning: Token not allowed in a PDF string (Unicode):
(hyperref)                removing `\Omega' on input line 204.


Package hyperref Warning: Token not allowed in a PDF string (Unicode):
(hyperref)                removing `math shift' on input line 204.


LaTeX Warning: Reference `fig:test_on_2d' on page 5 undefined on input line 205
.

<figures/Ex1/solution_D1_Lam1.png, id=180, 462.528pt x 346.896pt>
File: figures/Ex1/solution_D1_Lam1.png Graphic file (type png)
<use figures/Ex1/solution_D1_Lam1.png>
Package pdftex.def Info: figures/Ex1/solution_D1_Lam1.png  used on input line 2
10.
(pdftex.def)             Requested size: 225.21626pt x 168.91129pt.
<figures/Ex1/Phi_Lam_n4.png, id=181, 462.528pt x 346.896pt>
File: figures/Ex1/Phi_Lam_n4.png Graphic file (type png)
<use figures/Ex1/Phi_Lam_n4.png>
Package pdftex.def Info: figures/Ex1/Phi_Lam_n4.png  used on input line 214.
(pdftex.def)             Requested size: 225.21626pt x 168.91129pt.
[5 <./figures/Ex2/Ex2_test.png> <./figures/Ex2/Ex2_test_dof.png> <./figures/Ex2
/Ex2_test_2.png> <./figures/Ex2/Ex2_test_2_dof.png>]

Package hyperref Warning: Token not allowed in a PDF string (Unicode):
(hyperref)                removing `math shift' on input line 220.


Package hyperref Warning: Token not allowed in a PDF string (Unicode):
(hyperref)                removing `\Omega' on input line 220.


Package hyperref Warning: Token not allowed in a PDF string (Unicode):
(hyperref)                removing `math shift' on input line 220.


LaTeX Warning: Reference `fig:test_on_3d_2' on page 6 undefined on input line 2
21.

<figures/Ex2/Phi_Lam_cube.png, id=195, 462.528pt x 346.896pt>
File: figures/Ex2/Phi_Lam_cube.png Graphic file (type png)
<use figures/Ex2/Phi_Lam_cube.png>
Package pdftex.def Info: figures/Ex2/Phi_Lam_cube.png  used on input line 226.
(pdftex.def)             Requested size: 225.21626pt x 168.91129pt.
<figures/Ex3/Ex3_snow_square_2.pdf, id=197, 462.52798pt x 346.89601pt>
File: figures/Ex3/Ex3_snow_square_2.pdf Graphic file (type pdf)
<use figures/Ex3/Ex3_snow_square_2.pdf>
Package pdftex.def Info: figures/Ex3/Ex3_snow_square_2.pdf  used on input line 
246.
(pdftex.def)             Requested size: 225.21626pt x 168.9113pt.
<figures/Ex3/Ex3_snow_square_4.pdf, id=198, 462.52798pt x 346.89601pt>
File: figures/Ex3/Ex3_snow_square_4.pdf Graphic file (type pdf)
<use figures/Ex3/Ex3_snow_square_4.pdf>
Package pdftex.def Info: figures/Ex3/Ex3_snow_square_4.pdf  used on input line 
250.
(pdftex.def)             Requested size: 225.21626pt x 168.9113pt.
[6 <./figures/Ex1/solution_D1_Lam1.png> <./figures/Ex1/Phi_Lam_n4.png> <./figur
es/Ex2/Phi_Lam_cube.png>]
<figures/Ex3/Ex3_test.png, id=213, 462.528pt x 346.896pt>
File: figures/Ex3/Ex3_test.png Graphic file (type png)
<use figures/Ex3/Ex3_test.png>
Package pdftex.def Info: figures/Ex3/Ex3_test.png  used on input line 263.
(pdftex.def)             Requested size: 225.21626pt x 168.91129pt.
<figures/Ex3/Ex3_test_dof.png, id=214, 462.528pt x 346.896pt>
File: figures/Ex3/Ex3_test_dof.png Graphic file (type png)
<use figures/Ex3/Ex3_test_dof.png>
Package pdftex.def Info: figures/Ex3/Ex3_test_dof.png  used on input line 267.
(pdftex.def)             Requested size: 225.21626pt x 168.91129pt.
<figures/Ex3/Ex3_test_2.png, id=215, 462.528pt x 346.896pt>
File: figures/Ex3/Ex3_test_2.png Graphic file (type png)
<use figures/Ex3/Ex3_test_2.png>
Package pdftex.def Info: figures/Ex3/Ex3_test_2.png  used on input line 276.
(pdftex.def)             Requested size: 225.21626pt x 168.91129pt.
<figures/Ex3/Ex3_test_2_dof.png, id=216, 462.528pt x 346.896pt>
File: figures/Ex3/Ex3_test_2_dof.png Graphic file (type png)
<use figures/Ex3/Ex3_test_2_dof.png>
Package pdftex.def Info: figures/Ex3/Ex3_test_2_dof.png  used on input line 280
.
(pdftex.def)             Requested size: 225.21626pt x 168.91129pt.
 [7 <./figures/Ex3/Ex3_snow_square_2.pdf> <./figures/Ex3/Ex3_snow_square_4.pdf>
 <./figures/Ex3/Ex3_test.png> <./figures/Ex3/Ex3_test_dof.png>]

LaTeX Warning: Reference `Ex3_solution_v2' on page 8 undefined on input line 29
1.

<figures/Ex3/Ex3_f.png, id=291, 462.528pt x 346.896pt>
File: figures/Ex3/Ex3_f.png Graphic file (type png)
<use figures/Ex3/Ex3_f.png>
Package pdftex.def Info: figures/Ex3/Ex3_f.png  used on input line 299.
(pdftex.def)             Requested size: 225.21626pt x 168.91129pt.
<figures/Ex3/Ex3_solution.png, id=292, 462.528pt x 346.896pt>
File: figures/Ex3/Ex3_solution.png Graphic file (type png)
<use figures/Ex3/Ex3_solution.png>
Package pdftex.def Info: figures/Ex3/Ex3_solution.png  used on input line 303.
(pdftex.def)             Requested size: 225.21626pt x 168.91129pt.
<figures/Ex3/Ex3_evaluate.png, id=293, 462.528pt x 346.896pt>
File: figures/Ex3/Ex3_evaluate.png Graphic file (type png)
<use figures/Ex3/Ex3_evaluate.png>
Package pdftex.def Info: figures/Ex3/Ex3_evaluate.png  used on input line 308.
(pdftex.def)             Requested size: 225.21626pt x 168.91129pt.
[8 <./figures/Ex3/Ex3_test_2.png> <./figures/Ex3/Ex3_test_2_dof.png>]
<figures/Ex3/Ex3_f_2.png, id=304, 462.528pt x 346.896pt>
File: figures/Ex3/Ex3_f_2.png Graphic file (type png)
<use figures/Ex3/Ex3_f_2.png>
Package pdftex.def Info: figures/Ex3/Ex3_f_2.png  used on input line 319.
(pdftex.def)             Requested size: 225.21626pt x 168.91129pt.
<figures/Ex3/Ex3_solution_2.png, id=305, 462.528pt x 346.896pt>
File: figures/Ex3/Ex3_solution_2.png Graphic file (type png)
<use figures/Ex3/Ex3_solution_2.png>
Package pdftex.def Info: figures/Ex3/Ex3_solution_2.png  used on input line 323
.
(pdftex.def)             Requested size: 225.21626pt x 168.91129pt.
<figures/Ex3/Ex3_evaluate_2.png, id=306, 462.528pt x 346.896pt>
File: figures/Ex3/Ex3_evaluate_2.png Graphic file (type png)
<use figures/Ex3/Ex3_evaluate_2.png>
Package pdftex.def Info: figures/Ex3/Ex3_evaluate_2.png  used on input line 328
.
(pdftex.def)             Requested size: 225.21626pt x 168.91129pt.
 [9 <./figures/Ex3/Ex3_f.png> <./figures/Ex3/Ex3_solution.png> <./figures/Ex3/E
x3_evaluate.png>]
No file notes.bbl.
[10 <./figures/Ex3/Ex3_f_2.png> <./figures/Ex3/Ex3_solution_2.png> <./figures/E
x3/Ex3_evaluate_2.png>] (./notes.aux)

LaTeX Warning: There were undefined references.


LaTeX Warning: Label(s) may have changed. Rerun to get cross-references right.

Package rerunfilecheck Info: File `notes.out' has not changed.
(rerunfilecheck)             Checksum: B387EFB1E69DA55D0C2585E7CF1670BD;1571.
 ) 
Here is how much of TeX's memory you used:
 12691 strings out of 476025
 206860 string characters out of 5790017
 1864388 words of memory out of 5000000
 32869 multiletter control sequences out of 15000+600000
 534520 words of font info for 102 fonts, out of 8000000 for 9000
 1141 hyphenation exceptions out of 8191
 75i,23n,77p,625b,689s stack positions out of 10000i,1000n,20000p,200000b,200000s
</usr/local/texlive/2023/texmf-dist/fonts/type1/public/amsfonts/cm/cmex10.pfb
></usr/local/texlive/2023/texmf-dist/fonts/type1/public/amsfonts/cm/cmmi10.pfb>
</usr/local/texlive/2023/texmf-dist/fonts/type1/public/amsfonts/cm/cmmi12.pfb><
/usr/local/texlive/2023/texmf-dist/fonts/type1/public/amsfonts/cm/cmmi8.pfb></u
sr/local/texlive/2023/texmf-dist/fonts/type1/public/amsfonts/cm/cmr10.pfb></usr
/local/texlive/2023/texmf-dist/fonts/type1/public/amsfonts/cm/cmr12.pfb></usr/l
ocal/texlive/2023/texmf-dist/fonts/type1/public/amsfonts/cm/cmr17.pfb></usr/loc
al/texlive/2023/texmf-dist/fonts/type1/public/amsfonts/cm/cmr6.pfb></usr/local/
texlive/2023/texmf-dist/fonts/type1/public/amsfonts/cm/cmr8.pfb></usr/local/tex
live/2023/texmf-dist/fonts/type1/public/amsfonts/cm/cmsy10.pfb></usr/local/texl
ive/2023/texmf-dist/fonts/type1/public/amsfonts/cm/cmsy8.pfb></usr/local/texliv
e/2023/texmf-dist/fonts/type1/public/esint-type1/esint10.pfb></usr/local/texliv
e/2023/texmf-dist/fonts/type1/public/cm-super/sfbx1095.pfb></usr/local/texlive/
2023/texmf-dist/fonts/type1/public/cm-super/sfbx1200.pfb></usr/local/texlive/20
23/texmf-dist/fonts/type1/public/cm-super/sfbx1440.pfb></usr/local/texlive/2023
/texmf-dist/fonts/type1/public/cm-super/sfbx1728.pfb></usr/local/texlive/2023/t
exmf-dist/fonts/type1/public/cm-super/sfrm1095.pfb></usr/local/texlive/2023/tex
mf-dist/fonts/type1/public/cm-super/sfrm1200.pfb></usr/local/texlive/2023/texmf
-dist/fonts/type1/public/cm-super/sfrm1440.pfb></usr/local/texlive/2023/texmf-d
ist/fonts/type1/public/cm-super/sfrm2074.pfb>
Output written on notes.pdf (10 pages, 2331325 bytes).
PDF statistics:
 422 PDF objects out of 1000 (max. 8388607)
 215 compressed objects within 3 object streams
 42 named destinations out of 1000 (max. 500000)
 218 words of extra memory for PDF output out of 10000 (max. 10000000)

