firedrake:WARNING OMP_NUM_THREADS is not set or is set to a value greater than 1, we suggest setting OMP_NUM_THREADS=1 to improve performance
/home/yan00082/firedrake/src/ngsPETSc/ngsPETSc/__init__.py:30: UserWarning: No NGSolve installed, only working with Netgen.
  warnings.warn("No NGSolve installed, only working with Netgen.")
/home/yan00082/firedrake/src/ngsPETSc/ngsPETSc/__init__.py:30: UserWarning: No NGSolve installed, only working with Netgen.
  warnings.warn("No NGSolve installed, only working with Netgen.")
/home/yan00082/firedrake/src/ngsPETSc/ngsPETSc/__init__.py:30: UserWarning: No NGSolve installed, only working with Netgen.
  warnings.warn("No NGSolve installed, only working with Netgen.")
/home/yan00082/firedrake/src/ngsPETSc/ngsPETSc/__init__.py:30: UserWarning: No NGSolve installed, only working with Netgen.
  warnings.warn("No NGSolve installed, only working with Netgen.")
/home/yan00082/firedrake/src/ngsPETSc/ngsPETSc/__init__.py:30: UserWarning: No NGSolve installed, only working with Netgen.
  warnings.warn("No NGSolve installed, only working with Netgen.")
/home/yan00082/firedrake/src/ngsPETSc/ngsPETSc/__init__.py:30: UserWarning: No NGSolve installed, only working with Netgen.
  warnings.warn("No NGSolve installed, only working with Netgen.")
/home/yan00082/firedrake/src/ngsPETSc/ngsPETSc/__init__.py:30: UserWarning: No NGSolve installed, only working with Netgen.
  warnings.warn("No NGSolve installed, only working with Netgen.")
/home/yan00082/firedrake/src/ngsPETSc/ngsPETSc/__init__.py:30: UserWarning: No NGSolve installed, only working with Netgen.
  warnings.warn("No NGSolve installed, only working with Netgen.")
/home/yan00082/firedrake/src/ngsPETSc/ngsPETSc/__init__.py:30: UserWarning: No NGSolve installed, only working with Netgen.
  warnings.warn("No NGSolve installed, only working with Netgen.")
/home/yan00082/firedrake/src/ngsPETSc/ngsPETSc/__init__.py:30: UserWarning: No NGSolve installed, only working with Netgen.
  warnings.warn("No NGSolve installed, only working with Netgen.")
/home/yan00082/firedrake/src/ngsPETSc/ngsPETSc/__init__.py:30: UserWarning: No NGSolve installed, only working with Netgen.
  warnings.warn("No NGSolve installed, only working with Netgen.")
/home/yan00082/firedrake/src/ngsPETSc/ngsPETSc/__init__.py:30: UserWarning: No NGSolve installed, only working with Netgen.
  warnings.warn("No NGSolve installed, only working with Netgen.")
/home/yan00082/firedrake/src/ngsPETSc/ngsPETSc/__init__.py:30: UserWarning: No NGSolve installed, only working with Netgen.
  warnings.warn("No NGSolve installed, only working with Netgen.")
/home/yan00082/firedrake/src/ngsPETSc/ngsPETSc/__init__.py:30: UserWarning: No NGSolve installed, only working with Netgen.
  warnings.warn("No NGSolve installed, only working with Netgen.")
/home/yan00082/firedrake/src/ngsPETSc/ngsPETSc/__init__.py:30: UserWarning: No NGSolve installed, only working with Netgen.
  warnings.warn("No NGSolve installed, only working with Netgen.")
/home/yan00082/firedrake/src/ngsPETSc/ngsPETSc/__init__.py:30: UserWarning: No NGSolve installed, only working with Netgen.
  warnings.warn("No NGSolve installed, only working with Netgen.")
/home/yan00082/firedrake/src/ngsPETSc/ngsPETSc/__init__.py:30: UserWarning: No NGSolve installed, only working with Netgen.
  warnings.warn("No NGSolve installed, only working with Netgen.")
/home/yan00082/firedrake/src/ngsPETSc/ngsPETSc/__init__.py:30: UserWarning: No NGSolve installed, only working with Netgen.
  warnings.warn("No NGSolve installed, only working with Netgen.")
/home/yan00082/firedrake/src/ngsPETSc/ngsPETSc/__init__.py:30: UserWarning: No NGSolve installed, only working with Netgen.
  warnings.warn("No NGSolve installed, only working with Netgen.")
/home/yan00082/firedrake/src/ngsPETSc/ngsPETSc/__init__.py:30: UserWarning: No NGSolve installed, only working with Netgen.
  warnings.warn("No NGSolve installed, only working with Netgen.")
/home/yan00082/firedrake/src/ngsPETSc/ngsPETSc/__init__.py:30: UserWarning: No NGSolve installed, only working with Netgen.
  warnings.warn("No NGSolve installed, only working with Netgen.")
/home/yan00082/firedrake/src/ngsPETSc/ngsPETSc/__init__.py:30: UserWarning: No NGSolve installed, only working with Netgen.
  warnings.warn("No NGSolve installed, only working with Netgen.")
/home/yan00082/firedrake/src/ngsPETSc/ngsPETSc/__init__.py:30: UserWarning: No NGSolve installed, only working with Netgen.
  warnings.warn("No NGSolve installed, only working with Netgen.")
/home/yan00082/firedrake/src/ngsPETSc/ngsPETSc/__init__.py:30: UserWarning: No NGSolve installed, only working with Netgen.
  warnings.warn("No NGSolve installed, only working with Netgen.")
/home/yan00082/firedrake/src/ngsPETSc/ngsPETSc/__init__.py:30: UserWarning: No NGSolve installed, only working with Netgen.
  warnings.warn("No NGSolve installed, only working with Netgen.")
/home/yan00082/firedrake/src/ngsPETSc/ngsPETSc/__init__.py:30: UserWarning: No NGSolve installed, only working with Netgen.
  warnings.warn("No NGSolve installed, only working with Netgen.")
/home/yan00082/firedrake/src/ngsPETSc/ngsPETSc/__init__.py:30: UserWarning: No NGSolve installed, only working with Netgen.
  warnings.warn("No NGSolve installed, only working with Netgen.")
/home/yan00082/firedrake/src/ngsPETSc/ngsPETSc/__init__.py:30: UserWarning: No NGSolve installed, only working with Netgen.
  warnings.warn("No NGSolve installed, only working with Netgen.")
/home/yan00082/firedrake/src/ngsPETSc/ngsPETSc/__init__.py:30: UserWarning: No NGSolve installed, only working with Netgen.
  warnings.warn("No NGSolve installed, only working with Netgen.")
/home/yan00082/firedrake/src/ngsPETSc/ngsPETSc/__init__.py:30: UserWarning: No NGSolve installed, only working with Netgen.
  warnings.warn("No NGSolve installed, only working with Netgen.")
Refined Mesh with degree of freedom  29333
error indicator sum_eta is  0.036640055987158505
Refined Mesh with degree of freedom  141119
error indicator sum_eta is  0.015566902105787244
Refined Mesh with degree of freedom  630205
error indicator sum_eta is  0.006784291620983813
Refined Mesh with degree of freedom  2620841
error indicator sum_eta is  0.0028058439865845273
Refined Mesh with degree of freedom  10640443
error indicator sum_eta is  0.0011334152305228964
Lambda is  1e-11  flux is  0.9981304150116523
Phi0 is  0.9981304150116523
Refined Mesh with degree of freedom  29333
error indicator sum_eta is  0.035889405137466523
Refined Mesh with degree of freedom  141119
error indicator sum_eta is  0.014892436504668514
Refined Mesh with degree of freedom  630751
error indicator sum_eta is  0.006223688748973628
Refined Mesh with degree of freedom  2620457
error indicator sum_eta is  0.002399746713231693
Refined Mesh with degree of freedom  10639331
error indicator sum_eta is  0.0008701910288305451
Lambda is  3.0517578125e-05  flux is  0.998098011716967
Refined Mesh with degree of freedom  29333
error indicator sum_eta is  0.03518328317345846
Refined Mesh with degree of freedom  141119
error indicator sum_eta is  0.014310302347068012
Refined Mesh with degree of freedom  630751
error indicator sum_eta is  0.005806971890630712
Refined Mesh with degree of freedom  2620457
error indicator sum_eta is  0.002157302795828148
Refined Mesh with degree of freedom  10639331
error indicator sum_eta is  0.0007533349954911843
Lambda is  6.103515625e-05  flux is  0.9980654312445918
Refined Mesh with degree of freedom  29333
error indicator sum_eta is  0.03388830188755698
Refined Mesh with degree of freedom  141119
error indicator sum_eta is  0.01335476507824964
Refined Mesh with degree of freedom  630205
error indicator sum_eta is  0.0052209218424925045
Refined Mesh with degree of freedom  2620457
error indicator sum_eta is  0.0018674430616767031
Refined Mesh with degree of freedom  10639331
error indicator sum_eta is  0.0006256286457977481
Lambda is  0.0001220703125  flux is  0.9980010196595935
Refined Mesh with degree of freedom  29333
error indicator sum_eta is  0.031679216072539255
Refined Mesh with degree of freedom  141119
error indicator sum_eta is  0.011987243564407325
Refined Mesh with degree of freedom  630205
error indicator sum_eta is  0.0045163258003017084
Refined Mesh with degree of freedom  2620457
error indicator sum_eta is  0.0015511768797344169
Refined Mesh with degree of freedom  10642297
error indicator sum_eta is  0.00048460425562914656
Lambda is  0.000244140625  flux is  0.9978731656031989
Refined Mesh with degree of freedom  29333
error indicator sum_eta is  0.028320083371372734
Refined Mesh with degree of freedom  141119
error indicator sum_eta is  0.010330159843343682
Refined Mesh with degree of freedom  630205
error indicator sum_eta is  0.0037512515918653924
Refined Mesh with degree of freedom  2621215
error indicator sum_eta is  0.0012030176696122123
Refined Mesh with degree of freedom  10642297
error indicator sum_eta is  0.00033751538732834576
Lambda is  0.00048828125  flux is  0.9976195535358383
Refined Mesh with degree of freedom  29333
error indicator sum_eta is  0.023950834841913515
Refined Mesh with degree of freedom  141119
error indicator sum_eta is  0.00855821085783771
Refined Mesh with degree of freedom  630751
error indicator sum_eta is  0.002925614441503163
Refined Mesh with degree of freedom  2621727
error indicator sum_eta is  0.0008429729117010585
Refined Mesh with degree of freedom  10642921
error indicator sum_eta is  0.0002079153589537858
Lambda is  0.0009765625  flux is  0.9971162247487725
Refined Mesh with degree of freedom  29333
error indicator sum_eta is  0.019152366810294624
Refined Mesh with degree of freedom  141119
error indicator sum_eta is  0.006734080856144082
Refined Mesh with degree of freedom  630751
error indicator sum_eta is  0.002083904540014947
Refined Mesh with degree of freedom  2621913
error indicator sum_eta is  0.0005300727693906262
Refined Mesh with degree of freedom  10642733
error indicator sum_eta is  0.00011900151728648584
Lambda is  0.001953125  flux is  0.9961206310916525
Refined Mesh with degree of freedom  29333
error indicator sum_eta is  0.01463106075267745
Refined Mesh with degree of freedom  141459
error indicator sum_eta is  0.004958673692437689
Refined Mesh with degree of freedom  630795
error indicator sum_eta is  0.001388505781226098
Refined Mesh with degree of freedom  2622159
error indicator sum_eta is  0.0003306200658819888
Refined Mesh with degree of freedom  10646089
error indicator sum_eta is  7.667764595141476e-05
Lambda is  0.00390625  flux is  0.9941582569001677
Refined Mesh with degree of freedom  29333
error indicator sum_eta is  0.011204570288047278
Refined Mesh with degree of freedom  141459
error indicator sum_eta is  0.0037538276808799496
Refined Mesh with degree of freedom  632621
error indicator sum_eta is  0.0010161168536707628
Refined Mesh with degree of freedom  2623651
error indicator sum_eta is  0.00027276524761513934
Refined Mesh with degree of freedom  10653387
error indicator sum_eta is  8.120509028759772e-05
Lambda is  0.0078125  flux is  0.9903155242121928
Refined Mesh with degree of freedom  29333
error indicator sum_eta is  0.010240761476600298
Refined Mesh with degree of freedom  141967
error indicator sum_eta is  0.003543188005342689
Refined Mesh with degree of freedom  634893
error indicator sum_eta is  0.001109048373883822
Refined Mesh with degree of freedom  2634829
error indicator sum_eta is  0.00038111619835168883
Refined Mesh with degree of freedom  10680419
error indicator sum_eta is  0.00014179644201078103
Lambda is  0.015625  flux is  0.9828760597583464
Refined Mesh with degree of freedom  29333
error indicator sum_eta is  0.01398750612912562
Refined Mesh with degree of freedom  144473
error indicator sum_eta is  0.0051639058224230506
Refined Mesh with degree of freedom  638203
error indicator sum_eta is  0.0019690583799052736
Refined Mesh with degree of freedom  2644865
error indicator sum_eta is  0.000759805157765858
Refined Mesh with degree of freedom  10684041
error indicator sum_eta is  0.00030161722278625744
Lambda is  0.03125  flux is  0.9687582912464202
Refined Mesh with degree of freedom  29333
error indicator sum_eta is  0.025667308314201817
Refined Mesh with degree of freedom  145537
error indicator sum_eta is  0.009728054017120444
Refined Mesh with degree of freedom  640945
error indicator sum_eta is  0.003956491211039266
Refined Mesh with degree of freedom  2652709
error indicator sum_eta is  0.0015725571407853075
Refined Mesh with degree of freedom  10697209
error indicator sum_eta is  0.000629837362118479
Lambda is  0.0625  flux is  0.9428423147350045
Refined Mesh with degree of freedom  29333
error indicator sum_eta is  0.04742365698715531
Refined Mesh with degree of freedom  143819
error indicator sum_eta is  0.01840528495723558
Refined Mesh with degree of freedom  641621
error indicator sum_eta is  0.007386511861236232
Refined Mesh with degree of freedom  2651319
error indicator sum_eta is  0.0029503902788742126
Refined Mesh with degree of freedom  10696873
error indicator sum_eta is  0.0011825662110399083
Lambda is  0.125  flux is  0.8976015672265553
Refined Mesh with degree of freedom  29333
error indicator sum_eta is  0.07366160342225228
Refined Mesh with degree of freedom  143321
error indicator sum_eta is  0.028592306691797777
Refined Mesh with degree of freedom  644245
error indicator sum_eta is  0.011498791094999225
Refined Mesh with degree of freedom  2642597
error indicator sum_eta is  0.0046213903381858955
Refined Mesh with degree of freedom  10686653
error indicator sum_eta is  0.001848654733760415
Lambda is  0.25  flux is  0.8239031383283084
Refined Mesh with degree of freedom  29333
error indicator sum_eta is  0.08876318433769392
Refined Mesh with degree of freedom  143321
error indicator sum_eta is  0.03481793363076954
Refined Mesh with degree of freedom  636905
error indicator sum_eta is  0.014084536317407227
Refined Mesh with degree of freedom  2633547
error indicator sum_eta is  0.005667751753264959
Refined Mesh with degree of freedom  10675405
error indicator sum_eta is  0.002267800297539705
Lambda is  0.5  flux is  0.7145260763662133
Refined Mesh with degree of freedom  29333
error indicator sum_eta is  0.08099011129629229
Refined Mesh with degree of freedom  141829
error indicator sum_eta is  0.03269279977623371
Refined Mesh with degree of freedom  632209
error indicator sum_eta is  0.013351868844771762
Refined Mesh with degree of freedom  2625317
error indicator sum_eta is  0.005386013041596126
Refined Mesh with degree of freedom  10653015
error indicator sum_eta is  0.00215720727171774
Lambda is  1.0  flux is  0.5716782654486988
Refined Mesh with degree of freedom  29333
error indicator sum_eta is  0.05532745254677137
Refined Mesh with degree of freedom  141627
error indicator sum_eta is  0.02283352543827414
Refined Mesh with degree of freedom  631731
error indicator sum_eta is  0.009454956664958398
Refined Mesh with degree of freedom  2623019
error indicator sum_eta is  0.0038096774074142465
Refined Mesh with degree of freedom  10647741
error indicator sum_eta is  0.0015255231367024167
Lambda is  2.0  flux is  0.4135569036568877
Refined Mesh with degree of freedom  29333
error indicator sum_eta is  0.028191753502326927
Refined Mesh with degree of freedom  141563
error indicator sum_eta is  0.011829403079416389
Refined Mesh with degree of freedom  631249
error indicator sum_eta is  0.004914826754931543
Refined Mesh with degree of freedom  2622729
error indicator sum_eta is  0.0019850861865378404
Refined Mesh with degree of freedom  10645651
error indicator sum_eta is  0.000795151592584934
Lambda is  4.0  flux is  0.2687406592547095
Refined Mesh with degree of freedom  29333
error indicator sum_eta is  0.011086302362388807
Refined Mesh with degree of freedom  141479
error indicator sum_eta is  0.0046979184802640375
Refined Mesh with degree of freedom  631195
error indicator sum_eta is  0.0019577977573266483
Refined Mesh with degree of freedom  2622055
error indicator sum_eta is  0.0007906802044537334
Refined Mesh with degree of freedom  10644239
error indicator sum_eta is  0.0003168646206943998
Lambda is  8.0  flux is  0.15881793638772368
Refined Mesh with degree of freedom  29333
error indicator sum_eta is  0.0036040736433765284
Refined Mesh with degree of freedom  141479
error indicator sum_eta is  0.0015353843108112113
Refined Mesh with degree of freedom  631195
error indicator sum_eta is  0.0006406854401460692
Refined Mesh with degree of freedom  2622055
error indicator sum_eta is  0.0002588458169734755
Refined Mesh with degree of freedom  10644367
error indicator sum_eta is  0.00010374958676881278
Lambda is  16.0  flux is  0.08752214625387578
Refined Mesh with degree of freedom  29333
error indicator sum_eta is  0.0010393156620946689
Refined Mesh with degree of freedom  141257
error indicator sum_eta is  0.00045447608125714315
Refined Mesh with degree of freedom  631155
error indicator sum_eta is  0.00018539685255321514
Refined Mesh with degree of freedom  2622001
error indicator sum_eta is  7.495264777259019e-05
Lambda is  32.0  flux is  0.04614536223027226
Refined Mesh with degree of freedom  29333
error indicator sum_eta is  0.00027997196980328277
Refined Mesh with degree of freedom  141257
error indicator sum_eta is  0.00012262063319593366
Refined Mesh with degree of freedom  631155
error indicator sum_eta is  5.002996720948343e-05
Lambda is  64.0  flux is  0.023723018968635164
Refined Mesh with degree of freedom  29333
error indicator sum_eta is  7.271940580464345e-05
Lambda is  128.0  flux is  0.023723018968635164
Refined Mesh with degree of freedom  29333
error indicator sum_eta is  1.853414153922054e-05
Lambda is  256.0  flux is  0.023723018968635164
Refined Mesh with degree of freedom  29333
error indicator sum_eta is  4.678694913445155e-06
Lambda is  512.0  flux is  0.023723018968635164
Plot for 0<Lambda<1000 saved to figures/Phi_Lam_2.png 
Result for 0<Lambda<1000 saved to results/Phi_Lam_2.csv 
Refined Mesh with degree of freedom  29333
error indicator sum_eta is  0.017056309164254414
Refined Mesh with degree of freedom  148141
error indicator sum_eta is  0.005931812252204386
Refined Mesh with degree of freedom  636941
error indicator sum_eta is  0.0025221115781817434
Refined Mesh with degree of freedom  2643875
error indicator sum_eta is  0.0009897487194522477
Refined Mesh with degree of freedom  10678785
error indicator sum_eta is  0.00039662257902012976
Lambda is  0.04  flux is  0.9612204013904448
Refined Mesh with degree of freedom  29333
error indicator sum_eta is  0.011120858568343099
Refined Mesh with degree of freedom  141459
error indicator sum_eta is  0.0037287556000784403
Refined Mesh with degree of freedom  631233
error indicator sum_eta is  0.0010214130683493378
Refined Mesh with degree of freedom  2623365
error indicator sum_eta is  0.00027445296683287635
Refined Mesh with degree of freedom  10654021
error indicator sum_eta is  8.234144788446522e-05
Lambda is  0.008  flux is  0.9901333665394336
Refined Mesh with degree of freedom  29333
error indicator sum_eta is  0.020534950163097695
Refined Mesh with degree of freedom  141119
error indicator sum_eta is  0.0072612105064249
Refined Mesh with degree of freedom  630751
error indicator sum_eta is  0.002319884636627929
Refined Mesh with degree of freedom  2621869
error indicator sum_eta is  0.0006107622179815934
Refined Mesh with degree of freedom  10642473
error indicator sum_eta is  0.0001398438357460068
Lambda is  0.0016  flux is  0.9964792864445767
Refined Mesh with degree of freedom  29333
error indicator sum_eta is  0.03050827596956101
Refined Mesh with degree of freedom  141119
error indicator sum_eta is  0.011363718652715786
Refined Mesh with degree of freedom  630205
error indicator sum_eta is  0.004223862349300028
Refined Mesh with degree of freedom  2620457
error indicator sum_eta is  0.0014199117653200134
Refined Mesh with degree of freedom  10642297
error indicator sum_eta is  0.0004269274900269554
Lambda is  0.00032  flux is  0.9977942434029047
Refined Mesh with degree of freedom  29333
error indicator sum_eta is  0.03511688926573064
Refined Mesh with degree of freedom  141119
error indicator sum_eta is  0.014257950313665889
Refined Mesh with degree of freedom  630751
error indicator sum_eta is  0.0057719813065603
Refined Mesh with degree of freedom  2620457
error indicator sum_eta is  0.002138633573921533
Refined Mesh with degree of freedom  10639331
error indicator sum_eta is  0.0007449171037462001
Lambda is  6.4e-05  flux is  0.9980622850888308
Refined Mesh with degree of freedom  29333
error indicator sum_eta is  0.03631948246695019
Refined Mesh with degree of freedom  141119
error indicator sum_eta is  0.01527136944418848
Refined Mesh with degree of freedom  630205
error indicator sum_eta is  0.006527301617182759
Refined Mesh with degree of freedom  2620841
error indicator sum_eta is  0.002603451558785441
Refined Mesh with degree of freedom  10640443
error indicator sum_eta is  0.0009880526682126906
Lambda is  1.28e-05  flux is  0.9981167155265055
Refined Mesh with degree of freedom  29333
error indicator sum_eta is  0.03657525059033905
Refined Mesh with degree of freedom  141119
error indicator sum_eta is  0.015506228493735908
Refined Mesh with degree of freedom  630205
error indicator sum_eta is  0.0067298970311215145
Refined Mesh with degree of freedom  2620841
error indicator sum_eta is  0.002760524931189374
Refined Mesh with degree of freedom  10640443
error indicator sum_eta is  0.0010975711375656241
Lambda is  2.56e-06  flux is  0.9981279975446687
Refined Mesh with degree of freedom  29333
error indicator sum_eta is  0.036627059473834295
Refined Mesh with degree of freedom  141119
error indicator sum_eta is  0.01555469844788337
Refined Mesh with degree of freedom  630205
error indicator sum_eta is  0.006773283672311108
Refined Mesh with degree of freedom  2620841
error indicator sum_eta is  0.0027965553601092116
Refined Mesh with degree of freedom  10640443
error indicator sum_eta is  0.0011258873785983067
Lambda is  5.12e-07  flux is  0.998129871832392
plot for 0<Lambda<l saved to figures/Phi_Lam_2_R1.png 
Result for 0<Lambda<l saved to results/Phi_Lam_2_R1.csv 
Refined Mesh with degree of freedom  29333
error indicator sum_eta is  0.025667309060335815
Refined Mesh with degree of freedom  145537
error indicator sum_eta is  0.00972805334349942
Refined Mesh with degree of freedom  640945
error indicator sum_eta is  0.003956491832328256
Refined Mesh with degree of freedom  2652709
error indicator sum_eta is  0.0015725575151048694
Refined Mesh with degree of freedom  10697209
error indicator sum_eta is  0.0006298376181124883
Lambda is  0.0625  flux is  0.9428423112555576
Refined Mesh with degree of freedom  29333
error indicator sum_eta is  0.03061523842142436
Refined Mesh with degree of freedom  145685
error indicator sum_eta is  0.01162153270646913
Refined Mesh with degree of freedom  639909
error indicator sum_eta is  0.0047515717606659135
Refined Mesh with degree of freedom  2649597
error indicator sum_eta is  0.0018948362135108377
Refined Mesh with degree of freedom  10699145
error indicator sum_eta is  0.000757915148154171
Lambda is  0.0754728369981169  flux is  0.9328155682400288
Refined Mesh with degree of freedom  29333
error indicator sum_eta is  0.03633870112106678
Refined Mesh with degree of freedom  144853
error indicator sum_eta is  0.01395156423216745
Refined Mesh with degree of freedom  642397
error indicator sum_eta is  0.005652311673844013
Refined Mesh with degree of freedom  2645577
error indicator sum_eta is  0.0022588175061654843
Refined Mesh with degree of freedom  10699565
error indicator sum_eta is  0.0009036562510386602
Lambda is  0.09113838599270917  flux is  0.9211878361109218
Refined Mesh with degree of freedom  29333
error indicator sum_eta is  0.0427624809064191
Refined Mesh with degree of freedom  143819
error indicator sum_eta is  0.01662309015083158
Refined Mesh with degree of freedom  646877
error indicator sum_eta is  0.006650379687120523
Refined Mesh with degree of freedom  2643805
error indicator sum_eta is  0.00266721497391327
Refined Mesh with degree of freedom  10698317
error indicator sum_eta is  0.0010653975013525181
Lambda is  0.11005556080478723  flux is  0.9077698310994169
Refined Mesh with degree of freedom  29333
error indicator sum_eta is  0.049738414298702086
Refined Mesh with degree of freedom  143479
error indicator sum_eta is  0.0193426274567307
Refined Mesh with degree of freedom  648091
error indicator sum_eta is  0.00773538699995668
Refined Mesh with degree of freedom  2649555
error indicator sum_eta is  0.003095259873293991
Refined Mesh with degree of freedom  10695949
error indicator sum_eta is  0.0012405905695555134
Lambda is  0.1328992864216968  flux is  0.892367993690385
Refined Mesh with degree of freedom  29333
error indicator sum_eta is  0.057039755870335385
Refined Mesh with degree of freedom  143479
error indicator sum_eta is  0.0221412158090999
Refined Mesh with degree of freedom  645187
error indicator sum_eta is  0.008877992302069454
Refined Mesh with degree of freedom  2645845
error indicator sum_eta is  0.0035573235833841624
Refined Mesh with degree of freedom  10694225
error indicator sum_eta is  0.0014236249176258773
Lambda is  0.16048457890033233  flux is  0.8747902638254563
Refined Mesh with degree of freedom  29333
error indicator sum_eta is  0.06436623435854474
Refined Mesh with degree of freedom  143321
error indicator sum_eta is  0.024975708809850825
Refined Mesh with degree of freedom  645907
error indicator sum_eta is  0.01001735058170975
Refined Mesh with degree of freedom  2644537
error indicator sum_eta is  0.0040199761957725256
Refined Mesh with degree of freedom  10692057

===================================================================================
=   BAD TERMINATION OF ONE OF YOUR APPLICATION PROCESSES
=   PID 3281048 RUNNING AT vh512-2
=   EXIT CODE: 9
=   CLEANING UP REMAINING PROCESSES
=   YOU CAN IGNORE THE BELOW CLEANUP MESSAGES
===================================================================================
YOUR APPLICATION TERMINATED WITH THE EXIT STRING: Killed (signal 9)
This typically refers to a problem with your application.
Please see the FAQ page for debugging suggestions
