firedrake:WARNING OMP_NUM_THREADS is not set or is set to a value greater than 1, we suggest setting OMP_NUM_THREADS=1 to improve performance
/home/yan00082/firedrake/src/ngsPETSc/ngsPETSc/__init__.py:30: UserWarning: No NGSolve installed, only working with Netgen.
  warnings.warn("No NGSolve installed, only working with Netgen.")
/home/yan00082/firedrake/src/ngsPETSc/ngsPETSc/__init__.py:30: UserWarning: No NGSolve installed, only working with Netgen.
  warnings.warn("No NGSolve installed, only working with Netgen.")
/home/yan00082/firedrake/src/ngsPETSc/ngsPETSc/__init__.py:30: UserWarning: No NGSolve installed, only working with Netgen.
  warnings.warn("No NGSolve installed, only working with Netgen.")
/home/yan00082/firedrake/src/ngsPETSc/ngsPETSc/__init__.py:30: UserWarning: No NGSolve installed, only working with Netgen.
  warnings.warn("No NGSolve installed, only working with Netgen.")
/home/yan00082/firedrake/src/ngsPETSc/ngsPETSc/__init__.py:30: UserWarning: No NGSolve installed, only working with Netgen.
  warnings.warn("No NGSolve installed, only working with Netgen.")
/home/yan00082/firedrake/src/ngsPETSc/ngsPETSc/__init__.py:30: UserWarning: No NGSolve installed, only working with Netgen.
  warnings.warn("No NGSolve installed, only working with Netgen.")
/home/yan00082/firedrake/src/ngsPETSc/ngsPETSc/__init__.py:30: UserWarning: No NGSolve installed, only working with Netgen.
  warnings.warn("No NGSolve installed, only working with Netgen.")
/home/yan00082/firedrake/src/ngsPETSc/ngsPETSc/__init__.py:30: UserWarning: No NGSolve installed, only working with Netgen.
  warnings.warn("No NGSolve installed, only working with Netgen.")
/home/yan00082/firedrake/src/ngsPETSc/ngsPETSc/__init__.py:30: UserWarning: No NGSolve installed, only working with Netgen.
  warnings.warn("No NGSolve installed, only working with Netgen.")
/home/yan00082/firedrake/src/ngsPETSc/ngsPETSc/__init__.py:30: UserWarning: No NGSolve installed, only working with Netgen.
  warnings.warn("No NGSolve installed, only working with Netgen.")
/home/yan00082/firedrake/src/ngsPETSc/ngsPETSc/__init__.py:30: UserWarning: No NGSolve installed, only working with Netgen.
  warnings.warn("No NGSolve installed, only working with Netgen.")
/home/yan00082/firedrake/src/ngsPETSc/ngsPETSc/__init__.py:30: UserWarning: No NGSolve installed, only working with Netgen.
  warnings.warn("No NGSolve installed, only working with Netgen.")
/home/yan00082/firedrake/src/ngsPETSc/ngsPETSc/__init__.py:30: UserWarning: No NGSolve installed, only working with Netgen.
  warnings.warn("No NGSolve installed, only working with Netgen.")
/home/yan00082/firedrake/src/ngsPETSc/ngsPETSc/__init__.py:30: UserWarning: No NGSolve installed, only working with Netgen.
  warnings.warn("No NGSolve installed, only working with Netgen.")
/home/yan00082/firedrake/src/ngsPETSc/ngsPETSc/__init__.py:30: UserWarning: No NGSolve installed, only working with Netgen.
  warnings.warn("No NGSolve installed, only working with Netgen.")
/home/yan00082/firedrake/src/ngsPETSc/ngsPETSc/__init__.py:30: UserWarning: No NGSolve installed, only working with Netgen.
  warnings.warn("No NGSolve installed, only working with Netgen.")
/home/yan00082/firedrake/src/ngsPETSc/ngsPETSc/__init__.py:30: UserWarning: No NGSolve installed, only working with Netgen.
  warnings.warn("No NGSolve installed, only working with Netgen.")
/home/yan00082/firedrake/src/ngsPETSc/ngsPETSc/__init__.py:30: UserWarning: No NGSolve installed, only working with Netgen.
  warnings.warn("No NGSolve installed, only working with Netgen.")
/home/yan00082/firedrake/src/ngsPETSc/ngsPETSc/__init__.py:30: UserWarning: No NGSolve installed, only working with Netgen.
  warnings.warn("No NGSolve installed, only working with Netgen.")
/home/yan00082/firedrake/src/ngsPETSc/ngsPETSc/__init__.py:30: UserWarning: No NGSolve installed, only working with Netgen.
  warnings.warn("No NGSolve installed, only working with Netgen.")
/home/yan00082/firedrake/src/ngsPETSc/ngsPETSc/__init__.py:30: UserWarning: No NGSolve installed, only working with Netgen.
  warnings.warn("No NGSolve installed, only working with Netgen.")
/home/yan00082/firedrake/src/ngsPETSc/ngsPETSc/__init__.py:30: UserWarning: No NGSolve installed, only working with Netgen.
  warnings.warn("No NGSolve installed, only working with Netgen.")
/home/yan00082/firedrake/src/ngsPETSc/ngsPETSc/__init__.py:30: UserWarning: No NGSolve installed, only working with Netgen.
  warnings.warn("No NGSolve installed, only working with Netgen.")
/home/yan00082/firedrake/src/ngsPETSc/ngsPETSc/__init__.py:30: UserWarning: No NGSolve installed, only working with Netgen.
  warnings.warn("No NGSolve installed, only working with Netgen.")
/home/yan00082/firedrake/src/ngsPETSc/ngsPETSc/__init__.py:30: UserWarning: No NGSolve installed, only working with Netgen.
  warnings.warn("No NGSolve installed, only working with Netgen.")
/home/yan00082/firedrake/src/ngsPETSc/ngsPETSc/__init__.py:30: UserWarning: No NGSolve installed, only working with Netgen.
  warnings.warn("No NGSolve installed, only working with Netgen.")
/home/yan00082/firedrake/src/ngsPETSc/ngsPETSc/__init__.py:30: UserWarning: No NGSolve installed, only working with Netgen.
  warnings.warn("No NGSolve installed, only working with Netgen.")
/home/yan00082/firedrake/src/ngsPETSc/ngsPETSc/__init__.py:30: UserWarning: No NGSolve installed, only working with Netgen.
  warnings.warn("No NGSolve installed, only working with Netgen.")
/home/yan00082/firedrake/src/ngsPETSc/ngsPETSc/__init__.py:30: UserWarning: No NGSolve installed, only working with Netgen.
  warnings.warn("No NGSolve installed, only working with Netgen.")
/home/yan00082/firedrake/src/ngsPETSc/ngsPETSc/__init__.py:30: UserWarning: No NGSolve installed, only working with Netgen.
  warnings.warn("No NGSolve installed, only working with Netgen.")
Refined Mesh with degree of freedom  29333
error indicator sum_eta is  0.036640055987158415
Refined Mesh with degree of freedom  141735
error indicator sum_eta is  0.01535369957440273
Refined Mesh with degree of freedom  633465
error indicator sum_eta is  0.00659270177848785
Refined Mesh with degree of freedom  2631493
error indicator sum_eta is  0.0027087091534779076
Refined Mesh with degree of freedom  10669411
error indicator sum_eta is  0.0010938641191971616
Lambda is  1e-11  flux is  0.998130663492491
Phi0 is  0.998130663492491
Refined Mesh with degree of freedom  29333
error indicator sum_eta is  0.035889415778067056
Refined Mesh with degree of freedom  141735
error indicator sum_eta is  0.014699048977259432
Refined Mesh with degree of freedom  632903
error indicator sum_eta is  0.00616223376446323
Refined Mesh with degree of freedom  2628813
error indicator sum_eta is  0.002365903686630682
Refined Mesh with degree of freedom  10667997
error indicator sum_eta is  0.0008528052422644638
Lambda is  3.0517578125e-05  flux is  0.9980977796656048
Refined Mesh with degree of freedom  29333
error indicator sum_eta is  0.0351832974832895
Refined Mesh with degree of freedom  141735
error indicator sum_eta is  0.014129707671199759
Refined Mesh with degree of freedom  632903
error indicator sum_eta is  0.005749838784248339
Refined Mesh with degree of freedom  2628813
error indicator sum_eta is  0.0021240236271907104
Refined Mesh with degree of freedom  10667997
error indicator sum_eta is  0.0007343171339139467
Lambda is  6.103515625e-05  flux is  0.9980654039208745
Refined Mesh with degree of freedom  29333
error indicator sum_eta is  0.033888312856769395
Refined Mesh with degree of freedom  141735
error indicator sum_eta is  0.01318585071536522
Refined Mesh with degree of freedom  632903
error indicator sum_eta is  0.005162422444405046
Refined Mesh with degree of freedom  2629301
error indicator sum_eta is  0.0018278952287747493
Refined Mesh with degree of freedom  10669065
error indicator sum_eta is  0.0006037762758074932
Lambda is  0.0001220703125  flux is  0.9980011384173638
Refined Mesh with degree of freedom  29333
error indicator sum_eta is  0.031679210341840465
Refined Mesh with degree of freedom  141735
error indicator sum_eta is  0.011813780890722615
Refined Mesh with degree of freedom  633317
error indicator sum_eta is  0.0043921768302604665
Refined Mesh with degree of freedom  2630139
error indicator sum_eta is  0.0014892491926699824
Refined Mesh with degree of freedom  10674733
error indicator sum_eta is  0.00045844335013963
Lambda is  0.000244140625  flux is  0.9978732672239374
Refined Mesh with degree of freedom  29333
error indicator sum_eta is  0.02832011070712989
Refined Mesh with degree of freedom  141459
error indicator sum_eta is  0.010255818285789135
Refined Mesh with degree of freedom  632533
error indicator sum_eta is  0.0036805746536528075
Refined Mesh with degree of freedom  2628379
error indicator sum_eta is  0.0011614384041704708
Refined Mesh with degree of freedom  10674867
error indicator sum_eta is  0.00032165666447030286
Lambda is  0.00048828125  flux is  0.997619536813464
Refined Mesh with degree of freedom  29333
error indicator sum_eta is  0.02395084142879588
Refined Mesh with degree of freedom  141459
error indicator sum_eta is  0.008492891514620625
Refined Mesh with degree of freedom  632819
error indicator sum_eta is  0.002845404832872849
Refined Mesh with degree of freedom  2628881
error indicator sum_eta is  0.0008135542128239206
Refined Mesh with degree of freedom  10677675
error indicator sum_eta is  0.00019864743710805533
Lambda is  0.0009765625  flux is  0.9971162022805091
Refined Mesh with degree of freedom  29333
error indicator sum_eta is  0.01915236804274706
Refined Mesh with degree of freedom  141617
error indicator sum_eta is  0.00662968344684011
Refined Mesh with degree of freedom  633233
error indicator sum_eta is  0.002002113121380798
Refined Mesh with degree of freedom  2635785
error indicator sum_eta is  0.0005013817118678761
Refined Mesh with degree of freedom  10686349
error indicator sum_eta is  0.00011051128732879236
Lambda is  0.001953125  flux is  0.996120768084014
Refined Mesh with degree of freedom  29333
error indicator sum_eta is  0.014631060997790421
Refined Mesh with degree of freedom  141863
error indicator sum_eta is  0.0047710597782965975
Refined Mesh with degree of freedom  635685
error indicator sum_eta is  0.0012915512027564507
Refined Mesh with degree of freedom  2638763
error indicator sum_eta is  0.0003043550458561804
Refined Mesh with degree of freedom  10790519
error indicator sum_eta is  6.968260561240774e-05
Lambda is  0.00390625  flux is  0.9941583314521726
Refined Mesh with degree of freedom  29333
error indicator sum_eta is  0.011204569530899183
Refined Mesh with degree of freedom  142203
error indicator sum_eta is  0.003575546137243372
Refined Mesh with degree of freedom  649751
error indicator sum_eta is  0.0009445249474015592
Refined Mesh with degree of freedom  2656717
error indicator sum_eta is  0.0002544700978225272
Refined Mesh with degree of freedom  10725847
error indicator sum_eta is  7.675795701026392e-05
Lambda is  0.0078125  flux is  0.990315511210725
Refined Mesh with degree of freedom  29333
error indicator sum_eta is  0.010240763118503332
Refined Mesh with degree of freedom  151587
error indicator sum_eta is  0.002932359185649911
Refined Mesh with degree of freedom  675215
error indicator sum_eta is  0.0009576010463445797
Refined Mesh with degree of freedom  2744155
error indicator sum_eta is  0.0003387171092327048
Refined Mesh with degree of freedom  10987721
error indicator sum_eta is  0.00012854459345537452
Lambda is  0.015625  flux is  0.982875994571926
Refined Mesh with degree of freedom  29333
error indicator sum_eta is  0.013987501273189994
Refined Mesh with degree of freedom  150883
error indicator sum_eta is  0.004592395068735293
Refined Mesh with degree of freedom  679957
error indicator sum_eta is  0.0017683754895593722
Refined Mesh with degree of freedom  2716747
error indicator sum_eta is  0.0007125213327955842
Refined Mesh with degree of freedom  10798185
error indicator sum_eta is  0.00028911191293258374
Lambda is  0.03125  flux is  0.9687582621862427
Refined Mesh with degree of freedom  29333
error indicator sum_eta is  0.025667329012546557
Refined Mesh with degree of freedom  151199
error indicator sum_eta is  0.009010963131716702
Refined Mesh with degree of freedom  685449
error indicator sum_eta is  0.003624166225868708
Refined Mesh with degree of freedom  2714231
error indicator sum_eta is  0.0014909175353291662
Refined Mesh with degree of freedom  10806313
error indicator sum_eta is  0.0006072210966238507
Lambda is  0.0625  flux is  0.9428422116749507
Refined Mesh with degree of freedom  29333
error indicator sum_eta is  0.04742366775490742
Refined Mesh with degree of freedom  149643
error indicator sum_eta is  0.017018719463361635
Refined Mesh with degree of freedom  689571
error indicator sum_eta is  0.0068614823618306274
Refined Mesh with degree of freedom  2725845
error indicator sum_eta is  0.0028085481107936764
Refined Mesh with degree of freedom  10809299
error indicator sum_eta is  0.0011429014675776255
Lambda is  0.125  flux is  0.8976014039509068
Refined Mesh with degree of freedom  29333
error indicator sum_eta is  0.07366160838973537
Refined Mesh with degree of freedom  149269
error indicator sum_eta is  0.026882750925065778
Refined Mesh with degree of freedom  687489
error indicator sum_eta is  0.010830652338786176
Refined Mesh with degree of freedom  2692449
error indicator sum_eta is  0.00448494761969573
Refined Mesh with degree of freedom  10775135
error indicator sum_eta is  0.0018109576378471269
Lambda is  0.25  flux is  0.8239030353587811
Refined Mesh with degree of freedom  29333
error indicator sum_eta is  0.08876316935247491
Refined Mesh with degree of freedom  149117
error indicator sum_eta is  0.0331036878640603
Refined Mesh with degree of freedom  656995
error indicator sum_eta is  0.01387365079879697
Refined Mesh with degree of freedom  2675599
error indicator sum_eta is  0.005584572167019878
Refined Mesh with degree of freedom  10794511
error indicator sum_eta is  0.0022191868282694024
Lambda is  0.5  flux is  0.714525951697633
Refined Mesh with degree of freedom  29333
error indicator sum_eta is  0.0809901294873589
Refined Mesh with degree of freedom  148157
error indicator sum_eta is  0.0313816630124642
Refined Mesh with degree of freedom  652949
error indicator sum_eta is  0.013067396994344753
Refined Mesh with degree of freedom  2666533
error indicator sum_eta is  0.005230975506527071
Refined Mesh with degree of freedom  10735731
error indicator sum_eta is  0.0020916103586960592
Lambda is  1.0  flux is  0.5716780867298583
Refined Mesh with degree of freedom  29333
error indicator sum_eta is  0.055327401891666336
Refined Mesh with degree of freedom  144553
error indicator sum_eta is  0.022645332490159403
Refined Mesh with degree of freedom  644955
error indicator sum_eta is  0.009177171701824893
Refined Mesh with degree of freedom  2654475
error indicator sum_eta is  0.003676763679958106
Refined Mesh with degree of freedom  10710377
error indicator sum_eta is  0.0014695151135640035
Lambda is  2.0  flux is  0.4135567685494159
Refined Mesh with degree of freedom  29333
error indicator sum_eta is  0.028191731736250464
Refined Mesh with degree of freedom  143927
error indicator sum_eta is  0.011743827422815302
Refined Mesh with degree of freedom  636055
error indicator sum_eta is  0.00478222237265782
Refined Mesh with degree of freedom  2640485
error indicator sum_eta is  0.0019191416335954548
Refined Mesh with degree of freedom  10688783
error indicator sum_eta is  0.0007666291649044781
Lambda is  4.0  flux is  0.268740599529257
Refined Mesh with degree of freedom  29333
error indicator sum_eta is  0.011086302000130822
Refined Mesh with degree of freedom  142509
error indicator sum_eta is  0.004686042126716257
Refined Mesh with degree of freedom  635607
error indicator sum_eta is  0.0019007013475033033
Refined Mesh with degree of freedom  2639029
error indicator sum_eta is  0.0007630345100890305
Refined Mesh with degree of freedom  10683337
error indicator sum_eta is  0.00030512742791199683
Lambda is  8.0  flux is  0.15881788894401414
Refined Mesh with degree of freedom  29333
error indicator sum_eta is  0.00360407486540407
Refined Mesh with degree of freedom  142509
error indicator sum_eta is  0.0015313559926331756
Refined Mesh with degree of freedom  635287
error indicator sum_eta is  0.0006214673770961986
Refined Mesh with degree of freedom  2636239
error indicator sum_eta is  0.00024982350417125036
Refined Mesh with degree of freedom  10684537
error indicator sum_eta is  9.974239238633861e-05
Lambda is  16.0  flux is  0.0875221330500036
Refined Mesh with degree of freedom  29333
error indicator sum_eta is  0.0010393190539605508
Refined Mesh with degree of freedom  142509
error indicator sum_eta is  0.00044280341594253147
Refined Mesh with degree of freedom  635287
error indicator sum_eta is  0.00017975511547384243
Refined Mesh with degree of freedom  2636239
error indicator sum_eta is  7.226739549822991e-05
Lambda is  32.0  flux is  0.0461453514578132
Refined Mesh with degree of freedom  29333
error indicator sum_eta is  0.0002799719897913438
Refined Mesh with degree of freedom  142509
error indicator sum_eta is  0.00011944853446064111
Refined Mesh with degree of freedom  635287
error indicator sum_eta is  4.849653631817154e-05
Lambda is  64.0  flux is  0.023723014591196353
Refined Mesh with degree of freedom  29333
error indicator sum_eta is  7.271957728585557e-05
Lambda is  128.0  flux is  0.023723014591196353
Refined Mesh with degree of freedom  29333
error indicator sum_eta is  1.8534642178527015e-05
Lambda is  256.0  flux is  0.023723014591196353
Refined Mesh with degree of freedom  29333
error indicator sum_eta is  4.679014952965336e-06
Lambda is  512.0  flux is  0.023723014591196353
Plot for 0<Lambda<1000 saved to figures/Phi_Lam_2.png 
Result for 0<Lambda<1000 saved to results/Phi_Lam_2.csv 
Refined Mesh with degree of freedom  29333
error indicator sum_eta is  0.017056307693564893
Refined Mesh with degree of freedom  151223
error indicator sum_eta is  0.005787658772681767
Refined Mesh with degree of freedom  680735
error indicator sum_eta is  0.002287960609300292
Refined Mesh with degree of freedom  2714791
error indicator sum_eta is  0.0009326579982651119
Refined Mesh with degree of freedom  10798239
error indicator sum_eta is  0.0003793701819897925
Lambda is  0.04  flux is  0.9612204005830736
Refined Mesh with degree of freedom  29333
error indicator sum_eta is  0.011120857430881205
Refined Mesh with degree of freedom  142203
error indicator sum_eta is  0.003552508901180206
Refined Mesh with degree of freedom  637125
error indicator sum_eta is  0.0009481131515202986
Refined Mesh with degree of freedom  2656913
error indicator sum_eta is  0.0002556295421045037
Refined Mesh with degree of freedom  10727405
error indicator sum_eta is  7.787290668709071e-05
Lambda is  0.008  flux is  0.9901333529239176
Refined Mesh with degree of freedom  29333
error indicator sum_eta is  0.02053495144033822
Refined Mesh with degree of freedom  141617
error indicator sum_eta is  0.007155689713036196
Refined Mesh with degree of freedom  633233
error indicator sum_eta is  0.002230585029885757
Refined Mesh with degree of freedom  2635529
error indicator sum_eta is  0.0005773184774051424
Refined Mesh with degree of freedom  10684981
error indicator sum_eta is  0.00012979056383646524
Lambda is  0.0016  flux is  0.9964794348846064
Refined Mesh with degree of freedom  29333
error indicator sum_eta is  0.030508278433705134
Refined Mesh with degree of freedom  141735
error indicator sum_eta is  0.01118008558677662
Refined Mesh with degree of freedom  633317
error indicator sum_eta is  0.004095318036435258
Refined Mesh with degree of freedom  2630139
error indicator sum_eta is  0.0013576016446853298
Refined Mesh with degree of freedom  10675589
error indicator sum_eta is  0.00040267164656988895
Lambda is  0.00032  flux is  0.9977942187579074
Refined Mesh with degree of freedom  29333
error indicator sum_eta is  0.03511689756111563
Refined Mesh with degree of freedom  141735
error indicator sum_eta is  0.014078296998968794
Refined Mesh with degree of freedom  632903
error indicator sum_eta is  0.005715036694118079
Refined Mesh with degree of freedom  2628813
error indicator sum_eta is  0.002105243031901245
Refined Mesh with degree of freedom  10667997
error indicator sum_eta is  0.0007257291698094391
Lambda is  6.4e-05  flux is  0.9980622549339291
Refined Mesh with degree of freedom  29333
error indicator sum_eta is  0.03631948408276498
Refined Mesh with degree of freedom  141735
error indicator sum_eta is  0.015067487499261208
Refined Mesh with degree of freedom  633465
error indicator sum_eta is  0.006346782309581497
Refined Mesh with degree of freedom  2629459
error indicator sum_eta is  0.0025403403402294977
Refined Mesh with degree of freedom  10668431
error indicator sum_eta is  0.0009595861232861177
Lambda is  1.28e-05  flux is  0.998116888786941
Refined Mesh with degree of freedom  29333
error indicator sum_eta is  0.03657527048895111
Refined Mesh with degree of freedom  141735
error indicator sum_eta is  0.01529501892759511
Refined Mesh with degree of freedom  633465
error indicator sum_eta is  0.006540831889950513
Refined Mesh with degree of freedom  2631493
error indicator sum_eta is  0.002665768906041857
Refined Mesh with degree of freedom  10669411
error indicator sum_eta is  0.0010598291334371955
Lambda is  2.56e-06  flux is  0.9981279427756088
Refined Mesh with degree of freedom  29333
error indicator sum_eta is  0.036627050523405466
Refined Mesh with degree of freedom  141735
error indicator sum_eta is  0.01534190721344425
Refined Mesh with degree of freedom  633465
error indicator sum_eta is  0.006582212109584446
Refined Mesh with degree of freedom  2631493
error indicator sum_eta is  0.002699921892368769
Refined Mesh with degree of freedom  10669411
error indicator sum_eta is  0.0010867377165777402
Lambda is  5.12e-07  flux is  0.9981297415944099
plot for 0<Lambda<l saved to figures/Phi_Lam_2_R1.png 
Result for 0<Lambda<l saved to results/Phi_Lam_2_R1.csv 
Refined Mesh with degree of freedom  29333
error indicator sum_eta is  0.025667308116837186
Refined Mesh with degree of freedom  151199
error indicator sum_eta is  0.009010962812156742
Refined Mesh with degree of freedom  685449
error indicator sum_eta is  0.0036241657151953894
Refined Mesh with degree of freedom  2714231
error indicator sum_eta is  0.0014909175916292014
Refined Mesh with degree of freedom  10806313
error indicator sum_eta is  0.0006072210831778648
Lambda is  0.0625  flux is  0.9428421997950651
Refined Mesh with degree of freedom  29333
error indicator sum_eta is  0.03061520099853201
Refined Mesh with degree of freedom  151007
error indicator sum_eta is  0.010831001621847029
Refined Mesh with degree of freedom  683247
error indicator sum_eta is  0.004387459918631371
Refined Mesh with degree of freedom  2711075
error indicator sum_eta is  0.0018018167273605736
Refined Mesh with degree of freedom  10807831
error indicator sum_eta is  0.0007319329069256956
Lambda is  0.0754728369981169  flux is  0.9328154298541755
Refined Mesh with degree of freedom  29333
error indicator sum_eta is  0.036338678668544816
Refined Mesh with degree of freedom  151061
error indicator sum_eta is  0.01291995798645915
Refined Mesh with degree of freedom  687753
error indicator sum_eta is  0.0052168981524817444
Refined Mesh with degree of freedom  2705573
error indicator sum_eta is  0.0021548386851111736
Refined Mesh with degree of freedom  10810385
error indicator sum_eta is  0.0008733567457086635
Lambda is  0.09113838599270917  flux is  0.9211876928580071
Refined Mesh with degree of freedom  29333
error indicator sum_eta is  0.04276249669508668
Refined Mesh with degree of freedom  149963
error indicator sum_eta is  0.015266552391314442
Refined Mesh with degree of freedom  682857
error indicator sum_eta is  0.006222235052010316
Refined Mesh with degree of freedom  2695685
error indicator sum_eta is  0.002565269963303446
Refined Mesh with degree of freedom  10811117
error indicator sum_eta is  0.0010330089651419078
Lambda is  0.11005556080478723  flux is  0.9077698087101206
Refined Mesh with degree of freedom  29333
error indicator sum_eta is  0.04973840575420038
Refined Mesh with degree of freedom  150593
error indicator sum_eta is  0.017813396754513187
Refined Mesh with degree of freedom  689477
error indicator sum_eta is  0.0071901242445388995
Refined Mesh with degree of freedom  2724811
error indicator sum_eta is  0.002946054339157821
Refined Mesh with degree of freedom  10805407
error indicator sum_eta is  0.00119955869070927
Lambda is  0.1328992864216968  flux is  0.8923677984703667
Refined Mesh with degree of freedom  29333
error indicator sum_eta is  0.05703976012711587
Refined Mesh with degree of freedom  150283
error indicator sum_eta is  0.020536789685885615
Refined Mesh with degree of freedom  687039
error indicator sum_eta is  0.008303398558167197
Refined Mesh with degree of freedom  2723275
error indicator sum_eta is  0.0033911257370096547
Refined Mesh with degree of freedom  10797683
error indicator sum_eta is  0.0013807602930994438
Lambda is  0.16048457890033233  flux is  0.8747899925817317
Refined Mesh with degree of freedom  29333
error indicator sum_eta is  0.06436623823766077
Refined Mesh with degree of freedom  150101
error indicator sum_eta is  0.023250554647212818
Refined Mesh with degree of freedom  672149
error indicator sum_eta is  0.00961706342988748
Refined Mesh with degree of freedom  2717851
error indicator sum_eta is  0.003874780856035087
Refined Mesh with degree of freedom  10795091

===================================================================================
=   BAD TERMINATION OF ONE OF YOUR APPLICATION PROCESSES
=   PID 4181634 RUNNING AT vh512-2
=   EXIT CODE: 9
=   CLEANING UP REMAINING PROCESSES
=   YOU CAN IGNORE THE BELOW CLEANUP MESSAGES
===================================================================================
YOUR APPLICATION TERMINATED WITH THE EXIT STRING: Killed (signal 9)
This typically refers to a problem with your application.
Please see the FAQ page for debugging suggestions
